  Using 'git status' to determine working set for adaptive non-unity build (E:\Github\ProjectYJ).
  Invalidating makefile for ProjectYJEditor (ProjectYJ.Build.cs modified)
  Parsing headers for ProjectYJEditor
    Running UnrealHeaderTool "E:\Github\ProjectYJ\ProjectYJ\ProjectYJ.uproject" "E:\Github\ProjectYJ\ProjectYJ\Intermediate\Build\Win64\ProjectYJEditor\Development\ProjectYJEditor.uhtmanifest" -LogCmds="loginit warning, logexit warning, logdatabase error" -Unattended -WarningsAsErrors -abslog="C:\Users\YJ\AppData\Local\UnrealBuildTool\Log_UHT.txt" -installed
  LogInit: Display: Loading text-based GConfig....
  Reflection code generated for ProjectYJEditor in 7.0600512 seconds
  Building ProjectYJEditor...
  Using Visual Studio 2019 14.28.29915 toolchain (C:\Program Files (x86)\Microsoft Visual Studio\2019\Community\VC\Tools\MSVC\14.28.29910) and Windows 10.0.19041.0 SDK (C:\Program Files (x86)\Windows Kits\10).
  Building 27 actions with 12 processes...
    [1/27] ProjectYJ.init.gen.cpp
    [2/27] YJGameInstance.cpp
    [3/27] YJSpawnVolume.gen.cpp
    [4/27] YJSpawnVolume.cpp
    [5/27] VertexAnimFunctionLibrary.gen.cpp
    [6/27] SignificanceManagerSetting.gen.cpp
    [7/27] ProjectYJCharacter.gen.cpp
    [8/27] YJGameUISystem.gen.cpp
    [9/27] YJAssetManager.gen.cpp
    [10/27] ProjectYJCharacter.cpp
    [11/27] YJAssetManager.cpp
    [12/27] YJSignificanceManager.cpp
    [13/27] ProjectYJ.cpp
    [14/27] YJGameUISystem.cpp
    [15/27] YJGameInstance.gen.cpp
    [16/27] YJGameViewportClient.gen.cpp
    [17/27] YJCharacter.gen.cpp
    [18/27] ProjectYJGameMode.gen.cpp
    [19/27] ProjectYJGameMode.cpp
    [20/27] YJSignificanceManager.gen.cpp
    [21/27] SignificanceManagerSetting.cpp
    [22/27] YJCharacter.cpp
    [23/27] YJGameViewportClient.cpp
    [24/27] VertexAnimFunctionLibrary.cpp
E:\Github\ProjectYJ\ProjectYJ\Source\ProjectYJ\FunctionLibrary\VertexAnimFunctionLibrary.cpp(232): warning C4996: 'CreatePackage': Use CreatePackage overload that does not take the first Outer parameter. Specifying non-null outers for UPackages is no longer supported. Please update your code to the new API before upgrading to the next release, otherwise your project will no longer compile.
E:\Github\ProjectYJ\ProjectYJ\Source\ProjectYJ\FunctionLibrary\VertexAnimFunctionLibrary.cpp(271): warning C4996: 'CreatePackage': Use CreatePackage overload that does not take the first Outer parameter. Specifying non-null outers for UPackages is no longer supported. Please update your code to the new API before upgrading to the next release, otherwise your project will no longer compile.
E:\Github\ProjectYJ\ProjectYJ\Source\ProjectYJ\FunctionLibrary\VertexAnimFunctionLibrary.cpp(410): warning C4996: 'USkeletalMesh::Materials': Please do not access this member directly; use USkeletalMesh::GetMaterials() or USkeletalMesh::SetMaterials(). Please update your code to the new API before upgrading to the next release, otherwise your project will no longer compile.
E:\Github\ProjectYJ\ProjectYJ\Source\ProjectYJ\FunctionLibrary\VertexAnimFunctionLibrary.cpp(665): warning C4996: 'UStaticMesh::RenderData': Please do not access this member directly; use UStaticMesh::GetRenderData() or UStaticMesh::SetRenderData(). Please update your code to the new API before upgrading to the next release, otherwise your project will no longer compile.
E:\Github\ProjectYJ\ProjectYJ\Source\ProjectYJ\FunctionLibrary\VertexAnimFunctionLibrary.cpp(737): warning C4996: 'UStaticMesh::LightingGuid': Please do not access this member directly; use UStaticMesh::GetLightingGuid() or UStaticMesh::SetLightingGuid(). Please update your code to the new API before upgrading to the next release, otherwise your project will no longer compile.
E:\Github\ProjectYJ\ProjectYJ\Source\ProjectYJ\FunctionLibrary\VertexAnimFunctionLibrary.cpp(763): warning C4996: 'UStaticMesh::StaticMaterials': Please do not access this member directly; use UStaticMesh::GetStaticMaterials() or UStaticMesh::SetStaticMaterials(). Please update your code to the new API before upgrading to the next release, otherwise your project will no longer compile.
E:\Github\ProjectYJ\ProjectYJ\Source\ProjectYJ\FunctionLibrary\VertexAnimFunctionLibrary.cpp(770): warning C4996: 'UStaticMesh::LightMapCoordinateIndex': Please do not access this member directly; use UStaticMesh::GetLightMapCoordinateIndex() or UStaticMesh::SetLightMapCoordinateIndex(). Please update your code to the new API before upgrading to the next release, otherwise your project will no longer compile.
E:\Github\ProjectYJ\ProjectYJ\Source\ProjectYJ\FunctionLibrary\VertexAnimFunctionLibrary.cpp(730): warning C4996: 'CreatePackage': Use CreatePackage overload that does not take the first Outer parameter. Specifying non-null outers for UPackages is no longer supported. Please update your code to the new API before upgrading to the next release, otherwise your project will no longer compile.
E:\Github\ProjectYJ\ProjectYJ\Source\ProjectYJ\FunctionLibrary\VertexAnimFunctionLibrary.cpp(877): warning C4996: 'UStaticMesh::LightMapCoordinateIndex': Please do not access this member directly; use UStaticMesh::GetLightMapCoordinateIndex() or UStaticMesh::SetLightMapCoordinateIndex(). Please update your code to the new API before upgrading to the next release, otherwise your project will no longer compile.
    [25/27] UE4Editor-ProjectYJ.lib
       E:\Github\ProjectYJ\ProjectYJ\Intermediate\Build\Win64\UE4Editor\Development\ProjectYJ\UE4Editor-ProjectYJ.lib 라이브러리 및 E:\Github\ProjectYJ\ProjectYJ\Intermediate\Build\Win64\UE4Editor\Development\ProjectYJ\UE4Editor-ProjectYJ.exp 개체를 생성하고 있습니다.
    [26/27] UE4Editor-ProjectYJ.dll
       E:\Github\ProjectYJ\ProjectYJ\Intermediate\Build\Win64\UE4Editor\Development\ProjectYJ\UE4Editor-ProjectYJ.suppressed.lib 라이브러리 및 E:\Github\ProjectYJ\ProjectYJ\Intermediate\Build\Win64\UE4Editor\Development\ProjectYJ\UE4Editor-ProjectYJ.suppressed.exp 개체를 생성하고 있습니다.
    [27/27] ProjectYJEditor.target
  Total time in Parallel executor: 23.64 seconds
  Total execution time: 35.15 seconds
