Log file open, 02/06/23 00:21:08
LogWindows: Failed to load 'aqProf.dll' (GetLastError=126)
LogWindows: File 'aqProf.dll' does not exist
LogWindows: Failed to load 'VtuneApi.dll' (GetLastError=126)
LogWindows: File 'VtuneApi.dll' does not exist
LogWindows: Failed to load 'VtuneApi32e.dll' (GetLastError=126)
LogWindows: File 'VtuneApi32e.dll' does not exist
LogConsoleResponse: Display: Failed to find resolution value strings in scalability ini. Falling back to default.
LogConsoleResponse: Display: Failed to find resolution value strings in scalability ini. Falling back to default.
LogInit: Display: Running engine for game: ProjectYJ
LogPlatformFile: Not using cached read wrapper
LogTaskGraph: Started task graph with 5 named threads and 35 total threads with 3 sets of task threads.
LogStats: Stats thread started at 0.367317
LogICUInternationalization: ICU TimeZone Detection - Raw Offset: +9:00, Platform Override: ''
LogInit: Display: Loading text-based GConfig....
LogPluginManager: Mounting plugin MeshPainting
LogPluginManager: Mounting plugin XGEController
LogPluginManager: Mounting plugin Paper2D
LogPluginManager: Mounting plugin AISupport
LogPluginManager: Mounting plugin LiveLink
LogPluginManager: Mounting plugin LightPropagationVolume
LogPluginManager: Mounting plugin EnvironmentQueryEditor
LogPluginManager: Mounting plugin CameraShakePreviewer
LogPluginManager: Mounting plugin OodleData
LogPluginManager: Mounting plugin GameplayCameras
LogPluginManager: Mounting plugin AnimationSharing
LogPluginManager: Mounting plugin OodleNetwork
LogPluginManager: Mounting plugin CodeLiteSourceCodeAccess
LogPluginManager: Mounting plugin CLionSourceCodeAccess
LogPluginManager: Mounting plugin GitSourceControl
LogPluginManager: Mounting plugin KDevelopSourceCodeAccess
LogPluginManager: Mounting plugin PerforceSourceControl
LogPluginManager: Mounting plugin PixWinPlugin
LogPluginManager: Mounting plugin NullSourceCodeAccess
LogPluginManager: Mounting plugin PlasticSourceControl
LogPluginManager: Mounting plugin PluginUtils
LogPluginManager: Mounting plugin RiderSourceCodeAccess
LogPluginManager: Mounting plugin PropertyAccessNode
LogPluginManager: Mounting plugin UObjectPlugin
LogPluginManager: Mounting plugin XCodeSourceCodeAccess
LogPluginManager: Mounting plugin VisualStudioSourceCodeAccess
LogPluginManager: Mounting plugin VisualStudioCodeSourceCodeAccess
LogPluginManager: Mounting plugin SubversionSourceControl
LogPluginManager: Mounting plugin Niagara
LogPluginManager: Mounting plugin TextureFormatOodle
LogPluginManager: Mounting plugin DatasmithContent
LogPluginManager: Mounting plugin AlembicImporter
LogPluginManager: Mounting plugin AutomationUtils
LogPluginManager: Mounting plugin BackChannel
LogPluginManager: Mounting plugin ChaosCloth
LogPluginManager: Mounting plugin ChaosEditor
LogPluginManager: Mounting plugin ChaosNiagara
LogPluginManager: Mounting plugin ChaosSolverPlugin
LogPluginManager: Mounting plugin ChaosClothEditor
LogPluginManager: Mounting plugin VariantManagerContent
LogPluginManager: Mounting plugin CharacterAI
LogPluginManager: Mounting plugin GeometryCache
LogPluginManager: Mounting plugin GeometryCollectionPlugin
LogPluginManager: Mounting plugin LuminPlatformFeatures
LogPluginManager: Mounting plugin MagicLeap
LogPluginManager: Mounting plugin MagicLeapLightEstimation
LogPluginManager: Mounting plugin MagicLeapMedia
LogPluginManager: Mounting plugin MagicLeapPassableWorld
LogPluginManager: Mounting plugin MLSDK
LogPluginManager: Mounting plugin GeometryProcessing
LogPluginManager: Mounting plugin MotoSynth
LogPluginManager: Mounting plugin OpenImageDenoise
LogPluginManager: Mounting plugin PlanarCut
LogPluginManager: Mounting plugin PlatformCrypto
LogPluginManager: Mounting plugin ProxyLODPlugin
LogPluginManager: Mounting plugin PythonScriptPlugin
LogPluginManager: Mounting plugin SkeletalReduction
LogPluginManager: Mounting plugin AndroidMedia
LogPluginManager: Mounting plugin AvfMedia
LogPluginManager: Mounting plugin ImgMedia
LogPluginManager: Mounting plugin UdpMessaging
LogPluginManager: Mounting plugin TcpMessaging
LogPluginManager: Mounting plugin MediaCompositing
LogPluginManager: Mounting plugin MediaPlayerEditor
LogPluginManager: Mounting plugin WebMMedia
LogPluginManager: Mounting plugin WmfMedia
LogPluginManager: Mounting plugin ActorSequence
LogPluginManager: Mounting plugin LevelSequenceEditor
LogPluginManager: Mounting plugin MatineeToLevelSequence
LogPluginManager: Mounting plugin TemplateSequence
LogPluginManager: Mounting plugin LauncherChunkInstaller
LogPluginManager: Mounting plugin OnlineSubsystem
LogPluginManager: Mounting plugin OnlineSubsystemNull
LogPluginManager: Mounting plugin OnlineSubsystemUtils
LogPluginManager: Mounting plugin ScreenshotTools
LogPluginManager: Mounting plugin ActorLayerUtilities
LogPluginManager: Mounting plugin AndroidDeviceProfileSelector
LogPluginManager: Mounting plugin AndroidPermission
LogPluginManager: Mounting plugin AppleImageUtils
LogPluginManager: Mounting plugin AndroidMoviePlayer
LogPluginManager: Mounting plugin AssetTags
LogPluginManager: Mounting plugin ArchVisCharacter
LogPluginManager: Mounting plugin AppleMoviePlayer
LogPluginManager: Mounting plugin AudioCapture
LogPluginManager: Mounting plugin AudioSynesthesia
LogPluginManager: Mounting plugin CableComponent
LogPluginManager: Mounting plugin ChunkDownloader
LogPluginManager: Mounting plugin CustomMeshComponent
LogPluginManager: Mounting plugin ExampleDeviceProfileSelector
LogPluginManager: Mounting plugin EditableMesh
LogPluginManager: Mounting plugin GoogleCloudMessaging
LogPluginManager: Mounting plugin GooglePAD
LogPluginManager: Mounting plugin IOSDeviceProfileSelector
LogPluginManager: Mounting plugin LinuxDeviceProfileSelector
LogPluginManager: Mounting plugin LocationServicesBPLibrary
LogPluginManager: Mounting plugin MobilePatchingUtils
LogPluginManager: Mounting plugin OpenXREyeTracker
LogPluginManager: Mounting plugin OpenXR
LogPluginManager: Mounting plugin OpenXRHandTracking
LogPluginManager: Mounting plugin PhysXVehicles
LogPluginManager: Mounting plugin Takes
LogPluginManager: Mounting plugin PostSplashScreen
LogPluginManager: Mounting plugin ProceduralMeshComponent
LogPluginManager: Mounting plugin PropertyAccessEditor
LogPluginManager: Mounting plugin SignificanceManager
LogPluginManager: Mounting plugin RuntimePhysXCooking
LogPluginManager: Mounting plugin SoundFields
LogPluginManager: Mounting plugin Synthesis
LogPluginManager: Mounting plugin WebMMoviePlayer
LogPluginManager: Mounting plugin AssetManagerEditor
LogPluginManager: Mounting plugin CryptoKeys
LogPluginManager: Mounting plugin CurveEditorTools
LogPluginManager: Mounting plugin DataValidation
LogPluginManager: Mounting plugin WindowsMoviePlayer
LogPluginManager: Mounting plugin GameplayTagsEditor
LogPluginManager: Mounting plugin FacialAnimation
LogPluginManager: Mounting plugin GeometryMode
LogPluginManager: Mounting plugin MaterialAnalyzer
LogPluginManager: Mounting plugin MobileLauncherProfileWizard
LogPluginManager: Mounting plugin MacGraphicsSwitching
LogPluginManager: Mounting plugin PluginBrowser
LogPluginManager: Mounting plugin SpeedTreeImporter
LogPluginManager: Mounting plugin OnlineSubsystemGooglePlay
LogPluginManager: Mounting plugin OnlineSubsystemIOS
LogPluginManager: Mounting plugin OculusVR
LogPluginManager: Mounting plugin SteamVR
LogPluginManager: Mounting plugin ContentBrowserAssetDataSource
LogPluginManager: Mounting plugin ContentBrowserClassDataSource
LogPluginManager: Mounting plugin ContentBrowserFileDataSource
PixWinPlugin: PIX capture plugin failed to initialize! Check that the process is launched from PIX.
LogInit: Using libcurl 7.55.1-DEV
LogInit:  - built for x86_64-pc-win32
LogInit:  - supports SSL with OpenSSL/1.1.1
LogInit:  - supports HTTP deflate (compression) using libz 1.2.8
LogInit:  - other features:
LogInit:      CURL_VERSION_SSL
LogInit:      CURL_VERSION_LIBZ
LogInit:      CURL_VERSION_IPV6
LogInit:      CURL_VERSION_ASYNCHDNS
LogInit:      CURL_VERSION_LARGEFILE
LogInit:      CURL_VERSION_IDN
LogInit:  CurlRequestOptions (configurable via config and command line):
LogInit:  - bVerifyPeer = true  - Libcurl will verify peer certificate
LogInit:  - bUseHttpProxy = false  - Libcurl will NOT use HTTP proxy
LogInit:  - bDontReuseConnections = false  - Libcurl will reuse connections
LogInit:  - MaxHostConnections = 16  - Libcurl will limit the number of connections to a host
LogInit:  - LocalHostAddr = Default
LogInit:  - BufferSize = 65536
LogOnline: OSS: Creating online subsystem instance for: NULL
LogInit: WinSock: version 1.1 (2.2), MaxSocks=32767, MaxUdp=65467
LogOnline: OSS: TryLoadSubsystemAndSetDefault: Loaded subsystem for module [NULL]
LogOculusPluginWrapper: OculusPlugin initialized successfully
LogHMD: Failed initializing OVRPlugin 1.59.0
LogInit: Build: ++UE4+Release-4.27-CL-18319896
LogInit: Engine Version: 4.27.2-18319896+++UE4+Release-4.27
LogInit: Compatible Engine Version: 4.27.0-17155196+++UE4+Release-4.27
LogInit: Net CL: 17155196
LogInit: OS: Windows 10 (Release 2009) (), CPU: Intel(R) Core(TM) i5-10400F CPU @ 2.90GHz, GPU: NVIDIA GeForce RTX 3060 Ti
LogInit: Compiled (64-bit): Nov 30 2021 07:12:08
LogInit: Compiled with Visual C++: 19.24.28315.00
LogInit: Build Configuration: Development
LogInit: Branch Name: ++UE4+Release-4.27
LogInit: Command Line:  -skipcompile
LogInit: Base Directory: D:/Epic Games/UE_4.27/Engine/Binaries/Win64/
LogInit: Allocator: TBB
LogInit: Installed Engine Build: 1
LogDevObjectVersion: Number of dev versions registered: 29
LogDevObjectVersion:   Dev-Blueprints (B0D832E4-1F89-4F0D-ACCF-7EB736FD4AA2): 10
LogDevObjectVersion:   Dev-Build (E1C64328-A22C-4D53-A36C-8E866417BD8C): 0
LogDevObjectVersion:   Dev-Core (375EC13C-06E4-48FB-B500-84F0262A717E): 4
LogDevObjectVersion:   Dev-Editor (E4B068ED-F494-42E9-A231-DA0B2E46BB41): 40
LogDevObjectVersion:   Dev-Framework (CFFC743F-43B0-4480-9391-14DF171D2073): 37
LogDevObjectVersion:   Dev-Mobile (B02B49B5-BB20-44E9-A304-32B752E40360): 3
LogDevObjectVersion:   Dev-Networking (A4E4105C-59A1-49B5-A7C5-40C4547EDFEE): 0
LogDevObjectVersion:   Dev-Online (39C831C9-5AE6-47DC-9A44-9C173E1C8E7C): 0
LogDevObjectVersion:   Dev-Physics (78F01B33-EBEA-4F98-B9B4-84EACCB95AA2): 14
LogDevObjectVersion:   Dev-Platform (6631380F-2D4D-43E0-8009-CF276956A95A): 0
LogDevObjectVersion:   Dev-Rendering (12F88B9F-8875-4AFC-A67C-D90C383ABD29): 45
LogDevObjectVersion:   Dev-Sequencer (7B5AE74C-D270-4C10-A958-57980B212A5A): 13
LogDevObjectVersion:   Dev-VR (D7296918-1DD6-4BDD-9DE2-64A83CC13884): 3
LogDevObjectVersion:   Dev-LoadTimes (C2A15278-BFE7-4AFE-6C17-90FF531DF755): 1
LogDevObjectVersion:   Private-Geometry (6EACA3D4-40EC-4CC1-B786-8BED09428FC5): 3
LogDevObjectVersion:   Dev-AnimPhys (29E575DD-E0A3-4627-9D10-D276232CDCEA): 17
LogDevObjectVersion:   Dev-Anim (AF43A65D-7FD3-4947-9873-3E8ED9C1BB05): 15
LogDevObjectVersion:   Dev-ReflectionCapture (6B266CEC-1EC7-4B8F-A30B-E4D90942FC07): 1
LogDevObjectVersion:   Dev-Automation (0DF73D61-A23F-47EA-B727-89E90C41499A): 1
LogDevObjectVersion:   FortniteMain (601D1886-AC64-4F84-AA16-D3DE0DEAC7D6): 47
LogDevObjectVersion:   FortniteRelease (E7086368-6B23-4C58-8439-1B7016265E91): 1
LogDevObjectVersion:   Dev-Enterprise (9DFFBCD6-494F-0158-E221-12823C92A888): 10
LogDevObjectVersion:   Dev-Niagara (F2AED0AC-9AFE-416F-8664-AA7FFA26D6FC): 1
LogDevObjectVersion:   Dev-Destruction (174F1F0B-B4C6-45A5-B13F-2EE8D0FB917D): 10
LogDevObjectVersion:   Dev-Physics-Ext (35F94A83-E258-406C-A318-09F59610247C): 41
LogDevObjectVersion:   Dev-PhysicsMaterial-Chaos (B68FC16E-8B1B-42E2-B453-215C058844FE): 1
LogDevObjectVersion:   Dev-CineCamera (B2E18506-4273-CFC2-A54E-F4BB758BBA07): 1
LogDevObjectVersion:   Dev-VirtualProduction (64F58936-FD1B-42BA-BA96-7289D5D0FA4E): 1
LogDevObjectVersion:   Dev-MediaFramework (6F0ED827-A609-4895-9C91-998D90180EA4): 2
LogInit: Presizing for max 25165824 objects, including 0 objects not considered by GC, pre-allocating 0 bytes for permanent pool.
LogConfig: Applying CVar settings from Section [/Script/Engine.StreamingSettings] File [E:/Github/ProjectYJ/ProjectYJ/Saved/Config/Windows/Engine.ini]
LogConfig: Setting CVar [[s.MinBulkDataSizeForAsyncLoading:131072]]
LogConfig: Setting CVar [[s.AsyncLoadingThreadEnabled:0]]
LogConfig: Setting CVar [[s.EventDrivenLoaderEnabled:1]]
LogConfig: Setting CVar [[s.WarnIfTimeLimitExceeded:0]]
LogConfig: Setting CVar [[s.TimeLimitExceededMultiplier:1.5]]
LogConfig: Setting CVar [[s.TimeLimitExceededMinTime:0.005]]
LogConfig: Setting CVar [[s.UseBackgroundLevelStreaming:1]]
LogConfig: Setting CVar [[s.PriorityAsyncLoadingExtraTime:15.0]]
LogConfig: Setting CVar [[s.LevelStreamingActorsUpdateTimeLimit:5.0]]
LogConfig: Setting CVar [[s.PriorityLevelStreamingActorsUpdateExtraTime:5.0]]
LogConfig: Setting CVar [[s.LevelStreamingComponentsRegistrationGranularity:10]]
LogConfig: Setting CVar [[s.UnregisterComponentsTimeLimit:1.0]]
LogConfig: Setting CVar [[s.LevelStreamingComponentsUnregistrationGranularity:5]]
LogConfig: Setting CVar [[s.FlushStreamingOnExit:1]]
LogInit: Object subsystem initialized
LogConfig: Setting CVar [[con.DebugEarlyDefault:1]]
LogConfig: Setting CVar [[r.setres:1280x720]]
[2023.02.05-15.21.09:880][  0]LogConfig: Setting CVar [[r.VSync:0]]
[2023.02.05-15.21.09:881][  0]LogConfig: Setting CVar [[r.RHICmdBypass:0]]
[2023.02.05-15.21.09:881][  0]LogConfig: Applying CVar settings from Section [/Script/Engine.RendererSettings] File [E:/Github/ProjectYJ/ProjectYJ/Saved/Config/Windows/Engine.ini]
[2023.02.05-15.21.09:881][  0]LogConfig: Setting CVar [[r.GPUCrashDebugging:0]]
[2023.02.05-15.21.09:881][  0]LogConfig: Applying CVar settings from Section [/Script/Engine.RendererOverrideSettings] File [E:/Github/ProjectYJ/ProjectYJ/Saved/Config/Windows/Engine.ini]
[2023.02.05-15.21.09:881][  0]LogConfig: Applying CVar settings from Section [/Script/Engine.StreamingSettings] File [E:/Github/ProjectYJ/ProjectYJ/Saved/Config/Windows/Engine.ini]
[2023.02.05-15.21.09:881][  0]LogConfig: Setting CVar [[s.MinBulkDataSizeForAsyncLoading:131072]]
[2023.02.05-15.21.09:881][  0]LogConfig: Setting CVar [[s.AsyncLoadingThreadEnabled:0]]
[2023.02.05-15.21.09:881][  0]LogConfig: Setting CVar [[s.EventDrivenLoaderEnabled:1]]
[2023.02.05-15.21.09:881][  0]LogConfig: Setting CVar [[s.WarnIfTimeLimitExceeded:0]]
[2023.02.05-15.21.09:881][  0]LogConfig: Setting CVar [[s.TimeLimitExceededMultiplier:1.5]]
[2023.02.05-15.21.09:881][  0]LogConfig: Setting CVar [[s.TimeLimitExceededMinTime:0.005]]
[2023.02.05-15.21.09:881][  0]LogConfig: Setting CVar [[s.UseBackgroundLevelStreaming:1]]
[2023.02.05-15.21.09:881][  0]LogConfig: Setting CVar [[s.PriorityAsyncLoadingExtraTime:15.0]]
[2023.02.05-15.21.09:881][  0]LogConfig: Setting CVar [[s.LevelStreamingActorsUpdateTimeLimit:5.0]]
[2023.02.05-15.21.09:881][  0]LogConfig: Setting CVar [[s.PriorityLevelStreamingActorsUpdateExtraTime:5.0]]
[2023.02.05-15.21.09:881][  0]LogConfig: Setting CVar [[s.LevelStreamingComponentsRegistrationGranularity:10]]
[2023.02.05-15.21.09:881][  0]LogConfig: Setting CVar [[s.UnregisterComponentsTimeLimit:1.0]]
[2023.02.05-15.21.09:881][  0]LogConfig: Setting CVar [[s.LevelStreamingComponentsUnregistrationGranularity:5]]
[2023.02.05-15.21.09:881][  0]LogConfig: Setting CVar [[s.FlushStreamingOnExit:1]]
[2023.02.05-15.21.09:882][  0]LogConfig: Applying CVar settings from Section [/Script/Engine.GarbageCollectionSettings] File [E:/Github/ProjectYJ/ProjectYJ/Saved/Config/Windows/Engine.ini]
[2023.02.05-15.21.09:882][  0]LogConfig: Setting CVar [[gc.MaxObjectsNotConsideredByGC:1]]
[2023.02.05-15.21.09:882][  0]LogConfig: Setting CVar [[gc.SizeOfPermanentObjectPool:0]]
[2023.02.05-15.21.09:882][  0]LogConfig: Setting CVar [[gc.FlushStreamingOnGC:0]]
[2023.02.05-15.21.09:882][  0]LogConfig: Setting CVar [[gc.NumRetriesBeforeForcingGC:10]]
[2023.02.05-15.21.09:882][  0]LogConfig: Setting CVar [[gc.AllowParallelGC:1]]
[2023.02.05-15.21.09:882][  0]LogConfig: Setting CVar [[gc.TimeBetweenPurgingPendingKillObjects:61.1]]
[2023.02.05-15.21.09:882][  0]LogConfig: Setting CVar [[gc.MaxObjectsInEditor:25165824]]
[2023.02.05-15.21.09:882][  0]LogConfig: Setting CVar [[gc.IncrementalBeginDestroyEnabled:1]]
[2023.02.05-15.21.09:882][  0]LogConfig: Setting CVar [[gc.CreateGCClusters:1]]
[2023.02.05-15.21.09:882][  0]LogConfig: Setting CVar [[gc.MinGCClusterSize:5]]
[2023.02.05-15.21.09:882][  0]LogConfig: Setting CVar [[gc.ActorClusteringEnabled:0]]
[2023.02.05-15.21.09:882][  0]LogConfig: Setting CVar [[gc.BlueprintClusteringEnabled:0]]
[2023.02.05-15.21.09:882][  0]LogConfig: Setting CVar [[gc.UseDisregardForGCOnDedicatedServers:0]]
[2023.02.05-15.21.09:882][  0]LogConfig: Setting CVar [[gc.MultithreadedDestructionEnabled:1]]
[2023.02.05-15.21.09:882][  0]LogConfig: Applying CVar settings from Section [/Script/Engine.NetworkSettings] File [E:/Github/ProjectYJ/ProjectYJ/Saved/Config/Windows/Engine.ini]
[2023.02.05-15.21.09:882][  0]LogConfig: Applying CVar settings from Section [/Script/UnrealEd.CookerSettings] File [E:/Github/ProjectYJ/ProjectYJ/Saved/Config/Windows/Engine.ini]
[2023.02.05-15.21.09:927][  0]LogConfig: Applying CVar settings from Section [ViewDistanceQuality@3] File [E:/Github/ProjectYJ/ProjectYJ/Saved/Config/Windows/Scalability.ini]
[2023.02.05-15.21.09:927][  0]LogConfig: Setting CVar [[r.SkeletalMeshLODBias:0]]
[2023.02.05-15.21.09:927][  0]LogConfig: Setting CVar [[r.ViewDistanceScale:1.0]]
[2023.02.05-15.21.09:927][  0]LogConfig: Applying CVar settings from Section [AntiAliasingQuality@3] File [E:/Github/ProjectYJ/ProjectYJ/Saved/Config/Windows/Scalability.ini]
[2023.02.05-15.21.09:928][  0]LogConfig: Setting CVar [[r.PostProcessAAQuality:4]]
[2023.02.05-15.21.09:928][  0]LogConfig: Applying CVar settings from Section [ShadowQuality@3] File [E:/Github/ProjectYJ/ProjectYJ/Saved/Config/Windows/Scalability.ini]
[2023.02.05-15.21.09:928][  0]LogConfig: Setting CVar [[r.LightFunctionQuality:1]]
[2023.02.05-15.21.09:928][  0]LogConfig: Setting CVar [[r.ShadowQuality:5]]
[2023.02.05-15.21.09:928][  0]LogConfig: Setting CVar [[r.Shadow.CSM.MaxCascades:10]]
[2023.02.05-15.21.09:928][  0]LogConfig: Setting CVar [[r.Shadow.MaxResolution:2048]]
[2023.02.05-15.21.09:928][  0]LogConfig: Setting CVar [[r.Shadow.MaxCSMResolution:2048]]
[2023.02.05-15.21.09:928][  0]LogConfig: Setting CVar [[r.Shadow.RadiusThreshold:0.01]]
[2023.02.05-15.21.09:928][  0]LogConfig: Setting CVar [[r.Shadow.DistanceScale:1.0]]
[2023.02.05-15.21.09:928][  0]LogConfig: Setting CVar [[r.Shadow.CSM.TransitionScale:1.0]]
[2023.02.05-15.21.09:928][  0]LogConfig: Setting CVar [[r.Shadow.PreShadowResolutionFactor:1.0]]
[2023.02.05-15.21.09:928][  0]LogConfig: Setting CVar [[r.DistanceFieldShadowing:1]]
[2023.02.05-15.21.09:928][  0]LogConfig: Setting CVar [[r.DistanceFieldAO:1]]
[2023.02.05-15.21.09:928][  0]LogConfig: Setting CVar [[r.AOQuality:2]]
[2023.02.05-15.21.09:928][  0]LogConfig: Setting CVar [[r.VolumetricFog:1]]
[2023.02.05-15.21.09:928][  0]LogConfig: Setting CVar [[r.VolumetricFog.GridPixelSize:8]]
[2023.02.05-15.21.09:928][  0]LogConfig: Setting CVar [[r.VolumetricFog.GridSizeZ:128]]
[2023.02.05-15.21.09:928][  0]LogConfig: Setting CVar [[r.VolumetricFog.HistoryMissSupersampleCount:4]]
[2023.02.05-15.21.09:928][  0]LogConfig: Setting CVar [[r.LightMaxDrawDistanceScale:1]]
[2023.02.05-15.21.09:929][  0]LogConfig: Setting CVar [[r.CapsuleShadows:1]]
[2023.02.05-15.21.09:929][  0]LogConfig: Applying CVar settings from Section [PostProcessQuality@3] File [E:/Github/ProjectYJ/ProjectYJ/Saved/Config/Windows/Scalability.ini]
[2023.02.05-15.21.09:929][  0]LogConfig: Setting CVar [[r.MotionBlurQuality:4]]
[2023.02.05-15.21.09:929][  0]LogConfig: Setting CVar [[r.AmbientOcclusionMipLevelFactor:0.4]]
[2023.02.05-15.21.09:929][  0]LogConfig: Setting CVar [[r.AmbientOcclusionMaxQuality:100]]
[2023.02.05-15.21.09:929][  0]LogConfig: Setting CVar [[r.AmbientOcclusionLevels:-1]]
[2023.02.05-15.21.09:929][  0]LogConfig: Setting CVar [[r.AmbientOcclusionRadiusScale:1.0]]
[2023.02.05-15.21.09:929][  0]LogConfig: Setting CVar [[r.DepthOfFieldQuality:2]]
[2023.02.05-15.21.09:929][  0]LogConfig: Setting CVar [[r.RenderTargetPoolMin:400]]
[2023.02.05-15.21.09:929][  0]LogConfig: Setting CVar [[r.LensFlareQuality:2]]
[2023.02.05-15.21.09:929][  0]LogConfig: Setting CVar [[r.SceneColorFringeQuality:1]]
[2023.02.05-15.21.09:929][  0]LogConfig: Setting CVar [[r.EyeAdaptationQuality:2]]
[2023.02.05-15.21.09:929][  0]LogConfig: Setting CVar [[r.BloomQuality:5]]
[2023.02.05-15.21.09:929][  0]LogConfig: Setting CVar [[r.FastBlurThreshold:100]]
[2023.02.05-15.21.09:929][  0]LogConfig: Setting CVar [[r.Upscale.Quality:3]]
[2023.02.05-15.21.09:929][  0]LogConfig: Setting CVar [[r.Tonemapper.GrainQuantization:1]]
[2023.02.05-15.21.09:929][  0]LogConfig: Setting CVar [[r.LightShaftQuality:1]]
[2023.02.05-15.21.09:929][  0]LogConfig: Setting CVar [[r.Filter.SizeScale:1]]
[2023.02.05-15.21.09:929][  0]LogConfig: Setting CVar [[r.Tonemapper.Quality:5]]
[2023.02.05-15.21.09:929][  0]LogConfig: Setting CVar [[r.DOF.Gather.AccumulatorQuality:1        ; higher gathering accumulator quality]]
[2023.02.05-15.21.09:930][  0]LogConfig: Setting CVar [[r.DOF.Gather.PostfilterMethod:1          ; Median3x3 postfilering method]]
[2023.02.05-15.21.09:930][  0]LogConfig: Setting CVar [[r.DOF.Gather.EnableBokehSettings:0       ; no bokeh simulation when gathering]]
[2023.02.05-15.21.09:930][  0]LogConfig: Setting CVar [[r.DOF.Gather.RingCount:4                 ; medium number of samples when gathering]]
[2023.02.05-15.21.09:930][  0]LogConfig: Setting CVar [[r.DOF.Scatter.ForegroundCompositing:1    ; additive foreground scattering]]
[2023.02.05-15.21.09:930][  0]LogConfig: Setting CVar [[r.DOF.Scatter.BackgroundCompositing:2    ; additive background scattering]]
[2023.02.05-15.21.09:930][  0]LogConfig: Setting CVar [[r.DOF.Scatter.EnableBokehSettings:1      ; bokeh simulation when scattering]]
[2023.02.05-15.21.09:930][  0]LogConfig: Setting CVar [[r.DOF.Scatter.MaxSpriteRatio:0.1         ; only a maximum of 10% of scattered bokeh]]
[2023.02.05-15.21.09:930][  0]LogConfig: Setting CVar [[r.DOF.Recombine.Quality:1                ; cheap slight out of focus]]
[2023.02.05-15.21.09:930][  0]LogConfig: Setting CVar [[r.DOF.Recombine.EnableBokehSettings:0    ; no bokeh simulation on slight out of focus]]
[2023.02.05-15.21.09:930][  0]LogConfig: Setting CVar [[r.DOF.TemporalAAQuality:1                ; more stable temporal accumulation]]
[2023.02.05-15.21.09:930][  0]LogConfig: Setting CVar [[r.DOF.Kernel.MaxForegroundRadius:0.025]]
[2023.02.05-15.21.09:930][  0]LogConfig: Setting CVar [[r.DOF.Kernel.MaxBackgroundRadius:0.025]]
[2023.02.05-15.21.09:930][  0]LogConfig: Applying CVar settings from Section [TextureQuality@3] File [E:/Github/ProjectYJ/ProjectYJ/Saved/Config/Windows/Scalability.ini]
[2023.02.05-15.21.09:930][  0]LogConfig: Setting CVar [[r.Streaming.MipBias:0]]
[2023.02.05-15.21.09:930][  0]LogConfig: Setting CVar [[r.Streaming.AmortizeCPUToGPUCopy:0]]
[2023.02.05-15.21.09:930][  0]LogConfig: Setting CVar [[r.Streaming.MaxNumTexturesToStreamPerFrame:0]]
[2023.02.05-15.21.09:930][  0]LogConfig: Setting CVar [[r.Streaming.Boost:1]]
[2023.02.05-15.21.09:930][  0]LogConfig: Setting CVar [[r.MaxAnisotropy:8]]
[2023.02.05-15.21.09:930][  0]LogConfig: Setting CVar [[r.VT.MaxAnisotropy:8]]
[2023.02.05-15.21.09:931][  0]LogConfig: Setting CVar [[r.Streaming.LimitPoolSizeToVRAM:0]]
[2023.02.05-15.21.09:931][  0]LogConfig: Setting CVar [[r.Streaming.PoolSize:1000]]
[2023.02.05-15.21.09:931][  0]LogConfig: Setting CVar [[r.Streaming.MaxEffectiveScreenSize:0]]
[2023.02.05-15.21.09:931][  0]LogConfig: Applying CVar settings from Section [EffectsQuality@3] File [E:/Github/ProjectYJ/ProjectYJ/Saved/Config/Windows/Scalability.ini]
[2023.02.05-15.21.09:931][  0]LogConfig: Setting CVar [[r.TranslucencyLightingVolumeDim:64]]
[2023.02.05-15.21.09:931][  0]LogConfig: Setting CVar [[r.RefractionQuality:2]]
[2023.02.05-15.21.09:931][  0]LogConfig: Setting CVar [[r.SSR.Quality:3]]
[2023.02.05-15.21.09:931][  0]LogConfig: Setting CVar [[r.SSR.HalfResSceneColor:0]]
[2023.02.05-15.21.09:931][  0]LogConfig: Setting CVar [[r.SceneColorFormat:4]]
[2023.02.05-15.21.09:931][  0]LogConfig: Setting CVar [[r.DetailMode:2]]
[2023.02.05-15.21.09:931][  0]LogConfig: Setting CVar [[r.TranslucencyVolumeBlur:1]]
[2023.02.05-15.21.09:931][  0]LogConfig: Setting CVar [[r.MaterialQualityLevel:1 ; High quality]]
[2023.02.05-15.21.09:931][  0]LogConfig: Setting CVar [[r.AnisotropicMaterials:1]]
[2023.02.05-15.21.09:931][  0]LogConfig: Setting CVar [[r.SSS.Scale:1]]
[2023.02.05-15.21.09:931][  0]LogConfig: Setting CVar [[r.SSS.SampleSet:2]]
[2023.02.05-15.21.09:931][  0]LogConfig: Setting CVar [[r.SSS.Quality:1]]
[2023.02.05-15.21.09:931][  0]LogConfig: Setting CVar [[r.SSS.HalfRes:0]]
[2023.02.05-15.21.09:931][  0]LogConfig: Setting CVar [[r.SSGI.Quality:3]]
[2023.02.05-15.21.09:932][  0]LogConfig: Setting CVar [[r.EmitterSpawnRateScale:1.0]]
[2023.02.05-15.21.09:932][  0]LogConfig: Setting CVar [[r.ParticleLightQuality:2]]
[2023.02.05-15.21.09:932][  0]LogConfig: Setting CVar [[r.SkyAtmosphere.AerialPerspectiveLUT.FastApplyOnOpaque:1 ; Always have FastSkyLUT 1 in this case to avoid wrong sky]]
[2023.02.05-15.21.09:932][  0]LogConfig: Setting CVar [[r.SkyAtmosphere.AerialPerspectiveLUT.SampleCountMaxPerSlice:4]]
[2023.02.05-15.21.09:932][  0]LogConfig: Setting CVar [[r.SkyAtmosphere.AerialPerspectiveLUT.DepthResolution:16.0]]
[2023.02.05-15.21.09:932][  0]LogConfig: Setting CVar [[r.SkyAtmosphere.FastSkyLUT:1]]
[2023.02.05-15.21.09:932][  0]LogConfig: Setting CVar [[r.SkyAtmosphere.FastSkyLUT.SampleCountMin:4.0]]
[2023.02.05-15.21.09:932][  0]LogConfig: Setting CVar [[r.SkyAtmosphere.FastSkyLUT.SampleCountMax:128.0]]
[2023.02.05-15.21.09:932][  0]LogConfig: Setting CVar [[r.SkyAtmosphere.SampleCountMin:4.0]]
[2023.02.05-15.21.09:932][  0]LogConfig: Setting CVar [[r.SkyAtmosphere.SampleCountMax:128.0]]
[2023.02.05-15.21.09:932][  0]LogConfig: Setting CVar [[r.SkyAtmosphere.TransmittanceLUT.UseSmallFormat:0]]
[2023.02.05-15.21.09:932][  0]LogConfig: Setting CVar [[r.SkyAtmosphere.TransmittanceLUT.SampleCount:10.0]]
[2023.02.05-15.21.09:932][  0]LogConfig: Setting CVar [[r.SkyAtmosphere.MultiScatteringLUT.SampleCount:15.0]]
[2023.02.05-15.21.09:932][  0]LogConfig: Setting CVar [[r.SkyLight.RealTimeReflectionCapture:1]]
[2023.02.05-15.21.09:932][  0]LogConfig: Applying CVar settings from Section [FoliageQuality@3] File [E:/Github/ProjectYJ/ProjectYJ/Saved/Config/Windows/Scalability.ini]
[2023.02.05-15.21.09:932][  0]LogConfig: Setting CVar [[foliage.DensityScale:1.0]]
[2023.02.05-15.21.09:932][  0]LogConfig: Setting CVar [[grass.DensityScale:1.0]]
[2023.02.05-15.21.09:932][  0]LogConfig: Applying CVar settings from Section [ShadingQuality@3] File [E:/Github/ProjectYJ/ProjectYJ/Saved/Config/Windows/Scalability.ini]
[2023.02.05-15.21.09:933][  0]LogConfig: Setting CVar [[r.HairStrands.SkyLighting.IntegrationType:2]]
[2023.02.05-15.21.09:933][  0]LogConfig: Setting CVar [[r.HairStrands.SkyAO.SampleCount:4]]
[2023.02.05-15.21.09:933][  0]LogConfig: Setting CVar [[r.HairStrands.Visibility.MSAA.SamplePerPixel:4]]
[2023.02.05-15.21.09:933][  0]LogInit: Selected Device Profile: [Windows]
[2023.02.05-15.21.09:933][  0]LogInit: Applying CVar settings loaded from the selected device profile: [Windows]
[2023.02.05-15.21.09:933][  0]LogHAL: Display: Platform has ~ 16 GB [17102561280 / 17179869184 / 16], which maps to Larger [LargestMinGB=32, LargerMinGB=12, DefaultMinGB=8, SmallerMinGB=6, SmallestMinGB=0)
[2023.02.05-15.21.09:933][  0]LogInit: Going up to parent DeviceProfile []
[2023.02.05-15.21.09:933][  0]LogConfig: Applying CVar settings from Section [ViewDistanceQuality@3] File [E:/Github/ProjectYJ/ProjectYJ/Saved/Config/Windows/Scalability.ini]
[2023.02.05-15.21.09:933][  0]LogConfig: Setting CVar [[r.SkeletalMeshLODBias:0]]
[2023.02.05-15.21.09:933][  0]LogConfig: Setting CVar [[r.ViewDistanceScale:1.0]]
[2023.02.05-15.21.09:933][  0]LogConfig: Applying CVar settings from Section [AntiAliasingQuality@3] File [E:/Github/ProjectYJ/ProjectYJ/Saved/Config/Windows/Scalability.ini]
[2023.02.05-15.21.09:933][  0]LogConfig: Setting CVar [[r.PostProcessAAQuality:4]]
[2023.02.05-15.21.09:933][  0]LogConfig: Applying CVar settings from Section [ShadowQuality@3] File [E:/Github/ProjectYJ/ProjectYJ/Saved/Config/Windows/Scalability.ini]
[2023.02.05-15.21.09:933][  0]LogConfig: Setting CVar [[r.LightFunctionQuality:1]]
[2023.02.05-15.21.09:933][  0]LogConfig: Setting CVar [[r.ShadowQuality:5]]
[2023.02.05-15.21.09:933][  0]LogConfig: Setting CVar [[r.Shadow.CSM.MaxCascades:10]]
[2023.02.05-15.21.09:934][  0]LogConfig: Setting CVar [[r.Shadow.MaxResolution:2048]]
[2023.02.05-15.21.09:934][  0]LogConfig: Setting CVar [[r.Shadow.MaxCSMResolution:2048]]
[2023.02.05-15.21.09:934][  0]LogConfig: Setting CVar [[r.Shadow.RadiusThreshold:0.01]]
[2023.02.05-15.21.09:934][  0]LogConfig: Setting CVar [[r.Shadow.DistanceScale:1.0]]
[2023.02.05-15.21.09:934][  0]LogConfig: Setting CVar [[r.Shadow.CSM.TransitionScale:1.0]]
[2023.02.05-15.21.09:934][  0]LogConfig: Setting CVar [[r.Shadow.PreShadowResolutionFactor:1.0]]
[2023.02.05-15.21.09:934][  0]LogConfig: Setting CVar [[r.DistanceFieldShadowing:1]]
[2023.02.05-15.21.09:934][  0]LogConfig: Setting CVar [[r.DistanceFieldAO:1]]
[2023.02.05-15.21.09:934][  0]LogConfig: Setting CVar [[r.AOQuality:2]]
[2023.02.05-15.21.09:934][  0]LogConfig: Setting CVar [[r.VolumetricFog:1]]
[2023.02.05-15.21.09:934][  0]LogConfig: Setting CVar [[r.VolumetricFog.GridPixelSize:8]]
[2023.02.05-15.21.09:934][  0]LogConfig: Setting CVar [[r.VolumetricFog.GridSizeZ:128]]
[2023.02.05-15.21.09:934][  0]LogConfig: Setting CVar [[r.VolumetricFog.HistoryMissSupersampleCount:4]]
[2023.02.05-15.21.09:934][  0]LogConfig: Setting CVar [[r.LightMaxDrawDistanceScale:1]]
[2023.02.05-15.21.09:934][  0]LogConfig: Setting CVar [[r.CapsuleShadows:1]]
[2023.02.05-15.21.09:934][  0]LogConfig: Applying CVar settings from Section [PostProcessQuality@3] File [E:/Github/ProjectYJ/ProjectYJ/Saved/Config/Windows/Scalability.ini]
[2023.02.05-15.21.09:934][  0]LogConfig: Setting CVar [[r.MotionBlurQuality:4]]
[2023.02.05-15.21.09:934][  0]LogConfig: Setting CVar [[r.AmbientOcclusionMipLevelFactor:0.4]]
[2023.02.05-15.21.09:934][  0]LogConfig: Setting CVar [[r.AmbientOcclusionMaxQuality:100]]
[2023.02.05-15.21.09:934][  0]LogConfig: Setting CVar [[r.AmbientOcclusionLevels:-1]]
[2023.02.05-15.21.09:935][  0]LogConfig: Setting CVar [[r.AmbientOcclusionRadiusScale:1.0]]
[2023.02.05-15.21.09:935][  0]LogConfig: Setting CVar [[r.DepthOfFieldQuality:2]]
[2023.02.05-15.21.09:935][  0]LogConfig: Setting CVar [[r.RenderTargetPoolMin:400]]
[2023.02.05-15.21.09:935][  0]LogConfig: Setting CVar [[r.LensFlareQuality:2]]
[2023.02.05-15.21.09:935][  0]LogConfig: Setting CVar [[r.SceneColorFringeQuality:1]]
[2023.02.05-15.21.09:935][  0]LogConfig: Setting CVar [[r.EyeAdaptationQuality:2]]
[2023.02.05-15.21.09:935][  0]LogConfig: Setting CVar [[r.BloomQuality:5]]
[2023.02.05-15.21.09:935][  0]LogConfig: Setting CVar [[r.FastBlurThreshold:100]]
[2023.02.05-15.21.09:935][  0]LogConfig: Setting CVar [[r.Upscale.Quality:3]]
[2023.02.05-15.21.09:935][  0]LogConfig: Setting CVar [[r.Tonemapper.GrainQuantization:1]]
[2023.02.05-15.21.09:935][  0]LogConfig: Setting CVar [[r.LightShaftQuality:1]]
[2023.02.05-15.21.09:935][  0]LogConfig: Setting CVar [[r.Filter.SizeScale:1]]
[2023.02.05-15.21.09:935][  0]LogConfig: Setting CVar [[r.Tonemapper.Quality:5]]
[2023.02.05-15.21.09:935][  0]LogConfig: Setting CVar [[r.DOF.Gather.AccumulatorQuality:1        ; higher gathering accumulator quality]]
[2023.02.05-15.21.09:935][  0]LogConfig: Setting CVar [[r.DOF.Gather.PostfilterMethod:1          ; Median3x3 postfilering method]]
[2023.02.05-15.21.09:935][  0]LogConfig: Setting CVar [[r.DOF.Gather.EnableBokehSettings:0       ; no bokeh simulation when gathering]]
[2023.02.05-15.21.09:935][  0]LogConfig: Setting CVar [[r.DOF.Gather.RingCount:4                 ; medium number of samples when gathering]]
[2023.02.05-15.21.09:935][  0]LogConfig: Setting CVar [[r.DOF.Scatter.ForegroundCompositing:1    ; additive foreground scattering]]
[2023.02.05-15.21.09:935][  0]LogConfig: Setting CVar [[r.DOF.Scatter.BackgroundCompositing:2    ; additive background scattering]]
[2023.02.05-15.21.09:935][  0]LogConfig: Setting CVar [[r.DOF.Scatter.EnableBokehSettings:1      ; bokeh simulation when scattering]]
[2023.02.05-15.21.09:936][  0]LogConfig: Setting CVar [[r.DOF.Scatter.MaxSpriteRatio:0.1         ; only a maximum of 10% of scattered bokeh]]
[2023.02.05-15.21.09:936][  0]LogConfig: Setting CVar [[r.DOF.Recombine.Quality:1                ; cheap slight out of focus]]
[2023.02.05-15.21.09:936][  0]LogConfig: Setting CVar [[r.DOF.Recombine.EnableBokehSettings:0    ; no bokeh simulation on slight out of focus]]
[2023.02.05-15.21.09:936][  0]LogConfig: Setting CVar [[r.DOF.TemporalAAQuality:1                ; more stable temporal accumulation]]
[2023.02.05-15.21.09:936][  0]LogConfig: Setting CVar [[r.DOF.Kernel.MaxForegroundRadius:0.025]]
[2023.02.05-15.21.09:936][  0]LogConfig: Setting CVar [[r.DOF.Kernel.MaxBackgroundRadius:0.025]]
[2023.02.05-15.21.09:936][  0]LogConfig: Applying CVar settings from Section [TextureQuality@3] File [E:/Github/ProjectYJ/ProjectYJ/Saved/Config/Windows/Scalability.ini]
[2023.02.05-15.21.09:936][  0]LogConfig: Setting CVar [[r.Streaming.MipBias:0]]
[2023.02.05-15.21.09:936][  0]LogConfig: Setting CVar [[r.Streaming.AmortizeCPUToGPUCopy:0]]
[2023.02.05-15.21.09:936][  0]LogConfig: Setting CVar [[r.Streaming.MaxNumTexturesToStreamPerFrame:0]]
[2023.02.05-15.21.09:936][  0]LogConfig: Setting CVar [[r.Streaming.Boost:1]]
[2023.02.05-15.21.09:936][  0]LogConfig: Setting CVar [[r.MaxAnisotropy:8]]
[2023.02.05-15.21.09:936][  0]LogConfig: Setting CVar [[r.VT.MaxAnisotropy:8]]
[2023.02.05-15.21.09:936][  0]LogConfig: Setting CVar [[r.Streaming.LimitPoolSizeToVRAM:0]]
[2023.02.05-15.21.09:936][  0]LogConfig: Setting CVar [[r.Streaming.PoolSize:1000]]
[2023.02.05-15.21.09:936][  0]LogConfig: Setting CVar [[r.Streaming.MaxEffectiveScreenSize:0]]
[2023.02.05-15.21.09:936][  0]LogConfig: Applying CVar settings from Section [EffectsQuality@3] File [E:/Github/ProjectYJ/ProjectYJ/Saved/Config/Windows/Scalability.ini]
[2023.02.05-15.21.09:936][  0]LogConfig: Setting CVar [[r.TranslucencyLightingVolumeDim:64]]
[2023.02.05-15.21.09:936][  0]LogConfig: Setting CVar [[r.RefractionQuality:2]]
[2023.02.05-15.21.09:936][  0]LogConfig: Setting CVar [[r.SSR.Quality:3]]
[2023.02.05-15.21.09:936][  0]LogConfig: Setting CVar [[r.SSR.HalfResSceneColor:0]]
[2023.02.05-15.21.09:937][  0]LogConfig: Setting CVar [[r.SceneColorFormat:4]]
[2023.02.05-15.21.09:937][  0]LogConfig: Setting CVar [[r.DetailMode:2]]
[2023.02.05-15.21.09:937][  0]LogConfig: Setting CVar [[r.TranslucencyVolumeBlur:1]]
[2023.02.05-15.21.09:937][  0]LogConfig: Setting CVar [[r.MaterialQualityLevel:1 ; High quality]]
[2023.02.05-15.21.09:937][  0]LogConfig: Setting CVar [[r.AnisotropicMaterials:1]]
[2023.02.05-15.21.09:937][  0]LogConfig: Setting CVar [[r.SSS.Scale:1]]
[2023.02.05-15.21.09:937][  0]LogConfig: Setting CVar [[r.SSS.SampleSet:2]]
[2023.02.05-15.21.09:937][  0]LogConfig: Setting CVar [[r.SSS.Quality:1]]
[2023.02.05-15.21.09:937][  0]LogConfig: Setting CVar [[r.SSS.HalfRes:0]]
[2023.02.05-15.21.09:937][  0]LogConfig: Setting CVar [[r.SSGI.Quality:3]]
[2023.02.05-15.21.09:937][  0]LogConfig: Setting CVar [[r.EmitterSpawnRateScale:1.0]]
[2023.02.05-15.21.09:937][  0]LogConfig: Setting CVar [[r.ParticleLightQuality:2]]
[2023.02.05-15.21.09:937][  0]LogConfig: Setting CVar [[r.SkyAtmosphere.AerialPerspectiveLUT.FastApplyOnOpaque:1 ; Always have FastSkyLUT 1 in this case to avoid wrong sky]]
[2023.02.05-15.21.09:937][  0]LogConfig: Setting CVar [[r.SkyAtmosphere.AerialPerspectiveLUT.SampleCountMaxPerSlice:4]]
[2023.02.05-15.21.09:937][  0]LogConfig: Setting CVar [[r.SkyAtmosphere.AerialPerspectiveLUT.DepthResolution:16.0]]
[2023.02.05-15.21.09:937][  0]LogConfig: Setting CVar [[r.SkyAtmosphere.FastSkyLUT:1]]
[2023.02.05-15.21.09:937][  0]LogConfig: Setting CVar [[r.SkyAtmosphere.FastSkyLUT.SampleCountMin:4.0]]
[2023.02.05-15.21.09:937][  0]LogConfig: Setting CVar [[r.SkyAtmosphere.FastSkyLUT.SampleCountMax:128.0]]
[2023.02.05-15.21.09:937][  0]LogConfig: Setting CVar [[r.SkyAtmosphere.SampleCountMin:4.0]]
[2023.02.05-15.21.09:937][  0]LogConfig: Setting CVar [[r.SkyAtmosphere.SampleCountMax:128.0]]
[2023.02.05-15.21.09:937][  0]LogConfig: Setting CVar [[r.SkyAtmosphere.TransmittanceLUT.UseSmallFormat:0]]
[2023.02.05-15.21.09:938][  0]LogConfig: Setting CVar [[r.SkyAtmosphere.TransmittanceLUT.SampleCount:10.0]]
[2023.02.05-15.21.09:938][  0]LogConfig: Setting CVar [[r.SkyAtmosphere.MultiScatteringLUT.SampleCount:15.0]]
[2023.02.05-15.21.09:938][  0]LogConfig: Setting CVar [[r.SkyLight.RealTimeReflectionCapture:1]]
[2023.02.05-15.21.09:938][  0]LogConfig: Applying CVar settings from Section [FoliageQuality@3] File [E:/Github/ProjectYJ/ProjectYJ/Saved/Config/Windows/Scalability.ini]
[2023.02.05-15.21.09:938][  0]LogConfig: Setting CVar [[foliage.DensityScale:1.0]]
[2023.02.05-15.21.09:938][  0]LogConfig: Setting CVar [[grass.DensityScale:1.0]]
[2023.02.05-15.21.09:938][  0]LogConfig: Applying CVar settings from Section [ShadingQuality@3] File [E:/Github/ProjectYJ/ProjectYJ/Saved/Config/Windows/Scalability.ini]
[2023.02.05-15.21.09:938][  0]LogConfig: Setting CVar [[r.HairStrands.SkyLighting.IntegrationType:2]]
[2023.02.05-15.21.09:938][  0]LogConfig: Setting CVar [[r.HairStrands.SkyAO.SampleCount:4]]
[2023.02.05-15.21.09:938][  0]LogConfig: Setting CVar [[r.HairStrands.Visibility.MSAA.SamplePerPixel:4]]
[2023.02.05-15.21.09:938][  0]LogConfig: Applying CVar settings from Section [Startup] File [../../../Engine/Config/ConsoleVariables.ini]
[2023.02.05-15.21.09:938][  0]LogConfig: Setting CVar [[net.UseAdaptiveNetUpdateFrequency:0]]
[2023.02.05-15.21.09:938][  0]LogConfig: Setting CVar [[p.chaos.AllowCreatePhysxBodies:1]]
[2023.02.05-15.21.09:938][  0]LogConfig: Setting CVar [[fx.SkipVectorVMBackendOptimizations:1]]
[2023.02.05-15.21.09:939][  0]LogConfig: Applying CVar settings from Section [ConsoleVariables] File [E:/Github/ProjectYJ/ProjectYJ/Saved/Config/Windows/Engine.ini]
[2023.02.05-15.21.09:939][  0]LogConfig: Applying CVar settings from Section [ConsoleVariables] File [E:/Github/ProjectYJ/ProjectYJ/Saved/Config/Windows/Editor.ini]
[2023.02.05-15.21.09:939][  0]LogInit: Computer: DESKTOP-YJ
[2023.02.05-15.21.09:939][  0]LogInit: User: YJ
[2023.02.05-15.21.09:939][  0]LogInit: CPU Page size=4096, Cores=6
[2023.02.05-15.21.09:939][  0]LogInit: High frequency timer resolution =10.000000 MHz
[2023.02.05-15.21.09:939][  0]LogMemory: Memory total: Physical=15.9GB (16GB approx)
[2023.02.05-15.21.09:939][  0]LogMemory: Platform Memory Stats for Windows
[2023.02.05-15.21.09:939][  0]LogMemory: Process Physical Memory: 147.50 MB used, 147.50 MB peak
[2023.02.05-15.21.09:939][  0]LogMemory: Process Virtual Memory: 128.15 MB used, 128.15 MB peak
[2023.02.05-15.21.09:939][  0]LogMemory: Physical Memory: 9436.68 MB used,  6873.59 MB free, 16310.27 MB total
[2023.02.05-15.21.09:939][  0]LogMemory: Virtual Memory: 134196568.00 MB used,  21160.92 MB free, 134217728.00 MB total
[2023.02.05-15.21.09:956][  0]LogWindows: WindowsPlatformFeatures enabled
[2023.02.05-15.21.10:188][  0]LogInit: Physics initialised using underlying interface: PhysX
[2023.02.05-15.21.10:189][  0]LogInit: Overriding language with editor language configuration option (en).
[2023.02.05-15.21.10:189][  0]LogInit: Using OS detected locale (ko-KR).
[2023.02.05-15.21.10:361][  0]LogInit: Setting process to per monitor DPI aware
[2023.02.05-15.21.10:419][  0]LogWindowsTextInputMethodSystem: Display: IME system deactivated.
[2023.02.05-15.21.10:437][  0]LogSlate: New Slate User Created.  User Index 0, Is Virtual User: 0
[2023.02.05-15.21.10:437][  0]LogSlate: Slate User Registered.  User Index 0, Is Virtual User: 0
[2023.02.05-15.21.10:641][  0]LogD3D11RHI: Loaded GFSDK_Aftermath_Lib.x64.dll
[2023.02.05-15.21.10:648][  0]LogHMD: Failed to initialize OpenVR with code 110
[2023.02.05-15.21.10:648][  0]LogD3D11RHI: D3D11 min allowed feature level: 11_0
[2023.02.05-15.21.10:648][  0]LogD3D11RHI: D3D11 max allowed feature level: 11_0
[2023.02.05-15.21.10:648][  0]LogD3D11RHI: D3D11 adapters:
[2023.02.05-15.21.10:837][  0]LogD3D11RHI:    0. 'NVIDIA GeForce RTX 3060 Ti' (Feature Level 11_0)
[2023.02.05-15.21.10:837][  0]LogD3D11RHI:       8050/0/8155 MB DedicatedVideo/DedicatedSystem/SharedSystem, Outputs:1, VendorId:0x10de
[2023.02.05-15.21.10:844][  0]LogD3D11RHI:    1. 'Microsoft Basic Render Driver' (Feature Level 11_0)
[2023.02.05-15.21.10:845][  0]LogD3D11RHI:       0/0/8155 MB DedicatedVideo/DedicatedSystem/SharedSystem, Outputs:0, VendorId:0x1414
[2023.02.05-15.21.10:845][  0]LogD3D11RHI: Chosen D3D11 Adapter:
[2023.02.05-15.21.10:845][  0]LogD3D11RHI:     Description : NVIDIA GeForce RTX 3060 Ti
[2023.02.05-15.21.10:845][  0]LogD3D11RHI:     VendorId    : 10de
[2023.02.05-15.21.10:845][  0]LogD3D11RHI:     DeviceId    : 2486
[2023.02.05-15.21.10:845][  0]LogD3D11RHI:     SubSysId    : 248610de
[2023.02.05-15.21.10:845][  0]LogD3D11RHI:     Revision    : 00a1
[2023.02.05-15.21.10:845][  0]LogD3D11RHI:     DedicatedVideoMemory : 8441036800 bytes
[2023.02.05-15.21.10:845][  0]LogD3D11RHI:     DedicatedSystemMemory : 0 bytes
[2023.02.05-15.21.10:845][  0]LogD3D11RHI:     SharedSystemMemory : 8551280640 bytes
[2023.02.05-15.21.10:845][  0]LogD3D11RHI:     AdapterLuid : 0 50291
[2023.02.05-15.21.10:850][  0]LogD3D11RHI: Creating new Direct3DDevice
[2023.02.05-15.21.10:850][  0]LogD3D11RHI:     GPU DeviceId: 0x2486 (for the marketing name, search the web for "GPU Device Id")
[2023.02.05-15.21.10:850][  0]LogWindows: EnumDisplayDevices:
[2023.02.05-15.21.10:851][  0]LogWindows:    0. 'NVIDIA GeForce RTX 3060 Ti' (P:1 D:1)
[2023.02.05-15.21.10:852][  0]LogWindows:    1. 'NVIDIA GeForce RTX 3060 Ti' (P:0 D:0)
[2023.02.05-15.21.10:852][  0]LogWindows:    2. 'NVIDIA GeForce RTX 3060 Ti' (P:0 D:0)
[2023.02.05-15.21.10:853][  0]LogWindows:    3. 'NVIDIA GeForce RTX 3060 Ti' (P:0 D:0)
[2023.02.05-15.21.10:854][  0]LogWindows: DebugString: FoundDriverCount:4 
[2023.02.05-15.21.10:854][  0]LogD3D11RHI:     Adapter Name: NVIDIA GeForce RTX 3060 Ti
[2023.02.05-15.21.10:854][  0]LogD3D11RHI:   Driver Version: 516.94 (internal:31.0.15.1694, unified:516.94)
[2023.02.05-15.21.10:854][  0]LogD3D11RHI:      Driver Date: 7-21-2022
[2023.02.05-15.21.10:854][  0]LogRHI: Texture pool is 5635 MB (70% of 8050 MB)
[2023.02.05-15.21.10:854][  0]LogD3D11RHI: Creating D3DDevice using adapter:
[2023.02.05-15.21.10:854][  0]LogD3D11RHI:     Description : NVIDIA GeForce RTX 3060 Ti
[2023.02.05-15.21.10:854][  0]LogD3D11RHI:     VendorId    : 10de
[2023.02.05-15.21.10:854][  0]LogD3D11RHI:     DeviceId    : 2486
[2023.02.05-15.21.10:854][  0]LogD3D11RHI:     SubSysId    : 248610de
[2023.02.05-15.21.10:855][  0]LogD3D11RHI:     Revision    : 00a1
[2023.02.05-15.21.10:855][  0]LogD3D11RHI:     DedicatedVideoMemory : 8441036800 bytes
[2023.02.05-15.21.10:855][  0]LogD3D11RHI:     DedicatedSystemMemory : 0 bytes
[2023.02.05-15.21.10:855][  0]LogD3D11RHI:     SharedSystemMemory : 8551280640 bytes
[2023.02.05-15.21.10:855][  0]LogD3D11RHI:     AdapterLuid : 0 50291
[2023.02.05-15.21.10:940][  0]LogD3D11RHI: RHI has support for 64 bit atomics
[2023.02.05-15.21.10:940][  0]LogD3D11RHI: Async texture creation enabled
[2023.02.05-15.21.10:940][  0]LogD3D11RHI: Array index from any shader is supported
[2023.02.05-15.21.10:943][  0]LogD3D11RHI: HDR output is supported on display 0 (NvId: 0x80061082).
[2023.02.05-15.21.10:962][  0]LogD3D11RHI: GPU Timing Frequency: 1000.000000 (Debug: 2 2)
[2023.02.05-15.21.11:063][  0]LogRHI: GeForceNow SDK initialized: 1
[2023.02.05-15.21.11:443][  0]LogTargetPlatformManager: Display: Loaded TargetPlatform 'AllDesktop'
[2023.02.05-15.21.11:465][  0]LogTargetPlatformManager: Display: Loaded TargetPlatform 'Android'
[2023.02.05-15.21.11:466][  0]LogTargetPlatformManager: Display: Loaded TargetPlatform 'Android_ASTC'
[2023.02.05-15.21.11:466][  0]LogTargetPlatformManager: Display: Loaded TargetPlatform 'Android_DXT'
[2023.02.05-15.21.11:466][  0]LogTargetPlatformManager: Display: Loaded TargetPlatform 'Android_ETC2'
[2023.02.05-15.21.11:466][  0]LogTargetPlatformManager: Display: Loaded TargetPlatform 'AndroidClient'
[2023.02.05-15.21.11:466][  0]LogTargetPlatformManager: Display: Loaded TargetPlatform 'Android_ASTCClient'
[2023.02.05-15.21.11:466][  0]LogTargetPlatformManager: Display: Loaded TargetPlatform 'Android_DXTClient'
[2023.02.05-15.21.11:466][  0]LogTargetPlatformManager: Display: Loaded TargetPlatform 'Android_ETC2Client'
[2023.02.05-15.21.11:466][  0]LogTargetPlatformManager: Display: Loaded TargetPlatform 'Android_Multi'
[2023.02.05-15.21.11:466][  0]LogTargetPlatformManager: Display: Loaded TargetPlatform 'Android_MultiClient'
[2023.02.05-15.21.11:496][  0]LogTargetPlatformManager: Display: Loaded TargetPlatform 'IOSClient'
[2023.02.05-15.21.11:496][  0]LogTargetPlatformManager: Display: Loaded TargetPlatform 'IOS'
[2023.02.05-15.21.11:508][  0]LogTargetPlatformManager: Display: Loaded TargetPlatform 'Linux'
[2023.02.05-15.21.11:516][  0]LogTargetPlatformManager: Display: Loaded TargetPlatform 'LinuxNoEditor'
[2023.02.05-15.21.11:524][  0]LogTargetPlatformManager: Display: Loaded TargetPlatform 'LinuxClient'
[2023.02.05-15.21.11:531][  0]LogTargetPlatformManager: Display: Loaded TargetPlatform 'LinuxServer'
[2023.02.05-15.21.11:543][  0]LogTargetPlatformManager: Display: Loaded TargetPlatform 'LinuxAArch64NoEditor'
[2023.02.05-15.21.11:551][  0]LogTargetPlatformManager: Display: Loaded TargetPlatform 'LinuxAArch64Client'
[2023.02.05-15.21.11:559][  0]LogTargetPlatformManager: Display: Loaded TargetPlatform 'LinuxAArch64Server'
[2023.02.05-15.21.11:584][  0]LogTargetPlatformManager: Display: Loaded TargetPlatform 'Lumin'
[2023.02.05-15.21.11:584][  0]LogTargetPlatformManager: Display: Loaded TargetPlatform 'LuminClient'
[2023.02.05-15.21.11:596][  0]LogTargetPlatformManager: Display: Loaded TargetPlatform 'MacNoEditor'
[2023.02.05-15.21.11:603][  0]LogTargetPlatformManager: Display: Loaded TargetPlatform 'Mac'
[2023.02.05-15.21.11:611][  0]LogTargetPlatformManager: Display: Loaded TargetPlatform 'MacClient'
[2023.02.05-15.21.11:619][  0]LogTargetPlatformManager: Display: Loaded TargetPlatform 'MacServer'
[2023.02.05-15.21.11:631][  0]LogTargetPlatformManager: Display: Loaded TargetPlatform 'TVOSClient'
[2023.02.05-15.21.11:631][  0]LogTargetPlatformManager: Display: Loaded TargetPlatform 'TVOS'
[2023.02.05-15.21.11:647][  0]LogTargetPlatformManager: Display: Loaded TargetPlatform 'WindowsNoEditor'
[2023.02.05-15.21.11:657][  0]LogTargetPlatformManager: Display: Loaded TargetPlatform 'Windows'
[2023.02.05-15.21.11:665][  0]LogTargetPlatformManager: Display: Loaded TargetPlatform 'WindowsClient'
[2023.02.05-15.21.11:673][  0]LogTargetPlatformManager: Display: Loaded TargetPlatform 'WindowsServer'
[2023.02.05-15.21.11:673][  0]LogTargetPlatformManager: Display: Building Assets For Windows
[2023.02.05-15.21.11:692][  0]LogAudioDebug: Display: Lib vorbis DLL was dynamically loaded.
[2023.02.05-15.21.11:762][  0]LogTextureFormatOodle: Display: Oodle Texture 2.9.0 init RDO Off
[2023.02.05-15.21.11:843][  0]LogRendererCore: Ray tracing is disabled. Reason: r.RayTracing=0.
[2023.02.05-15.21.11:843][  0]LogShaderCompilers: Guid format shader working directory is 14 characters bigger than the processId version (E:/Github/ProjectYJ/ProjectYJ/Intermediate/Shaders/WorkingDirectory/4872/).
[2023.02.05-15.21.11:844][  0]LogShaderCompilers: Cleaned the shader compiler working directory 'C:/Users/YJ/AppData/Local/Temp/UnrealShaderWorkingDir/74F0047145824CEF7A3E47A216E00C48/'.
[2023.02.05-15.21.11:844][  0]LogXGEController: Cannot use XGE Controller as Incredibuild is not installed on this machine.
[2023.02.05-15.21.11:844][  0]LogShaderCompilers: Cannot use XGE Shader Compiler as Incredibuild is not installed on this machine.
[2023.02.05-15.21.11:844][  0]LogShaderCompilers: Display: Using Local Shader Compiler.
[2023.02.05-15.21.12:576][  0]LogDerivedDataCache: Display: Max Cache Size: 512 MB
[2023.02.05-15.21.12:626][  0]LogDerivedDataCache: Loaded boot cache 0.05s 96MB C:/Users/YJ/AppData/Local/UnrealEngine/4.27/DerivedDataCache/Boot.ddc.
[2023.02.05-15.21.12:627][  0]LogDerivedDataCache: Display: Loaded Boot cache: C:/Users/YJ/AppData/Local/UnrealEngine/4.27/DerivedDataCache/Boot.ddc
[2023.02.05-15.21.12:627][  0]LogDerivedDataCache: FDerivedDataBackendGraph:  Pak pak cache file E:/Github/ProjectYJ/ProjectYJ/DerivedDataCache/DDC.ddp not found, will not use a pak cache.
[2023.02.05-15.21.12:627][  0]LogDerivedDataCache: Unable to find inner node Pak for hierarchical cache Hierarchy.
[2023.02.05-15.21.12:627][  0]LogDerivedDataCache: FDerivedDataBackendGraph:  CompressedPak pak cache file E:/Github/ProjectYJ/ProjectYJ/DerivedDataCache/Compressed.ddp not found, will not use a pak cache.
[2023.02.05-15.21.12:627][  0]LogDerivedDataCache: Unable to find inner node CompressedPak for hierarchical cache Hierarchy.
[2023.02.05-15.21.12:642][  0]LogDerivedDataCache: Display: Pak cache opened for reading ../../../Engine/DerivedDataCache/Compressed.ddp.
[2023.02.05-15.21.12:642][  0]LogDerivedDataCache: FDerivedDataBackendGraph:  EnterprisePak pak cache file ../../../Enterprise/DerivedDataCache/Compressed.ddp not found, will not use a pak cache.
[2023.02.05-15.21.12:642][  0]LogDerivedDataCache: Unable to find inner node EnterprisePak for hierarchical cache Hierarchy.
[2023.02.05-15.21.12:654][  0]LogDerivedDataCache: Speed tests for C:/Users/YJ/AppData/Local/UnrealEngine/Common/DerivedDataCache took 0.01 seconds
[2023.02.05-15.21.12:654][  0]LogDerivedDataCache: Display: Performance to C:/Users/YJ/AppData/Local/UnrealEngine/Common/DerivedDataCache: Latency=0.05ms. RandomReadSpeed=577.02MBs, RandomWriteSpeed=100.52MBs. Assigned SpeedClass 'Local'
[2023.02.05-15.21.12:656][  0]LogDerivedDataCache: Using Local data cache path C:/Users/YJ/AppData/Local/UnrealEngine/Common/DerivedDataCache: Writable
[2023.02.05-15.21.12:656][  0]LogDerivedDataCache: Shared data cache path not found in *engine.ini, will not use an Shared cache.
[2023.02.05-15.21.12:656][  0]LogDerivedDataCache: Unable to find inner node Shared for hierarchical cache Hierarchy.
[2023.02.05-15.21.12:698][  0]LogSlate: Using FreeType 2.10.0
[2023.02.05-15.21.12:699][  0]LogSlate: SlateFontServices - WITH_FREETYPE: 1, WITH_HARFBUZZ: 1
[2023.02.05-15.21.12:728][  0]LogAssetRegistry: FAssetRegistry took 0.0047 seconds to start up
[2023.02.05-15.21.12:936][  0]LogInit: Selected Device Profile: [Windows]
[2023.02.05-15.21.12:936][  0]LogInit: Active device profile: [00000290F32AEF00][00000290EED0E900 49] Windows
[2023.02.05-15.21.12:936][  0]LogInit: Profiles: [00000290F32AEF00][00000290EED0E900 49] Windows, [00000290F3249400][00000290EED12A80 49] WindowsNoEditor, [00000290F32AD300][00000290EED16C00 49] WindowsServer, [00000290F324AD00][00000290F3534D80 49] WindowsClient, [00000290F32AEC00][00000290EE7B0F00 49] IOS, [00000290F3249800][00000290EEC89080 49] iPadAir, [00000290F32AD700][00000290EECA3200 49] iPadAir2, [00000290F316BE00][00000290EECAB4C0 49] IPadPro, [00000290F316BF00][00000290EECA7500 49] iPadAir3, [00000290F32AE800][00000290EE70D680 49] iPadAir4, [00000290F3169700][00000290EECCF800 49] iPadMini2, [00000290F32AD900][00000290EECD3980 49] iPadMini3, [00000290F316A700][00000290EECD7B00 49] iPadMini4, [00000290F32AF000][00000290EECDA100 49] iPadMini5, [00000290F31BB700][00000290EFC6C3C0 49] iPhone6, [00000290F31BB800][00000290EFC68400 49] iPodTouch6, [00000290F3168500][00000290EFC70640 49] iPhone7, [00000290F3168400][00000290EECFE680 49] iPodTouch7, [00000290F31B9600][00000290EFC747C0 49] iPhone5S, [00000290F316A600][00000290EFC78900 49] iPhone6Plus, [00000290F31BA800][00000290F22E0A80 49] iPhone6S, [00000290F3169B00][00000290F22E4C00 49] iPhone6SPlus, [00000290F31B9400][00000290F22E8D80 49] iPhone7Plus, [00000290F3169600][00000290F22ECF00 49] iPhoneSE, [00000290F31B8900][00000290F22F1080 49] iPhone8, [00000290F316A300][00000290F22F5200 49] iPhone8Plus, [00000290F31B9A00][00000290F22F9380 49] iPhoneX, [00000290F3168100][00000290F236D500 49] iPhoneXS, [00000290F31BA400][00000290F2371680 49] iPhoneXSMax, [00000290F316AB00][00000290F2381800 49] iPhoneXR, [00000290F31B9F00][00000290F2385980 49] iPhone11, [00000290F316AC00][00000290F2389B00 49] iPhone11Pro, [00000290F31BA100][00000290F238C100 49] iPhone11ProMax, [00000290F3169400][00000290F2390280 49] iPhoneSE2, [00000290F31B8D00][00000290F2394400 49] iPhone12Mini, [00000290F316B200][00000290F2398580 49] iPhone12, [00000290F31B8700][00000290F239C700 49] iPhone12Pro, [00000290F3169300][00000290F22DC840 49] iPhone12ProMax, [00000290F31B8100][00000290EECAE980 49] iPadPro105, [00000290F316AE00][00000290EECB2AC0 49] iPadPro129, [00000290F31B9000][00000290EECBAC40 49] iPadPro97, [00000290F3168D00][00000290EECC8DC0 49] iPadPro2_129, [00000290F31BB100][00000290EE6F8F40 49] iPad5, [00000290F3168C00][00000290EE6FD0C0 49] iPad6, [00000290F31B8B00][00000290EE709240 49] iPad7, [00000290F316A100][00000290E59F93C0 49] iPad8, [00000290F31BBA00][00000290E59FD540 49] iPadPro11, [00000290F3168800][00000290E5A016C0 49] iPadPro2_11, [00000290F31B9D00][00000290F353D840 49] iPadPro3_129, [00000290F316AA00][00000290E5A059C0 49] iPadPro4_129, [00000290F31B8E00][00000290F37A3B40 49] AppleTV, [00000290F316A500][00000290F37A6140 49] AppleTV4K, [00000290F31BA300][00000290F37AA2C0 49] TVOS, [00000290F3168900][00000290E5A08440 49] Mac, [00000290F31BAD00][00000290F379E5C0 49] MacClient, [00000290F316AD00][00000290EFC7C740 49] MacNoEditor, [00000290F324A800][00000290E5A0C8C0 49] MacServer, [00000290F2490100][00000290EECB6A00 49] Linux, [00000290F3248900][00000290E5A18B40 49] LinuxAArch64, [00000290F2491A00][00000290EFC30C80 49] LinuxNoEditor, [00000290F3249600][00000290EFC34DC0 49] LinuxAArch64NoEditor, [00000290F2490B00][00000290EFC3CF40 49] LinuxClient, [00000290F3248300][00000290EFC410C0 49] LinuxAArch64Client, [00000290F2491700][00000290EFC45240 49] LinuxServer, [00000290F324B500][00000290F35393C0 49] LinuxAArch64Server, [00000290F2490E00][00000290EFC49540 49] Android, [00000290F324A100][00000290EFC4D6C0 49] Android_Low, [00000290F2491500][00000290EFC51840 49] Android_Mid, [00000290F3248800][00000290EFC559C0 49] Android_High, [00000290F2491200][00000290EFC59B40 49] Android_Default, [00000290F324A000][00000290EFC5C140 49] Android_Adreno4xx, [00000290F2490D00][00000290EFC602C0 49] Android_Adreno5xx_Low, [00000290F324A500][00000290EFC64440 49] Android_Adreno5xx, [00000290F2490300][00000290EE7B45C0 49] Android_Adreno6xx, [00000290F324B800][00000290EE7B8740 49] Android_Adreno6xx_Vulkan, [00000290F2490400][00000290EE7BC8C0 49] Android_Mali_T6xx, [00000290F324B100][00000290EE7C0A40 49] Android_Mali_T7xx, [00000290F2491600][00000290EFC38B80 49] Android_Mali_T8xx, [00000290F324AB00][00000290EE7C4CC0 49] Android_Mali_G71, [00000290F2491000][00000290EE7C8E00 49] Android_Mali_G72, [00000290F316B600][00000290EE7CCF40 49] Android_Mali_G72_Vulkan, [00000290F31BB900][00000290EE7D50C0 49] Android_Mali_G76, [00000290F3169800][00000290EE7D9240 49] Android_Mali_G76_Vulkan, [00000290F31B9C00][00000290F22773C0 49] Android_Mali_G77, [00000290F3169900][00000290F227B540 49] Android_Mali_G77_Vulkan, [00000290F31BAF00][00000290F227F6C0 49] Android_Mali_G78, [00000290F3168200][00000290F2283840 49] Android_Mali_G78_Vulkan, [00000290F31BA500][00000290F22879C0 49] Android_Mali_G710, [00000290F316B700][00000290F228BB40 49] Android_Mali_G710_Vulkan, [00000290F31B8F00][00000290F228E140 49] Android_Vulkan_SM5, [00000290F316B300][00000290F22922C0 49] Android_PowerVR_G6xxx, [00000290F31B8400][00000290F2296440 49] Android_PowerVR_GT7xxx, [00000290F316BA00][00000290F229A5C0 49] Android_PowerVR_GE8xxx, [00000290F31B8600][00000290F229E740 49] Android_PowerVR_GM9xxx, [00000290F316BC00][00000290F22A28C0 49] Android_PowerVR_GM9xxx_Vulkan, [00000290F31B9500][00000290F22A6A40 49] Android_TegraK1, [00000290F316AF00][00000290F22AABC0 49] Android_Unknown_Vulkan, [00000290F31B9B00][00000290F22AED40 49] Lumin, [00000290F316B900][00000290EE7D0E80 49] Lumin_Desktop, [00000290F31BB300][00000290F22B2FC0 49] HoloLens, 
[2023.02.05-15.21.13:095][  0]LogMeshReduction: Using QuadricMeshReduction for automatic static mesh reduction
[2023.02.05-15.21.13:095][  0]LogMeshReduction: Using SimplygonMeshReduction for automatic skeletal mesh reduction
[2023.02.05-15.21.13:095][  0]LogMeshReduction: Using ProxyLODMeshReduction for automatic mesh merging
[2023.02.05-15.21.13:095][  0]LogMeshReduction: No distributed automatic mesh merging module available
[2023.02.05-15.21.13:095][  0]LogMeshMerging: No distributed automatic mesh merging module available
[2023.02.05-15.21.13:115][  0]LogNetVersion: ProjectYJ 1.0.0, NetCL: 17155196, EngineNetVer: 17, GameNetVer: 0 (Checksum: 2773946957)
[2023.02.05-15.21.13:479][  0]LogTexture: Default maximum texture size for cubemaps generated from long-lat sources has been changed from 512 to unlimited. In order to preserve old behaiour for '/Engine/MapTemplates/Sky/DaylightAmbientCubemap.DaylightAmbientCubemap', its maximum texture size has been explicitly set to 512.
[2023.02.05-15.21.13:530][  0]LogHMD: PokeAHoleMaterial loaded successfully
[2023.02.05-15.21.13:535][  0]LogUObjectArray: 17178 objects as part of root set at end of initial load.
[2023.02.05-15.21.13:535][  0]LogUObjectAllocator: 4302048 out of 0 bytes used by permanent object pool.
[2023.02.05-15.21.13:536][  0]LogUObjectArray: CloseDisregardForGC: 0/0 objects in disregard for GC pool
[2023.02.05-15.21.13:839][  0]LogNiagaraDebuggerClient: Niagara Debugger Client Initialized | Session: 80A081AE44C83699AE7DFE91A74849BE | Instance: 9F5F213640E57C827E26308440943554 (DESKTOP-YJ-4872).
[2023.02.05-15.21.14:012][  0]LogPython: Using Python 3.7.7
[2023.02.05-15.21.14:495][  0]LogUdpMessaging: Initializing bridge on interface 0.0.0.0:0 to multicast group 230.0.0.1:6666.
[2023.02.05-15.21.14:509][  0]LogTcpMessaging: Initializing TcpMessaging bridge
[2023.02.05-15.21.15:126][  0]SourceControl: Source control is disabled
[2023.02.05-15.21.15:126][  0]SourceControl: Source control is disabled
[2023.02.05-15.21.15:133][  0]SourceControl: Source control is disabled
[2023.02.05-15.21.15:140][  0]SourceControl: Source control is disabled
[2023.02.05-15.21.15:172][  0]LogUProjectInfo: Found projects:
[2023.02.05-15.21.15:197][  0]SourceControl: Source control is disabled
[2023.02.05-15.21.15:491][  0]LogOpenImageDenoise: OIDN starting up
[2023.02.05-15.21.15:555][  0]LogAndroidPermission: UAndroidPermissionCallbackProxy::GetInstance
[2023.02.05-15.21.15:598][  0]LogAudioCaptureCore: Display: No Audio Capture implementations found. Audio input will be silent.
[2023.02.05-15.21.15:598][  0]LogAudioCaptureCore: Display: No Audio Capture implementations found. Audio input will be silent.
[2023.02.05-15.21.15:852][  0]LogOcInput: OculusInput pre-init called
[2023.02.05-15.21.16:057][  0]LogCollectionManager: Loaded 0 collections in 0.000696 seconds
[2023.02.05-15.21.16:142][  0]LogFileCache: Scanning file cache for directory 'E:/Github/ProjectYJ/ProjectYJ/Saved/Collections/' took 0.00s
[2023.02.05-15.21.16:142][  0]LogFileCache: Scanning file cache for directory 'E:/Github/ProjectYJ/ProjectYJ/Content/Developers/YJ/Collections/' took 0.00s
[2023.02.05-15.21.16:142][  0]LogFileCache: Scanning file cache for directory 'E:/Github/ProjectYJ/ProjectYJ/Content/Collections/' took 0.00s
[2023.02.05-15.21.16:142][  0]LogEngine: Initializing Engine...
[2023.02.05-15.21.16:146][  0]LogHMD: Failed to enumerate extensions. Please check that you have a valid OpenXR runtime installed.
[2023.02.05-15.21.16:147][  0]LogHMD: Failed to initialize OpenVR with code 110
[2023.02.05-15.21.16:147][  0]LogMagicLeap: Warning: VR disabled because ZI is not enabled.  To enable, in the editor, Edit -> Project Settings -> Plugins -> Magic Leap Plugin -> Enable Zero Iteration
[2023.02.05-15.21.16:148][  0]LogStats: UGameplayTagsManager::InitializeManager -  0.000 s
[2023.02.05-15.21.16:251][  0]LogUObjectGlobals: Warning: Failed to find object 'Class /Script/ProjectYJ.CustomGameViewportClient'
[2023.02.05-15.21.16:252][  0]LogEngine: Error: Failed to load '/Script/ProjectYJ.CustomGameViewportClient', falling back to 'GameViewportClient'
[2023.02.05-15.21.16:267][  0]LogInit: Initializing FReadOnlyCVARCache
[2023.02.05-15.21.16:278][  0]LogAIModule: Creating AISystem for world Untitled
[2023.02.05-15.21.16:279][  0]LogAudio: Display: Initializing Audio Device Manager...
[2023.02.05-15.21.16:286][  0]LogAudio: Display: Loading Default Audio Settings Objects...
[2023.02.05-15.21.16:287][  0]LogAudio: Display: No default SoundConcurrencyObject specified (or failed to load).
[2023.02.05-15.21.16:287][  0]LogAudio: Display: Audio Device Manager Initialized
[2023.02.05-15.21.16:287][  0]LogAudio: Display: Creating Audio Device:                 Id: 1, Scope: Shared, Realtime: True
[2023.02.05-15.21.16:287][  0]LogAudioMixer: Display: Audio Mixer Platform Settings:
[2023.02.05-15.21.16:288][  0]LogAudioMixer: Display: 	Sample Rate:						  48000
[2023.02.05-15.21.16:288][  0]LogAudioMixer: Display: 	Callback Buffer Frame Size Requested: 1024
[2023.02.05-15.21.16:288][  0]LogAudioMixer: Display: 	Callback Buffer Frame Size To Use:	  1024
[2023.02.05-15.21.16:288][  0]LogAudioMixer: Display: 	Number of buffers to queue:			  2
[2023.02.05-15.21.16:288][  0]LogAudioMixer: Display: 	Max Channels (voices):				  32
[2023.02.05-15.21.16:288][  0]LogAudioMixer: Display: 	Number of Async Source Workers:		  0
[2023.02.05-15.21.16:288][  0]LogAudio: Display: AudioDevice MaxSources: 32
[2023.02.05-15.21.16:288][  0]LogAudio: Display: Audio Spatialization Plugin: None (built-in).
[2023.02.05-15.21.16:288][  0]LogAudio: Display: Audio Reverb Plugin: None (built-in).
[2023.02.05-15.21.16:288][  0]LogAudio: Display: Audio Occlusion Plugin: None (built-in).
[2023.02.05-15.21.16:288][  0]LogAudioMixer: Display: Initializing audio mixer.
[2023.02.05-15.21.16:319][  0]LogAudioMixer: Display: 0: FrontLeft
[2023.02.05-15.21.16:319][  0]LogAudioMixer: Display: 1: FrontRight
[2023.02.05-15.21.16:423][  0]LogAudioMixer: Display: Using Audio Device 스피커(Realtek High Definition Audio)
[2023.02.05-15.21.16:427][  0]LogAudioMixer: Display: Initializing Sound Submixes...
[2023.02.05-15.21.16:430][  0]LogAudioMixer: Display: Creating Master Submix 'MasterSubmixDefault'
[2023.02.05-15.21.16:431][  0]LogAudioMixer: Display: Creating Master Submix 'MasterReverbSubmixDefault'
[2023.02.05-15.21.16:431][  0]LogAudioMixer: Display: Creating Master Submix 'MasterEQSubmixDefault'
[2023.02.05-15.21.16:432][  0]LogAudioMixer: FMixerPlatformXAudio2::StartAudioStream() called
[2023.02.05-15.21.16:432][  0]LogAudioMixer: Display: Output buffers initialized: Frames=1024, Channels=2, Samples=2048
[2023.02.05-15.21.16:434][  0]LogAudioMixer: Display: Starting AudioMixerPlatformInterface::RunInternal()
[2023.02.05-15.21.16:434][  0]LogAudioMixer: Display: FMixerPlatformXAudio2::SubmitBuffer() called for the first time
[2023.02.05-15.21.16:434][  0]LogInit: FAudioDevice initialized.
[2023.02.05-15.21.16:434][  0]LogAudio: Display: Audio Device (ID: 1) registered with world 'Untitled'.
[2023.02.05-15.21.16:434][  0]LogNetVersion: Set ProjectVersion to 1.0.0.0. Version Checksum will be recalculated on next use.
[2023.02.05-15.21.16:528][  0]LogDerivedDataCache: Saved boot cache 0.09s 96MB C:/Users/YJ/AppData/Local/UnrealEngine/4.27/DerivedDataCache/Boot.ddc.
[2023.02.05-15.21.16:531][  0]LogInit: Texture streaming: Enabled
[2023.02.05-15.21.16:553][  0]LogAnalytics: Display: [UEEditor.Rocket.Release] APIServer = https://datarouter.ol.epicgames.com/. AppVersion = 4.27.2-18319896+++UE4+Release-4.27
[2023.02.05-15.21.16:564][  0]LogEngineSessionManager: EngineSessionManager initialized
[2023.02.05-15.21.16:564][  0]LogEngineSessionManager: EngineSessionManager sent abnormal shutdown report. Type=Crashed, SessionId={E137C930-41A7-4C21-E388-F4B807BC34FE}
[2023.02.05-15.21.16:564][  0]LogEditorSessionSummary: Verbose: Initializing EditorSessionSummaryWriter for editor session tracking
[2023.02.05-15.21.16:571][  0]LogEditorSessionSummary: EditorSessionSummaryWriter initialized
[2023.02.05-15.21.16:602][  0]LogInit: Transaction tracking system initialized
[2023.02.05-15.21.16:645][  0]BlueprintLog: New page: Editor Load
[2023.02.05-15.21.16:768][  0]LocalizationService: Localization service is disabled
[2023.02.05-15.21.16:816][  0]TimingProfiler: Initialize
[2023.02.05-15.21.16:816][  0]TimingProfiler: OnSessionChanged
[2023.02.05-15.21.16:816][  0]LoadingProfiler: Initialize
[2023.02.05-15.21.16:816][  0]LoadingProfiler: OnSessionChanged
[2023.02.05-15.21.16:816][  0]NetworkingProfiler: Initialize
[2023.02.05-15.21.16:816][  0]NetworkingProfiler: OnSessionChanged
[2023.02.05-15.21.16:817][  0]MemoryProfiler: Initialize
[2023.02.05-15.21.16:817][  0]MemoryProfiler: OnSessionChanged
[2023.02.05-15.21.17:006][  0]LogCook: Display: CookSettings for Memory: MemoryMaxUsedVirtual 0MiB, MemoryMaxUsedPhysical 16384MiB, MemoryMinFreeVirtual 0MiB, MemoryMinFreePhysical 1024MiB
[2023.02.05-15.21.17:006][  0]LogCook: Display: Mobile HDR setting 1
[2023.02.05-15.21.17:083][  0]LogFileCache: Scanning file cache for directory 'E:/Github/ProjectYJ/ProjectYJ/Content/' took 0.01s
[2023.02.05-15.21.17:512][  0]LogInit: Display: Engine is initialized. Leaving FEngineLoop::Init()
[2023.02.05-15.21.17:518][  0]SourceControl: Source control is disabled
[2023.02.05-15.21.17:518][  0]LogUnrealEdMisc: Loading editor; pre map load, took 9.341
[2023.02.05-15.21.17:518][  0]Cmd: MAP LOAD FILE="E:/Github/ProjectYJ/ProjectYJ/Content/Levels/TestMap.umap" TEMPLATE=0 SHOWPROGRESS=1 FEATURELEVEL=3
[2023.02.05-15.21.17:519][  0]LightingResults: New page: Lighting Build
[2023.02.05-15.21.17:520][  0]LogWorld: UWorld::CleanupWorld for Untitled, bSessionEnded=true, bCleanupResources=true
[2023.02.05-15.21.17:520][  0]LogSlate: InvalidateAllWidgets triggered.  All widgets were invalidated
[2023.02.05-15.21.17:520][  0]MapCheck: New page: Map Check
[2023.02.05-15.21.17:520][  0]LightingResults: New page: Lighting Build
[2023.02.05-15.21.17:525][  0]LogAudio: Display: Audio Device unregistered from world 'None'.
[2023.02.05-15.21.17:528][  0]LogUObjectHash: Compacting FUObjectHashTables data took   0.77ms
[2023.02.05-15.21.17:568][  0]LogAudio: Display: Audio Device (ID: 1) registered with world 'TestMap'.
[2023.02.05-15.21.17:569][  0]LogAIModule: Creating AISystem for world TestMap
[2023.02.05-15.21.17:575][  0]LogEditorServer: Finished looking for orphan Actors (0.000 secs)
[2023.02.05-15.21.17:581][  0]LogUObjectHash: Compacting FUObjectHashTables data took   0.77ms
[2023.02.05-15.21.17:581][  0]Cmd: MAP CHECKDEP NOCLEARLOG
[2023.02.05-15.21.17:582][  0]MapCheck: Map check complete: 0 Error(s), 0 Warning(s), took 0.142ms to complete.
[2023.02.05-15.21.17:582][  0]LogFileHelpers: Loading map 'TestMap' took 0.064
[2023.02.05-15.21.17:584][  0]LogUnrealEdMisc: Total Editor Startup Time, took 9.407
[2023.02.05-15.21.17:723][  0]LogSlate: Updating window title bar state: overlay mode, drag disabled, window buttons hidden, title bar hidden
[2023.02.05-15.21.17:729][  0]LogSlate: Updating window title bar state: overlay mode, drag disabled, window buttons hidden, title bar hidden
[2023.02.05-15.21.17:734][  0]LogSlate: Updating window title bar state: overlay mode, drag disabled, window buttons hidden, title bar hidden
[2023.02.05-15.21.17:740][  0]LogSlate: Updating window title bar state: overlay mode, drag disabled, window buttons hidden, title bar hidden
[2023.02.05-15.21.17:754][  0]LogNativeClassHierarchy: Verbose: Native class hierarchy populated in 0.0082 seconds. Added 3831 classes and 941 folders.
[2023.02.05-15.21.17:757][  0]LogNativeClassHierarchy: Verbose: Native class hierarchy updated for 'WidgetCarousel' in 0.0002 seconds. Added 0 classes and 0 folders.
[2023.02.05-15.21.17:758][  0]LogPakFile: PakFile PrimaryIndexSize=187
[2023.02.05-15.21.17:758][  0]LogPakFile: PakFile PathHashIndexSize=101
[2023.02.05-15.21.17:758][  0]LogPakFile: PakFile FullDirectoryIndexSize=148
[2023.02.05-15.21.17:759][  0]LogShaderLibrary: Display: ShaderCodeLibraryPakFileMountedCallback: PakFile 'D:/Epic Games/UE_4.27/FeaturePacks/FP_FirstPerson.upack' (chunk index -1, root 'root:/') mounted
[2023.02.05-15.21.17:759][  0]LogShaderLibrary: Display: ShaderCodeLibraryPakFileMountedCallback: pending pak file info (ChunkID:-1 Root:root:/ File:D:/Epic Games/UE_4.27/FeaturePacks/FP_FirstPerson.upack)
[2023.02.05-15.21.17:759][  0]LogPakFile: OnPakFileMounted2Time == 0.000192
[2023.02.05-15.21.17:760][  0]LogPakFile: PakFile PrimaryIndexSize=189
[2023.02.05-15.21.17:760][  0]LogPakFile: PakFile PathHashIndexSize=101
[2023.02.05-15.21.17:760][  0]LogPakFile: PakFile FullDirectoryIndexSize=152
[2023.02.05-15.21.17:760][  0]LogShaderLibrary: Display: ShaderCodeLibraryPakFileMountedCallback: PakFile 'D:/Epic Games/UE_4.27/FeaturePacks/FP_FirstPersonBP.upack' (chunk index -1, root 'root:/') mounted
[2023.02.05-15.21.17:760][  0]LogShaderLibrary: Display: ShaderCodeLibraryPakFileMountedCallback: pending pak file info (ChunkID:-1 Root:root:/ File:D:/Epic Games/UE_4.27/FeaturePacks/FP_FirstPersonBP.upack)
[2023.02.05-15.21.17:760][  0]LogPakFile: OnPakFileMounted2Time == 0.000143
[2023.02.05-15.21.17:761][  0]LogPakFile: PakFile PrimaryIndexSize=191
[2023.02.05-15.21.17:761][  0]LogPakFile: PakFile PathHashIndexSize=101
[2023.02.05-15.21.17:761][  0]LogPakFile: PakFile FullDirectoryIndexSize=160
[2023.02.05-15.21.17:761][  0]LogShaderLibrary: Display: ShaderCodeLibraryPakFileMountedCallback: PakFile 'D:/Epic Games/UE_4.27/FeaturePacks/MobileStarterContent.upack' (chunk index -1, root 'root:/') mounted
[2023.02.05-15.21.17:761][  0]LogShaderLibrary: Display: ShaderCodeLibraryPakFileMountedCallback: pending pak file info (ChunkID:-1 Root:root:/ File:D:/Epic Games/UE_4.27/FeaturePacks/MobileStarterContent.upack)
[2023.02.05-15.21.17:761][  0]LogPakFile: OnPakFileMounted2Time == 0.000152
[2023.02.05-15.21.17:762][  0]LogPakFile: PakFile PrimaryIndexSize=185
[2023.02.05-15.21.17:762][  0]LogPakFile: PakFile PathHashIndexSize=101
[2023.02.05-15.21.17:762][  0]LogPakFile: PakFile FullDirectoryIndexSize=148
[2023.02.05-15.21.17:762][  0]LogShaderLibrary: Display: ShaderCodeLibraryPakFileMountedCallback: PakFile 'D:/Epic Games/UE_4.27/FeaturePacks/StarterContent.upack' (chunk index -1, root 'root:/') mounted
[2023.02.05-15.21.17:762][  0]LogShaderLibrary: Display: ShaderCodeLibraryPakFileMountedCallback: pending pak file info (ChunkID:-1 Root:root:/ File:D:/Epic Games/UE_4.27/FeaturePacks/StarterContent.upack)
[2023.02.05-15.21.17:762][  0]LogPakFile: OnPakFileMounted2Time == 0.000147
[2023.02.05-15.21.17:763][  0]LogPakFile: PakFile PrimaryIndexSize=190
[2023.02.05-15.21.17:763][  0]LogPakFile: PakFile PathHashIndexSize=101
[2023.02.05-15.21.17:763][  0]LogPakFile: PakFile FullDirectoryIndexSize=154
[2023.02.05-15.21.17:763][  0]LogShaderLibrary: Display: ShaderCodeLibraryPakFileMountedCallback: PakFile 'D:/Epic Games/UE_4.27/FeaturePacks/TP_2DSideScroller.upack' (chunk index -1, root 'root:/') mounted
[2023.02.05-15.21.17:763][  0]LogShaderLibrary: Display: ShaderCodeLibraryPakFileMountedCallback: pending pak file info (ChunkID:-1 Root:root:/ File:D:/Epic Games/UE_4.27/FeaturePacks/TP_2DSideScroller.upack)
[2023.02.05-15.21.17:763][  0]LogPakFile: OnPakFileMounted2Time == 0.000150
[2023.02.05-15.21.17:764][  0]LogPakFile: PakFile PrimaryIndexSize=192
[2023.02.05-15.21.17:764][  0]LogPakFile: PakFile PathHashIndexSize=101
[2023.02.05-15.21.17:764][  0]LogPakFile: PakFile FullDirectoryIndexSize=158
[2023.02.05-15.21.17:764][  0]LogShaderLibrary: Display: ShaderCodeLibraryPakFileMountedCallback: PakFile 'D:/Epic Games/UE_4.27/FeaturePacks/TP_2DSideScrollerBP.upack' (chunk index -1, root 'root:/') mounted
[2023.02.05-15.21.17:764][  0]LogShaderLibrary: Display: ShaderCodeLibraryPakFileMountedCallback: pending pak file info (ChunkID:-1 Root:root:/ File:D:/Epic Games/UE_4.27/FeaturePacks/TP_2DSideScrollerBP.upack)
[2023.02.05-15.21.17:764][  0]LogPakFile: OnPakFileMounted2Time == 0.000128
[2023.02.05-15.21.17:765][  0]LogPakFile: PakFile PrimaryIndexSize=182
[2023.02.05-15.21.17:765][  0]LogPakFile: PakFile PathHashIndexSize=101
[2023.02.05-15.21.17:765][  0]LogPakFile: PakFile FullDirectoryIndexSize=138
[2023.02.05-15.21.17:765][  0]LogShaderLibrary: Display: ShaderCodeLibraryPakFileMountedCallback: PakFile 'D:/Epic Games/UE_4.27/FeaturePacks/TP_Flying.upack' (chunk index -1, root 'root:/') mounted
[2023.02.05-15.21.17:765][  0]LogShaderLibrary: Display: ShaderCodeLibraryPakFileMountedCallback: pending pak file info (ChunkID:-1 Root:root:/ File:D:/Epic Games/UE_4.27/FeaturePacks/TP_Flying.upack)
[2023.02.05-15.21.17:765][  0]LogPakFile: OnPakFileMounted2Time == 0.000128
[2023.02.05-15.21.17:766][  0]LogPakFile: PakFile PrimaryIndexSize=184
[2023.02.05-15.21.17:766][  0]LogPakFile: PakFile PathHashIndexSize=101
[2023.02.05-15.21.17:766][  0]LogPakFile: PakFile FullDirectoryIndexSize=142
[2023.02.05-15.21.17:766][  0]LogShaderLibrary: Display: ShaderCodeLibraryPakFileMountedCallback: PakFile 'D:/Epic Games/UE_4.27/FeaturePacks/TP_FlyingBP.upack' (chunk index -1, root 'root:/') mounted
[2023.02.05-15.21.17:766][  0]LogShaderLibrary: Display: ShaderCodeLibraryPakFileMountedCallback: pending pak file info (ChunkID:-1 Root:root:/ File:D:/Epic Games/UE_4.27/FeaturePacks/TP_FlyingBP.upack)
[2023.02.05-15.21.17:766][  0]LogPakFile: OnPakFileMounted2Time == 0.000121
[2023.02.05-15.21.17:767][  0]LogPakFile: PakFile PrimaryIndexSize=188
[2023.02.05-15.21.17:767][  0]LogPakFile: PakFile PathHashIndexSize=101
[2023.02.05-15.21.17:767][  0]LogPakFile: PakFile FullDirectoryIndexSize=150
[2023.02.05-15.21.17:767][  0]LogShaderLibrary: Display: ShaderCodeLibraryPakFileMountedCallback: PakFile 'D:/Epic Games/UE_4.27/FeaturePacks/TP_HandheldARBP.upack' (chunk index -1, root 'root:/') mounted
[2023.02.05-15.21.17:767][  0]LogShaderLibrary: Display: ShaderCodeLibraryPakFileMountedCallback: pending pak file info (ChunkID:-1 Root:root:/ File:D:/Epic Games/UE_4.27/FeaturePacks/TP_HandheldARBP.upack)
[2023.02.05-15.21.17:767][  0]LogPakFile: OnPakFileMounted2Time == 0.000130
[2023.02.05-15.21.17:768][  0]LogPakFile: PakFile PrimaryIndexSize=182
[2023.02.05-15.21.17:768][  0]LogPakFile: PakFile PathHashIndexSize=101
[2023.02.05-15.21.17:768][  0]LogPakFile: PakFile FullDirectoryIndexSize=138
[2023.02.05-15.21.17:768][  0]LogShaderLibrary: Display: ShaderCodeLibraryPakFileMountedCallback: PakFile 'D:/Epic Games/UE_4.27/FeaturePacks/TP_Puzzle.upack' (chunk index -1, root 'root:/') mounted
[2023.02.05-15.21.17:769][  0]LogShaderLibrary: Display: ShaderCodeLibraryPakFileMountedCallback: pending pak file info (ChunkID:-1 Root:root:/ File:D:/Epic Games/UE_4.27/FeaturePacks/TP_Puzzle.upack)
[2023.02.05-15.21.17:769][  0]LogPakFile: OnPakFileMounted2Time == 0.000138
[2023.02.05-15.21.17:769][  0]LogPakFile: PakFile PrimaryIndexSize=184
[2023.02.05-15.21.17:769][  0]LogPakFile: PakFile PathHashIndexSize=101
[2023.02.05-15.21.17:769][  0]LogPakFile: PakFile FullDirectoryIndexSize=142
[2023.02.05-15.21.17:770][  0]LogShaderLibrary: Display: ShaderCodeLibraryPakFileMountedCallback: PakFile 'D:/Epic Games/UE_4.27/FeaturePacks/TP_PuzzleBP.upack' (chunk index -1, root 'root:/') mounted
[2023.02.05-15.21.17:770][  0]LogShaderLibrary: Display: ShaderCodeLibraryPakFileMountedCallback: pending pak file info (ChunkID:-1 Root:root:/ File:D:/Epic Games/UE_4.27/FeaturePacks/TP_PuzzleBP.upack)
[2023.02.05-15.21.17:770][  0]LogPakFile: OnPakFileMounted2Time == 0.000138
[2023.02.05-15.21.17:770][  0]LogPakFile: PakFile PrimaryIndexSize=183
[2023.02.05-15.21.17:770][  0]LogPakFile: PakFile PathHashIndexSize=101
[2023.02.05-15.21.17:770][  0]LogPakFile: PakFile FullDirectoryIndexSize=140
[2023.02.05-15.21.17:771][  0]LogShaderLibrary: Display: ShaderCodeLibraryPakFileMountedCallback: PakFile 'D:/Epic Games/UE_4.27/FeaturePacks/TP_Rolling.upack' (chunk index -1, root 'root:/') mounted
[2023.02.05-15.21.17:771][  0]LogShaderLibrary: Display: ShaderCodeLibraryPakFileMountedCallback: pending pak file info (ChunkID:-1 Root:root:/ File:D:/Epic Games/UE_4.27/FeaturePacks/TP_Rolling.upack)
[2023.02.05-15.21.17:771][  0]LogPakFile: OnPakFileMounted2Time == 0.000135
[2023.02.05-15.21.17:771][  0]LogPakFile: PakFile PrimaryIndexSize=185
[2023.02.05-15.21.17:771][  0]LogPakFile: PakFile PathHashIndexSize=101
[2023.02.05-15.21.17:772][  0]LogPakFile: PakFile FullDirectoryIndexSize=144
[2023.02.05-15.21.17:772][  0]LogShaderLibrary: Display: ShaderCodeLibraryPakFileMountedCallback: PakFile 'D:/Epic Games/UE_4.27/FeaturePacks/TP_RollingBP.upack' (chunk index -1, root 'root:/') mounted
[2023.02.05-15.21.17:772][  0]LogShaderLibrary: Display: ShaderCodeLibraryPakFileMountedCallback: pending pak file info (ChunkID:-1 Root:root:/ File:D:/Epic Games/UE_4.27/FeaturePacks/TP_RollingBP.upack)
[2023.02.05-15.21.17:772][  0]LogPakFile: OnPakFileMounted2Time == 0.000135
[2023.02.05-15.21.17:772][  0]LogPakFile: PakFile PrimaryIndexSize=188
[2023.02.05-15.21.17:772][  0]LogPakFile: PakFile PathHashIndexSize=101
[2023.02.05-15.21.17:773][  0]LogPakFile: PakFile FullDirectoryIndexSize=150
[2023.02.05-15.21.17:773][  0]LogShaderLibrary: Display: ShaderCodeLibraryPakFileMountedCallback: PakFile 'D:/Epic Games/UE_4.27/FeaturePacks/TP_SideScroller.upack' (chunk index -1, root 'root:/') mounted
[2023.02.05-15.21.17:773][  0]LogShaderLibrary: Display: ShaderCodeLibraryPakFileMountedCallback: pending pak file info (ChunkID:-1 Root:root:/ File:D:/Epic Games/UE_4.27/FeaturePacks/TP_SideScroller.upack)
[2023.02.05-15.21.17:773][  0]LogPakFile: OnPakFileMounted2Time == 0.000139
[2023.02.05-15.21.17:773][  0]LogPakFile: PakFile PrimaryIndexSize=190
[2023.02.05-15.21.17:774][  0]LogPakFile: PakFile PathHashIndexSize=101
[2023.02.05-15.21.17:774][  0]LogPakFile: PakFile FullDirectoryIndexSize=154
[2023.02.05-15.21.17:774][  0]LogShaderLibrary: Display: ShaderCodeLibraryPakFileMountedCallback: PakFile 'D:/Epic Games/UE_4.27/FeaturePacks/TP_SideScrollerBP.upack' (chunk index -1, root 'root:/') mounted
[2023.02.05-15.21.17:774][  0]LogShaderLibrary: Display: ShaderCodeLibraryPakFileMountedCallback: pending pak file info (ChunkID:-1 Root:root:/ File:D:/Epic Games/UE_4.27/FeaturePacks/TP_SideScrollerBP.upack)
[2023.02.05-15.21.17:774][  0]LogPakFile: OnPakFileMounted2Time == 0.000144
[2023.02.05-15.21.17:774][  0]LogPakFile: PakFile PrimaryIndexSize=187
[2023.02.05-15.21.17:775][  0]LogPakFile: PakFile PathHashIndexSize=101
[2023.02.05-15.21.17:775][  0]LogPakFile: PakFile FullDirectoryIndexSize=148
[2023.02.05-15.21.17:775][  0]LogShaderLibrary: Display: ShaderCodeLibraryPakFileMountedCallback: PakFile 'D:/Epic Games/UE_4.27/FeaturePacks/TP_ThirdPerson.upack' (chunk index -1, root 'root:/') mounted
[2023.02.05-15.21.17:775][  0]LogShaderLibrary: Display: ShaderCodeLibraryPakFileMountedCallback: pending pak file info (ChunkID:-1 Root:root:/ File:D:/Epic Games/UE_4.27/FeaturePacks/TP_ThirdPerson.upack)
[2023.02.05-15.21.17:775][  0]LogPakFile: OnPakFileMounted2Time == 0.000135
[2023.02.05-15.21.17:775][  0]LogPakFile: PakFile PrimaryIndexSize=189
[2023.02.05-15.21.17:776][  0]LogPakFile: PakFile PathHashIndexSize=101
[2023.02.05-15.21.17:776][  0]LogPakFile: PakFile FullDirectoryIndexSize=152
[2023.02.05-15.21.17:776][  0]LogShaderLibrary: Display: ShaderCodeLibraryPakFileMountedCallback: PakFile 'D:/Epic Games/UE_4.27/FeaturePacks/TP_ThirdPersonBP.upack' (chunk index -1, root 'root:/') mounted
[2023.02.05-15.21.17:776][  0]LogShaderLibrary: Display: ShaderCodeLibraryPakFileMountedCallback: pending pak file info (ChunkID:-1 Root:root:/ File:D:/Epic Games/UE_4.27/FeaturePacks/TP_ThirdPersonBP.upack)
[2023.02.05-15.21.17:776][  0]LogPakFile: OnPakFileMounted2Time == 0.000134
[2023.02.05-15.21.17:776][  0]LogPakFile: PakFile PrimaryIndexSize=183
[2023.02.05-15.21.17:777][  0]LogPakFile: PakFile PathHashIndexSize=101
[2023.02.05-15.21.17:777][  0]LogPakFile: PakFile FullDirectoryIndexSize=140
[2023.02.05-15.21.17:777][  0]LogShaderLibrary: Display: ShaderCodeLibraryPakFileMountedCallback: PakFile 'D:/Epic Games/UE_4.27/FeaturePacks/TP_TopDown.upack' (chunk index -1, root 'root:/') mounted
[2023.02.05-15.21.17:777][  0]LogShaderLibrary: Display: ShaderCodeLibraryPakFileMountedCallback: pending pak file info (ChunkID:-1 Root:root:/ File:D:/Epic Games/UE_4.27/FeaturePacks/TP_TopDown.upack)
[2023.02.05-15.21.17:777][  0]LogPakFile: OnPakFileMounted2Time == 0.000152
[2023.02.05-15.21.17:778][  0]LogPakFile: PakFile PrimaryIndexSize=185
[2023.02.05-15.21.17:778][  0]LogPakFile: PakFile PathHashIndexSize=101
[2023.02.05-15.21.17:778][  0]LogPakFile: PakFile FullDirectoryIndexSize=144
[2023.02.05-15.21.17:778][  0]LogShaderLibrary: Display: ShaderCodeLibraryPakFileMountedCallback: PakFile 'D:/Epic Games/UE_4.27/FeaturePacks/TP_TopDownBP.upack' (chunk index -1, root 'root:/') mounted
[2023.02.05-15.21.17:778][  0]LogShaderLibrary: Display: ShaderCodeLibraryPakFileMountedCallback: pending pak file info (ChunkID:-1 Root:root:/ File:D:/Epic Games/UE_4.27/FeaturePacks/TP_TopDownBP.upack)
[2023.02.05-15.21.17:778][  0]LogPakFile: OnPakFileMounted2Time == 0.000137
[2023.02.05-15.21.17:779][  0]LogPakFile: PakFile PrimaryIndexSize=185
[2023.02.05-15.21.17:779][  0]LogPakFile: PakFile PathHashIndexSize=101
[2023.02.05-15.21.17:779][  0]LogPakFile: PakFile FullDirectoryIndexSize=144
[2023.02.05-15.21.17:779][  0]LogShaderLibrary: Display: ShaderCodeLibraryPakFileMountedCallback: PakFile 'D:/Epic Games/UE_4.27/FeaturePacks/TP_TwinStick.upack' (chunk index -1, root 'root:/') mounted
[2023.02.05-15.21.17:779][  0]LogShaderLibrary: Display: ShaderCodeLibraryPakFileMountedCallback: pending pak file info (ChunkID:-1 Root:root:/ File:D:/Epic Games/UE_4.27/FeaturePacks/TP_TwinStick.upack)
[2023.02.05-15.21.17:779][  0]LogPakFile: OnPakFileMounted2Time == 0.000130
[2023.02.05-15.21.17:780][  0]LogPakFile: PakFile PrimaryIndexSize=187
[2023.02.05-15.21.17:780][  0]LogPakFile: PakFile PathHashIndexSize=101
[2023.02.05-15.21.17:780][  0]LogPakFile: PakFile FullDirectoryIndexSize=148
[2023.02.05-15.21.17:780][  0]LogShaderLibrary: Display: ShaderCodeLibraryPakFileMountedCallback: PakFile 'D:/Epic Games/UE_4.27/FeaturePacks/TP_TwinStickBP.upack' (chunk index -1, root 'root:/') mounted
[2023.02.05-15.21.17:780][  0]LogShaderLibrary: Display: ShaderCodeLibraryPakFileMountedCallback: pending pak file info (ChunkID:-1 Root:root:/ File:D:/Epic Games/UE_4.27/FeaturePacks/TP_TwinStickBP.upack)
[2023.02.05-15.21.17:780][  0]LogPakFile: OnPakFileMounted2Time == 0.000148
[2023.02.05-15.21.17:781][  0]LogPakFile: PakFile PrimaryIndexSize=183
[2023.02.05-15.21.17:781][  0]LogPakFile: PakFile PathHashIndexSize=101
[2023.02.05-15.21.17:781][  0]LogPakFile: PakFile FullDirectoryIndexSize=140
[2023.02.05-15.21.17:781][  0]LogShaderLibrary: Display: ShaderCodeLibraryPakFileMountedCallback: PakFile 'D:/Epic Games/UE_4.27/FeaturePacks/TP_Vehicle.upack' (chunk index -1, root 'root:/') mounted
[2023.02.05-15.21.17:781][  0]LogShaderLibrary: Display: ShaderCodeLibraryPakFileMountedCallback: pending pak file info (ChunkID:-1 Root:root:/ File:D:/Epic Games/UE_4.27/FeaturePacks/TP_Vehicle.upack)
[2023.02.05-15.21.17:781][  0]LogPakFile: OnPakFileMounted2Time == 0.000131
[2023.02.05-15.21.17:782][  0]LogPakFile: PakFile PrimaryIndexSize=186
[2023.02.05-15.21.17:782][  0]LogPakFile: PakFile PathHashIndexSize=101
[2023.02.05-15.21.17:782][  0]LogPakFile: PakFile FullDirectoryIndexSize=146
[2023.02.05-15.21.17:782][  0]LogShaderLibrary: Display: ShaderCodeLibraryPakFileMountedCallback: PakFile 'D:/Epic Games/UE_4.27/FeaturePacks/TP_VehicleAdv.upack' (chunk index -1, root 'root:/') mounted
[2023.02.05-15.21.17:782][  0]LogShaderLibrary: Display: ShaderCodeLibraryPakFileMountedCallback: pending pak file info (ChunkID:-1 Root:root:/ File:D:/Epic Games/UE_4.27/FeaturePacks/TP_VehicleAdv.upack)
[2023.02.05-15.21.17:782][  0]LogPakFile: OnPakFileMounted2Time == 0.000142
[2023.02.05-15.21.17:783][  0]LogPakFile: PakFile PrimaryIndexSize=188
[2023.02.05-15.21.17:783][  0]LogPakFile: PakFile PathHashIndexSize=101
[2023.02.05-15.21.17:783][  0]LogPakFile: PakFile FullDirectoryIndexSize=150
[2023.02.05-15.21.17:783][  0]LogShaderLibrary: Display: ShaderCodeLibraryPakFileMountedCallback: PakFile 'D:/Epic Games/UE_4.27/FeaturePacks/TP_VehicleAdvBP.upack' (chunk index -1, root 'root:/') mounted
[2023.02.05-15.21.17:783][  0]LogShaderLibrary: Display: ShaderCodeLibraryPakFileMountedCallback: pending pak file info (ChunkID:-1 Root:root:/ File:D:/Epic Games/UE_4.27/FeaturePacks/TP_VehicleAdvBP.upack)
[2023.02.05-15.21.17:783][  0]LogPakFile: OnPakFileMounted2Time == 0.000135
[2023.02.05-15.21.17:784][  0]LogPakFile: PakFile PrimaryIndexSize=185
[2023.02.05-15.21.17:784][  0]LogPakFile: PakFile PathHashIndexSize=101
[2023.02.05-15.21.17:784][  0]LogPakFile: PakFile FullDirectoryIndexSize=144
[2023.02.05-15.21.17:784][  0]LogShaderLibrary: Display: ShaderCodeLibraryPakFileMountedCallback: PakFile 'D:/Epic Games/UE_4.27/FeaturePacks/TP_VehicleBP.upack' (chunk index -1, root 'root:/') mounted
[2023.02.05-15.21.17:784][  0]LogShaderLibrary: Display: ShaderCodeLibraryPakFileMountedCallback: pending pak file info (ChunkID:-1 Root:root:/ File:D:/Epic Games/UE_4.27/FeaturePacks/TP_VehicleBP.upack)
[2023.02.05-15.21.17:784][  0]LogPakFile: OnPakFileMounted2Time == 0.000136
[2023.02.05-15.21.17:785][  0]LogPakFile: PakFile PrimaryIndexSize=192
[2023.02.05-15.21.17:785][  0]LogPakFile: PakFile PathHashIndexSize=101
[2023.02.05-15.21.17:785][  0]LogPakFile: PakFile FullDirectoryIndexSize=158
[2023.02.05-15.21.17:785][  0]LogShaderLibrary: Display: ShaderCodeLibraryPakFileMountedCallback: PakFile 'D:/Epic Games/UE_4.27/FeaturePacks/TP_VirtualRealityBP.upack' (chunk index -1, root 'root:/') mounted
[2023.02.05-15.21.17:785][  0]LogShaderLibrary: Display: ShaderCodeLibraryPakFileMountedCallback: pending pak file info (ChunkID:-1 Root:root:/ File:D:/Epic Games/UE_4.27/FeaturePacks/TP_VirtualRealityBP.upack)
[2023.02.05-15.21.17:785][  0]LogPakFile: OnPakFileMounted2Time == 0.000139
[2023.02.05-15.21.17:840][  0]LogNativeClassHierarchy: Verbose: Native class hierarchy updated for 'AddContentDialog' in 0.0002 seconds. Added 0 classes and 0 folders.
[2023.02.05-15.21.17:844][  0]LogNativeClassHierarchy: Verbose: Native class hierarchy updated for 'SceneOutliner' in 0.0002 seconds. Added 2 classes and 0 folders.
[2023.02.05-15.21.17:923][  0]LogSlate: Took 0.000290 seconds to synchronously load lazily loaded font '../../../Engine/Content/Slate/Fonts/Roboto-Regular.ttf' (155K)
[2023.02.05-15.21.17:924][  0]LogSlate: Took 0.000212 seconds to synchronously load lazily loaded font '../../../Engine/Content/Editor/Slate/Fonts/FontAwesome.ttf' (139K)
[2023.02.05-15.21.17:925][  0]LogSlate: Took 0.000212 seconds to synchronously load lazily loaded font '../../../Engine/Content/Slate/Fonts/Roboto-Bold.ttf' (160K)
[2023.02.05-15.21.18:005][  0]LogRenderer: Reallocating scene render targets to support 2072x792 Format 10 NumSamples 1 (Frame:1).
[2023.02.05-15.21.18:085][  0]LogNativeClassHierarchy: Verbose: Native class hierarchy updated for 'HierarchicalLODOutliner' in 0.0003 seconds. Added 0 classes and 0 folders.
[2023.02.05-15.21.18:085][  0]LogInput: Warning: Action Jump uses invalid key OculusGo_Left_Trigger_Click.
[2023.02.05-15.21.18:085][  0]LogInput: Warning: Action ResetVR uses invalid key OculusGo_Left_Trackpad_Click.
[2023.02.05-15.21.18:086][  0]LogInput: Warning: Use -RemoveInvalidKeys to remove instances of these keys from the action mapping.
[2023.02.05-15.21.18:086][  0]LogLoad: (Engine Initialization) Total time: 9.91 seconds
[2023.02.05-15.21.18:086][  0]LogLoad: (Engine Initialization) Total Blueprint compile time: 0.00 seconds
[2023.02.05-15.21.18:144][  0]LogAssetRegistry: Asset discovery search completed in 5.4188 seconds
[2023.02.05-15.21.18:150][  0]LogCollectionManager: Fixed up redirectors for 0 collections in 0.000003 seconds (updated 0 objects)
[2023.02.05-15.21.18:152][  0]LogContentStreaming: Texture pool size now 1000 MB
[2023.02.05-15.21.56:151][218]LogTemp: Repeating last play command: Selected Viewport
[2023.02.05-15.21.56:157][218]LogPlayLevel: PlayLevel: No blueprints needed recompiling
[2023.02.05-15.21.56:158][218]PIE: New page: PIE session: TestMap (2023. 2. 6. 오전 9:21:56)
[2023.02.05-15.21.56:160][218]LogOnline: OSS: Creating online subsystem instance for: NULL
[2023.02.05-15.21.56:163][218]LogOnline: OSS: TryLoadSubsystemAndSetDefault: Loaded subsystem for module [NULL]
[2023.02.05-15.21.56:163][218]LogPlayLevel: Creating play world package: /Game/Levels/UEDPIE_0_TestMap
[2023.02.05-15.21.56:166][218]LogPlayLevel: PIE: StaticDuplicateObject took: (0.002362s)
[2023.02.05-15.21.56:166][218]LogUObjectGlobals: Warning: Failed to find object 'Class /Script/ProjectYJ.CustomSignificanceManager'
[2023.02.05-15.21.56:167][218]LogAIModule: Creating AISystem for world TestMap
[2023.02.05-15.21.56:167][218]LogPlayLevel: PIE: World Init took: (0.001191s)
[2023.02.05-15.21.56:167][218]LogPlayLevel: PIE: Created PIE world by copying editor world from /Game/Levels/TestMap.TestMap to /Game/Levels/UEDPIE_0_TestMap.TestMap (0.003892s)
[2023.02.05-15.21.56:174][218]LogUObjectHash: Compacting FUObjectHashTables data took   0.60ms
[2023.02.05-15.21.56:177][218]LogAudio: Display: Creating Audio Device:                 Id: 2, Scope: Unique, Realtime: True
[2023.02.05-15.21.56:177][218]LogAudioMixer: Display: Audio Mixer Platform Settings:
[2023.02.05-15.21.56:177][218]LogAudioMixer: Display: 	Sample Rate:						  48000
[2023.02.05-15.21.56:177][218]LogAudioMixer: Display: 	Callback Buffer Frame Size Requested: 1024
[2023.02.05-15.21.56:178][218]LogAudioMixer: Display: 	Callback Buffer Frame Size To Use:	  1024
[2023.02.05-15.21.56:178][218]LogAudioMixer: Display: 	Number of buffers to queue:			  2
[2023.02.05-15.21.56:178][218]LogAudioMixer: Display: 	Max Channels (voices):				  32
[2023.02.05-15.21.56:178][218]LogAudioMixer: Display: 	Number of Async Source Workers:		  0
[2023.02.05-15.21.56:178][218]LogAudio: Display: AudioDevice MaxSources: 32
[2023.02.05-15.21.56:178][218]LogAudio: Display: Audio Spatialization Plugin: None (built-in).
[2023.02.05-15.21.56:178][218]LogAudio: Display: Audio Reverb Plugin: None (built-in).
[2023.02.05-15.21.56:178][218]LogAudio: Display: Audio Occlusion Plugin: None (built-in).
[2023.02.05-15.21.56:179][218]LogAudioMixer: Display: Initializing audio mixer.
[2023.02.05-15.21.56:191][218]LogAudioMixer: Display: 0: FrontLeft
[2023.02.05-15.21.56:191][218]LogAudioMixer: Display: 1: FrontRight
[2023.02.05-15.21.56:225][218]LogAudioMixer: Display: Using Audio Device 스피커(Realtek High Definition Audio)
[2023.02.05-15.21.56:225][218]LogAudioMixer: Display: Initializing Sound Submixes...
[2023.02.05-15.21.56:225][218]LogAudioMixer: Display: Creating Master Submix 'MasterSubmixDefault'
[2023.02.05-15.21.56:225][218]LogAudioMixer: Display: Creating Master Submix 'MasterReverbSubmixDefault'
[2023.02.05-15.21.56:226][218]LogAudioMixer: Display: Creating Master Submix 'MasterEQSubmixDefault'
[2023.02.05-15.21.56:226][218]LogAudioMixer: FMixerPlatformXAudio2::StartAudioStream() called
[2023.02.05-15.21.56:226][218]LogAudioMixer: Display: Output buffers initialized: Frames=1024, Channels=2, Samples=2048
[2023.02.05-15.21.56:228][218]LogAudioMixer: Display: Starting AudioMixerPlatformInterface::RunInternal()
[2023.02.05-15.21.56:228][218]LogAudioMixer: Display: FMixerPlatformXAudio2::SubmitBuffer() called for the first time
[2023.02.05-15.21.56:228][218]LogInit: FAudioDevice initialized.
[2023.02.05-15.21.56:228][218]LogAudio: Display: Audio Device (ID: 2) registered with world 'TestMap'.
[2023.02.05-15.21.56:239][218]LogLoad: Game class is 'ProjectYJGameMode'
[2023.02.05-15.21.56:240][218]LogWorld: Bringing World /Game/Levels/UEDPIE_0_TestMap.TestMap up for play (max tick rate 0) at 2023.02.06-00.21.56
[2023.02.05-15.21.56:240][218]LogWorld: Bringing up level for play took: 0.000489
[2023.02.05-15.21.56:241][218]LogOnline: OSS: Creating online subsystem instance for: :Context_1
[2023.02.05-15.21.56:245][218]LogNativeClassHierarchy: Verbose: Native class hierarchy updated for 'MovieSceneCapture' in 0.0003 seconds. Added 20 classes and 0 folders.
