Log file open, 03/05/23 04:04:09
LogWindows: Failed to load 'aqProf.dll' (GetLastError=126)
LogWindows: File 'aqProf.dll' does not exist
LogWindows: Failed to load 'VtuneApi.dll' (GetLastError=126)
LogWindows: File 'VtuneApi.dll' does not exist
LogWindows: Failed to load 'VtuneApi32e.dll' (GetLastError=126)
LogWindows: File 'VtuneApi32e.dll' does not exist
LogConsoleResponse: Display: Failed to find resolution value strings in scalability ini. Falling back to default.
LogConsoleResponse: Display: Failed to find resolution value strings in scalability ini. Falling back to default.
LogInit: Display: Running engine for game: ProjectYJ
LogPlatformFile: Not using cached read wrapper
LogTaskGraph: Started task graph with 5 named threads and 35 total threads with 3 sets of task threads.
LogStats: Stats thread started at 0.297680
LogICUInternationalization: ICU TimeZone Detection - Raw Offset: +9:00, Platform Override: ''
LogInit: Display: Loading text-based GConfig....
LogPluginManager: Mounting plugin MeshPainting
LogPluginManager: Mounting plugin XGEController
LogPluginManager: Mounting plugin Paper2D
LogPluginManager: Mounting plugin AISupport
LogPluginManager: Mounting plugin LiveLink
LogPluginManager: Mounting plugin LightPropagationVolume
LogPluginManager: Mounting plugin OodleData
LogPluginManager: Mounting plugin GameplayCameras
LogPluginManager: Mounting plugin EnvironmentQueryEditor
LogPluginManager: Mounting plugin OodleNetwork
LogPluginManager: Mounting plugin AssetManagerEditor
LogPluginManager: Mounting plugin AnimationSharing
LogPluginManager: Mounting plugin CLionSourceCodeAccess
LogPluginManager: Mounting plugin GitSourceControl
LogPluginManager: Mounting plugin KDevelopSourceCodeAccess
LogPluginManager: Mounting plugin CameraShakePreviewer
LogPluginManager: Mounting plugin CodeLiteSourceCodeAccess
LogPluginManager: Mounting plugin NullSourceCodeAccess
LogPluginManager: Mounting plugin PerforceSourceControl
LogPluginManager: Mounting plugin PlasticSourceControl
LogPluginManager: Mounting plugin PixWinPlugin
LogPluginManager: Mounting plugin PluginUtils
LogPluginManager: Mounting plugin PropertyAccessNode
LogPluginManager: Mounting plugin RiderSourceCodeAccess
LogPluginManager: Mounting plugin TextureFormatOodle
LogPluginManager: Mounting plugin SubversionSourceControl
LogPluginManager: Mounting plugin UObjectPlugin
LogPluginManager: Mounting plugin VisualStudioCodeSourceCodeAccess
LogPluginManager: Mounting plugin VisualStudioSourceCodeAccess
LogPluginManager: Mounting plugin XCodeSourceCodeAccess
LogPluginManager: Mounting plugin CryptoKeys
LogPluginManager: Mounting plugin DatasmithContent
LogPluginManager: Mounting plugin CurveEditorTools
LogPluginManager: Mounting plugin DataValidation
LogPluginManager: Mounting plugin FacialAnimation
LogPluginManager: Mounting plugin GameplayTagsEditor
LogPluginManager: Mounting plugin MaterialAnalyzer
LogPluginManager: Mounting plugin MacGraphicsSwitching
LogPluginManager: Mounting plugin MobileLauncherProfileWizard
LogPluginManager: Mounting plugin GeometryMode
LogPluginManager: Mounting plugin PluginBrowser
LogPluginManager: Mounting plugin Niagara
LogPluginManager: Mounting plugin SpeedTreeImporter
LogPluginManager: Mounting plugin VariantManagerContent
LogPluginManager: Mounting plugin LuminPlatformFeatures
LogPluginManager: Mounting plugin MagicLeap
LogPluginManager: Mounting plugin MagicLeapLightEstimation
LogPluginManager: Mounting plugin MagicLeapMedia
LogPluginManager: Mounting plugin MagicLeapPassableWorld
LogPluginManager: Mounting plugin MLSDK
LogPluginManager: Mounting plugin AndroidMedia
LogPluginManager: Mounting plugin AvfMedia
LogPluginManager: Mounting plugin ImgMedia
LogPluginManager: Mounting plugin MediaCompositing
LogPluginManager: Mounting plugin WmfMedia
LogPluginManager: Mounting plugin WebMMedia
LogPluginManager: Mounting plugin TcpMessaging
LogPluginManager: Mounting plugin UdpMessaging
LogPluginManager: Mounting plugin OnlineSubsystem
LogPluginManager: Mounting plugin MediaPlayerEditor
LogPluginManager: Mounting plugin OnlineSubsystemNull
LogPluginManager: Mounting plugin OnlineSubsystemUtils
LogPluginManager: Mounting plugin LevelSequenceEditor
LogPluginManager: Mounting plugin ActorSequence
LogPluginManager: Mounting plugin MatineeToLevelSequence
LogPluginManager: Mounting plugin TemplateSequence
LogPluginManager: Mounting plugin LauncherChunkInstaller
LogPluginManager: Mounting plugin ActorLayerUtilities
LogPluginManager: Mounting plugin AndroidDeviceProfileSelector
LogPluginManager: Mounting plugin AndroidMoviePlayer
LogPluginManager: Mounting plugin AppleImageUtils
LogPluginManager: Mounting plugin ArchVisCharacter
LogPluginManager: Mounting plugin AppleMoviePlayer
LogPluginManager: Mounting plugin AudioCapture
LogPluginManager: Mounting plugin AssetTags
LogPluginManager: Mounting plugin CableComponent
LogPluginManager: Mounting plugin AudioSynesthesia
LogPluginManager: Mounting plugin CustomMeshComponent
LogPluginManager: Mounting plugin ChunkDownloader
LogPluginManager: Mounting plugin EditableMesh
LogPluginManager: Mounting plugin AndroidPermission
LogPluginManager: Mounting plugin ExampleDeviceProfileSelector
LogPluginManager: Mounting plugin GoogleCloudMessaging
LogPluginManager: Mounting plugin GooglePAD
LogPluginManager: Mounting plugin LinuxDeviceProfileSelector
LogPluginManager: Mounting plugin IOSDeviceProfileSelector
LogPluginManager: Mounting plugin MobilePatchingUtils
LogPluginManager: Mounting plugin LocationServicesBPLibrary
LogPluginManager: Mounting plugin OpenXR
LogPluginManager: Mounting plugin OpenXREyeTracker
LogPluginManager: Mounting plugin OpenXRHandTracking
LogPluginManager: Mounting plugin PhysXVehicles
LogPluginManager: Mounting plugin PostSplashScreen
LogPluginManager: Mounting plugin PropertyAccessEditor
LogPluginManager: Mounting plugin ProceduralMeshComponent
LogPluginManager: Mounting plugin RuntimePhysXCooking
LogPluginManager: Mounting plugin SignificanceManager
LogPluginManager: Mounting plugin SoundFields
LogPluginManager: Mounting plugin ScreenshotTools
LogPluginManager: Mounting plugin WebMMoviePlayer
LogPluginManager: Mounting plugin Synthesis
LogPluginManager: Mounting plugin WindowsMoviePlayer
LogPluginManager: Mounting plugin Takes
LogPluginManager: Mounting plugin AlembicImporter
LogPluginManager: Mounting plugin AutomationUtils
LogPluginManager: Mounting plugin ChaosCloth
LogPluginManager: Mounting plugin BackChannel
LogPluginManager: Mounting plugin ChaosEditor
LogPluginManager: Mounting plugin ChaosClothEditor
LogPluginManager: Mounting plugin ChaosSolverPlugin
LogPluginManager: Mounting plugin CharacterAI
LogPluginManager: Mounting plugin ChaosNiagara
LogPluginManager: Mounting plugin GeometryCache
LogPluginManager: Mounting plugin GeometryCollectionPlugin
LogPluginManager: Mounting plugin GeometryProcessing
LogPluginManager: Mounting plugin MotoSynth
LogPluginManager: Mounting plugin OpenImageDenoise
LogPluginManager: Mounting plugin PlatformCrypto
LogPluginManager: Mounting plugin ProxyLODPlugin
LogPluginManager: Mounting plugin PythonScriptPlugin
LogPluginManager: Mounting plugin SkeletalReduction
LogPluginManager: Mounting plugin PlanarCut
LogPluginManager: Mounting plugin ContentBrowserAssetDataSource
LogPluginManager: Mounting plugin ContentBrowserClassDataSource
LogPluginManager: Mounting plugin ContentBrowserFileDataSource
LogPluginManager: Mounting plugin OnlineSubsystemGooglePlay
LogPluginManager: Mounting plugin OnlineSubsystemIOS
LogPluginManager: Mounting plugin OculusVR
LogPluginManager: Mounting plugin SteamVR
LogPluginManager: Mounting plugin VertexAnimToolset
PixWinPlugin: PIX capture plugin failed to initialize! Check that the process is launched from PIX.
LogInit: Using libcurl 7.55.1-DEV
LogInit:  - built for x86_64-pc-win32
LogInit:  - supports SSL with OpenSSL/1.1.1
LogInit:  - supports HTTP deflate (compression) using libz 1.2.8
LogInit:  - other features:
LogInit:      CURL_VERSION_SSL
LogInit:      CURL_VERSION_LIBZ
LogInit:      CURL_VERSION_IPV6
LogInit:      CURL_VERSION_ASYNCHDNS
LogInit:      CURL_VERSION_LARGEFILE
LogInit:      CURL_VERSION_IDN
LogInit:  CurlRequestOptions (configurable via config and command line):
LogInit:  - bVerifyPeer = true  - Libcurl will verify peer certificate
LogInit:  - bUseHttpProxy = false  - Libcurl will NOT use HTTP proxy
LogInit:  - bDontReuseConnections = false  - Libcurl will reuse connections
LogInit:  - MaxHostConnections = 16  - Libcurl will limit the number of connections to a host
LogInit:  - LocalHostAddr = Default
LogInit:  - BufferSize = 65536
LogOnline: OSS: Creating online subsystem instance for: NULL
LogInit: WinSock: version 1.1 (2.2), MaxSocks=32767, MaxUdp=65467
LogOnline: OSS: TryLoadSubsystemAndSetDefault: Loaded subsystem for module [NULL]
LogOculusPluginWrapper: OculusPlugin initialized successfully
LogHMD: Failed initializing OVRPlugin 1.59.0
LogInit: Build: ++UE4+Release-4.27-CL-0
LogInit: Engine Version: 4.27.2-0+++UE4+Release-4.27
LogInit: Compatible Engine Version: 4.27.0-0+++UE4+Release-4.27
LogInit: Net CL: 0
LogInit: OS: Windows 10 (Release 2009) (), CPU: Intel(R) Core(TM) i5-10400F CPU @ 2.90GHz, GPU: NVIDIA GeForce RTX 3060 Ti
LogInit: Compiled (64-bit): Mar  5 2023 02:51:13
LogInit: Compiled with Visual C++: 19.28.29915.00
LogInit: Build Configuration: DebugGame
LogInit: Branch Name: ++UE4+Release-4.27
LogInit: Command Line:  -skipcompile
LogInit: Base Directory: E:/UnrealEngine-4.27.2-release/Engine/Binaries/Win64/
LogInit: Allocator: TBB
LogInit: Installed Engine Build: 0
LogDevObjectVersion: Number of dev versions registered: 29
LogDevObjectVersion:   Dev-Blueprints (B0D832E4-1F89-4F0D-ACCF-7EB736FD4AA2): 10
LogDevObjectVersion:   Dev-Build (E1C64328-A22C-4D53-A36C-8E866417BD8C): 0
LogDevObjectVersion:   Dev-Core (375EC13C-06E4-48FB-B500-84F0262A717E): 4
LogDevObjectVersion:   Dev-Editor (E4B068ED-F494-42E9-A231-DA0B2E46BB41): 40
LogDevObjectVersion:   Dev-Framework (CFFC743F-43B0-4480-9391-14DF171D2073): 37
LogDevObjectVersion:   Dev-Mobile (B02B49B5-BB20-44E9-A304-32B752E40360): 3
LogDevObjectVersion:   Dev-Networking (A4E4105C-59A1-49B5-A7C5-40C4547EDFEE): 0
LogDevObjectVersion:   Dev-Online (39C831C9-5AE6-47DC-9A44-9C173E1C8E7C): 0
LogDevObjectVersion:   Dev-Physics (78F01B33-EBEA-4F98-B9B4-84EACCB95AA2): 14
LogDevObjectVersion:   Dev-Platform (6631380F-2D4D-43E0-8009-CF276956A95A): 0
LogDevObjectVersion:   Dev-Rendering (12F88B9F-8875-4AFC-A67C-D90C383ABD29): 45
LogDevObjectVersion:   Dev-Sequencer (7B5AE74C-D270-4C10-A958-57980B212A5A): 13
LogDevObjectVersion:   Dev-VR (D7296918-1DD6-4BDD-9DE2-64A83CC13884): 3
LogDevObjectVersion:   Dev-LoadTimes (C2A15278-BFE7-4AFE-6C17-90FF531DF755): 1
LogDevObjectVersion:   Private-Geometry (6EACA3D4-40EC-4CC1-B786-8BED09428FC5): 3
LogDevObjectVersion:   Dev-AnimPhys (29E575DD-E0A3-4627-9D10-D276232CDCEA): 17
LogDevObjectVersion:   Dev-Anim (AF43A65D-7FD3-4947-9873-3E8ED9C1BB05): 15
LogDevObjectVersion:   Dev-ReflectionCapture (6B266CEC-1EC7-4B8F-A30B-E4D90942FC07): 1
LogDevObjectVersion:   Dev-Automation (0DF73D61-A23F-47EA-B727-89E90C41499A): 1
LogDevObjectVersion:   FortniteMain (601D1886-AC64-4F84-AA16-D3DE0DEAC7D6): 47
LogDevObjectVersion:   FortniteRelease (E7086368-6B23-4C58-8439-1B7016265E91): 1
LogDevObjectVersion:   Dev-Enterprise (9DFFBCD6-494F-0158-E221-12823C92A888): 10
LogDevObjectVersion:   Dev-Niagara (F2AED0AC-9AFE-416F-8664-AA7FFA26D6FC): 1
LogDevObjectVersion:   Dev-Destruction (174F1F0B-B4C6-45A5-B13F-2EE8D0FB917D): 10
LogDevObjectVersion:   Dev-Physics-Ext (35F94A83-E258-406C-A318-09F59610247C): 41
LogDevObjectVersion:   Dev-PhysicsMaterial-Chaos (B68FC16E-8B1B-42E2-B453-215C058844FE): 1
LogDevObjectVersion:   Dev-CineCamera (B2E18506-4273-CFC2-A54E-F4BB758BBA07): 1
LogDevObjectVersion:   Dev-VirtualProduction (64F58936-FD1B-42BA-BA96-7289D5D0FA4E): 1
LogDevObjectVersion:   Dev-MediaFramework (6F0ED827-A609-4895-9C91-998D90180EA4): 2
LogInit: Presizing for max 25165824 objects, including 0 objects not considered by GC, pre-allocating 0 bytes for permanent pool.
LogConfig: Applying CVar settings from Section [/Script/Engine.StreamingSettings] File [E:/Github/ProjectYJ/ProjectYJ/Saved/Config/Windows/Engine.ini]
LogConfig: Setting CVar [[s.MinBulkDataSizeForAsyncLoading:131072]]
LogConfig: Setting CVar [[s.AsyncLoadingThreadEnabled:0]]
LogConfig: Setting CVar [[s.EventDrivenLoaderEnabled:1]]
LogConfig: Setting CVar [[s.WarnIfTimeLimitExceeded:0]]
LogConfig: Setting CVar [[s.TimeLimitExceededMultiplier:1.5]]
LogConfig: Setting CVar [[s.TimeLimitExceededMinTime:0.005]]
LogConfig: Setting CVar [[s.UseBackgroundLevelStreaming:1]]
LogConfig: Setting CVar [[s.PriorityAsyncLoadingExtraTime:15.0]]
LogConfig: Setting CVar [[s.LevelStreamingActorsUpdateTimeLimit:5.0]]
LogConfig: Setting CVar [[s.PriorityLevelStreamingActorsUpdateExtraTime:5.0]]
LogConfig: Setting CVar [[s.LevelStreamingComponentsRegistrationGranularity:10]]
LogConfig: Setting CVar [[s.UnregisterComponentsTimeLimit:1.0]]
LogConfig: Setting CVar [[s.LevelStreamingComponentsUnregistrationGranularity:5]]
LogConfig: Setting CVar [[s.FlushStreamingOnExit:1]]
LogInit: Object subsystem initialized
LogConfig: Setting CVar [[con.DebugEarlyDefault:1]]
LogConfig: Setting CVar [[r.setres:1280x720]]
[2023.03.04-19.04.10:553][  0]LogConfig: Setting CVar [[r.VSync:0]]
[2023.03.04-19.04.10:554][  0]LogConfig: Setting CVar [[r.RHICmdBypass:0]]
[2023.03.04-19.04.10:554][  0]LogConfig: Applying CVar settings from Section [/Script/Engine.RendererSettings] File [E:/Github/ProjectYJ/ProjectYJ/Saved/Config/Windows/Engine.ini]
[2023.03.04-19.04.10:554][  0]LogConfig: Setting CVar [[r.GPUCrashDebugging:0]]
[2023.03.04-19.04.10:554][  0]LogConfig: Applying CVar settings from Section [/Script/Engine.RendererOverrideSettings] File [E:/Github/ProjectYJ/ProjectYJ/Saved/Config/Windows/Engine.ini]
[2023.03.04-19.04.10:554][  0]LogConfig: Applying CVar settings from Section [/Script/Engine.StreamingSettings] File [E:/Github/ProjectYJ/ProjectYJ/Saved/Config/Windows/Engine.ini]
[2023.03.04-19.04.10:554][  0]LogConfig: Setting CVar [[s.MinBulkDataSizeForAsyncLoading:131072]]
[2023.03.04-19.04.10:554][  0]LogConfig: Setting CVar [[s.AsyncLoadingThreadEnabled:0]]
[2023.03.04-19.04.10:554][  0]LogConfig: Setting CVar [[s.EventDrivenLoaderEnabled:1]]
[2023.03.04-19.04.10:554][  0]LogConfig: Setting CVar [[s.WarnIfTimeLimitExceeded:0]]
[2023.03.04-19.04.10:554][  0]LogConfig: Setting CVar [[s.TimeLimitExceededMultiplier:1.5]]
[2023.03.04-19.04.10:554][  0]LogConfig: Setting CVar [[s.TimeLimitExceededMinTime:0.005]]
[2023.03.04-19.04.10:554][  0]LogConfig: Setting CVar [[s.UseBackgroundLevelStreaming:1]]
[2023.03.04-19.04.10:554][  0]LogConfig: Setting CVar [[s.PriorityAsyncLoadingExtraTime:15.0]]
[2023.03.04-19.04.10:554][  0]LogConfig: Setting CVar [[s.LevelStreamingActorsUpdateTimeLimit:5.0]]
[2023.03.04-19.04.10:554][  0]LogConfig: Setting CVar [[s.PriorityLevelStreamingActorsUpdateExtraTime:5.0]]
[2023.03.04-19.04.10:554][  0]LogConfig: Setting CVar [[s.LevelStreamingComponentsRegistrationGranularity:10]]
[2023.03.04-19.04.10:554][  0]LogConfig: Setting CVar [[s.UnregisterComponentsTimeLimit:1.0]]
[2023.03.04-19.04.10:554][  0]LogConfig: Setting CVar [[s.LevelStreamingComponentsUnregistrationGranularity:5]]
[2023.03.04-19.04.10:555][  0]LogConfig: Setting CVar [[s.FlushStreamingOnExit:1]]
[2023.03.04-19.04.10:555][  0]LogConfig: Applying CVar settings from Section [/Script/Engine.GarbageCollectionSettings] File [E:/Github/ProjectYJ/ProjectYJ/Saved/Config/Windows/Engine.ini]
[2023.03.04-19.04.10:555][  0]LogConfig: Setting CVar [[gc.MaxObjectsNotConsideredByGC:1]]
[2023.03.04-19.04.10:555][  0]LogConfig: Setting CVar [[gc.SizeOfPermanentObjectPool:0]]
[2023.03.04-19.04.10:555][  0]LogConfig: Setting CVar [[gc.FlushStreamingOnGC:0]]
[2023.03.04-19.04.10:555][  0]LogConfig: Setting CVar [[gc.NumRetriesBeforeForcingGC:10]]
[2023.03.04-19.04.10:555][  0]LogConfig: Setting CVar [[gc.AllowParallelGC:1]]
[2023.03.04-19.04.10:555][  0]LogConfig: Setting CVar [[gc.TimeBetweenPurgingPendingKillObjects:61.1]]
[2023.03.04-19.04.10:555][  0]LogConfig: Setting CVar [[gc.MaxObjectsInEditor:25165824]]
[2023.03.04-19.04.10:555][  0]LogConfig: Setting CVar [[gc.IncrementalBeginDestroyEnabled:1]]
[2023.03.04-19.04.10:555][  0]LogConfig: Setting CVar [[gc.CreateGCClusters:1]]
[2023.03.04-19.04.10:555][  0]LogConfig: Setting CVar [[gc.MinGCClusterSize:5]]
[2023.03.04-19.04.10:555][  0]LogConfig: Setting CVar [[gc.ActorClusteringEnabled:0]]
[2023.03.04-19.04.10:555][  0]LogConfig: Setting CVar [[gc.BlueprintClusteringEnabled:0]]
[2023.03.04-19.04.10:555][  0]LogConfig: Setting CVar [[gc.UseDisregardForGCOnDedicatedServers:0]]
[2023.03.04-19.04.10:555][  0]LogConfig: Setting CVar [[gc.MultithreadedDestructionEnabled:1]]
[2023.03.04-19.04.10:555][  0]LogConfig: Applying CVar settings from Section [/Script/Engine.NetworkSettings] File [E:/Github/ProjectYJ/ProjectYJ/Saved/Config/Windows/Engine.ini]
[2023.03.04-19.04.10:556][  0]LogConfig: Applying CVar settings from Section [/Script/UnrealEd.CookerSettings] File [E:/Github/ProjectYJ/ProjectYJ/Saved/Config/Windows/Engine.ini]
[2023.03.04-19.04.10:603][  0]LogConfig: Applying CVar settings from Section [ViewDistanceQuality@3] File [E:/Github/ProjectYJ/ProjectYJ/Saved/Config/Windows/Scalability.ini]
[2023.03.04-19.04.10:603][  0]LogConfig: Setting CVar [[r.SkeletalMeshLODBias:0]]
[2023.03.04-19.04.10:603][  0]LogConfig: Setting CVar [[r.ViewDistanceScale:1.0]]
[2023.03.04-19.04.10:603][  0]LogConfig: Applying CVar settings from Section [AntiAliasingQuality@3] File [E:/Github/ProjectYJ/ProjectYJ/Saved/Config/Windows/Scalability.ini]
[2023.03.04-19.04.10:603][  0]LogConfig: Setting CVar [[r.PostProcessAAQuality:4]]
[2023.03.04-19.04.10:603][  0]LogConfig: Applying CVar settings from Section [ShadowQuality@3] File [E:/Github/ProjectYJ/ProjectYJ/Saved/Config/Windows/Scalability.ini]
[2023.03.04-19.04.10:603][  0]LogConfig: Setting CVar [[r.LightFunctionQuality:1]]
[2023.03.04-19.04.10:603][  0]LogConfig: Setting CVar [[r.ShadowQuality:5]]
[2023.03.04-19.04.10:603][  0]LogConfig: Setting CVar [[r.Shadow.CSM.MaxCascades:10]]
[2023.03.04-19.04.10:603][  0]LogConfig: Setting CVar [[r.Shadow.MaxResolution:2048]]
[2023.03.04-19.04.10:603][  0]LogConfig: Setting CVar [[r.Shadow.MaxCSMResolution:2048]]
[2023.03.04-19.04.10:603][  0]LogConfig: Setting CVar [[r.Shadow.RadiusThreshold:0.01]]
[2023.03.04-19.04.10:604][  0]LogConfig: Setting CVar [[r.Shadow.DistanceScale:1.0]]
[2023.03.04-19.04.10:604][  0]LogConfig: Setting CVar [[r.Shadow.CSM.TransitionScale:1.0]]
[2023.03.04-19.04.10:604][  0]LogConfig: Setting CVar [[r.Shadow.PreShadowResolutionFactor:1.0]]
[2023.03.04-19.04.10:604][  0]LogConfig: Setting CVar [[r.DistanceFieldShadowing:1]]
[2023.03.04-19.04.10:604][  0]LogConfig: Setting CVar [[r.DistanceFieldAO:1]]
[2023.03.04-19.04.10:604][  0]LogConfig: Setting CVar [[r.AOQuality:2]]
[2023.03.04-19.04.10:604][  0]LogConfig: Setting CVar [[r.VolumetricFog:1]]
[2023.03.04-19.04.10:604][  0]LogConfig: Setting CVar [[r.VolumetricFog.GridPixelSize:8]]
[2023.03.04-19.04.10:604][  0]LogConfig: Setting CVar [[r.VolumetricFog.GridSizeZ:128]]
[2023.03.04-19.04.10:604][  0]LogConfig: Setting CVar [[r.VolumetricFog.HistoryMissSupersampleCount:4]]
[2023.03.04-19.04.10:604][  0]LogConfig: Setting CVar [[r.LightMaxDrawDistanceScale:1]]
[2023.03.04-19.04.10:604][  0]LogConfig: Setting CVar [[r.CapsuleShadows:1]]
[2023.03.04-19.04.10:605][  0]LogConfig: Applying CVar settings from Section [PostProcessQuality@3] File [E:/Github/ProjectYJ/ProjectYJ/Saved/Config/Windows/Scalability.ini]
[2023.03.04-19.04.10:605][  0]LogConfig: Setting CVar [[r.MotionBlurQuality:4]]
[2023.03.04-19.04.10:605][  0]LogConfig: Setting CVar [[r.AmbientOcclusionMipLevelFactor:0.4]]
[2023.03.04-19.04.10:605][  0]LogConfig: Setting CVar [[r.AmbientOcclusionMaxQuality:100]]
[2023.03.04-19.04.10:605][  0]LogConfig: Setting CVar [[r.AmbientOcclusionLevels:-1]]
[2023.03.04-19.04.10:605][  0]LogConfig: Setting CVar [[r.AmbientOcclusionRadiusScale:1.0]]
[2023.03.04-19.04.10:605][  0]LogConfig: Setting CVar [[r.DepthOfFieldQuality:2]]
[2023.03.04-19.04.10:605][  0]LogConfig: Setting CVar [[r.RenderTargetPoolMin:400]]
[2023.03.04-19.04.10:605][  0]LogConfig: Setting CVar [[r.LensFlareQuality:2]]
[2023.03.04-19.04.10:605][  0]LogConfig: Setting CVar [[r.SceneColorFringeQuality:1]]
[2023.03.04-19.04.10:605][  0]LogConfig: Setting CVar [[r.EyeAdaptationQuality:2]]
[2023.03.04-19.04.10:605][  0]LogConfig: Setting CVar [[r.BloomQuality:5]]
[2023.03.04-19.04.10:605][  0]LogConfig: Setting CVar [[r.FastBlurThreshold:100]]
[2023.03.04-19.04.10:605][  0]LogConfig: Setting CVar [[r.Upscale.Quality:3]]
[2023.03.04-19.04.10:605][  0]LogConfig: Setting CVar [[r.Tonemapper.GrainQuantization:1]]
[2023.03.04-19.04.10:605][  0]LogConfig: Setting CVar [[r.LightShaftQuality:1]]
[2023.03.04-19.04.10:605][  0]LogConfig: Setting CVar [[r.Filter.SizeScale:1]]
[2023.03.04-19.04.10:605][  0]LogConfig: Setting CVar [[r.Tonemapper.Quality:5]]
[2023.03.04-19.04.10:606][  0]LogConfig: Setting CVar [[r.DOF.Gather.AccumulatorQuality:1        ; higher gathering accumulator quality]]
[2023.03.04-19.04.10:606][  0]LogConfig: Setting CVar [[r.DOF.Gather.PostfilterMethod:1          ; Median3x3 postfilering method]]
[2023.03.04-19.04.10:606][  0]LogConfig: Setting CVar [[r.DOF.Gather.EnableBokehSettings:0       ; no bokeh simulation when gathering]]
[2023.03.04-19.04.10:606][  0]LogConfig: Setting CVar [[r.DOF.Gather.RingCount:4                 ; medium number of samples when gathering]]
[2023.03.04-19.04.10:606][  0]LogConfig: Setting CVar [[r.DOF.Scatter.ForegroundCompositing:1    ; additive foreground scattering]]
[2023.03.04-19.04.10:606][  0]LogConfig: Setting CVar [[r.DOF.Scatter.BackgroundCompositing:2    ; additive background scattering]]
[2023.03.04-19.04.10:606][  0]LogConfig: Setting CVar [[r.DOF.Scatter.EnableBokehSettings:1      ; bokeh simulation when scattering]]
[2023.03.04-19.04.10:606][  0]LogConfig: Setting CVar [[r.DOF.Scatter.MaxSpriteRatio:0.1         ; only a maximum of 10% of scattered bokeh]]
[2023.03.04-19.04.10:606][  0]LogConfig: Setting CVar [[r.DOF.Recombine.Quality:1                ; cheap slight out of focus]]
[2023.03.04-19.04.10:606][  0]LogConfig: Setting CVar [[r.DOF.Recombine.EnableBokehSettings:0    ; no bokeh simulation on slight out of focus]]
[2023.03.04-19.04.10:606][  0]LogConfig: Setting CVar [[r.DOF.TemporalAAQuality:1                ; more stable temporal accumulation]]
[2023.03.04-19.04.10:606][  0]LogConfig: Setting CVar [[r.DOF.Kernel.MaxForegroundRadius:0.025]]
[2023.03.04-19.04.10:606][  0]LogConfig: Setting CVar [[r.DOF.Kernel.MaxBackgroundRadius:0.025]]
[2023.03.04-19.04.10:606][  0]LogConfig: Applying CVar settings from Section [TextureQuality@3] File [E:/Github/ProjectYJ/ProjectYJ/Saved/Config/Windows/Scalability.ini]
[2023.03.04-19.04.10:606][  0]LogConfig: Setting CVar [[r.Streaming.MipBias:0]]
[2023.03.04-19.04.10:606][  0]LogConfig: Setting CVar [[r.Streaming.AmortizeCPUToGPUCopy:0]]
[2023.03.04-19.04.10:606][  0]LogConfig: Setting CVar [[r.Streaming.MaxNumTexturesToStreamPerFrame:0]]
[2023.03.04-19.04.10:606][  0]LogConfig: Setting CVar [[r.Streaming.Boost:1]]
[2023.03.04-19.04.10:606][  0]LogConfig: Setting CVar [[r.MaxAnisotropy:8]]
[2023.03.04-19.04.10:607][  0]LogConfig: Setting CVar [[r.VT.MaxAnisotropy:8]]
[2023.03.04-19.04.10:607][  0]LogConfig: Setting CVar [[r.Streaming.LimitPoolSizeToVRAM:0]]
[2023.03.04-19.04.10:607][  0]LogConfig: Setting CVar [[r.Streaming.PoolSize:1000]]
[2023.03.04-19.04.10:607][  0]LogConfig: Setting CVar [[r.Streaming.MaxEffectiveScreenSize:0]]
[2023.03.04-19.04.10:607][  0]LogConfig: Applying CVar settings from Section [EffectsQuality@3] File [E:/Github/ProjectYJ/ProjectYJ/Saved/Config/Windows/Scalability.ini]
[2023.03.04-19.04.10:607][  0]LogConfig: Setting CVar [[r.TranslucencyLightingVolumeDim:64]]
[2023.03.04-19.04.10:607][  0]LogConfig: Setting CVar [[r.RefractionQuality:2]]
[2023.03.04-19.04.10:607][  0]LogConfig: Setting CVar [[r.SSR.Quality:3]]
[2023.03.04-19.04.10:607][  0]LogConfig: Setting CVar [[r.SSR.HalfResSceneColor:0]]
[2023.03.04-19.04.10:607][  0]LogConfig: Setting CVar [[r.SceneColorFormat:4]]
[2023.03.04-19.04.10:607][  0]LogConfig: Setting CVar [[r.DetailMode:2]]
[2023.03.04-19.04.10:607][  0]LogConfig: Setting CVar [[r.TranslucencyVolumeBlur:1]]
[2023.03.04-19.04.10:607][  0]LogConfig: Setting CVar [[r.MaterialQualityLevel:1 ; High quality]]
[2023.03.04-19.04.10:607][  0]LogConfig: Setting CVar [[r.AnisotropicMaterials:1]]
[2023.03.04-19.04.10:607][  0]LogConfig: Setting CVar [[r.SSS.Scale:1]]
[2023.03.04-19.04.10:607][  0]LogConfig: Setting CVar [[r.SSS.SampleSet:2]]
[2023.03.04-19.04.10:607][  0]LogConfig: Setting CVar [[r.SSS.Quality:1]]
[2023.03.04-19.04.10:607][  0]LogConfig: Setting CVar [[r.SSS.HalfRes:0]]
[2023.03.04-19.04.10:608][  0]LogConfig: Setting CVar [[r.SSGI.Quality:3]]
[2023.03.04-19.04.10:608][  0]LogConfig: Setting CVar [[r.EmitterSpawnRateScale:1.0]]
[2023.03.04-19.04.10:608][  0]LogConfig: Setting CVar [[r.ParticleLightQuality:2]]
[2023.03.04-19.04.10:608][  0]LogConfig: Setting CVar [[r.SkyAtmosphere.AerialPerspectiveLUT.FastApplyOnOpaque:1 ; Always have FastSkyLUT 1 in this case to avoid wrong sky]]
[2023.03.04-19.04.10:608][  0]LogConfig: Setting CVar [[r.SkyAtmosphere.AerialPerspectiveLUT.SampleCountMaxPerSlice:4]]
[2023.03.04-19.04.10:608][  0]LogConfig: Setting CVar [[r.SkyAtmosphere.AerialPerspectiveLUT.DepthResolution:16.0]]
[2023.03.04-19.04.10:608][  0]LogConfig: Setting CVar [[r.SkyAtmosphere.FastSkyLUT:1]]
[2023.03.04-19.04.10:608][  0]LogConfig: Setting CVar [[r.SkyAtmosphere.FastSkyLUT.SampleCountMin:4.0]]
[2023.03.04-19.04.10:608][  0]LogConfig: Setting CVar [[r.SkyAtmosphere.FastSkyLUT.SampleCountMax:128.0]]
[2023.03.04-19.04.10:608][  0]LogConfig: Setting CVar [[r.SkyAtmosphere.SampleCountMin:4.0]]
[2023.03.04-19.04.10:608][  0]LogConfig: Setting CVar [[r.SkyAtmosphere.SampleCountMax:128.0]]
[2023.03.04-19.04.10:608][  0]LogConfig: Setting CVar [[r.SkyAtmosphere.TransmittanceLUT.UseSmallFormat:0]]
[2023.03.04-19.04.10:608][  0]LogConfig: Setting CVar [[r.SkyAtmosphere.TransmittanceLUT.SampleCount:10.0]]
[2023.03.04-19.04.10:608][  0]LogConfig: Setting CVar [[r.SkyAtmosphere.MultiScatteringLUT.SampleCount:15.0]]
[2023.03.04-19.04.10:608][  0]LogConfig: Setting CVar [[r.SkyLight.RealTimeReflectionCapture:1]]
[2023.03.04-19.04.10:608][  0]LogConfig: Applying CVar settings from Section [FoliageQuality@3] File [E:/Github/ProjectYJ/ProjectYJ/Saved/Config/Windows/Scalability.ini]
[2023.03.04-19.04.10:608][  0]LogConfig: Setting CVar [[foliage.DensityScale:1.0]]
[2023.03.04-19.04.10:608][  0]LogConfig: Setting CVar [[grass.DensityScale:1.0]]
[2023.03.04-19.04.10:608][  0]LogConfig: Applying CVar settings from Section [ShadingQuality@3] File [E:/Github/ProjectYJ/ProjectYJ/Saved/Config/Windows/Scalability.ini]
[2023.03.04-19.04.10:608][  0]LogConfig: Setting CVar [[r.HairStrands.SkyLighting.IntegrationType:2]]
[2023.03.04-19.04.10:609][  0]LogConfig: Setting CVar [[r.HairStrands.SkyAO.SampleCount:4]]
[2023.03.04-19.04.10:609][  0]LogConfig: Setting CVar [[r.HairStrands.Visibility.MSAA.SamplePerPixel:4]]
[2023.03.04-19.04.10:609][  0]LogInit: Selected Device Profile: [Windows]
[2023.03.04-19.04.10:609][  0]LogInit: Applying CVar settings loaded from the selected device profile: [Windows]
[2023.03.04-19.04.10:609][  0]LogHAL: Display: Platform has ~ 32 GB [34282430464 / 34359738368 / 32], which maps to Largest [LargestMinGB=32, LargerMinGB=12, DefaultMinGB=8, SmallerMinGB=6, SmallestMinGB=0)
[2023.03.04-19.04.10:609][  0]LogInit: Going up to parent DeviceProfile []
[2023.03.04-19.04.10:609][  0]LogConfig: Applying CVar settings from Section [ViewDistanceQuality@3] File [E:/Github/ProjectYJ/ProjectYJ/Saved/Config/Windows/Scalability.ini]
[2023.03.04-19.04.10:609][  0]LogConfig: Setting CVar [[r.SkeletalMeshLODBias:0]]
[2023.03.04-19.04.10:609][  0]LogConfig: Setting CVar [[r.ViewDistanceScale:1.0]]
[2023.03.04-19.04.10:609][  0]LogConfig: Applying CVar settings from Section [AntiAliasingQuality@3] File [E:/Github/ProjectYJ/ProjectYJ/Saved/Config/Windows/Scalability.ini]
[2023.03.04-19.04.10:609][  0]LogConfig: Setting CVar [[r.PostProcessAAQuality:4]]
[2023.03.04-19.04.10:609][  0]LogConfig: Applying CVar settings from Section [ShadowQuality@3] File [E:/Github/ProjectYJ/ProjectYJ/Saved/Config/Windows/Scalability.ini]
[2023.03.04-19.04.10:609][  0]LogConfig: Setting CVar [[r.LightFunctionQuality:1]]
[2023.03.04-19.04.10:609][  0]LogConfig: Setting CVar [[r.ShadowQuality:5]]
[2023.03.04-19.04.10:609][  0]LogConfig: Setting CVar [[r.Shadow.CSM.MaxCascades:10]]
[2023.03.04-19.04.10:609][  0]LogConfig: Setting CVar [[r.Shadow.MaxResolution:2048]]
[2023.03.04-19.04.10:609][  0]LogConfig: Setting CVar [[r.Shadow.MaxCSMResolution:2048]]
[2023.03.04-19.04.10:609][  0]LogConfig: Setting CVar [[r.Shadow.RadiusThreshold:0.01]]
[2023.03.04-19.04.10:609][  0]LogConfig: Setting CVar [[r.Shadow.DistanceScale:1.0]]
[2023.03.04-19.04.10:610][  0]LogConfig: Setting CVar [[r.Shadow.CSM.TransitionScale:1.0]]
[2023.03.04-19.04.10:610][  0]LogConfig: Setting CVar [[r.Shadow.PreShadowResolutionFactor:1.0]]
[2023.03.04-19.04.10:610][  0]LogConfig: Setting CVar [[r.DistanceFieldShadowing:1]]
[2023.03.04-19.04.10:610][  0]LogConfig: Setting CVar [[r.DistanceFieldAO:1]]
[2023.03.04-19.04.10:610][  0]LogConfig: Setting CVar [[r.AOQuality:2]]
[2023.03.04-19.04.10:610][  0]LogConfig: Setting CVar [[r.VolumetricFog:1]]
[2023.03.04-19.04.10:610][  0]LogConfig: Setting CVar [[r.VolumetricFog.GridPixelSize:8]]
[2023.03.04-19.04.10:610][  0]LogConfig: Setting CVar [[r.VolumetricFog.GridSizeZ:128]]
[2023.03.04-19.04.10:610][  0]LogConfig: Setting CVar [[r.VolumetricFog.HistoryMissSupersampleCount:4]]
[2023.03.04-19.04.10:610][  0]LogConfig: Setting CVar [[r.LightMaxDrawDistanceScale:1]]
[2023.03.04-19.04.10:610][  0]LogConfig: Setting CVar [[r.CapsuleShadows:1]]
[2023.03.04-19.04.10:610][  0]LogConfig: Applying CVar settings from Section [PostProcessQuality@3] File [E:/Github/ProjectYJ/ProjectYJ/Saved/Config/Windows/Scalability.ini]
[2023.03.04-19.04.10:610][  0]LogConfig: Setting CVar [[r.MotionBlurQuality:4]]
[2023.03.04-19.04.10:610][  0]LogConfig: Setting CVar [[r.AmbientOcclusionMipLevelFactor:0.4]]
[2023.03.04-19.04.10:610][  0]LogConfig: Setting CVar [[r.AmbientOcclusionMaxQuality:100]]
[2023.03.04-19.04.10:610][  0]LogConfig: Setting CVar [[r.AmbientOcclusionLevels:-1]]
[2023.03.04-19.04.10:610][  0]LogConfig: Setting CVar [[r.AmbientOcclusionRadiusScale:1.0]]
[2023.03.04-19.04.10:610][  0]LogConfig: Setting CVar [[r.DepthOfFieldQuality:2]]
[2023.03.04-19.04.10:610][  0]LogConfig: Setting CVar [[r.RenderTargetPoolMin:400]]
[2023.03.04-19.04.10:610][  0]LogConfig: Setting CVar [[r.LensFlareQuality:2]]
[2023.03.04-19.04.10:611][  0]LogConfig: Setting CVar [[r.SceneColorFringeQuality:1]]
[2023.03.04-19.04.10:611][  0]LogConfig: Setting CVar [[r.EyeAdaptationQuality:2]]
[2023.03.04-19.04.10:611][  0]LogConfig: Setting CVar [[r.BloomQuality:5]]
[2023.03.04-19.04.10:611][  0]LogConfig: Setting CVar [[r.FastBlurThreshold:100]]
[2023.03.04-19.04.10:611][  0]LogConfig: Setting CVar [[r.Upscale.Quality:3]]
[2023.03.04-19.04.10:611][  0]LogConfig: Setting CVar [[r.Tonemapper.GrainQuantization:1]]
[2023.03.04-19.04.10:611][  0]LogConfig: Setting CVar [[r.LightShaftQuality:1]]
[2023.03.04-19.04.10:611][  0]LogConfig: Setting CVar [[r.Filter.SizeScale:1]]
[2023.03.04-19.04.10:611][  0]LogConfig: Setting CVar [[r.Tonemapper.Quality:5]]
[2023.03.04-19.04.10:611][  0]LogConfig: Setting CVar [[r.DOF.Gather.AccumulatorQuality:1        ; higher gathering accumulator quality]]
[2023.03.04-19.04.10:611][  0]LogConfig: Setting CVar [[r.DOF.Gather.PostfilterMethod:1          ; Median3x3 postfilering method]]
[2023.03.04-19.04.10:611][  0]LogConfig: Setting CVar [[r.DOF.Gather.EnableBokehSettings:0       ; no bokeh simulation when gathering]]
[2023.03.04-19.04.10:611][  0]LogConfig: Setting CVar [[r.DOF.Gather.RingCount:4                 ; medium number of samples when gathering]]
[2023.03.04-19.04.10:611][  0]LogConfig: Setting CVar [[r.DOF.Scatter.ForegroundCompositing:1    ; additive foreground scattering]]
[2023.03.04-19.04.10:611][  0]LogConfig: Setting CVar [[r.DOF.Scatter.BackgroundCompositing:2    ; additive background scattering]]
[2023.03.04-19.04.10:611][  0]LogConfig: Setting CVar [[r.DOF.Scatter.EnableBokehSettings:1      ; bokeh simulation when scattering]]
[2023.03.04-19.04.10:611][  0]LogConfig: Setting CVar [[r.DOF.Scatter.MaxSpriteRatio:0.1         ; only a maximum of 10% of scattered bokeh]]
[2023.03.04-19.04.10:611][  0]LogConfig: Setting CVar [[r.DOF.Recombine.Quality:1                ; cheap slight out of focus]]
[2023.03.04-19.04.10:611][  0]LogConfig: Setting CVar [[r.DOF.Recombine.EnableBokehSettings:0    ; no bokeh simulation on slight out of focus]]
[2023.03.04-19.04.10:611][  0]LogConfig: Setting CVar [[r.DOF.TemporalAAQuality:1                ; more stable temporal accumulation]]
[2023.03.04-19.04.10:612][  0]LogConfig: Setting CVar [[r.DOF.Kernel.MaxForegroundRadius:0.025]]
[2023.03.04-19.04.10:612][  0]LogConfig: Setting CVar [[r.DOF.Kernel.MaxBackgroundRadius:0.025]]
[2023.03.04-19.04.10:612][  0]LogConfig: Applying CVar settings from Section [TextureQuality@3] File [E:/Github/ProjectYJ/ProjectYJ/Saved/Config/Windows/Scalability.ini]
[2023.03.04-19.04.10:612][  0]LogConfig: Setting CVar [[r.Streaming.MipBias:0]]
[2023.03.04-19.04.10:612][  0]LogConfig: Setting CVar [[r.Streaming.AmortizeCPUToGPUCopy:0]]
[2023.03.04-19.04.10:612][  0]LogConfig: Setting CVar [[r.Streaming.MaxNumTexturesToStreamPerFrame:0]]
[2023.03.04-19.04.10:612][  0]LogConfig: Setting CVar [[r.Streaming.Boost:1]]
[2023.03.04-19.04.10:612][  0]LogConfig: Setting CVar [[r.MaxAnisotropy:8]]
[2023.03.04-19.04.10:612][  0]LogConfig: Setting CVar [[r.VT.MaxAnisotropy:8]]
[2023.03.04-19.04.10:612][  0]LogConfig: Setting CVar [[r.Streaming.LimitPoolSizeToVRAM:0]]
[2023.03.04-19.04.10:612][  0]LogConfig: Setting CVar [[r.Streaming.PoolSize:1000]]
[2023.03.04-19.04.10:612][  0]LogConfig: Setting CVar [[r.Streaming.MaxEffectiveScreenSize:0]]
[2023.03.04-19.04.10:612][  0]LogConfig: Applying CVar settings from Section [EffectsQuality@3] File [E:/Github/ProjectYJ/ProjectYJ/Saved/Config/Windows/Scalability.ini]
[2023.03.04-19.04.10:612][  0]LogConfig: Setting CVar [[r.TranslucencyLightingVolumeDim:64]]
[2023.03.04-19.04.10:612][  0]LogConfig: Setting CVar [[r.RefractionQuality:2]]
[2023.03.04-19.04.10:612][  0]LogConfig: Setting CVar [[r.SSR.Quality:3]]
[2023.03.04-19.04.10:612][  0]LogConfig: Setting CVar [[r.SSR.HalfResSceneColor:0]]
[2023.03.04-19.04.10:612][  0]LogConfig: Setting CVar [[r.SceneColorFormat:4]]
[2023.03.04-19.04.10:612][  0]LogConfig: Setting CVar [[r.DetailMode:2]]
[2023.03.04-19.04.10:613][  0]LogConfig: Setting CVar [[r.TranslucencyVolumeBlur:1]]
[2023.03.04-19.04.10:613][  0]LogConfig: Setting CVar [[r.MaterialQualityLevel:1 ; High quality]]
[2023.03.04-19.04.10:613][  0]LogConfig: Setting CVar [[r.AnisotropicMaterials:1]]
[2023.03.04-19.04.10:613][  0]LogConfig: Setting CVar [[r.SSS.Scale:1]]
[2023.03.04-19.04.10:613][  0]LogConfig: Setting CVar [[r.SSS.SampleSet:2]]
[2023.03.04-19.04.10:613][  0]LogConfig: Setting CVar [[r.SSS.Quality:1]]
[2023.03.04-19.04.10:613][  0]LogConfig: Setting CVar [[r.SSS.HalfRes:0]]
[2023.03.04-19.04.10:613][  0]LogConfig: Setting CVar [[r.SSGI.Quality:3]]
[2023.03.04-19.04.10:613][  0]LogConfig: Setting CVar [[r.EmitterSpawnRateScale:1.0]]
[2023.03.04-19.04.10:613][  0]LogConfig: Setting CVar [[r.ParticleLightQuality:2]]
[2023.03.04-19.04.10:613][  0]LogConfig: Setting CVar [[r.SkyAtmosphere.AerialPerspectiveLUT.FastApplyOnOpaque:1 ; Always have FastSkyLUT 1 in this case to avoid wrong sky]]
[2023.03.04-19.04.10:613][  0]LogConfig: Setting CVar [[r.SkyAtmosphere.AerialPerspectiveLUT.SampleCountMaxPerSlice:4]]
[2023.03.04-19.04.10:613][  0]LogConfig: Setting CVar [[r.SkyAtmosphere.AerialPerspectiveLUT.DepthResolution:16.0]]
[2023.03.04-19.04.10:613][  0]LogConfig: Setting CVar [[r.SkyAtmosphere.FastSkyLUT:1]]
[2023.03.04-19.04.10:613][  0]LogConfig: Setting CVar [[r.SkyAtmosphere.FastSkyLUT.SampleCountMin:4.0]]
[2023.03.04-19.04.10:613][  0]LogConfig: Setting CVar [[r.SkyAtmosphere.FastSkyLUT.SampleCountMax:128.0]]
[2023.03.04-19.04.10:613][  0]LogConfig: Setting CVar [[r.SkyAtmosphere.SampleCountMin:4.0]]
[2023.03.04-19.04.10:613][  0]LogConfig: Setting CVar [[r.SkyAtmosphere.SampleCountMax:128.0]]
[2023.03.04-19.04.10:613][  0]LogConfig: Setting CVar [[r.SkyAtmosphere.TransmittanceLUT.UseSmallFormat:0]]
[2023.03.04-19.04.10:613][  0]LogConfig: Setting CVar [[r.SkyAtmosphere.TransmittanceLUT.SampleCount:10.0]]
[2023.03.04-19.04.10:614][  0]LogConfig: Setting CVar [[r.SkyAtmosphere.MultiScatteringLUT.SampleCount:15.0]]
[2023.03.04-19.04.10:614][  0]LogConfig: Setting CVar [[r.SkyLight.RealTimeReflectionCapture:1]]
[2023.03.04-19.04.10:614][  0]LogConfig: Applying CVar settings from Section [FoliageQuality@3] File [E:/Github/ProjectYJ/ProjectYJ/Saved/Config/Windows/Scalability.ini]
[2023.03.04-19.04.10:614][  0]LogConfig: Setting CVar [[foliage.DensityScale:1.0]]
[2023.03.04-19.04.10:614][  0]LogConfig: Setting CVar [[grass.DensityScale:1.0]]
[2023.03.04-19.04.10:614][  0]LogConfig: Applying CVar settings from Section [ShadingQuality@3] File [E:/Github/ProjectYJ/ProjectYJ/Saved/Config/Windows/Scalability.ini]
[2023.03.04-19.04.10:614][  0]LogConfig: Setting CVar [[r.HairStrands.SkyLighting.IntegrationType:2]]
[2023.03.04-19.04.10:614][  0]LogConfig: Setting CVar [[r.HairStrands.SkyAO.SampleCount:4]]
[2023.03.04-19.04.10:614][  0]LogConfig: Setting CVar [[r.HairStrands.Visibility.MSAA.SamplePerPixel:4]]
[2023.03.04-19.04.10:614][  0]LogConfig: Applying CVar settings from Section [Startup] File [../../../Engine/Config/ConsoleVariables.ini]
[2023.03.04-19.04.10:614][  0]LogConfig: Setting CVar [[net.UseAdaptiveNetUpdateFrequency:0]]
[2023.03.04-19.04.10:614][  0]LogConfig: Setting CVar [[p.chaos.AllowCreatePhysxBodies:1]]
[2023.03.04-19.04.10:614][  0]LogConfig: Setting CVar [[fx.SkipVectorVMBackendOptimizations:1]]
[2023.03.04-19.04.10:614][  0]LogConfig: Applying CVar settings from Section [ConsoleVariables] File [E:/Github/ProjectYJ/ProjectYJ/Saved/Config/Windows/Engine.ini]
[2023.03.04-19.04.10:615][  0]LogConfig: Applying CVar settings from Section [ConsoleVariables] File [E:/Github/ProjectYJ/ProjectYJ/Saved/Config/Windows/Editor.ini]
[2023.03.04-19.04.10:615][  0]LogInit: Computer: DESKTOP-YJ
[2023.03.04-19.04.10:615][  0]LogInit: User: YJ
[2023.03.04-19.04.10:615][  0]LogInit: CPU Page size=4096, Cores=6
[2023.03.04-19.04.10:615][  0]LogInit: High frequency timer resolution =10.000000 MHz
[2023.03.04-19.04.10:615][  0]LogMemory: Memory total: Physical=31.9GB (32GB approx)
[2023.03.04-19.04.10:615][  0]LogMemory: Platform Memory Stats for Windows
[2023.03.04-19.04.10:615][  0]LogMemory: Process Physical Memory: 134.20 MB used, 134.21 MB peak
[2023.03.04-19.04.10:615][  0]LogMemory: Process Virtual Memory: 104.55 MB used, 104.55 MB peak
[2023.03.04-19.04.10:615][  0]LogMemory: Physical Memory: 12678.79 MB used,  20015.48 MB free, 32694.27 MB total
[2023.03.04-19.04.10:615][  0]LogMemory: Virtual Memory: 134182728.00 MB used,  34996.78 MB free, 134217728.00 MB total
[2023.03.04-19.04.10:632][  0]LogWindows: WindowsPlatformFeatures enabled
[2023.03.04-19.04.10:838][  0]LogInit: Physics initialised using underlying interface: PhysX
[2023.03.04-19.04.10:840][  0]LogInit: Using OS detected language (ko-KR).
[2023.03.04-19.04.10:840][  0]LogInit: Using OS detected locale (ko-KR).
[2023.03.04-19.04.10:842][  0]LogTextLocalizationManager: No specific localization for 'ko-KR' exists, so the 'ko' localization will be used.
[2023.03.04-19.04.10:952][  0]LogInit: Setting process to per monitor DPI aware
[2023.03.04-19.04.11:035][  0]LogWindowsTextInputMethodSystem: Display: IME system deactivated.
[2023.03.04-19.04.11:065][  0]LogSlate: New Slate User Created.  User Index 0, Is Virtual User: 0
[2023.03.04-19.04.11:065][  0]LogSlate: Slate User Registered.  User Index 0, Is Virtual User: 0
[2023.03.04-19.04.11:317][  0]LogD3D11RHI: Loaded GFSDK_Aftermath_Lib.x64.dll
[2023.03.04-19.04.11:326][  0]LogHMD: Failed to initialize OpenVR with code 110
[2023.03.04-19.04.11:326][  0]LogD3D11RHI: D3D11 min allowed feature level: 11_0
[2023.03.04-19.04.11:326][  0]LogD3D11RHI: D3D11 max allowed feature level: 11_0
[2023.03.04-19.04.11:326][  0]LogD3D11RHI: D3D11 adapters:
[2023.03.04-19.04.11:577][  0]LogD3D11RHI:    0. 'NVIDIA GeForce RTX 3060 Ti' (Feature Level 11_0)
[2023.03.04-19.04.11:577][  0]LogD3D11RHI:       8050/0/16347 MB DedicatedVideo/DedicatedSystem/SharedSystem, Outputs:1, VendorId:0x10de
[2023.03.04-19.04.11:585][  0]LogD3D11RHI:    1. 'Microsoft Basic Render Driver' (Feature Level 11_0)
[2023.03.04-19.04.11:585][  0]LogD3D11RHI:       0/0/16347 MB DedicatedVideo/DedicatedSystem/SharedSystem, Outputs:0, VendorId:0x1414
[2023.03.04-19.04.11:585][  0]LogD3D11RHI: Chosen D3D11 Adapter:
[2023.03.04-19.04.11:585][  0]LogD3D11RHI:     Description : NVIDIA GeForce RTX 3060 Ti
[2023.03.04-19.04.11:585][  0]LogD3D11RHI:     VendorId    : 10de
[2023.03.04-19.04.11:585][  0]LogD3D11RHI:     DeviceId    : 2486
[2023.03.04-19.04.11:585][  0]LogD3D11RHI:     SubSysId    : 248610de
[2023.03.04-19.04.11:585][  0]LogD3D11RHI:     Revision    : 00a1
[2023.03.04-19.04.11:585][  0]LogD3D11RHI:     DedicatedVideoMemory : 8441036800 bytes
[2023.03.04-19.04.11:585][  0]LogD3D11RHI:     DedicatedSystemMemory : 0 bytes
[2023.03.04-19.04.11:585][  0]LogD3D11RHI:     SharedSystemMemory : 17141215232 bytes
[2023.03.04-19.04.11:585][  0]LogD3D11RHI:     AdapterLuid : 0 49665
[2023.03.04-19.04.11:592][  0]LogD3D11RHI: Creating new Direct3DDevice
[2023.03.04-19.04.11:592][  0]LogD3D11RHI:     GPU DeviceId: 0x2486 (for the marketing name, search the web for "GPU Device Id")
[2023.03.04-19.04.11:593][  0]LogWindows: EnumDisplayDevices:
[2023.03.04-19.04.11:593][  0]LogWindows:    0. 'NVIDIA GeForce RTX 3060 Ti' (P:1 D:1)
[2023.03.04-19.04.11:594][  0]LogWindows:    1. 'NVIDIA GeForce RTX 3060 Ti' (P:0 D:0)
[2023.03.04-19.04.11:595][  0]LogWindows:    2. 'NVIDIA GeForce RTX 3060 Ti' (P:0 D:0)
[2023.03.04-19.04.11:596][  0]LogWindows:    3. 'NVIDIA GeForce RTX 3060 Ti' (P:0 D:0)
[2023.03.04-19.04.11:597][  0]LogWindows: DebugString: FoundDriverCount:4 
[2023.03.04-19.04.11:597][  0]LogD3D11RHI:     Adapter Name: NVIDIA GeForce RTX 3060 Ti
[2023.03.04-19.04.11:597][  0]LogD3D11RHI:   Driver Version: 516.94 (internal:31.0.15.1694, unified:516.94)
[2023.03.04-19.04.11:597][  0]LogD3D11RHI:      Driver Date: 7-21-2022
[2023.03.04-19.04.11:597][  0]LogRHI: Texture pool is 5635 MB (70% of 8050 MB)
[2023.03.04-19.04.11:597][  0]LogD3D11RHI: Creating D3DDevice using adapter:
[2023.03.04-19.04.11:597][  0]LogD3D11RHI:     Description : NVIDIA GeForce RTX 3060 Ti
[2023.03.04-19.04.11:597][  0]LogD3D11RHI:     VendorId    : 10de
[2023.03.04-19.04.11:597][  0]LogD3D11RHI:     DeviceId    : 2486
[2023.03.04-19.04.11:598][  0]LogD3D11RHI:     SubSysId    : 248610de
[2023.03.04-19.04.11:598][  0]LogD3D11RHI:     Revision    : 00a1
[2023.03.04-19.04.11:598][  0]LogD3D11RHI:     DedicatedVideoMemory : 8441036800 bytes
[2023.03.04-19.04.11:598][  0]LogD3D11RHI:     DedicatedSystemMemory : 0 bytes
[2023.03.04-19.04.11:598][  0]LogD3D11RHI:     SharedSystemMemory : 17141215232 bytes
[2023.03.04-19.04.11:598][  0]LogD3D11RHI:     AdapterLuid : 0 49665
[2023.03.04-19.04.11:680][  0]LogD3D11RHI: RHI has support for 64 bit atomics
[2023.03.04-19.04.11:680][  0]LogD3D11RHI: Async texture creation enabled
[2023.03.04-19.04.11:680][  0]LogD3D11RHI: Array index from any shader is supported
[2023.03.04-19.04.11:684][  0]LogD3D11RHI: HDR output is supported on display 0 (NvId: 0x80061082).
[2023.03.04-19.04.11:698][  0]LogD3D11RHI: GPU Timing Frequency: 1000.000000 (Debug: 2 1)
[2023.03.04-19.04.11:823][  0]LogRHI: GeForceNow SDK initialized: 1
[2023.03.04-19.04.12:239][  0]LogTargetPlatformManager: Display: Loaded TargetPlatform 'AllDesktop'
[2023.03.04-19.04.12:273][  0]LogTargetPlatformManager: Display: Loaded TargetPlatform 'Android'
[2023.03.04-19.04.12:273][  0]LogTargetPlatformManager: Display: Loaded TargetPlatform 'Android_ASTC'
[2023.03.04-19.04.12:273][  0]LogTargetPlatformManager: Display: Loaded TargetPlatform 'Android_DXT'
[2023.03.04-19.04.12:274][  0]LogTargetPlatformManager: Display: Loaded TargetPlatform 'Android_ETC2'
[2023.03.04-19.04.12:274][  0]LogTargetPlatformManager: Display: Loaded TargetPlatform 'AndroidClient'
[2023.03.04-19.04.12:274][  0]LogTargetPlatformManager: Display: Loaded TargetPlatform 'Android_ASTCClient'
[2023.03.04-19.04.12:274][  0]LogTargetPlatformManager: Display: Loaded TargetPlatform 'Android_DXTClient'
[2023.03.04-19.04.12:274][  0]LogTargetPlatformManager: Display: Loaded TargetPlatform 'Android_ETC2Client'
[2023.03.04-19.04.12:274][  0]LogTargetPlatformManager: Display: Loaded TargetPlatform 'Android_Multi'
[2023.03.04-19.04.12:274][  0]LogTargetPlatformManager: Display: Loaded TargetPlatform 'Android_MultiClient'
[2023.03.04-19.04.12:324][  0]LogTargetPlatformManager: Display: Loaded TargetPlatform 'IOSClient'
[2023.03.04-19.04.12:325][  0]LogTargetPlatformManager: Display: Loaded TargetPlatform 'IOS'
[2023.03.04-19.04.12:361][  0]LogTargetPlatformManager: Display: Loaded TargetPlatform 'Lumin'
[2023.03.04-19.04.12:361][  0]LogTargetPlatformManager: Display: Loaded TargetPlatform 'LuminClient'
[2023.03.04-19.04.12:381][  0]LogTargetPlatformManager: Display: Loaded TargetPlatform 'MacNoEditor'
[2023.03.04-19.04.12:396][  0]LogTargetPlatformManager: Display: Loaded TargetPlatform 'Mac'
[2023.03.04-19.04.12:411][  0]LogTargetPlatformManager: Display: Loaded TargetPlatform 'MacClient'
[2023.03.04-19.04.12:426][  0]LogTargetPlatformManager: Display: Loaded TargetPlatform 'MacServer'
[2023.03.04-19.04.12:447][  0]LogTargetPlatformManager: Display: Loaded TargetPlatform 'TVOSClient'
[2023.03.04-19.04.12:447][  0]LogTargetPlatformManager: Display: Loaded TargetPlatform 'TVOS'
[2023.03.04-19.04.12:467][  0]LogTargetPlatformManager: Display: Loaded TargetPlatform 'WindowsNoEditor'
[2023.03.04-19.04.12:482][  0]LogTargetPlatformManager: Display: Loaded TargetPlatform 'Windows'
[2023.03.04-19.04.12:497][  0]LogTargetPlatformManager: Display: Loaded TargetPlatform 'WindowsClient'
[2023.03.04-19.04.12:512][  0]LogTargetPlatformManager: Display: Loaded TargetPlatform 'WindowsServer'
[2023.03.04-19.04.12:512][  0]LogTargetPlatformManager: Display: Building Assets For Windows
[2023.03.04-19.04.12:548][  0]LogAudioDebug: Display: Lib vorbis DLL was dynamically loaded.
[2023.03.04-19.04.12:680][  0]LogTextureFormatOodle: Display: Oodle Texture 2.9.0 init RDO Off
[2023.03.04-19.04.12:807][  0]LogRendererCore: Ray tracing is disabled. Reason: r.RayTracing=0.
[2023.03.04-19.04.12:807][  0]LogShaderCompilers: Guid format shader working directory is 4 characters bigger than the processId version (../../../../Github/ProjectYJ/ProjectYJ/Intermediate/Shaders/WorkingDirectory/13216/).
[2023.03.04-19.04.12:807][  0]LogShaderCompilers: Cleaned the shader compiler working directory 'C:/Users/YJ/AppData/Local/Temp/UnrealShaderWorkingDir/FFE7CFA5415EE3BA0E14C2A06A676B62/'.
[2023.03.04-19.04.12:808][  0]LogXGEController: Cannot use XGE Controller as Incredibuild is not installed on this machine.
[2023.03.04-19.04.12:808][  0]LogShaderCompilers: Cannot use XGE Shader Compiler as Incredibuild is not installed on this machine.
[2023.03.04-19.04.12:808][  0]LogShaderCompilers: Display: Using Local Shader Compiler.
[2023.03.04-19.04.13:664][  0]LogDerivedDataCache: Display: Max Cache Size: 512 MB
[2023.03.04-19.04.13:718][  0]LogDerivedDataCache: Loaded boot cache 0.05s 100MB ../../../../Github/ProjectYJ/ProjectYJ/DerivedDataCache/Boot.ddc.
[2023.03.04-19.04.13:718][  0]LogDerivedDataCache: Display: Loaded Boot cache: ../../../../Github/ProjectYJ/ProjectYJ/DerivedDataCache/Boot.ddc
[2023.03.04-19.04.13:718][  0]LogDerivedDataCache: FDerivedDataBackendGraph:  Pak pak cache file ../../../../Github/ProjectYJ/ProjectYJ/DerivedDataCache/DDC.ddp not found, will not use a pak cache.
[2023.03.04-19.04.13:718][  0]LogDerivedDataCache: Unable to find inner node Pak for hierarchical cache Hierarchy.
[2023.03.04-19.04.13:718][  0]LogDerivedDataCache: FDerivedDataBackendGraph:  EnginePak pak cache file ../../../Engine/DerivedDataCache/DDC.ddp not found, will not use a pak cache.
[2023.03.04-19.04.13:718][  0]LogDerivedDataCache: Unable to find inner node EnginePak for hierarchical cache Hierarchy.
[2023.03.04-19.04.13:735][  0]LogDerivedDataCache: Speed tests for ../../../Engine/DerivedDataCache took 0.02 seconds
[2023.03.04-19.04.13:735][  0]LogDerivedDataCache: Display: Performance to ../../../Engine/DerivedDataCache: Latency=0.01ms. RandomReadSpeed=498.55MBs, RandomWriteSpeed=63.52MBs. Assigned SpeedClass 'Local'
[2023.03.04-19.04.13:737][  0]LogDerivedDataCache: Using Local data cache path ../../../Engine/DerivedDataCache: Writable
[2023.03.04-19.04.13:737][  0]LogDerivedDataCache: Shared data cache path not found in *engine.ini, will not use an Shared cache.
[2023.03.04-19.04.13:738][  0]LogDerivedDataCache: Unable to find inner node Shared for hierarchical cache Hierarchy.
[2023.03.04-19.04.13:792][  0]LogSlate: Using FreeType 2.10.0
[2023.03.04-19.04.13:793][  0]LogSlate: SlateFontServices - WITH_FREETYPE: 1, WITH_HARFBUZZ: 1
[2023.03.04-19.04.13:818][  0]LogAssetRegistry: FAssetRegistry took 0.0045 seconds to start up
[2023.03.04-19.04.14:066][  0]LogInit: Selected Device Profile: [Windows]
[2023.03.04-19.04.14:066][  0]LogInit: Active device profile: [000001F70E880F00][000001F707B1E900 49] Windows
[2023.03.04-19.04.14:066][  0]LogInit: Profiles: [000001F70E880F00][000001F707B1E900 49] Windows, [000001F70E83EC00][000001F707B2AA80 49] WindowsNoEditor, [000001F70E881F00][000001F70F8AAC00 49] WindowsServer, [000001F70E83DD00][000001F70F91ED80 49] WindowsClient, [000001F70E881200][000001F70F922F00 49] IOS, [000001F70E83D800][000001F70F927080 49] iPadAir, [000001F70E883300][000001F70F959200 49] iPadAir2, [000001F70E78D300][000001F70F9834C0 49] IPadPro, [000001F70E78D400][000001F70F975500 49] iPadAir3, [000001F70E83CB00][000001F70F987680 49] iPadAir4, [000001F70E78E100][000001F70F98B800 49] iPadMini2, [000001F70E83FC00][000001F703B95980 49] iPadMini3, [000001F70E78EC00][000001F70F579B00 49] iPadMini4, [000001F70E83EE00][000001F70F57C100 49] iPadMini5, [000001F70E7B8E00][000001F703B98340 49] iPhone6, [000001F70E7B8F00][000001F707B26380 49] iPodTouch6, [000001F70E883700][000001F703BA05C0 49] iPhone7, [000001F70E882800][000001F703B9C600 49] iPodTouch7, [000001F70E78D100][000001F703BBC780 49] iPhone5S, [000001F70E881100][000001F703BC0900 49] iPhone6Plus, [000001F70E78EA00][000001F7048DAA80 49] iPhone6S, [000001F70E881A00][000001F7048DEC00 49] iPhone6SPlus, [000001F70E7B8100][000001F7048E2D80 49] iPhone7Plus, [000001F70E78DD00][000001F7048ECF00 49] iPhoneSE, [000001F70E7B8C00][000001F70E133080 49] iPhone8, [000001F70E78C400][000001F707B23200 49] iPhone8Plus, [000001F70E7BAA00][000001F70F839380 49] iPhoneX, [000001F70E78FC00][000001F70F83D500 49] iPhoneXS, [000001F70E7BA900][000001F70F841680 49] iPhoneXSMax, [000001F70E78CB00][000001F70F845800 49] iPhoneXR, [000001F70E883800][000001F70F849980 49] iPhone11, [000001F70E78FD00][000001F70F855B00 49] iPhone11Pro, [000001F70E881B00][000001F707AFE100 49] iPhone11ProMax, [000001F70E78D500][000001F707B02280 49] iPhoneSE2, [000001F70E881E00][000001F703BB83C0 49] iPhone12Mini, [000001F70E78F100][000001F70F834500 49] iPhone12, [000001F70E883400][000001F7048F0640 49] iPhone12Pro, [000001F70E78CD00][000001F707B06780 49] iPhone12ProMax, [000001F70E883C00][000001F70491E900 49] iPadPro105, [000001F70E78F700][000001F70491AA80 49] iPadPro129, [000001F70E882A00][000001F704916C00 49] iPadPro97, [000001F70E78C900][000001F703BDED80 49] iPadPro2_129, [000001F70E880800][000001F703B42F00 49] iPad5, [000001F70E78D000][000001F70E12F080 49] iPad6, [000001F70E880400][000001F707B0B200 49] iPad7, [000001F70E78EB00][000001F70F6F1380 49] iPad8, [000001F70E881400][000001F70F6F5500 49] iPadPro11, [000001F70E78C800][000001F70F6F9680 49] iPadPro2_11, [000001F70E883D00][000001F70F6FD800 49] iPadPro3_129, [000001F70E78C600][000001F70F701980 49] iPadPro4_129, [000001F70E883000][000001F70F705B00 49] AppleTV, [000001F70E78F500][000001F70F708100 49] AppleTV4K, [000001F70E882E00][000001F70F70C280 49] TVOS, [000001F70E78D700][000001F70F710400 49] Mac, [000001F70E882300][000001F707B0E540 49] MacClient, [000001F70E78FE00][000001F70F714680 49] MacNoEditor, [000001F70E881000][000001F70F7187C0 49] MacServer, [000001F70E78CE00][000001F70F8AE900 49] Linux, [000001F70E882B00][000001F70F8B6A80 49] LinuxAArch64, [000001F70E78ED00][000001F70F8BAC00 49] LinuxNoEditor, [000001F70E882400][000001F70F8BED80 49] LinuxAArch64NoEditor, [000001F70E78F900][000001F70F8C2F00 49] LinuxClient, [000001F70E882600][000001F70F8C7080 49] LinuxAArch64Client, [000001F70E78E200][000001F70F8CB200 49] LinuxServer, [000001F70E882000][000001F70F8CF380 49] LinuxAArch64Server, [000001F70E78DA00][000001F70F8D3500 49] Android, [000001F70E882200][000001F70F8D7680 49] Android_Low, [000001F70E78E400][000001F70F8DB800 49] Android_Mid, [000001F70E882D00][000001F70F8DF980 49] Android_High, [000001F70E78C500][000001F70F8E3B00 49] Android_Default, [000001F70E880500][000001F70F8E6100 49] Android_Adreno4xx, [000001F70E78F400][000001F70F8EA280 49] Android_Adreno5xx_Low, [000001F70E880700][000001F70F8EE400 49] Android_Adreno5xx, [000001F70E78F300][000001F70F8F2580 49] Android_Adreno6xx, [000001F70E881900][000001F70F8F6700 49] Android_Adreno6xx_Vulkan, [000001F70E78F200][000001F70F8B2840 49] Android_Mali_T6xx, [000001F70E883600][000001F70F8FA980 49] Android_Mali_T7xx, [000001F70E83DC00][000001F70F8FEAC0 49] Android_Mali_T8xx, [000001F70E7B9600][000001F70F906C40 49] Android_Mali_G71, [000001F70E83DE00][000001F70F90ADC0 49] Android_Mali_G72, [000001F70E7B9500][000001F70F90EF40 49] Android_Mali_G72_Vulkan, [000001F70E83FB00][000001F70F9130C0 49] Android_Mali_G76, [000001F70E7BB000][000001F70F917240 49] Android_Mali_G76_Vulkan, [000001F70E83F300][000001F70F91B3C0 49] Android_Mali_G77, [000001F70E7B8A00][000001F70F591540 49] Android_Mali_G77_Vulkan, [000001F70E83D900][000001F70F5956C0 49] Android_Mali_G78, [000001F70E7B9100][000001F70F599840 49] Android_Mali_G78_Vulkan, [000001F70E83D400][000001F70F59D9C0 49] Android_Mali_G710, [000001F70E7B9400][000001F70F5A1B40 49] Android_Mali_G710_Vulkan, [000001F70E83D600][000001F70F5A4140 49] Android_Vulkan_SM5, [000001F70E7BA700][000001F70F5A82C0 49] Android_PowerVR_G6xxx, [000001F70E83F800][000001F70F5AC440 49] Android_PowerVR_GT7xxx, [000001F70E7B9E00][000001F70F5B05C0 49] Android_PowerVR_GE8xxx, [000001F70E83F700][000001F70F5B4740 49] Android_PowerVR_GM9xxx, [000001F70E7B8200][000001F70F5B88C0 49] Android_PowerVR_GM9xxx_Vulkan, [000001F70E83FA00][000001F70F902A00 49] Android_TegraK1, [000001F70E7B9D00][000001F70F5BCB40 49] Android_Unknown_Vulkan, [000001F70E83EB00][000001F70F5C0C80 49] Lumin, [000001F70E7B8600][000001F70F5C4DC0 49] Lumin_Desktop, [000001F70E83C100][000001F70F5CCF40 49] HoloLens, 
[2023.03.04-19.04.14:341][  0]LogMeshReduction: Using QuadricMeshReduction for automatic static mesh reduction
[2023.03.04-19.04.14:341][  0]LogMeshReduction: Using SimplygonMeshReduction for automatic skeletal mesh reduction
[2023.03.04-19.04.14:341][  0]LogMeshReduction: Using ProxyLODMeshReduction for automatic mesh merging
[2023.03.04-19.04.14:341][  0]LogMeshReduction: No distributed automatic mesh merging module available
[2023.03.04-19.04.14:342][  0]LogMeshMerging: No distributed automatic mesh merging module available
[2023.03.04-19.04.14:372][  0]LogNetVersion: ProjectYJ 1.0.0, NetCL: 0, EngineNetVer: 17, GameNetVer: 0 (Checksum: 2909777257)
[2023.03.04-19.04.14:801][  0]LogTexture: Default maximum texture size for cubemaps generated from long-lat sources has been changed from 512 to unlimited. In order to preserve old behaiour for '/Engine/MapTemplates/Sky/DaylightAmbientCubemap.DaylightAmbientCubemap', its maximum texture size has been explicitly set to 512.
[2023.03.04-19.04.14:856][  0]LogHMD: PokeAHoleMaterial loaded successfully
[2023.03.04-19.04.14:861][  0]LogUObjectArray: 17169 objects as part of root set at end of initial load.
[2023.03.04-19.04.14:861][  0]LogUObjectAllocator: 4300016 out of 0 bytes used by permanent object pool.
[2023.03.04-19.04.14:861][  0]LogUObjectArray: CloseDisregardForGC: 0/0 objects in disregard for GC pool
[2023.03.04-19.04.15:780][  0]LogNiagaraDebuggerClient: Niagara Debugger Client Initialized | Session: 9347624748518EC72984A4B5EDDD79E7 | Instance: 45CF11C044A86CAB9E924B82AB271021 (DESKTOP-YJ-13216).
[2023.03.04-19.04.16:191][  0]LogTcpMessaging: Initializing TcpMessaging bridge
[2023.03.04-19.04.16:209][  0]LogUdpMessaging: Initializing bridge on interface 0.0.0.0:0 to multicast group 230.0.0.1:6666.
[2023.03.04-19.04.16:422][  0]LogPython: Using Python 3.7.7
[2023.03.04-19.04.17:458][  0]SourceControl: 소스 컨트롤이 꺼졌습니다.
[2023.03.04-19.04.17:459][  0]SourceControl: 소스 컨트롤이 꺼졌습니다.
[2023.03.04-19.04.17:477][  0]SourceControl: 소스 컨트롤이 꺼졌습니다.
[2023.03.04-19.04.17:496][  0]SourceControl: 소스 컨트롤이 꺼졌습니다.
[2023.03.04-19.04.17:548][  0]SourceControl: 소스 컨트롤이 꺼졌습니다.
[2023.03.04-19.04.17:577][  0]LogUProjectInfo: Found projects:
[2023.03.04-19.04.18:078][  0]LogAudioCaptureCore: Display: No Audio Capture implementations found. Audio input will be silent.
[2023.03.04-19.04.18:078][  0]LogAudioCaptureCore: Display: No Audio Capture implementations found. Audio input will be silent.
[2023.03.04-19.04.18:267][  0]LogAndroidPermission: UAndroidPermissionCallbackProxy::GetInstance
[2023.03.04-19.04.18:871][  0]LogOpenImageDenoise: OIDN starting up
[2023.03.04-19.04.18:900][  0]LogCollectionManager: Loaded 0 collections in 0.000613 seconds
[2023.03.04-19.04.18:965][  0]LogFileCache: Scanning file cache for directory 'E:/Github/ProjectYJ/ProjectYJ/Saved/Collections/' took 0.00s
[2023.03.04-19.04.18:965][  0]LogFileCache: Scanning file cache for directory 'E:/Github/ProjectYJ/ProjectYJ/Content/Developers/YJ/Collections/' took 0.00s
[2023.03.04-19.04.18:965][  0]LogFileCache: Scanning file cache for directory 'E:/Github/ProjectYJ/ProjectYJ/Content/Collections/' took 0.00s
[2023.03.04-19.04.18:965][  0]LogOcInput: OculusInput pre-init called
[2023.03.04-19.04.19:339][  0]LogEngine: Initializing Engine...
[2023.03.04-19.04.19:343][  0]LogHMD: Failed to enumerate extensions. Please check that you have a valid OpenXR runtime installed.
[2023.03.04-19.04.19:344][  0]LogHMD: Failed to initialize OpenVR with code 110
[2023.03.04-19.04.19:344][  0]LogMagicLeap: Warning: VR disabled because ZI is not enabled.  To enable, in the editor, Edit -> Project Settings -> Plugins -> Magic Leap Plugin -> Enable Zero Iteration
[2023.03.04-19.04.19:345][  0]LogStats: UGameplayTagsManager::InitializeManager -  0.000 s
[2023.03.04-19.04.19:474][  0]LogInit: Initializing FReadOnlyCVARCache
[2023.03.04-19.04.19:495][  0]LogAIModule: Creating AISystem for world Untitled
[2023.03.04-19.04.19:498][  0]LogAudio: Display: Initializing Audio Device Manager...
[2023.03.04-19.04.19:514][  0]LogAudio: Display: Loading Default Audio Settings Objects...
[2023.03.04-19.04.19:515][  0]LogAudio: Display: No default SoundConcurrencyObject specified (or failed to load).
[2023.03.04-19.04.19:516][  0]LogAudio: Display: Audio Device Manager Initialized
[2023.03.04-19.04.19:516][  0]LogAudio: Display: Creating Audio Device:                 Id: 1, Scope: Shared, Realtime: True
[2023.03.04-19.04.19:516][  0]LogAudioMixer: Display: Audio Mixer Platform Settings:
[2023.03.04-19.04.19:516][  0]LogAudioMixer: Display: 	Sample Rate:						  48000
[2023.03.04-19.04.19:516][  0]LogAudioMixer: Display: 	Callback Buffer Frame Size Requested: 1024
[2023.03.04-19.04.19:516][  0]LogAudioMixer: Display: 	Callback Buffer Frame Size To Use:	  1024
[2023.03.04-19.04.19:516][  0]LogAudioMixer: Display: 	Number of buffers to queue:			  2
[2023.03.04-19.04.19:516][  0]LogAudioMixer: Display: 	Max Channels (voices):				  32
[2023.03.04-19.04.19:517][  0]LogAudioMixer: Display: 	Number of Async Source Workers:		  0
[2023.03.04-19.04.19:517][  0]LogAudio: Display: AudioDevice MaxSources: 32
[2023.03.04-19.04.19:517][  0]LogAudio: Display: Audio Spatialization Plugin: None (built-in).
[2023.03.04-19.04.19:517][  0]LogAudio: Display: Audio Reverb Plugin: None (built-in).
[2023.03.04-19.04.19:517][  0]LogAudio: Display: Audio Occlusion Plugin: None (built-in).
[2023.03.04-19.04.19:517][  0]LogAudioMixer: Display: Initializing audio mixer.
[2023.03.04-19.04.19:554][  0]LogAudioMixer: Display: 0: FrontLeft
[2023.03.04-19.04.19:554][  0]LogAudioMixer: Display: 1: FrontRight
[2023.03.04-19.04.19:623][  0]LogAudioMixer: Display: Using Audio Device 스피커(Realtek High Definition Audio)
[2023.03.04-19.04.19:626][  0]LogAudioMixer: Display: Initializing Sound Submixes...
[2023.03.04-19.04.19:630][  0]LogAudioMixer: Display: Creating Master Submix 'MasterSubmixDefault'
[2023.03.04-19.04.19:630][  0]LogAudioMixer: Display: Creating Master Submix 'MasterReverbSubmixDefault'
[2023.03.04-19.04.19:631][  0]LogAudioMixer: Display: Creating Master Submix 'MasterEQSubmixDefault'
[2023.03.04-19.04.19:631][  0]LogAudioMixer: FMixerPlatformXAudio2::StartAudioStream() called
[2023.03.04-19.04.19:631][  0]LogAudioMixer: Display: Output buffers initialized: Frames=1024, Channels=2, Samples=2048
[2023.03.04-19.04.19:633][  0]LogAudioMixer: Display: Starting AudioMixerPlatformInterface::RunInternal()
[2023.03.04-19.04.19:633][  0]LogAudioMixer: Display: FMixerPlatformXAudio2::SubmitBuffer() called for the first time
[2023.03.04-19.04.19:633][  0]LogInit: FAudioDevice initialized.
[2023.03.04-19.04.19:633][  0]LogAudio: Display: Audio Device (ID: 1) registered with world 'Untitled'.
[2023.03.04-19.04.19:634][  0]LogNetVersion: Set ProjectVersion to 1.0.0.0. Version Checksum will be recalculated on next use.
[2023.03.04-19.04.19:718][  0]LogDerivedDataCache: Saved boot cache 0.08s 100MB ../../../../Github/ProjectYJ/ProjectYJ/DerivedDataCache/Boot.ddc.
[2023.03.04-19.04.19:718][  0]LogInit: Texture streaming: Enabled
[2023.03.04-19.04.19:758][  0]LogAnalytics: Display: [UEEditor.UnrealEngine.Release] APIServer = https://datarouter.ol.epicgames.com/. AppVersion = 4.27.2-0+++UE4+Release-4.27
[2023.03.04-19.04.19:773][  0]LogEngineSessionManager: EngineSessionManager initialized
[2023.03.04-19.04.19:773][  0]LogEditorSessionSummary: Verbose: Initializing EditorSessionSummaryWriter for editor session tracking
[2023.03.04-19.04.19:781][  0]LogEditorSessionSummary: EditorSessionSummaryWriter initialized
[2023.03.04-19.04.19:828][  0]LogInit: Transaction tracking system initialized
[2023.03.04-19.04.19:931][  0]BlueprintLog: New page: 에디터 로드
[2023.03.04-19.04.20:180][  0]LocalizationService: 현지화 서비스가 비활성화되었습니다.
[2023.03.04-19.04.20:283][  0]TimingProfiler: Initialize
[2023.03.04-19.04.20:284][  0]TimingProfiler: OnSessionChanged
[2023.03.04-19.04.20:284][  0]LoadingProfiler: Initialize
[2023.03.04-19.04.20:284][  0]LoadingProfiler: OnSessionChanged
[2023.03.04-19.04.20:284][  0]NetworkingProfiler: Initialize
[2023.03.04-19.04.20:284][  0]NetworkingProfiler: OnSessionChanged
[2023.03.04-19.04.20:284][  0]MemoryProfiler: Initialize
[2023.03.04-19.04.20:284][  0]MemoryProfiler: OnSessionChanged
[2023.03.04-19.04.20:592][  0]LogCook: Display: CookSettings for Memory: MemoryMaxUsedVirtual 0MiB, MemoryMaxUsedPhysical 16384MiB, MemoryMinFreeVirtual 0MiB, MemoryMinFreePhysical 1024MiB
[2023.03.04-19.04.20:592][  0]LogCook: Display: Mobile HDR setting 1
[2023.03.04-19.04.21:191][  0]LogFileCache: Scanning file cache for directory 'E:/Github/ProjectYJ/ProjectYJ/Content/' took 0.02s
[2023.03.04-19.04.21:448][  0]LogModuleManager: Warning: ModuleManager: Unable to load module 'SequenceRecorderSections'  - 0 instances of that module name found.
[2023.03.04-19.04.21:448][  0]LogInit: Display: Engine is initialized. Leaving FEngineLoop::Init()
[2023.03.04-19.04.21:454][  0]SourceControl: 소스 컨트롤이 꺼졌습니다.
[2023.03.04-19.04.21:454][  0]LogUnrealEdMisc: Loading editor; pre map load, took 12.771
[2023.03.04-19.04.21:455][  0]Cmd: MAP LOAD FILE="../../../../Github/ProjectYJ/ProjectYJ/Content/Levels/TestWorld.umap" TEMPLATE=0 SHOWPROGRESS=1 FEATURELEVEL=3
[2023.03.04-19.04.21:455][  0]LightingResults: New page: 라이팅 빌드
[2023.03.04-19.04.21:456][  0]LogWorld: UWorld::CleanupWorld for Untitled, bSessionEnded=true, bCleanupResources=true
[2023.03.04-19.04.21:457][  0]LogSlate: InvalidateAllWidgets triggered.  All widgets were invalidated
[2023.03.04-19.04.21:457][  0]MapCheck: New page: 맵 체크
[2023.03.04-19.04.21:457][  0]LightingResults: New page: 라이팅 빌드
[2023.03.04-19.04.21:462][  0]LogAudio: Display: Audio Device unregistered from world 'None'.
[2023.03.04-19.04.21:466][  0]LogUObjectHash: Compacting FUObjectHashTables data took   0.87ms
[2023.03.04-19.04.21:950][  0]LogAudio: Display: Audio Device (ID: 1) registered with world 'TestWorld'.
[2023.03.04-19.04.21:951][  0]LogAIModule: Creating AISystem for world TestWorld
[2023.03.04-19.04.21:955][  0]LogEditorServer: Finished looking for orphan Actors (0.000 secs)
[2023.03.04-19.04.21:967][  0]LogUObjectHash: Compacting FUObjectHashTables data took   0.92ms
[2023.03.04-19.04.21:970][  0]Cmd: MAP CHECKDEP NOCLEARLOG
[2023.03.04-19.04.21:970][  0]MapCheck: 맵 체크 완료: 오류 0 회, 경고 0 회, 소요 시간 0.115ms.
[2023.03.04-19.04.21:970][  0]LogFileHelpers: Loading map 'TestWorld' took 0.515
[2023.03.04-19.04.21:973][  0]LogUnrealEdMisc: Total Editor Startup Time, took 13.290
[2023.03.04-19.04.22:087][  0]LogSlate: Updating window title bar state: overlay mode, drag disabled, window buttons hidden, title bar hidden
[2023.03.04-19.04.22:093][  0]LogSlate: Updating window title bar state: overlay mode, drag disabled, window buttons hidden, title bar hidden
[2023.03.04-19.04.22:099][  0]LogSlate: Updating window title bar state: overlay mode, drag disabled, window buttons hidden, title bar hidden
[2023.03.04-19.04.22:105][  0]LogSlate: Updating window title bar state: overlay mode, drag disabled, window buttons hidden, title bar hidden
[2023.03.04-19.04.22:122][  0]LogNativeClassHierarchy: Verbose: Native class hierarchy populated in 0.0094 seconds. Added 3831 classes and 938 folders.
[2023.03.04-19.04.22:125][  0]LogNativeClassHierarchy: Verbose: Native class hierarchy updated for 'WidgetCarousel' in 0.0003 seconds. Added 0 classes and 0 folders.
[2023.03.04-19.04.22:127][  0]LogShaderLibrary: Display: ShaderCodeLibraryPakFileMountedCallback: PakFile 'E:/UnrealEngine-4.27.2-release/FeaturePacks/FP_FirstPerson.upack' (chunk index -1, root 'root:/') mounted
[2023.03.04-19.04.22:127][  0]LogShaderLibrary: Display: ShaderCodeLibraryPakFileMountedCallback: pending pak file info (ChunkID:-1 Root:root:/ File:E:/UnrealEngine-4.27.2-release/FeaturePacks/FP_FirstPerson.upack)
[2023.03.04-19.04.22:127][  0]LogPakFile: OnPakFileMounted2Time == 0.000219
[2023.03.04-19.04.22:128][  0]LogShaderLibrary: Display: ShaderCodeLibraryPakFileMountedCallback: PakFile 'E:/UnrealEngine-4.27.2-release/FeaturePacks/FP_FirstPersonBP.upack' (chunk index -1, root 'root:/') mounted
[2023.03.04-19.04.22:129][  0]LogShaderLibrary: Display: ShaderCodeLibraryPakFileMountedCallback: pending pak file info (ChunkID:-1 Root:root:/ File:E:/UnrealEngine-4.27.2-release/FeaturePacks/FP_FirstPersonBP.upack)
[2023.03.04-19.04.22:129][  0]LogPakFile: OnPakFileMounted2Time == 0.000212
[2023.03.04-19.04.22:130][  0]LogShaderLibrary: Display: ShaderCodeLibraryPakFileMountedCallback: PakFile 'E:/UnrealEngine-4.27.2-release/FeaturePacks/MobileStarterContent.upack' (chunk index -1, root 'root:/') mounted
[2023.03.04-19.04.22:130][  0]LogShaderLibrary: Display: ShaderCodeLibraryPakFileMountedCallback: pending pak file info (ChunkID:-1 Root:root:/ File:E:/UnrealEngine-4.27.2-release/FeaturePacks/MobileStarterContent.upack)
[2023.03.04-19.04.22:130][  0]LogPakFile: OnPakFileMounted2Time == 0.000207
[2023.03.04-19.04.22:131][  0]LogShaderLibrary: Display: ShaderCodeLibraryPakFileMountedCallback: PakFile 'E:/UnrealEngine-4.27.2-release/FeaturePacks/StarterContent.upack' (chunk index -1, root 'root:/') mounted
[2023.03.04-19.04.22:131][  0]LogShaderLibrary: Display: ShaderCodeLibraryPakFileMountedCallback: pending pak file info (ChunkID:-1 Root:root:/ File:E:/UnrealEngine-4.27.2-release/FeaturePacks/StarterContent.upack)
[2023.03.04-19.04.22:131][  0]LogPakFile: OnPakFileMounted2Time == 0.000183
[2023.03.04-19.04.22:132][  0]LogShaderLibrary: Display: ShaderCodeLibraryPakFileMountedCallback: PakFile 'E:/UnrealEngine-4.27.2-release/FeaturePacks/TP_2DSideScroller.upack' (chunk index -1, root 'root:/') mounted
[2023.03.04-19.04.22:132][  0]LogShaderLibrary: Display: ShaderCodeLibraryPakFileMountedCallback: pending pak file info (ChunkID:-1 Root:root:/ File:E:/UnrealEngine-4.27.2-release/FeaturePacks/TP_2DSideScroller.upack)
[2023.03.04-19.04.22:132][  0]LogPakFile: OnPakFileMounted2Time == 0.000178
[2023.03.04-19.04.22:133][  0]LogShaderLibrary: Display: ShaderCodeLibraryPakFileMountedCallback: PakFile 'E:/UnrealEngine-4.27.2-release/FeaturePacks/TP_2DSideScrollerBP.upack' (chunk index -1, root 'root:/') mounted
[2023.03.04-19.04.22:133][  0]LogShaderLibrary: Display: ShaderCodeLibraryPakFileMountedCallback: pending pak file info (ChunkID:-1 Root:root:/ File:E:/UnrealEngine-4.27.2-release/FeaturePacks/TP_2DSideScrollerBP.upack)
[2023.03.04-19.04.22:133][  0]LogPakFile: OnPakFileMounted2Time == 0.000173
[2023.03.04-19.04.22:134][  0]LogShaderLibrary: Display: ShaderCodeLibraryPakFileMountedCallback: PakFile 'E:/UnrealEngine-4.27.2-release/FeaturePacks/TP_Flying.upack' (chunk index -1, root 'root:/') mounted
[2023.03.04-19.04.22:134][  0]LogShaderLibrary: Display: ShaderCodeLibraryPakFileMountedCallback: pending pak file info (ChunkID:-1 Root:root:/ File:E:/UnrealEngine-4.27.2-release/FeaturePacks/TP_Flying.upack)
[2023.03.04-19.04.22:134][  0]LogPakFile: OnPakFileMounted2Time == 0.000189
[2023.03.04-19.04.22:135][  0]LogShaderLibrary: Display: ShaderCodeLibraryPakFileMountedCallback: PakFile 'E:/UnrealEngine-4.27.2-release/FeaturePacks/TP_FlyingBP.upack' (chunk index -1, root 'root:/') mounted
[2023.03.04-19.04.22:135][  0]LogShaderLibrary: Display: ShaderCodeLibraryPakFileMountedCallback: pending pak file info (ChunkID:-1 Root:root:/ File:E:/UnrealEngine-4.27.2-release/FeaturePacks/TP_FlyingBP.upack)
[2023.03.04-19.04.22:135][  0]LogPakFile: OnPakFileMounted2Time == 0.000174
[2023.03.04-19.04.22:136][  0]LogShaderLibrary: Display: ShaderCodeLibraryPakFileMountedCallback: PakFile 'E:/UnrealEngine-4.27.2-release/FeaturePacks/TP_Puzzle.upack' (chunk index -1, root 'root:/') mounted
[2023.03.04-19.04.22:136][  0]LogShaderLibrary: Display: ShaderCodeLibraryPakFileMountedCallback: pending pak file info (ChunkID:-1 Root:root:/ File:E:/UnrealEngine-4.27.2-release/FeaturePacks/TP_Puzzle.upack)
[2023.03.04-19.04.22:136][  0]LogPakFile: OnPakFileMounted2Time == 0.000171
[2023.03.04-19.04.22:137][  0]LogShaderLibrary: Display: ShaderCodeLibraryPakFileMountedCallback: PakFile 'E:/UnrealEngine-4.27.2-release/FeaturePacks/TP_PuzzleBP.upack' (chunk index -1, root 'root:/') mounted
[2023.03.04-19.04.22:137][  0]LogShaderLibrary: Display: ShaderCodeLibraryPakFileMountedCallback: pending pak file info (ChunkID:-1 Root:root:/ File:E:/UnrealEngine-4.27.2-release/FeaturePacks/TP_PuzzleBP.upack)
[2023.03.04-19.04.22:138][  0]LogPakFile: OnPakFileMounted2Time == 0.000188
[2023.03.04-19.04.22:138][  0]LogShaderLibrary: Display: ShaderCodeLibraryPakFileMountedCallback: PakFile 'E:/UnrealEngine-4.27.2-release/FeaturePacks/TP_Rolling.upack' (chunk index -1, root 'root:/') mounted
[2023.03.04-19.04.22:139][  0]LogShaderLibrary: Display: ShaderCodeLibraryPakFileMountedCallback: pending pak file info (ChunkID:-1 Root:root:/ File:E:/UnrealEngine-4.27.2-release/FeaturePacks/TP_Rolling.upack)
[2023.03.04-19.04.22:139][  0]LogPakFile: OnPakFileMounted2Time == 0.000173
[2023.03.04-19.04.22:140][  0]LogShaderLibrary: Display: ShaderCodeLibraryPakFileMountedCallback: PakFile 'E:/UnrealEngine-4.27.2-release/FeaturePacks/TP_RollingBP.upack' (chunk index -1, root 'root:/') mounted
[2023.03.04-19.04.22:140][  0]LogShaderLibrary: Display: ShaderCodeLibraryPakFileMountedCallback: pending pak file info (ChunkID:-1 Root:root:/ File:E:/UnrealEngine-4.27.2-release/FeaturePacks/TP_RollingBP.upack)
[2023.03.04-19.04.22:140][  0]LogPakFile: OnPakFileMounted2Time == 0.000263
[2023.03.04-19.04.22:141][  0]LogShaderLibrary: Display: ShaderCodeLibraryPakFileMountedCallback: PakFile 'E:/UnrealEngine-4.27.2-release/FeaturePacks/TP_SideScroller.upack' (chunk index -1, root 'root:/') mounted
[2023.03.04-19.04.22:141][  0]LogShaderLibrary: Display: ShaderCodeLibraryPakFileMountedCallback: pending pak file info (ChunkID:-1 Root:root:/ File:E:/UnrealEngine-4.27.2-release/FeaturePacks/TP_SideScroller.upack)
[2023.03.04-19.04.22:142][  0]LogPakFile: OnPakFileMounted2Time == 0.000229
[2023.03.04-19.04.22:142][  0]LogShaderLibrary: Display: ShaderCodeLibraryPakFileMountedCallback: PakFile 'E:/UnrealEngine-4.27.2-release/FeaturePacks/TP_SideScrollerBP.upack' (chunk index -1, root 'root:/') mounted
[2023.03.04-19.04.22:143][  0]LogShaderLibrary: Display: ShaderCodeLibraryPakFileMountedCallback: pending pak file info (ChunkID:-1 Root:root:/ File:E:/UnrealEngine-4.27.2-release/FeaturePacks/TP_SideScrollerBP.upack)
[2023.03.04-19.04.22:143][  0]LogPakFile: OnPakFileMounted2Time == 0.000195
[2023.03.04-19.04.22:144][  0]LogShaderLibrary: Display: ShaderCodeLibraryPakFileMountedCallback: PakFile 'E:/UnrealEngine-4.27.2-release/FeaturePacks/TP_ThirdPerson.upack' (chunk index -1, root 'root:/') mounted
[2023.03.04-19.04.22:144][  0]LogShaderLibrary: Display: ShaderCodeLibraryPakFileMountedCallback: pending pak file info (ChunkID:-1 Root:root:/ File:E:/UnrealEngine-4.27.2-release/FeaturePacks/TP_ThirdPerson.upack)
[2023.03.04-19.04.22:144][  0]LogPakFile: OnPakFileMounted2Time == 0.000183
[2023.03.04-19.04.22:145][  0]LogShaderLibrary: Display: ShaderCodeLibraryPakFileMountedCallback: PakFile 'E:/UnrealEngine-4.27.2-release/FeaturePacks/TP_ThirdPersonBP.upack' (chunk index -1, root 'root:/') mounted
[2023.03.04-19.04.22:145][  0]LogShaderLibrary: Display: ShaderCodeLibraryPakFileMountedCallback: pending pak file info (ChunkID:-1 Root:root:/ File:E:/UnrealEngine-4.27.2-release/FeaturePacks/TP_ThirdPersonBP.upack)
[2023.03.04-19.04.22:145][  0]LogPakFile: OnPakFileMounted2Time == 0.000177
[2023.03.04-19.04.22:146][  0]LogShaderLibrary: Display: ShaderCodeLibraryPakFileMountedCallback: PakFile 'E:/UnrealEngine-4.27.2-release/FeaturePacks/TP_TopDown.upack' (chunk index -1, root 'root:/') mounted
[2023.03.04-19.04.22:146][  0]LogShaderLibrary: Display: ShaderCodeLibraryPakFileMountedCallback: pending pak file info (ChunkID:-1 Root:root:/ File:E:/UnrealEngine-4.27.2-release/FeaturePacks/TP_TopDown.upack)
[2023.03.04-19.04.22:146][  0]LogPakFile: OnPakFileMounted2Time == 0.000195
[2023.03.04-19.04.22:147][  0]LogShaderLibrary: Display: ShaderCodeLibraryPakFileMountedCallback: PakFile 'E:/UnrealEngine-4.27.2-release/FeaturePacks/TP_TopDownBP.upack' (chunk index -1, root 'root:/') mounted
[2023.03.04-19.04.22:147][  0]LogShaderLibrary: Display: ShaderCodeLibraryPakFileMountedCallback: pending pak file info (ChunkID:-1 Root:root:/ File:E:/UnrealEngine-4.27.2-release/FeaturePacks/TP_TopDownBP.upack)
[2023.03.04-19.04.22:147][  0]LogPakFile: OnPakFileMounted2Time == 0.000188
[2023.03.04-19.04.22:148][  0]LogShaderLibrary: Display: ShaderCodeLibraryPakFileMountedCallback: PakFile 'E:/UnrealEngine-4.27.2-release/FeaturePacks/TP_TwinStick.upack' (chunk index -1, root 'root:/') mounted
[2023.03.04-19.04.22:148][  0]LogShaderLibrary: Display: ShaderCodeLibraryPakFileMountedCallback: pending pak file info (ChunkID:-1 Root:root:/ File:E:/UnrealEngine-4.27.2-release/FeaturePacks/TP_TwinStick.upack)
[2023.03.04-19.04.22:149][  0]LogPakFile: OnPakFileMounted2Time == 0.000202
[2023.03.04-19.04.22:150][  0]LogShaderLibrary: Display: ShaderCodeLibraryPakFileMountedCallback: PakFile 'E:/UnrealEngine-4.27.2-release/FeaturePacks/TP_TwinStickBP.upack' (chunk index -1, root 'root:/') mounted
[2023.03.04-19.04.22:150][  0]LogShaderLibrary: Display: ShaderCodeLibraryPakFileMountedCallback: pending pak file info (ChunkID:-1 Root:root:/ File:E:/UnrealEngine-4.27.2-release/FeaturePacks/TP_TwinStickBP.upack)
[2023.03.04-19.04.22:150][  0]LogPakFile: OnPakFileMounted2Time == 0.000194
[2023.03.04-19.04.22:151][  0]LogShaderLibrary: Display: ShaderCodeLibraryPakFileMountedCallback: PakFile 'E:/UnrealEngine-4.27.2-release/FeaturePacks/TP_Vehicle.upack' (chunk index -1, root 'root:/') mounted
[2023.03.04-19.04.22:151][  0]LogShaderLibrary: Display: ShaderCodeLibraryPakFileMountedCallback: pending pak file info (ChunkID:-1 Root:root:/ File:E:/UnrealEngine-4.27.2-release/FeaturePacks/TP_Vehicle.upack)
[2023.03.04-19.04.22:151][  0]LogPakFile: OnPakFileMounted2Time == 0.000194
[2023.03.04-19.04.22:152][  0]LogShaderLibrary: Display: ShaderCodeLibraryPakFileMountedCallback: PakFile 'E:/UnrealEngine-4.27.2-release/FeaturePacks/TP_VehicleAdv.upack' (chunk index -1, root 'root:/') mounted
[2023.03.04-19.04.22:152][  0]LogShaderLibrary: Display: ShaderCodeLibraryPakFileMountedCallback: pending pak file info (ChunkID:-1 Root:root:/ File:E:/UnrealEngine-4.27.2-release/FeaturePacks/TP_VehicleAdv.upack)
[2023.03.04-19.04.22:152][  0]LogPakFile: OnPakFileMounted2Time == 0.000207
[2023.03.04-19.04.22:153][  0]LogShaderLibrary: Display: ShaderCodeLibraryPakFileMountedCallback: PakFile 'E:/UnrealEngine-4.27.2-release/FeaturePacks/TP_VehicleAdvBP.upack' (chunk index -1, root 'root:/') mounted
[2023.03.04-19.04.22:154][  0]LogShaderLibrary: Display: ShaderCodeLibraryPakFileMountedCallback: pending pak file info (ChunkID:-1 Root:root:/ File:E:/UnrealEngine-4.27.2-release/FeaturePacks/TP_VehicleAdvBP.upack)
[2023.03.04-19.04.22:154][  0]LogPakFile: OnPakFileMounted2Time == 0.000186
[2023.03.04-19.04.22:155][  0]LogShaderLibrary: Display: ShaderCodeLibraryPakFileMountedCallback: PakFile 'E:/UnrealEngine-4.27.2-release/FeaturePacks/TP_VehicleBP.upack' (chunk index -1, root 'root:/') mounted
[2023.03.04-19.04.22:155][  0]LogShaderLibrary: Display: ShaderCodeLibraryPakFileMountedCallback: pending pak file info (ChunkID:-1 Root:root:/ File:E:/UnrealEngine-4.27.2-release/FeaturePacks/TP_VehicleBP.upack)
[2023.03.04-19.04.22:155][  0]LogPakFile: OnPakFileMounted2Time == 0.000210
[2023.03.04-19.04.22:156][  0]LogPakFile: PakFile PrimaryIndexSize=192
[2023.03.04-19.04.22:156][  0]LogPakFile: PakFile PathHashIndexSize=101
[2023.03.04-19.04.22:156][  0]LogPakFile: PakFile FullDirectoryIndexSize=158
[2023.03.04-19.04.22:156][  0]LogShaderLibrary: Display: ShaderCodeLibraryPakFileMountedCallback: PakFile 'E:/UnrealEngine-4.27.2-release/FeaturePacks/TP_VirtualRealityBP.upack' (chunk index -1, root 'root:/') mounted
[2023.03.04-19.04.22:156][  0]LogShaderLibrary: Display: ShaderCodeLibraryPakFileMountedCallback: pending pak file info (ChunkID:-1 Root:root:/ File:E:/UnrealEngine-4.27.2-release/FeaturePacks/TP_VirtualRealityBP.upack)
[2023.03.04-19.04.22:156][  0]LogPakFile: OnPakFileMounted2Time == 0.000175
[2023.03.04-19.04.22:228][  0]LogNativeClassHierarchy: Verbose: Native class hierarchy updated for 'AddContentDialog' in 0.0003 seconds. Added 0 classes and 0 folders.
[2023.03.04-19.04.22:229][  0]LogNativeClassHierarchy: Verbose: Native class hierarchy updated for 'SceneOutliner' in 0.0002 seconds. Added 2 classes and 0 folders.
[2023.03.04-19.04.22:277][  0]LogNativeClassHierarchy: Verbose: Native class hierarchy updated for 'HierarchicalLODOutliner' in 0.0003 seconds. Added 0 classes and 0 folders.
[2023.03.04-19.04.22:277][  0]LogInput: Warning: Action Jump uses invalid key OculusGo_Left_Trigger_Click.
[2023.03.04-19.04.22:278][  0]LogInput: Warning: Action ResetVR uses invalid key OculusGo_Left_Trackpad_Click.
[2023.03.04-19.04.22:278][  0]LogInput: Warning: Use -RemoveInvalidKeys to remove instances of these keys from the action mapping.
[2023.03.04-19.04.22:278][  0]LogLoad: (Engine Initialization) Total time: 13.59 seconds
[2023.03.04-19.04.22:278][  0]LogLoad: (Engine Initialization) Total Blueprint compile time: 0.00 seconds
[2023.03.04-19.04.22:343][  0]LogContentStreaming: Texture pool size now 1000 MB
[2023.03.04-19.04.22:345][  0]LogSlate: Took 0.000422 seconds to synchronously load lazily loaded font '../../../Engine/Content/Slate/Fonts/Roboto-Regular.ttf' (155K)
[2023.03.04-19.04.22:347][  0]LogSlate: Took 0.000330 seconds to synchronously load lazily loaded font '../../../Engine/Content/Editor/Slate/Fonts/FontAwesome.ttf' (139K)
[2023.03.04-19.04.22:350][  0]LogSlate: Took 0.001830 seconds to synchronously load lazily loaded font '../../../Engine/Content/Editor/Slate/Fonts/NanumGothic.ttf' (4243K)
[2023.03.04-19.04.22:352][  0]LogSlate: Took 0.001865 seconds to synchronously load lazily loaded font '../../../Engine/Content/Editor/Slate/Fonts/NanumGothicBold.ttf' (4188K)
[2023.03.04-19.04.22:352][  0]LogSlate: Took 0.000255 seconds to synchronously load lazily loaded font '../../../Engine/Content/Slate/Fonts/Roboto-Bold.ttf' (160K)
[2023.03.04-19.04.22:471][  1]LogRenderer: Reallocating scene render targets to support 1116x704 Format 10 NumSamples 1 (Frame:1).
[2023.03.04-19.04.22:482][  1]LogAssetRegistry: Asset discovery search completed in 8.6676 seconds
[2023.03.04-19.04.22:490][  1]LogCollectionManager: Fixed up redirectors for 0 collections in 0.000003 seconds (updated 0 objects)
[2023.03.04-19.04.25:920][357]LogLinker: Warning: [AssetLog] E:\Github\ProjectYJ\ProjectYJ\Content\Character\ThirdPersonCPP\Maps\ThirdPersonExampleMap.umap: '{FileName}': 파일을 찾을 수 없습니다. 로드에 실패했습니다.
[2023.03.04-19.04.25:921][357]LogLinker: Warning: [AssetLog] E:\Github\ProjectYJ\ProjectYJ\Content\Character\ThirdPersonCPP\Maps\ThirdPersonExampleMap.umap: '{FileName}': 에셋에 대한 파일을 찾을 수 없습니다. 로드에 실패했습니다.
[2023.03.04-19.04.25:922][357]LogLinker: Warning: [AssetLog] E:\Github\ProjectYJ\ProjectYJ\Content\Character\ThirdPersonCPP\Maps\ThirdPersonExampleMap.umap: '{FileName}': 에셋에 대한 파일을 찾을 수 없습니다. 로드에 실패했습니다.
[2023.03.04-19.04.25:924][357]LogLinker: Warning: '{FileName}': 에셋에 대한 파일을 찾을 수 없습니다. 로드에 실패했습니다.
[2023.03.04-19.04.25:925][357]LogLinker: Warning: '{FileName}': 에셋에 대한 파일을 찾을 수 없습니다. 로드에 실패했습니다.
[2023.03.04-19.04.25:926][357]LogLinker: Warning: [AssetLog] E:\Github\ProjectYJ\ProjectYJ\Content\Character\ThirdPersonCPP\Maps\ThirdPersonExampleMap.umap: '{FileName}': 에셋에 대한 파일을 찾을 수 없습니다. 로드에 실패했습니다.
[2023.03.04-19.04.25:927][357]LoadErrors: 로드에 실패했습니다. /Game/Character/ThirdPersonCPP/Maps/ThirdPersonExampleMap_BuiltData.ThirdPersonExampleMap_BuiltData 참조한 것: PersistentLevel
[2023.03.04-19.04.30:121][709]LogSlate: Window '메시지' being destroyed
[2023.03.04-19.04.30:129][709]Message dialog closed, result: Yes, title: 메시지, text: [/Game/Character/Scanned3DPeoplePack/RP_Character/00_rp_master/Mannequin/VAP_UE4_Mannequin] 파일에 이미 [VertexAnimProfile] 클래스의 [VAP_UE4_Mannequin] 오브젝트가 존재합니다. 기존 오브젝트를 대체할까요? '예'를 선택하면 기존 오브젝트는 삭제됩니다. 삭제하지 않으려면, '아니오'를 선택한 다음 고유한 이름을 지어주세요.
[2023.03.04-19.04.30:140][709]LogUObjectHash: Compacting FUObjectHashTables data took   0.88ms
[2023.03.04-19.04.49:417][709]LogAudioMixer: Display: Audio Buffer Underrun (starvation) detected.
[2023.03.04-19.04.49:564][709]LogSlate: Took 0.000278 seconds to synchronously load lazily loaded font '../../../Engine/Content/Slate/Fonts/Roboto-Light.ttf' (167K)
[2023.03.04-19.04.49:584][709]LogStaticMesh: UE4_Mannequin_VAT 스태틱 메시 빌드중...
[2023.03.04-19.04.49:967][709]LogStaticMesh: Built static mesh [0.38s] /Game/Character/Scanned3DPeoplePack/RP_Character/00_rp_master/Mannequin/UE4_Mannequin_VAT.UE4_Mannequin_VAT
[2023.03.04-19.05.03:581][709]LogAudioMixer: Display: Audio Buffer Underrun (starvation) detected.
