Log file open, 03/05/23 08:04:25
LogWindows: Failed to load 'aqProf.dll' (GetLastError=126)
LogWindows: File 'aqProf.dll' does not exist
LogWindows: Failed to load 'VtuneApi.dll' (GetLastError=126)
LogWindows: File 'VtuneApi.dll' does not exist
LogWindows: Failed to load 'VtuneApi32e.dll' (GetLastError=126)
LogWindows: File 'VtuneApi32e.dll' does not exist
LogConsoleResponse: Display: Failed to find resolution value strings in scalability ini. Falling back to default.
LogConsoleResponse: Display: Failed to find resolution value strings in scalability ini. Falling back to default.
LogInit: Display: Running engine for game: ProjectYJ
LogPlatformFile: Not using cached read wrapper
LogTaskGraph: Started task graph with 5 named threads and 35 total threads with 3 sets of task threads.
LogStats: Stats thread started at 0.452127
LogICUInternationalization: ICU TimeZone Detection - Raw Offset: +9:00, Platform Override: ''
LogInit: Display: Loading text-based GConfig....
LogPluginManager: Mounting plugin MeshPainting
LogPluginManager: Mounting plugin XGEController
LogPluginManager: Mounting plugin Paper2D
LogPluginManager: Mounting plugin AISupport
LogPluginManager: Mounting plugin LiveLink
LogPluginManager: Mounting plugin LightPropagationVolume
LogPluginManager: Mounting plugin GameplayCameras
LogPluginManager: Mounting plugin OodleData
LogPluginManager: Mounting plugin OodleNetwork
LogPluginManager: Mounting plugin AssetManagerEditor
LogPluginManager: Mounting plugin DatasmithContent
LogPluginManager: Mounting plugin CryptoKeys
LogPluginManager: Mounting plugin CameraShakePreviewer
LogPluginManager: Mounting plugin DataValidation
LogPluginManager: Mounting plugin VariantManagerContent
LogPluginManager: Mounting plugin FacialAnimation
LogPluginManager: Mounting plugin GameplayTagsEditor
LogPluginManager: Mounting plugin MaterialAnalyzer
LogPluginManager: Mounting plugin CurveEditorTools
LogPluginManager: Mounting plugin MobileLauncherProfileWizard
LogPluginManager: Mounting plugin PluginBrowser
LogPluginManager: Mounting plugin SpeedTreeImporter
LogPluginManager: Mounting plugin AnimationSharing
LogPluginManager: Mounting plugin CLionSourceCodeAccess
LogPluginManager: Mounting plugin CodeLiteSourceCodeAccess
LogPluginManager: Mounting plugin GeometryMode
LogPluginManager: Mounting plugin KDevelopSourceCodeAccess
LogPluginManager: Mounting plugin PerforceSourceControl
LogPluginManager: Mounting plugin PixWinPlugin
LogPluginManager: Mounting plugin PlasticSourceControl
LogPluginManager: Mounting plugin NullSourceCodeAccess
LogPluginManager: Mounting plugin PropertyAccessNode
LogPluginManager: Mounting plugin RiderSourceCodeAccess
LogPluginManager: Mounting plugin TextureFormatOodle
LogPluginManager: Mounting plugin SubversionSourceControl
LogPluginManager: Mounting plugin UObjectPlugin
LogPluginManager: Mounting plugin VisualStudioCodeSourceCodeAccess
LogPluginManager: Mounting plugin VisualStudioSourceCodeAccess
LogPluginManager: Mounting plugin XCodeSourceCodeAccess
LogPluginManager: Mounting plugin AlembicImporter
LogPluginManager: Mounting plugin AutomationUtils
LogPluginManager: Mounting plugin BackChannel
LogPluginManager: Mounting plugin ChaosCloth
LogPluginManager: Mounting plugin ChaosEditor
LogPluginManager: Mounting plugin ChaosClothEditor
LogPluginManager: Mounting plugin ChaosNiagara
LogPluginManager: Mounting plugin ChaosSolverPlugin
LogPluginManager: Mounting plugin CharacterAI
LogPluginManager: Mounting plugin EnvironmentQueryEditor
LogPluginManager: Mounting plugin GeometryCache
LogPluginManager: Mounting plugin GitSourceControl
LogPluginManager: Mounting plugin GeometryCollectionPlugin
LogPluginManager: Mounting plugin GeometryProcessing
LogPluginManager: Mounting plugin Niagara
LogPluginManager: Mounting plugin MotoSynth
LogPluginManager: Mounting plugin OpenImageDenoise
LogPluginManager: Mounting plugin PlanarCut
LogPluginManager: Mounting plugin PlatformCrypto
LogPluginManager: Mounting plugin ProxyLODPlugin
LogPluginManager: Mounting plugin PythonScriptPlugin
LogPluginManager: Mounting plugin SkeletalReduction
LogPluginManager: Mounting plugin LuminPlatformFeatures
LogPluginManager: Mounting plugin MagicLeap
LogPluginManager: Mounting plugin MagicLeapLightEstimation
LogPluginManager: Mounting plugin MagicLeapPassableWorld
LogPluginManager: Mounting plugin MagicLeapMedia
LogPluginManager: Mounting plugin MLSDK
LogPluginManager: Mounting plugin AndroidMedia
LogPluginManager: Mounting plugin AvfMedia
LogPluginManager: Mounting plugin ImgMedia
LogPluginManager: Mounting plugin PluginUtils
LogPluginManager: Mounting plugin MediaPlayerEditor
LogPluginManager: Mounting plugin MacGraphicsSwitching
LogPluginManager: Mounting plugin ActorSequence
LogPluginManager: Mounting plugin LevelSequenceEditor
LogPluginManager: Mounting plugin MatineeToLevelSequence
LogPluginManager: Mounting plugin WmfMedia
LogPluginManager: Mounting plugin TemplateSequence
LogPluginManager: Mounting plugin ActorLayerUtilities
LogPluginManager: Mounting plugin LauncherChunkInstaller
LogPluginManager: Mounting plugin AndroidDeviceProfileSelector
LogPluginManager: Mounting plugin AndroidMoviePlayer
LogPluginManager: Mounting plugin AndroidPermission
LogPluginManager: Mounting plugin WebMMedia
LogPluginManager: Mounting plugin AppleImageUtils
LogPluginManager: Mounting plugin AssetTags
LogPluginManager: Mounting plugin ArchVisCharacter
LogPluginManager: Mounting plugin AudioCapture
LogPluginManager: Mounting plugin AppleMoviePlayer
LogPluginManager: Mounting plugin MediaCompositing
LogPluginManager: Mounting plugin ChunkDownloader
LogPluginManager: Mounting plugin CustomMeshComponent
LogPluginManager: Mounting plugin ExampleDeviceProfileSelector
LogPluginManager: Mounting plugin GoogleCloudMessaging
LogPluginManager: Mounting plugin GooglePAD
LogPluginManager: Mounting plugin EditableMesh
LogPluginManager: Mounting plugin TcpMessaging
LogPluginManager: Mounting plugin UdpMessaging
LogPluginManager: Mounting plugin LinuxDeviceProfileSelector
LogPluginManager: Mounting plugin IOSDeviceProfileSelector
LogPluginManager: Mounting plugin CableComponent
LogPluginManager: Mounting plugin LocationServicesBPLibrary
LogPluginManager: Mounting plugin MobilePatchingUtils
LogPluginManager: Mounting plugin AudioSynesthesia
LogPluginManager: Mounting plugin OpenXREyeTracker
LogPluginManager: Mounting plugin OpenXRHandTracking
LogPluginManager: Mounting plugin PhysXVehicles
LogPluginManager: Mounting plugin OpenXR
LogPluginManager: Mounting plugin PostSplashScreen
LogPluginManager: Mounting plugin RuntimePhysXCooking
LogPluginManager: Mounting plugin PropertyAccessEditor
LogPluginManager: Mounting plugin SignificanceManager
LogPluginManager: Mounting plugin SoundFields
LogPluginManager: Mounting plugin Synthesis
LogPluginManager: Mounting plugin ProceduralMeshComponent
LogPluginManager: Mounting plugin WebMMoviePlayer
LogPluginManager: Mounting plugin WindowsMoviePlayer
LogPluginManager: Mounting plugin OnlineSubsystem
LogPluginManager: Mounting plugin OnlineSubsystemNull
LogPluginManager: Mounting plugin OnlineSubsystemUtils
LogPluginManager: Mounting plugin ScreenshotTools
LogPluginManager: Mounting plugin Takes
LogPluginManager: Mounting plugin ContentBrowserFileDataSource
LogPluginManager: Mounting plugin ContentBrowserAssetDataSource
LogPluginManager: Mounting plugin ContentBrowserClassDataSource
LogPluginManager: Mounting plugin OculusVR
LogPluginManager: Mounting plugin SteamVR
LogPluginManager: Mounting plugin OnlineSubsystemGooglePlay
LogPluginManager: Mounting plugin OnlineSubsystemIOS
LogPluginManager: Mounting plugin VertexAnimToolset
PixWinPlugin: PIX capture plugin failed to initialize! Check that the process is launched from PIX.
LogInit: Using libcurl 7.55.1-DEV
LogInit:  - built for x86_64-pc-win32
LogInit:  - supports SSL with OpenSSL/1.1.1
LogInit:  - supports HTTP deflate (compression) using libz 1.2.8
LogInit:  - other features:
LogInit:      CURL_VERSION_SSL
LogInit:      CURL_VERSION_LIBZ
LogInit:      CURL_VERSION_IPV6
LogInit:      CURL_VERSION_ASYNCHDNS
LogInit:      CURL_VERSION_LARGEFILE
LogInit:      CURL_VERSION_IDN
LogInit:  CurlRequestOptions (configurable via config and command line):
LogInit:  - bVerifyPeer = true  - Libcurl will verify peer certificate
LogInit:  - bUseHttpProxy = false  - Libcurl will NOT use HTTP proxy
LogInit:  - bDontReuseConnections = false  - Libcurl will reuse connections
LogInit:  - MaxHostConnections = 16  - Libcurl will limit the number of connections to a host
LogInit:  - LocalHostAddr = Default
LogInit:  - BufferSize = 65536
LogOnline: OSS: Creating online subsystem instance for: NULL
LogInit: WinSock: version 1.1 (2.2), MaxSocks=32767, MaxUdp=65467
LogOnline: OSS: TryLoadSubsystemAndSetDefault: Loaded subsystem for module [NULL]
LogOculusPluginWrapper: OculusPlugin initialized successfully
LogHMD: Failed initializing OVRPlugin 1.59.0
LogInit: Build: ++UE4+Release-4.27-CL-0
LogInit: Engine Version: 4.27.2-0+++UE4+Release-4.27
LogInit: Compatible Engine Version: 4.27.0-0+++UE4+Release-4.27
LogInit: Net CL: 0
LogInit: OS: Windows 10 (Release 2009) (), CPU: Intel(R) Core(TM) i5-10400F CPU @ 2.90GHz, GPU: NVIDIA GeForce RTX 3060 Ti
LogInit: Compiled (64-bit): Mar  5 2023 02:51:13
LogInit: Compiled with Visual C++: 19.28.29915.00
LogInit: Build Configuration: Development
LogInit: Branch Name: ++UE4+Release-4.27
LogInit: Command Line:  -skipcompile
LogInit: Base Directory: E:/UnrealEngine-4.27.2-release/Engine/Binaries/Win64/
LogInit: Allocator: TBB
LogInit: Installed Engine Build: 0
LogDevObjectVersion: Number of dev versions registered: 29
LogDevObjectVersion:   Dev-Blueprints (B0D832E4-1F89-4F0D-ACCF-7EB736FD4AA2): 10
LogDevObjectVersion:   Dev-Build (E1C64328-A22C-4D53-A36C-8E866417BD8C): 0
LogDevObjectVersion:   Dev-Core (375EC13C-06E4-48FB-B500-84F0262A717E): 4
LogDevObjectVersion:   Dev-Editor (E4B068ED-F494-42E9-A231-DA0B2E46BB41): 40
LogDevObjectVersion:   Dev-Framework (CFFC743F-43B0-4480-9391-14DF171D2073): 37
LogDevObjectVersion:   Dev-Mobile (B02B49B5-BB20-44E9-A304-32B752E40360): 3
LogDevObjectVersion:   Dev-Networking (A4E4105C-59A1-49B5-A7C5-40C4547EDFEE): 0
LogDevObjectVersion:   Dev-Online (39C831C9-5AE6-47DC-9A44-9C173E1C8E7C): 0
LogDevObjectVersion:   Dev-Physics (78F01B33-EBEA-4F98-B9B4-84EACCB95AA2): 14
LogDevObjectVersion:   Dev-Platform (6631380F-2D4D-43E0-8009-CF276956A95A): 0
LogDevObjectVersion:   Dev-Rendering (12F88B9F-8875-4AFC-A67C-D90C383ABD29): 45
LogDevObjectVersion:   Dev-Sequencer (7B5AE74C-D270-4C10-A958-57980B212A5A): 13
LogDevObjectVersion:   Dev-VR (D7296918-1DD6-4BDD-9DE2-64A83CC13884): 3
LogDevObjectVersion:   Dev-LoadTimes (C2A15278-BFE7-4AFE-6C17-90FF531DF755): 1
LogDevObjectVersion:   Private-Geometry (6EACA3D4-40EC-4CC1-B786-8BED09428FC5): 3
LogDevObjectVersion:   Dev-AnimPhys (29E575DD-E0A3-4627-9D10-D276232CDCEA): 17
LogDevObjectVersion:   Dev-Anim (AF43A65D-7FD3-4947-9873-3E8ED9C1BB05): 15
LogDevObjectVersion:   Dev-ReflectionCapture (6B266CEC-1EC7-4B8F-A30B-E4D90942FC07): 1
LogDevObjectVersion:   Dev-Automation (0DF73D61-A23F-47EA-B727-89E90C41499A): 1
LogDevObjectVersion:   FortniteMain (601D1886-AC64-4F84-AA16-D3DE0DEAC7D6): 47
LogDevObjectVersion:   FortniteRelease (E7086368-6B23-4C58-8439-1B7016265E91): 1
LogDevObjectVersion:   Dev-Enterprise (9DFFBCD6-494F-0158-E221-12823C92A888): 10
LogDevObjectVersion:   Dev-Niagara (F2AED0AC-9AFE-416F-8664-AA7FFA26D6FC): 1
LogDevObjectVersion:   Dev-Destruction (174F1F0B-B4C6-45A5-B13F-2EE8D0FB917D): 10
LogDevObjectVersion:   Dev-Physics-Ext (35F94A83-E258-406C-A318-09F59610247C): 41
LogDevObjectVersion:   Dev-PhysicsMaterial-Chaos (B68FC16E-8B1B-42E2-B453-215C058844FE): 1
LogDevObjectVersion:   Dev-CineCamera (B2E18506-4273-CFC2-A54E-F4BB758BBA07): 1
LogDevObjectVersion:   Dev-VirtualProduction (64F58936-FD1B-42BA-BA96-7289D5D0FA4E): 1
LogDevObjectVersion:   Dev-MediaFramework (6F0ED827-A609-4895-9C91-998D90180EA4): 2
LogInit: Presizing for max 25165824 objects, including 0 objects not considered by GC, pre-allocating 0 bytes for permanent pool.
LogConfig: Applying CVar settings from Section [/Script/Engine.StreamingSettings] File [E:/Github/ProjectYJ/ProjectYJ/Saved/Config/Windows/Engine.ini]
LogConfig: Setting CVar [[s.MinBulkDataSizeForAsyncLoading:131072]]
LogConfig: Setting CVar [[s.AsyncLoadingThreadEnabled:0]]
LogConfig: Setting CVar [[s.EventDrivenLoaderEnabled:1]]
LogConfig: Setting CVar [[s.WarnIfTimeLimitExceeded:0]]
LogConfig: Setting CVar [[s.TimeLimitExceededMultiplier:1.5]]
LogConfig: Setting CVar [[s.TimeLimitExceededMinTime:0.005]]
LogConfig: Setting CVar [[s.UseBackgroundLevelStreaming:1]]
LogConfig: Setting CVar [[s.PriorityAsyncLoadingExtraTime:15.0]]
LogConfig: Setting CVar [[s.LevelStreamingActorsUpdateTimeLimit:5.0]]
LogConfig: Setting CVar [[s.PriorityLevelStreamingActorsUpdateExtraTime:5.0]]
LogConfig: Setting CVar [[s.LevelStreamingComponentsRegistrationGranularity:10]]
LogConfig: Setting CVar [[s.UnregisterComponentsTimeLimit:1.0]]
LogConfig: Setting CVar [[s.LevelStreamingComponentsUnregistrationGranularity:5]]
LogConfig: Setting CVar [[s.FlushStreamingOnExit:1]]
LogInit: Object subsystem initialized
LogConfig: Setting CVar [[con.DebugEarlyDefault:1]]
LogConfig: Setting CVar [[r.setres:1280x720]]
[2023.03.04-23.04.28:117][  0]LogConfig: Setting CVar [[r.VSync:0]]
[2023.03.04-23.04.28:117][  0]LogConfig: Setting CVar [[r.RHICmdBypass:0]]
[2023.03.04-23.04.28:117][  0]LogConfig: Applying CVar settings from Section [/Script/Engine.RendererSettings] File [E:/Github/ProjectYJ/ProjectYJ/Saved/Config/Windows/Engine.ini]
[2023.03.04-23.04.28:117][  0]LogConfig: Setting CVar [[r.GPUCrashDebugging:0]]
[2023.03.04-23.04.28:117][  0]LogConfig: Applying CVar settings from Section [/Script/Engine.RendererOverrideSettings] File [E:/Github/ProjectYJ/ProjectYJ/Saved/Config/Windows/Engine.ini]
[2023.03.04-23.04.28:117][  0]LogConfig: Applying CVar settings from Section [/Script/Engine.StreamingSettings] File [E:/Github/ProjectYJ/ProjectYJ/Saved/Config/Windows/Engine.ini]
[2023.03.04-23.04.28:117][  0]LogConfig: Setting CVar [[s.MinBulkDataSizeForAsyncLoading:131072]]
[2023.03.04-23.04.28:117][  0]LogConfig: Setting CVar [[s.AsyncLoadingThreadEnabled:0]]
[2023.03.04-23.04.28:117][  0]LogConfig: Setting CVar [[s.EventDrivenLoaderEnabled:1]]
[2023.03.04-23.04.28:117][  0]LogConfig: Setting CVar [[s.WarnIfTimeLimitExceeded:0]]
[2023.03.04-23.04.28:117][  0]LogConfig: Setting CVar [[s.TimeLimitExceededMultiplier:1.5]]
[2023.03.04-23.04.28:117][  0]LogConfig: Setting CVar [[s.TimeLimitExceededMinTime:0.005]]
[2023.03.04-23.04.28:118][  0]LogConfig: Setting CVar [[s.UseBackgroundLevelStreaming:1]]
[2023.03.04-23.04.28:118][  0]LogConfig: Setting CVar [[s.PriorityAsyncLoadingExtraTime:15.0]]
[2023.03.04-23.04.28:118][  0]LogConfig: Setting CVar [[s.LevelStreamingActorsUpdateTimeLimit:5.0]]
[2023.03.04-23.04.28:118][  0]LogConfig: Setting CVar [[s.PriorityLevelStreamingActorsUpdateExtraTime:5.0]]
[2023.03.04-23.04.28:118][  0]LogConfig: Setting CVar [[s.LevelStreamingComponentsRegistrationGranularity:10]]
[2023.03.04-23.04.28:118][  0]LogConfig: Setting CVar [[s.UnregisterComponentsTimeLimit:1.0]]
[2023.03.04-23.04.28:118][  0]LogConfig: Setting CVar [[s.LevelStreamingComponentsUnregistrationGranularity:5]]
[2023.03.04-23.04.28:118][  0]LogConfig: Setting CVar [[s.FlushStreamingOnExit:1]]
[2023.03.04-23.04.28:118][  0]LogConfig: Applying CVar settings from Section [/Script/Engine.GarbageCollectionSettings] File [E:/Github/ProjectYJ/ProjectYJ/Saved/Config/Windows/Engine.ini]
[2023.03.04-23.04.28:118][  0]LogConfig: Setting CVar [[gc.MaxObjectsNotConsideredByGC:1]]
[2023.03.04-23.04.28:118][  0]LogConfig: Setting CVar [[gc.SizeOfPermanentObjectPool:0]]
[2023.03.04-23.04.28:118][  0]LogConfig: Setting CVar [[gc.FlushStreamingOnGC:0]]
[2023.03.04-23.04.28:119][  0]LogConfig: Setting CVar [[gc.NumRetriesBeforeForcingGC:10]]
[2023.03.04-23.04.28:119][  0]LogConfig: Setting CVar [[gc.AllowParallelGC:1]]
[2023.03.04-23.04.28:119][  0]LogConfig: Setting CVar [[gc.TimeBetweenPurgingPendingKillObjects:61.1]]
[2023.03.04-23.04.28:119][  0]LogConfig: Setting CVar [[gc.MaxObjectsInEditor:25165824]]
[2023.03.04-23.04.28:119][  0]LogConfig: Setting CVar [[gc.IncrementalBeginDestroyEnabled:1]]
[2023.03.04-23.04.28:119][  0]LogConfig: Setting CVar [[gc.CreateGCClusters:1]]
[2023.03.04-23.04.28:119][  0]LogConfig: Setting CVar [[gc.MinGCClusterSize:5]]
[2023.03.04-23.04.28:119][  0]LogConfig: Setting CVar [[gc.ActorClusteringEnabled:0]]
[2023.03.04-23.04.28:119][  0]LogConfig: Setting CVar [[gc.BlueprintClusteringEnabled:0]]
[2023.03.04-23.04.28:119][  0]LogConfig: Setting CVar [[gc.UseDisregardForGCOnDedicatedServers:0]]
[2023.03.04-23.04.28:119][  0]LogConfig: Setting CVar [[gc.MultithreadedDestructionEnabled:1]]
[2023.03.04-23.04.28:119][  0]LogConfig: Applying CVar settings from Section [/Script/Engine.NetworkSettings] File [E:/Github/ProjectYJ/ProjectYJ/Saved/Config/Windows/Engine.ini]
[2023.03.04-23.04.28:119][  0]LogConfig: Applying CVar settings from Section [/Script/UnrealEd.CookerSettings] File [E:/Github/ProjectYJ/ProjectYJ/Saved/Config/Windows/Engine.ini]
[2023.03.04-23.04.28:207][  0]LogConfig: Applying CVar settings from Section [ViewDistanceQuality@3] File [E:/Github/ProjectYJ/ProjectYJ/Saved/Config/Windows/Scalability.ini]
[2023.03.04-23.04.28:207][  0]LogConfig: Setting CVar [[r.SkeletalMeshLODBias:0]]
[2023.03.04-23.04.28:207][  0]LogConfig: Setting CVar [[r.ViewDistanceScale:1.0]]
[2023.03.04-23.04.28:208][  0]LogConfig: Applying CVar settings from Section [AntiAliasingQuality@3] File [E:/Github/ProjectYJ/ProjectYJ/Saved/Config/Windows/Scalability.ini]
[2023.03.04-23.04.28:208][  0]LogConfig: Setting CVar [[r.PostProcessAAQuality:4]]
[2023.03.04-23.04.28:208][  0]LogConfig: Applying CVar settings from Section [ShadowQuality@3] File [E:/Github/ProjectYJ/ProjectYJ/Saved/Config/Windows/Scalability.ini]
[2023.03.04-23.04.28:208][  0]LogConfig: Setting CVar [[r.LightFunctionQuality:1]]
[2023.03.04-23.04.28:208][  0]LogConfig: Setting CVar [[r.ShadowQuality:5]]
[2023.03.04-23.04.28:208][  0]LogConfig: Setting CVar [[r.Shadow.CSM.MaxCascades:10]]
[2023.03.04-23.04.28:208][  0]LogConfig: Setting CVar [[r.Shadow.MaxResolution:2048]]
[2023.03.04-23.04.28:208][  0]LogConfig: Setting CVar [[r.Shadow.MaxCSMResolution:2048]]
[2023.03.04-23.04.28:208][  0]LogConfig: Setting CVar [[r.Shadow.RadiusThreshold:0.01]]
[2023.03.04-23.04.28:208][  0]LogConfig: Setting CVar [[r.Shadow.DistanceScale:1.0]]
[2023.03.04-23.04.28:208][  0]LogConfig: Setting CVar [[r.Shadow.CSM.TransitionScale:1.0]]
[2023.03.04-23.04.28:208][  0]LogConfig: Setting CVar [[r.Shadow.PreShadowResolutionFactor:1.0]]
[2023.03.04-23.04.28:208][  0]LogConfig: Setting CVar [[r.DistanceFieldShadowing:1]]
[2023.03.04-23.04.28:209][  0]LogConfig: Setting CVar [[r.DistanceFieldAO:1]]
[2023.03.04-23.04.28:209][  0]LogConfig: Setting CVar [[r.AOQuality:2]]
[2023.03.04-23.04.28:209][  0]LogConfig: Setting CVar [[r.VolumetricFog:1]]
[2023.03.04-23.04.28:209][  0]LogConfig: Setting CVar [[r.VolumetricFog.GridPixelSize:8]]
[2023.03.04-23.04.28:209][  0]LogConfig: Setting CVar [[r.VolumetricFog.GridSizeZ:128]]
[2023.03.04-23.04.28:209][  0]LogConfig: Setting CVar [[r.VolumetricFog.HistoryMissSupersampleCount:4]]
[2023.03.04-23.04.28:209][  0]LogConfig: Setting CVar [[r.LightMaxDrawDistanceScale:1]]
[2023.03.04-23.04.28:209][  0]LogConfig: Setting CVar [[r.CapsuleShadows:1]]
[2023.03.04-23.04.28:209][  0]LogConfig: Applying CVar settings from Section [PostProcessQuality@3] File [E:/Github/ProjectYJ/ProjectYJ/Saved/Config/Windows/Scalability.ini]
[2023.03.04-23.04.28:209][  0]LogConfig: Setting CVar [[r.MotionBlurQuality:4]]
[2023.03.04-23.04.28:209][  0]LogConfig: Setting CVar [[r.AmbientOcclusionMipLevelFactor:0.4]]
[2023.03.04-23.04.28:209][  0]LogConfig: Setting CVar [[r.AmbientOcclusionMaxQuality:100]]
[2023.03.04-23.04.28:209][  0]LogConfig: Setting CVar [[r.AmbientOcclusionLevels:-1]]
[2023.03.04-23.04.28:210][  0]LogConfig: Setting CVar [[r.AmbientOcclusionRadiusScale:1.0]]
[2023.03.04-23.04.28:210][  0]LogConfig: Setting CVar [[r.DepthOfFieldQuality:2]]
[2023.03.04-23.04.28:210][  0]LogConfig: Setting CVar [[r.RenderTargetPoolMin:400]]
[2023.03.04-23.04.28:210][  0]LogConfig: Setting CVar [[r.LensFlareQuality:2]]
[2023.03.04-23.04.28:210][  0]LogConfig: Setting CVar [[r.SceneColorFringeQuality:1]]
[2023.03.04-23.04.28:210][  0]LogConfig: Setting CVar [[r.EyeAdaptationQuality:2]]
[2023.03.04-23.04.28:210][  0]LogConfig: Setting CVar [[r.BloomQuality:5]]
[2023.03.04-23.04.28:210][  0]LogConfig: Setting CVar [[r.FastBlurThreshold:100]]
[2023.03.04-23.04.28:210][  0]LogConfig: Setting CVar [[r.Upscale.Quality:3]]
[2023.03.04-23.04.28:210][  0]LogConfig: Setting CVar [[r.Tonemapper.GrainQuantization:1]]
[2023.03.04-23.04.28:210][  0]LogConfig: Setting CVar [[r.LightShaftQuality:1]]
[2023.03.04-23.04.28:210][  0]LogConfig: Setting CVar [[r.Filter.SizeScale:1]]
[2023.03.04-23.04.28:210][  0]LogConfig: Setting CVar [[r.Tonemapper.Quality:5]]
[2023.03.04-23.04.28:210][  0]LogConfig: Setting CVar [[r.DOF.Gather.AccumulatorQuality:1        ; higher gathering accumulator quality]]
[2023.03.04-23.04.28:211][  0]LogConfig: Setting CVar [[r.DOF.Gather.PostfilterMethod:1          ; Median3x3 postfilering method]]
[2023.03.04-23.04.28:211][  0]LogConfig: Setting CVar [[r.DOF.Gather.EnableBokehSettings:0       ; no bokeh simulation when gathering]]
[2023.03.04-23.04.28:211][  0]LogConfig: Setting CVar [[r.DOF.Gather.RingCount:4                 ; medium number of samples when gathering]]
[2023.03.04-23.04.28:211][  0]LogConfig: Setting CVar [[r.DOF.Scatter.ForegroundCompositing:1    ; additive foreground scattering]]
[2023.03.04-23.04.28:211][  0]LogConfig: Setting CVar [[r.DOF.Scatter.BackgroundCompositing:2    ; additive background scattering]]
[2023.03.04-23.04.28:211][  0]LogConfig: Setting CVar [[r.DOF.Scatter.EnableBokehSettings:1      ; bokeh simulation when scattering]]
[2023.03.04-23.04.28:211][  0]LogConfig: Setting CVar [[r.DOF.Scatter.MaxSpriteRatio:0.1         ; only a maximum of 10% of scattered bokeh]]
[2023.03.04-23.04.28:211][  0]LogConfig: Setting CVar [[r.DOF.Recombine.Quality:1                ; cheap slight out of focus]]
[2023.03.04-23.04.28:211][  0]LogConfig: Setting CVar [[r.DOF.Recombine.EnableBokehSettings:0    ; no bokeh simulation on slight out of focus]]
[2023.03.04-23.04.28:211][  0]LogConfig: Setting CVar [[r.DOF.TemporalAAQuality:1                ; more stable temporal accumulation]]
[2023.03.04-23.04.28:211][  0]LogConfig: Setting CVar [[r.DOF.Kernel.MaxForegroundRadius:0.025]]
[2023.03.04-23.04.28:211][  0]LogConfig: Setting CVar [[r.DOF.Kernel.MaxBackgroundRadius:0.025]]
[2023.03.04-23.04.28:211][  0]LogConfig: Applying CVar settings from Section [TextureQuality@3] File [E:/Github/ProjectYJ/ProjectYJ/Saved/Config/Windows/Scalability.ini]
[2023.03.04-23.04.28:211][  0]LogConfig: Setting CVar [[r.Streaming.MipBias:0]]
[2023.03.04-23.04.28:212][  0]LogConfig: Setting CVar [[r.Streaming.AmortizeCPUToGPUCopy:0]]
[2023.03.04-23.04.28:212][  0]LogConfig: Setting CVar [[r.Streaming.MaxNumTexturesToStreamPerFrame:0]]
[2023.03.04-23.04.28:212][  0]LogConfig: Setting CVar [[r.Streaming.Boost:1]]
[2023.03.04-23.04.28:212][  0]LogConfig: Setting CVar [[r.MaxAnisotropy:8]]
[2023.03.04-23.04.28:212][  0]LogConfig: Setting CVar [[r.VT.MaxAnisotropy:8]]
[2023.03.04-23.04.28:212][  0]LogConfig: Setting CVar [[r.Streaming.LimitPoolSizeToVRAM:0]]
[2023.03.04-23.04.28:212][  0]LogConfig: Setting CVar [[r.Streaming.PoolSize:1000]]
[2023.03.04-23.04.28:212][  0]LogConfig: Setting CVar [[r.Streaming.MaxEffectiveScreenSize:0]]
[2023.03.04-23.04.28:212][  0]LogConfig: Applying CVar settings from Section [EffectsQuality@3] File [E:/Github/ProjectYJ/ProjectYJ/Saved/Config/Windows/Scalability.ini]
[2023.03.04-23.04.28:212][  0]LogConfig: Setting CVar [[r.TranslucencyLightingVolumeDim:64]]
[2023.03.04-23.04.28:212][  0]LogConfig: Setting CVar [[r.RefractionQuality:2]]
[2023.03.04-23.04.28:212][  0]LogConfig: Setting CVar [[r.SSR.Quality:3]]
[2023.03.04-23.04.28:212][  0]LogConfig: Setting CVar [[r.SSR.HalfResSceneColor:0]]
[2023.03.04-23.04.28:213][  0]LogConfig: Setting CVar [[r.SceneColorFormat:4]]
[2023.03.04-23.04.28:213][  0]LogConfig: Setting CVar [[r.DetailMode:2]]
[2023.03.04-23.04.28:213][  0]LogConfig: Setting CVar [[r.TranslucencyVolumeBlur:1]]
[2023.03.04-23.04.28:213][  0]LogConfig: Setting CVar [[r.MaterialQualityLevel:1 ; High quality]]
[2023.03.04-23.04.28:213][  0]LogConfig: Setting CVar [[r.AnisotropicMaterials:1]]
[2023.03.04-23.04.28:213][  0]LogConfig: Setting CVar [[r.SSS.Scale:1]]
[2023.03.04-23.04.28:213][  0]LogConfig: Setting CVar [[r.SSS.SampleSet:2]]
[2023.03.04-23.04.28:213][  0]LogConfig: Setting CVar [[r.SSS.Quality:1]]
[2023.03.04-23.04.28:213][  0]LogConfig: Setting CVar [[r.SSS.HalfRes:0]]
[2023.03.04-23.04.28:213][  0]LogConfig: Setting CVar [[r.SSGI.Quality:3]]
[2023.03.04-23.04.28:213][  0]LogConfig: Setting CVar [[r.EmitterSpawnRateScale:1.0]]
[2023.03.04-23.04.28:213][  0]LogConfig: Setting CVar [[r.ParticleLightQuality:2]]
[2023.03.04-23.04.28:214][  0]LogConfig: Setting CVar [[r.SkyAtmosphere.AerialPerspectiveLUT.FastApplyOnOpaque:1 ; Always have FastSkyLUT 1 in this case to avoid wrong sky]]
[2023.03.04-23.04.28:214][  0]LogConfig: Setting CVar [[r.SkyAtmosphere.AerialPerspectiveLUT.SampleCountMaxPerSlice:4]]
[2023.03.04-23.04.28:214][  0]LogConfig: Setting CVar [[r.SkyAtmosphere.AerialPerspectiveLUT.DepthResolution:16.0]]
[2023.03.04-23.04.28:214][  0]LogConfig: Setting CVar [[r.SkyAtmosphere.FastSkyLUT:1]]
[2023.03.04-23.04.28:214][  0]LogConfig: Setting CVar [[r.SkyAtmosphere.FastSkyLUT.SampleCountMin:4.0]]
[2023.03.04-23.04.28:214][  0]LogConfig: Setting CVar [[r.SkyAtmosphere.FastSkyLUT.SampleCountMax:128.0]]
[2023.03.04-23.04.28:214][  0]LogConfig: Setting CVar [[r.SkyAtmosphere.SampleCountMin:4.0]]
[2023.03.04-23.04.28:214][  0]LogConfig: Setting CVar [[r.SkyAtmosphere.SampleCountMax:128.0]]
[2023.03.04-23.04.28:214][  0]LogConfig: Setting CVar [[r.SkyAtmosphere.TransmittanceLUT.UseSmallFormat:0]]
[2023.03.04-23.04.28:214][  0]LogConfig: Setting CVar [[r.SkyAtmosphere.TransmittanceLUT.SampleCount:10.0]]
[2023.03.04-23.04.28:214][  0]LogConfig: Setting CVar [[r.SkyAtmosphere.MultiScatteringLUT.SampleCount:15.0]]
[2023.03.04-23.04.28:214][  0]LogConfig: Setting CVar [[r.SkyLight.RealTimeReflectionCapture:1]]
[2023.03.04-23.04.28:214][  0]LogConfig: Applying CVar settings from Section [FoliageQuality@3] File [E:/Github/ProjectYJ/ProjectYJ/Saved/Config/Windows/Scalability.ini]
[2023.03.04-23.04.28:215][  0]LogConfig: Setting CVar [[foliage.DensityScale:1.0]]
[2023.03.04-23.04.28:215][  0]LogConfig: Setting CVar [[grass.DensityScale:1.0]]
[2023.03.04-23.04.28:215][  0]LogConfig: Applying CVar settings from Section [ShadingQuality@3] File [E:/Github/ProjectYJ/ProjectYJ/Saved/Config/Windows/Scalability.ini]
[2023.03.04-23.04.28:215][  0]LogConfig: Setting CVar [[r.HairStrands.SkyLighting.IntegrationType:2]]
[2023.03.04-23.04.28:215][  0]LogConfig: Setting CVar [[r.HairStrands.SkyAO.SampleCount:4]]
[2023.03.04-23.04.28:215][  0]LogConfig: Setting CVar [[r.HairStrands.Visibility.MSAA.SamplePerPixel:4]]
[2023.03.04-23.04.28:215][  0]LogInit: Selected Device Profile: [Windows]
[2023.03.04-23.04.28:215][  0]LogInit: Applying CVar settings loaded from the selected device profile: [Windows]
[2023.03.04-23.04.28:215][  0]LogHAL: Display: Platform has ~ 32 GB [34282430464 / 34359738368 / 32], which maps to Largest [LargestMinGB=32, LargerMinGB=12, DefaultMinGB=8, SmallerMinGB=6, SmallestMinGB=0)
[2023.03.04-23.04.28:215][  0]LogInit: Going up to parent DeviceProfile []
[2023.03.04-23.04.28:215][  0]LogConfig: Applying CVar settings from Section [ViewDistanceQuality@3] File [E:/Github/ProjectYJ/ProjectYJ/Saved/Config/Windows/Scalability.ini]
[2023.03.04-23.04.28:216][  0]LogConfig: Setting CVar [[r.SkeletalMeshLODBias:0]]
[2023.03.04-23.04.28:216][  0]LogConfig: Setting CVar [[r.ViewDistanceScale:1.0]]
[2023.03.04-23.04.28:216][  0]LogConfig: Applying CVar settings from Section [AntiAliasingQuality@3] File [E:/Github/ProjectYJ/ProjectYJ/Saved/Config/Windows/Scalability.ini]
[2023.03.04-23.04.28:216][  0]LogConfig: Setting CVar [[r.PostProcessAAQuality:4]]
[2023.03.04-23.04.28:216][  0]LogConfig: Applying CVar settings from Section [ShadowQuality@3] File [E:/Github/ProjectYJ/ProjectYJ/Saved/Config/Windows/Scalability.ini]
[2023.03.04-23.04.28:216][  0]LogConfig: Setting CVar [[r.LightFunctionQuality:1]]
[2023.03.04-23.04.28:216][  0]LogConfig: Setting CVar [[r.ShadowQuality:5]]
[2023.03.04-23.04.28:216][  0]LogConfig: Setting CVar [[r.Shadow.CSM.MaxCascades:10]]
[2023.03.04-23.04.28:216][  0]LogConfig: Setting CVar [[r.Shadow.MaxResolution:2048]]
[2023.03.04-23.04.28:216][  0]LogConfig: Setting CVar [[r.Shadow.MaxCSMResolution:2048]]
[2023.03.04-23.04.28:216][  0]LogConfig: Setting CVar [[r.Shadow.RadiusThreshold:0.01]]
[2023.03.04-23.04.28:216][  0]LogConfig: Setting CVar [[r.Shadow.DistanceScale:1.0]]
[2023.03.04-23.04.28:217][  0]LogConfig: Setting CVar [[r.Shadow.CSM.TransitionScale:1.0]]
[2023.03.04-23.04.28:217][  0]LogConfig: Setting CVar [[r.Shadow.PreShadowResolutionFactor:1.0]]
[2023.03.04-23.04.28:217][  0]LogConfig: Setting CVar [[r.DistanceFieldShadowing:1]]
[2023.03.04-23.04.28:217][  0]LogConfig: Setting CVar [[r.DistanceFieldAO:1]]
[2023.03.04-23.04.28:217][  0]LogConfig: Setting CVar [[r.AOQuality:2]]
[2023.03.04-23.04.28:217][  0]LogConfig: Setting CVar [[r.VolumetricFog:1]]
[2023.03.04-23.04.28:217][  0]LogConfig: Setting CVar [[r.VolumetricFog.GridPixelSize:8]]
[2023.03.04-23.04.28:217][  0]LogConfig: Setting CVar [[r.VolumetricFog.GridSizeZ:128]]
[2023.03.04-23.04.28:217][  0]LogConfig: Setting CVar [[r.VolumetricFog.HistoryMissSupersampleCount:4]]
[2023.03.04-23.04.28:217][  0]LogConfig: Setting CVar [[r.LightMaxDrawDistanceScale:1]]
[2023.03.04-23.04.28:217][  0]LogConfig: Setting CVar [[r.CapsuleShadows:1]]
[2023.03.04-23.04.28:217][  0]LogConfig: Applying CVar settings from Section [PostProcessQuality@3] File [E:/Github/ProjectYJ/ProjectYJ/Saved/Config/Windows/Scalability.ini]
[2023.03.04-23.04.28:218][  0]LogConfig: Setting CVar [[r.MotionBlurQuality:4]]
[2023.03.04-23.04.28:218][  0]LogConfig: Setting CVar [[r.AmbientOcclusionMipLevelFactor:0.4]]
[2023.03.04-23.04.28:218][  0]LogConfig: Setting CVar [[r.AmbientOcclusionMaxQuality:100]]
[2023.03.04-23.04.28:218][  0]LogConfig: Setting CVar [[r.AmbientOcclusionLevels:-1]]
[2023.03.04-23.04.28:218][  0]LogConfig: Setting CVar [[r.AmbientOcclusionRadiusScale:1.0]]
[2023.03.04-23.04.28:218][  0]LogConfig: Setting CVar [[r.DepthOfFieldQuality:2]]
[2023.03.04-23.04.28:218][  0]LogConfig: Setting CVar [[r.RenderTargetPoolMin:400]]
[2023.03.04-23.04.28:218][  0]LogConfig: Setting CVar [[r.LensFlareQuality:2]]
[2023.03.04-23.04.28:218][  0]LogConfig: Setting CVar [[r.SceneColorFringeQuality:1]]
[2023.03.04-23.04.28:218][  0]LogConfig: Setting CVar [[r.EyeAdaptationQuality:2]]
[2023.03.04-23.04.28:218][  0]LogConfig: Setting CVar [[r.BloomQuality:5]]
[2023.03.04-23.04.28:218][  0]LogConfig: Setting CVar [[r.FastBlurThreshold:100]]
[2023.03.04-23.04.28:218][  0]LogConfig: Setting CVar [[r.Upscale.Quality:3]]
[2023.03.04-23.04.28:219][  0]LogConfig: Setting CVar [[r.Tonemapper.GrainQuantization:1]]
[2023.03.04-23.04.28:219][  0]LogConfig: Setting CVar [[r.LightShaftQuality:1]]
[2023.03.04-23.04.28:219][  0]LogConfig: Setting CVar [[r.Filter.SizeScale:1]]
[2023.03.04-23.04.28:219][  0]LogConfig: Setting CVar [[r.Tonemapper.Quality:5]]
[2023.03.04-23.04.28:219][  0]LogConfig: Setting CVar [[r.DOF.Gather.AccumulatorQuality:1        ; higher gathering accumulator quality]]
[2023.03.04-23.04.28:219][  0]LogConfig: Setting CVar [[r.DOF.Gather.PostfilterMethod:1          ; Median3x3 postfilering method]]
[2023.03.04-23.04.28:219][  0]LogConfig: Setting CVar [[r.DOF.Gather.EnableBokehSettings:0       ; no bokeh simulation when gathering]]
[2023.03.04-23.04.28:219][  0]LogConfig: Setting CVar [[r.DOF.Gather.RingCount:4                 ; medium number of samples when gathering]]
[2023.03.04-23.04.28:219][  0]LogConfig: Setting CVar [[r.DOF.Scatter.ForegroundCompositing:1    ; additive foreground scattering]]
[2023.03.04-23.04.28:219][  0]LogConfig: Setting CVar [[r.DOF.Scatter.BackgroundCompositing:2    ; additive background scattering]]
[2023.03.04-23.04.28:219][  0]LogConfig: Setting CVar [[r.DOF.Scatter.EnableBokehSettings:1      ; bokeh simulation when scattering]]
[2023.03.04-23.04.28:219][  0]LogConfig: Setting CVar [[r.DOF.Scatter.MaxSpriteRatio:0.1         ; only a maximum of 10% of scattered bokeh]]
[2023.03.04-23.04.28:220][  0]LogConfig: Setting CVar [[r.DOF.Recombine.Quality:1                ; cheap slight out of focus]]
[2023.03.04-23.04.28:220][  0]LogConfig: Setting CVar [[r.DOF.Recombine.EnableBokehSettings:0    ; no bokeh simulation on slight out of focus]]
[2023.03.04-23.04.28:220][  0]LogConfig: Setting CVar [[r.DOF.TemporalAAQuality:1                ; more stable temporal accumulation]]
[2023.03.04-23.04.28:220][  0]LogConfig: Setting CVar [[r.DOF.Kernel.MaxForegroundRadius:0.025]]
[2023.03.04-23.04.28:220][  0]LogConfig: Setting CVar [[r.DOF.Kernel.MaxBackgroundRadius:0.025]]
[2023.03.04-23.04.28:220][  0]LogConfig: Applying CVar settings from Section [TextureQuality@3] File [E:/Github/ProjectYJ/ProjectYJ/Saved/Config/Windows/Scalability.ini]
[2023.03.04-23.04.28:220][  0]LogConfig: Setting CVar [[r.Streaming.MipBias:0]]
[2023.03.04-23.04.28:220][  0]LogConfig: Setting CVar [[r.Streaming.AmortizeCPUToGPUCopy:0]]
[2023.03.04-23.04.28:220][  0]LogConfig: Setting CVar [[r.Streaming.MaxNumTexturesToStreamPerFrame:0]]
[2023.03.04-23.04.28:220][  0]LogConfig: Setting CVar [[r.Streaming.Boost:1]]
[2023.03.04-23.04.28:220][  0]LogConfig: Setting CVar [[r.MaxAnisotropy:8]]
[2023.03.04-23.04.28:220][  0]LogConfig: Setting CVar [[r.VT.MaxAnisotropy:8]]
[2023.03.04-23.04.28:220][  0]LogConfig: Setting CVar [[r.Streaming.LimitPoolSizeToVRAM:0]]
[2023.03.04-23.04.28:221][  0]LogConfig: Setting CVar [[r.Streaming.PoolSize:1000]]
[2023.03.04-23.04.28:221][  0]LogConfig: Setting CVar [[r.Streaming.MaxEffectiveScreenSize:0]]
[2023.03.04-23.04.28:221][  0]LogConfig: Applying CVar settings from Section [EffectsQuality@3] File [E:/Github/ProjectYJ/ProjectYJ/Saved/Config/Windows/Scalability.ini]
[2023.03.04-23.04.28:221][  0]LogConfig: Setting CVar [[r.TranslucencyLightingVolumeDim:64]]
[2023.03.04-23.04.28:221][  0]LogConfig: Setting CVar [[r.RefractionQuality:2]]
[2023.03.04-23.04.28:221][  0]LogConfig: Setting CVar [[r.SSR.Quality:3]]
[2023.03.04-23.04.28:221][  0]LogConfig: Setting CVar [[r.SSR.HalfResSceneColor:0]]
[2023.03.04-23.04.28:221][  0]LogConfig: Setting CVar [[r.SceneColorFormat:4]]
[2023.03.04-23.04.28:221][  0]LogConfig: Setting CVar [[r.DetailMode:2]]
[2023.03.04-23.04.28:221][  0]LogConfig: Setting CVar [[r.TranslucencyVolumeBlur:1]]
[2023.03.04-23.04.28:221][  0]LogConfig: Setting CVar [[r.MaterialQualityLevel:1 ; High quality]]
[2023.03.04-23.04.28:221][  0]LogConfig: Setting CVar [[r.AnisotropicMaterials:1]]
[2023.03.04-23.04.28:221][  0]LogConfig: Setting CVar [[r.SSS.Scale:1]]
[2023.03.04-23.04.28:222][  0]LogConfig: Setting CVar [[r.SSS.SampleSet:2]]
[2023.03.04-23.04.28:222][  0]LogConfig: Setting CVar [[r.SSS.Quality:1]]
[2023.03.04-23.04.28:222][  0]LogConfig: Setting CVar [[r.SSS.HalfRes:0]]
[2023.03.04-23.04.28:222][  0]LogConfig: Setting CVar [[r.SSGI.Quality:3]]
[2023.03.04-23.04.28:222][  0]LogConfig: Setting CVar [[r.EmitterSpawnRateScale:1.0]]
[2023.03.04-23.04.28:222][  0]LogConfig: Setting CVar [[r.ParticleLightQuality:2]]
[2023.03.04-23.04.28:222][  0]LogConfig: Setting CVar [[r.SkyAtmosphere.AerialPerspectiveLUT.FastApplyOnOpaque:1 ; Always have FastSkyLUT 1 in this case to avoid wrong sky]]
[2023.03.04-23.04.28:222][  0]LogConfig: Setting CVar [[r.SkyAtmosphere.AerialPerspectiveLUT.SampleCountMaxPerSlice:4]]
[2023.03.04-23.04.28:222][  0]LogConfig: Setting CVar [[r.SkyAtmosphere.AerialPerspectiveLUT.DepthResolution:16.0]]
[2023.03.04-23.04.28:222][  0]LogConfig: Setting CVar [[r.SkyAtmosphere.FastSkyLUT:1]]
[2023.03.04-23.04.28:222][  0]LogConfig: Setting CVar [[r.SkyAtmosphere.FastSkyLUT.SampleCountMin:4.0]]
[2023.03.04-23.04.28:222][  0]LogConfig: Setting CVar [[r.SkyAtmosphere.FastSkyLUT.SampleCountMax:128.0]]
[2023.03.04-23.04.28:222][  0]LogConfig: Setting CVar [[r.SkyAtmosphere.SampleCountMin:4.0]]
[2023.03.04-23.04.28:222][  0]LogConfig: Setting CVar [[r.SkyAtmosphere.SampleCountMax:128.0]]
[2023.03.04-23.04.28:223][  0]LogConfig: Setting CVar [[r.SkyAtmosphere.TransmittanceLUT.UseSmallFormat:0]]
[2023.03.04-23.04.28:223][  0]LogConfig: Setting CVar [[r.SkyAtmosphere.TransmittanceLUT.SampleCount:10.0]]
[2023.03.04-23.04.28:223][  0]LogConfig: Setting CVar [[r.SkyAtmosphere.MultiScatteringLUT.SampleCount:15.0]]
[2023.03.04-23.04.28:223][  0]LogConfig: Setting CVar [[r.SkyLight.RealTimeReflectionCapture:1]]
[2023.03.04-23.04.28:223][  0]LogConfig: Applying CVar settings from Section [FoliageQuality@3] File [E:/Github/ProjectYJ/ProjectYJ/Saved/Config/Windows/Scalability.ini]
[2023.03.04-23.04.28:223][  0]LogConfig: Setting CVar [[foliage.DensityScale:1.0]]
[2023.03.04-23.04.28:223][  0]LogConfig: Setting CVar [[grass.DensityScale:1.0]]
[2023.03.04-23.04.28:223][  0]LogConfig: Applying CVar settings from Section [ShadingQuality@3] File [E:/Github/ProjectYJ/ProjectYJ/Saved/Config/Windows/Scalability.ini]
[2023.03.04-23.04.28:223][  0]LogConfig: Setting CVar [[r.HairStrands.SkyLighting.IntegrationType:2]]
[2023.03.04-23.04.28:223][  0]LogConfig: Setting CVar [[r.HairStrands.SkyAO.SampleCount:4]]
[2023.03.04-23.04.28:223][  0]LogConfig: Setting CVar [[r.HairStrands.Visibility.MSAA.SamplePerPixel:4]]
[2023.03.04-23.04.28:224][  0]LogConfig: Applying CVar settings from Section [Startup] File [../../../Engine/Config/ConsoleVariables.ini]
[2023.03.04-23.04.28:224][  0]LogConfig: Setting CVar [[net.UseAdaptiveNetUpdateFrequency:0]]
[2023.03.04-23.04.28:224][  0]LogConfig: Setting CVar [[p.chaos.AllowCreatePhysxBodies:1]]
[2023.03.04-23.04.28:224][  0]LogConfig: Setting CVar [[fx.SkipVectorVMBackendOptimizations:1]]
[2023.03.04-23.04.28:224][  0]LogConfig: Applying CVar settings from Section [ConsoleVariables] File [E:/Github/ProjectYJ/ProjectYJ/Saved/Config/Windows/Engine.ini]
[2023.03.04-23.04.28:224][  0]LogConfig: Applying CVar settings from Section [ConsoleVariables] File [E:/Github/ProjectYJ/ProjectYJ/Saved/Config/Windows/Editor.ini]
[2023.03.04-23.04.28:225][  0]LogInit: Computer: DESKTOP-YJ
[2023.03.04-23.04.28:225][  0]LogInit: User: YJ
[2023.03.04-23.04.28:225][  0]LogInit: CPU Page size=4096, Cores=6
[2023.03.04-23.04.28:225][  0]LogInit: High frequency timer resolution =10.000000 MHz
[2023.03.04-23.04.28:225][  0]LogMemory: Memory total: Physical=31.9GB (32GB approx)
[2023.03.04-23.04.28:225][  0]LogMemory: Platform Memory Stats for Windows
[2023.03.04-23.04.28:225][  0]LogMemory: Process Physical Memory: 132.75 MB used, 132.75 MB peak
[2023.03.04-23.04.28:225][  0]LogMemory: Process Virtual Memory: 103.41 MB used, 103.41 MB peak
[2023.03.04-23.04.28:225][  0]LogMemory: Physical Memory: 11997.71 MB used,  20696.56 MB free, 32694.27 MB total
[2023.03.04-23.04.28:225][  0]LogMemory: Virtual Memory: 134183928.00 MB used,  33796.30 MB free, 134217728.00 MB total
[2023.03.04-23.04.28:278][  0]LogWindows: WindowsPlatformFeatures enabled
[2023.03.04-23.04.28:649][  0]LogInit: Physics initialised using underlying interface: PhysX
[2023.03.04-23.04.28:650][  0]LogInit: Using OS detected language (ko-KR).
[2023.03.04-23.04.28:651][  0]LogInit: Using OS detected locale (ko-KR).
[2023.03.04-23.04.28:654][  0]LogTextLocalizationManager: No specific localization for 'ko-KR' exists, so the 'ko' localization will be used.
[2023.03.04-23.04.28:805][  0]LogInit: Setting process to per monitor DPI aware
[2023.03.04-23.04.28:917][  0]LogWindowsTextInputMethodSystem: Display: IME system deactivated.
[2023.03.04-23.04.28:985][  0]LogSlate: New Slate User Created.  User Index 0, Is Virtual User: 0
[2023.03.04-23.04.28:986][  0]LogSlate: Slate User Registered.  User Index 0, Is Virtual User: 0
[2023.03.04-23.04.29:353][  0]LogD3D11RHI: Loaded GFSDK_Aftermath_Lib.x64.dll
[2023.03.04-23.04.29:367][  0]LogHMD: Failed to initialize OpenVR with code 110
[2023.03.04-23.04.29:367][  0]LogD3D11RHI: D3D11 min allowed feature level: 11_0
[2023.03.04-23.04.29:367][  0]LogD3D11RHI: D3D11 max allowed feature level: 11_0
[2023.03.04-23.04.29:368][  0]LogD3D11RHI: D3D11 adapters:
[2023.03.04-23.04.29:700][  0]LogD3D11RHI:    0. 'NVIDIA GeForce RTX 3060 Ti' (Feature Level 11_0)
[2023.03.04-23.04.29:700][  0]LogD3D11RHI:       8050/0/16347 MB DedicatedVideo/DedicatedSystem/SharedSystem, Outputs:1, VendorId:0x10de
[2023.03.04-23.04.29:709][  0]LogD3D11RHI:    1. 'Microsoft Basic Render Driver' (Feature Level 11_0)
[2023.03.04-23.04.29:709][  0]LogD3D11RHI:       0/0/16347 MB DedicatedVideo/DedicatedSystem/SharedSystem, Outputs:0, VendorId:0x1414
[2023.03.04-23.04.29:709][  0]LogD3D11RHI: Chosen D3D11 Adapter:
[2023.03.04-23.04.29:710][  0]LogD3D11RHI:     Description : NVIDIA GeForce RTX 3060 Ti
[2023.03.04-23.04.29:710][  0]LogD3D11RHI:     VendorId    : 10de
[2023.03.04-23.04.29:710][  0]LogD3D11RHI:     DeviceId    : 2486
[2023.03.04-23.04.29:710][  0]LogD3D11RHI:     SubSysId    : 248610de
[2023.03.04-23.04.29:710][  0]LogD3D11RHI:     Revision    : 00a1
[2023.03.04-23.04.29:710][  0]LogD3D11RHI:     DedicatedVideoMemory : 8441036800 bytes
[2023.03.04-23.04.29:710][  0]LogD3D11RHI:     DedicatedSystemMemory : 0 bytes
[2023.03.04-23.04.29:710][  0]LogD3D11RHI:     SharedSystemMemory : 17141215232 bytes
[2023.03.04-23.04.29:710][  0]LogD3D11RHI:     AdapterLuid : 0 49665
[2023.03.04-23.04.29:718][  0]LogD3D11RHI: Creating new Direct3DDevice
[2023.03.04-23.04.29:718][  0]LogD3D11RHI:     GPU DeviceId: 0x2486 (for the marketing name, search the web for "GPU Device Id")
[2023.03.04-23.04.29:718][  0]LogWindows: EnumDisplayDevices:
[2023.03.04-23.04.29:719][  0]LogWindows:    0. 'NVIDIA GeForce RTX 3060 Ti' (P:1 D:1)
[2023.03.04-23.04.29:720][  0]LogWindows:    1. 'NVIDIA GeForce RTX 3060 Ti' (P:0 D:0)
[2023.03.04-23.04.29:722][  0]LogWindows:    2. 'NVIDIA GeForce RTX 3060 Ti' (P:0 D:0)
[2023.03.04-23.04.29:723][  0]LogWindows:    3. 'NVIDIA GeForce RTX 3060 Ti' (P:0 D:0)
[2023.03.04-23.04.29:724][  0]LogWindows: DebugString: FoundDriverCount:4 
[2023.03.04-23.04.29:724][  0]LogD3D11RHI:     Adapter Name: NVIDIA GeForce RTX 3060 Ti
[2023.03.04-23.04.29:724][  0]LogD3D11RHI:   Driver Version: 516.94 (internal:31.0.15.1694, unified:516.94)
[2023.03.04-23.04.29:724][  0]LogD3D11RHI:      Driver Date: 7-21-2022
[2023.03.04-23.04.29:724][  0]LogRHI: Texture pool is 5635 MB (70% of 8050 MB)
[2023.03.04-23.04.29:724][  0]LogD3D11RHI: Creating D3DDevice using adapter:
[2023.03.04-23.04.29:724][  0]LogD3D11RHI:     Description : NVIDIA GeForce RTX 3060 Ti
[2023.03.04-23.04.29:724][  0]LogD3D11RHI:     VendorId    : 10de
[2023.03.04-23.04.29:724][  0]LogD3D11RHI:     DeviceId    : 2486
[2023.03.04-23.04.29:724][  0]LogD3D11RHI:     SubSysId    : 248610de
[2023.03.04-23.04.29:724][  0]LogD3D11RHI:     Revision    : 00a1
[2023.03.04-23.04.29:725][  0]LogD3D11RHI:     DedicatedVideoMemory : 8441036800 bytes
[2023.03.04-23.04.29:725][  0]LogD3D11RHI:     DedicatedSystemMemory : 0 bytes
[2023.03.04-23.04.29:725][  0]LogD3D11RHI:     SharedSystemMemory : 17141215232 bytes
[2023.03.04-23.04.29:725][  0]LogD3D11RHI:     AdapterLuid : 0 49665
[2023.03.04-23.04.29:826][  0]LogD3D11RHI: RHI has support for 64 bit atomics
[2023.03.04-23.04.29:826][  0]LogD3D11RHI: Async texture creation enabled
[2023.03.04-23.04.29:826][  0]LogD3D11RHI: Array index from any shader is supported
[2023.03.04-23.04.29:831][  0]LogD3D11RHI: HDR output is supported on display 0 (NvId: 0x80061082).
[2023.03.04-23.04.29:849][  0]LogD3D11RHI: GPU Timing Frequency: 1000.000000 (Debug: 2 1)
[2023.03.04-23.04.30:007][  0]LogRHI: GeForceNow SDK initialized: 1
[2023.03.04-23.04.30:625][  0]LogTargetPlatformManager: Display: Loaded TargetPlatform 'AllDesktop'
[2023.03.04-23.04.30:683][  0]LogTargetPlatformManager: Display: Loaded TargetPlatform 'Android'
[2023.03.04-23.04.30:683][  0]LogTargetPlatformManager: Display: Loaded TargetPlatform 'Android_ASTC'
[2023.03.04-23.04.30:683][  0]LogTargetPlatformManager: Display: Loaded TargetPlatform 'Android_DXT'
[2023.03.04-23.04.30:683][  0]LogTargetPlatformManager: Display: Loaded TargetPlatform 'Android_ETC2'
[2023.03.04-23.04.30:683][  0]LogTargetPlatformManager: Display: Loaded TargetPlatform 'AndroidClient'
[2023.03.04-23.04.30:683][  0]LogTargetPlatformManager: Display: Loaded TargetPlatform 'Android_ASTCClient'
[2023.03.04-23.04.30:684][  0]LogTargetPlatformManager: Display: Loaded TargetPlatform 'Android_DXTClient'
[2023.03.04-23.04.30:684][  0]LogTargetPlatformManager: Display: Loaded TargetPlatform 'Android_ETC2Client'
[2023.03.04-23.04.30:684][  0]LogTargetPlatformManager: Display: Loaded TargetPlatform 'Android_Multi'
[2023.03.04-23.04.30:684][  0]LogTargetPlatformManager: Display: Loaded TargetPlatform 'Android_MultiClient'
[2023.03.04-23.04.30:776][  0]LogTargetPlatformManager: Display: Loaded TargetPlatform 'IOSClient'
[2023.03.04-23.04.30:776][  0]LogTargetPlatformManager: Display: Loaded TargetPlatform 'IOS'
[2023.03.04-23.04.30:843][  0]LogTargetPlatformManager: Display: Loaded TargetPlatform 'Lumin'
[2023.03.04-23.04.30:843][  0]LogTargetPlatformManager: Display: Loaded TargetPlatform 'LuminClient'
[2023.03.04-23.04.30:886][  0]LogTargetPlatformManager: Display: Loaded TargetPlatform 'MacNoEditor'
[2023.03.04-23.04.30:925][  0]LogTargetPlatformManager: Display: Loaded TargetPlatform 'Mac'
[2023.03.04-23.04.30:952][  0]LogTargetPlatformManager: Display: Loaded TargetPlatform 'MacClient'
[2023.03.04-23.04.30:985][  0]LogTargetPlatformManager: Display: Loaded TargetPlatform 'MacServer'
[2023.03.04-23.04.31:028][  0]LogTargetPlatformManager: Display: Loaded TargetPlatform 'TVOSClient'
[2023.03.04-23.04.31:028][  0]LogTargetPlatformManager: Display: Loaded TargetPlatform 'TVOS'
[2023.03.04-23.04.31:078][  0]LogTargetPlatformManager: Display: Loaded TargetPlatform 'WindowsNoEditor'
[2023.03.04-23.04.31:129][  0]LogTargetPlatformManager: Display: Loaded TargetPlatform 'Windows'
[2023.03.04-23.04.31:158][  0]LogTargetPlatformManager: Display: Loaded TargetPlatform 'WindowsClient'
[2023.03.04-23.04.31:190][  0]LogTargetPlatformManager: Display: Loaded TargetPlatform 'WindowsServer'
[2023.03.04-23.04.31:191][  0]LogTargetPlatformManager: Display: Building Assets For Windows
[2023.03.04-23.04.31:267][  0]LogAudioDebug: Display: Lib vorbis DLL was dynamically loaded.
[2023.03.04-23.04.31:543][  0]LogTextureFormatOodle: Display: Oodle Texture 2.9.0 init RDO Off
[2023.03.04-23.04.31:799][  0]LogRendererCore: Ray tracing is disabled. Reason: r.RayTracing=0.
[2023.03.04-23.04.31:800][  0]LogShaderCompilers: Guid format shader working directory is 4 characters bigger than the processId version (../../../../Github/ProjectYJ/ProjectYJ/Intermediate/Shaders/WorkingDirectory/16744/).
[2023.03.04-23.04.31:800][  0]LogShaderCompilers: Cleaned the shader compiler working directory 'C:/Users/YJ/AppData/Local/Temp/UnrealShaderWorkingDir/C1A0CA0942CDB74E50AFDE81236CD5CA/'.
[2023.03.04-23.04.31:801][  0]LogXGEController: Cannot use XGE Controller as Incredibuild is not installed on this machine.
[2023.03.04-23.04.31:801][  0]LogShaderCompilers: Cannot use XGE Shader Compiler as Incredibuild is not installed on this machine.
[2023.03.04-23.04.31:801][  0]LogShaderCompilers: Display: Using Local Shader Compiler.
[2023.03.04-23.04.32:908][  0]LogDerivedDataCache: Display: Max Cache Size: 512 MB
[2023.03.04-23.04.32:976][  0]LogDerivedDataCache: Loaded boot cache 0.07s 100MB ../../../../Github/ProjectYJ/ProjectYJ/DerivedDataCache/Boot.ddc.
[2023.03.04-23.04.32:976][  0]LogDerivedDataCache: Display: Loaded Boot cache: ../../../../Github/ProjectYJ/ProjectYJ/DerivedDataCache/Boot.ddc
[2023.03.04-23.04.32:977][  0]LogDerivedDataCache: FDerivedDataBackendGraph:  Pak pak cache file ../../../../Github/ProjectYJ/ProjectYJ/DerivedDataCache/DDC.ddp not found, will not use a pak cache.
[2023.03.04-23.04.32:977][  0]LogDerivedDataCache: Unable to find inner node Pak for hierarchical cache Hierarchy.
[2023.03.04-23.04.32:977][  0]LogDerivedDataCache: FDerivedDataBackendGraph:  EnginePak pak cache file ../../../Engine/DerivedDataCache/DDC.ddp not found, will not use a pak cache.
[2023.03.04-23.04.32:977][  0]LogDerivedDataCache: Unable to find inner node EnginePak for hierarchical cache Hierarchy.
[2023.03.04-23.04.33:025][  0]LogDerivedDataCache: Speed tests for ../../../Engine/DerivedDataCache took 0.05 seconds
[2023.03.04-23.04.33:025][  0]LogDerivedDataCache: Display: Performance to ../../../Engine/DerivedDataCache: Latency=0.01ms. RandomReadSpeed=308.23MBs, RandomWriteSpeed=21.05MBs. Assigned SpeedClass 'Local'
[2023.03.04-23.04.33:027][  0]LogDerivedDataCache: Using Local data cache path ../../../Engine/DerivedDataCache: Writable
[2023.03.04-23.04.33:028][  0]LogDerivedDataCache: Shared data cache path not found in *engine.ini, will not use an Shared cache.
[2023.03.04-23.04.33:028][  0]LogDerivedDataCache: Unable to find inner node Shared for hierarchical cache Hierarchy.
[2023.03.04-23.04.33:101][  0]LogSlate: Using FreeType 2.10.0
[2023.03.04-23.04.33:102][  0]LogSlate: SlateFontServices - WITH_FREETYPE: 1, WITH_HARFBUZZ: 1
[2023.03.04-23.04.33:142][  0]LogAssetRegistry: FAssetRegistry took 0.0071 seconds to start up
[2023.03.04-23.04.33:493][  0]LogInit: Selected Device Profile: [Windows]
[2023.03.04-23.04.33:493][  0]LogInit: Active device profile: [0000018302D63600][0000018378EB1580 49] Windows
[2023.03.04-23.04.33:493][  0]LogInit: Profiles: [0000018302D63600][0000018378EB1580 49] Windows, [0000018302D18C00][0000018378EB9700 49] WindowsNoEditor, [0000018302D60C00][0000018301133880 49] WindowsServer, [0000018302D1AE00][0000018301137A00 49] WindowsClient, [0000018302D62D00][000001830113BB80 49] IOS, [0000018302D19500][0000018378EB4140 49] iPadAir, [0000018302D61400][000001830113E280 49] iPadAir2, [0000018302CCBD00][00000183011464C0 49] IPadPro, [0000018302CCBE00][0000018301142500 49] iPadAir3, [0000018302D62700][000001830114E680 49] iPadAir4, [0000018302CC9100][0000018301152800 49] iPadMini2, [0000018302D61900][0000018301156980 49] iPadMini3, [0000018302CCA800][000001830115AB00 49] iPadMini4, [0000018302D63A00][0000018301162C80 49] iPadMini5, [0000018302D07600][000001830116AF40 49] iPhone6, [0000018302D07700][0000018301166F80 49] iPodTouch6, [0000018302CC8100][000001837F8CD240 49] iPhone7, [0000018302CC9200][000001837F8C9280 49] iPodTouch7, [0000018302D05000][000001837BD2D400 49] iPhone5S, [0000018302CCAB00][000001837BD31580 49] iPhone6Plus, [0000018302D06900][000001837BD35700 49] iPhone6S, [0000018302CC8F00][000001837BD3D880 49] iPhone6SPlus, [0000018302D05800][000001837BD41A00 49] iPhone7Plus, [0000018302CCA200][0000018303D7FB80 49] iPhoneSE, [0000018302D06100][0000018303D82180 49] iPhone8, [0000018302CCB900][0000018303D86300 49] iPhone8Plus, [0000018302D04D00][000001830114A440 49] iPhoneX, [0000018302CC8300][000001837BD76580 49] iPhoneXS, [0000018302D05200][0000018300D986C0 49] iPhoneXSMax, [0000018302CC8B00][0000018300DC8840 49] iPhoneXR, [0000018302D06000][00000183011069C0 49] iPhone11, [0000018302CC9A00][000001830110AB40 49] iPhone11Pro, [0000018302D07000][000001830112ECC0 49] iPhone11ProMax, [0000018302CCBF00][0000018303522E40 49] iPhoneSE2, [0000018302D05600][0000018303526FC0 49] iPhone12Mini, [0000018302CCB400][000001830352B140 49] iPhone12, [0000018302D05100][00000183037532C0 49] iPhone12Pro, [0000018302CC8A00][0000018303757440 49] iPhone12ProMax, [0000018302D07B00][000001837BD0D5C0 49] iPadPro105, [0000018302CC8C00][000001837BD11740 49] iPadPro129, [0000018302D07400][000001837BD158C0 49] iPadPro97, [0000018302CC8500][00000183035A5A40 49] iPadPro2_129, [0000018302D04900][00000183035A9BC0 49] iPad5, [0000018302CCB300][00000183035B01C0 49] iPad6, [0000018302D04100][00000183035B4340 49] iPad7, [0000018302CCB600][000001830360A4C0 49] iPad8, [0000018302D05300][000001837BD72600 49] iPadPro11, [0000018302CCA100][000001830360E740 49] iPadPro2_11, [0000018302D07800][0000018303612880 49] iPadPro3_129, [0000018302CC8E00][00000183036169C0 49] iPadPro4_129, [0000018302D04A00][0000018303966B40 49] AppleTV, [0000018302CC8200][000001830396ACC0 49] AppleTV4K, [0000018302D04C00][0000018303984E40 49] TVOS, [0000018302CC9800][0000018303988FC0 49] Mac, [0000018302D05D00][000001830398D140 49] MacClient, [0000018302CC9F00][000001837BCBD2C0 49] MacNoEditor, [0000018302D06800][000001837BCC1440 49] MacServer, [0000018302CC8900][000001837BCC55C0 49] Linux, [0000018302D04700][000001837BCC9740 49] LinuxAArch64, [0000018302CC8800][0000018378E678C0 49] LinuxNoEditor, [0000018302D05F00][0000018378E6BA40 49] LinuxAArch64NoEditor, [0000018302CCA400][0000018378E6FBC0 49] LinuxClient, [0000018302D07E00][0000018378E721C0 49] LinuxAArch64Client, [0000018302D1B400][0000018378E76340 49] LinuxServer, [0000018302D95B00][0000018378E7A4C0 49] LinuxAArch64Server, [0000018302D1B900][0000018378E7E640 49] Android, [0000018302D94500][000001830361A780 49] Android_Low, [0000018302D19200][0000018303B4E8C0 49] Android_Mid, [0000018302D96500][0000018303B52A00 49] Android_High, [0000018302D19C00][0000018303D8AB40 49] Android_Default, [0000018302D94300][0000018303B5ECC0 49] Android_Adreno4xx, [0000018302D1B100][0000018303B62E40 49] Android_Adreno5xx_Low, [0000018302D94A00][0000018303B66FC0 49] Android_Adreno5xx, [0000018302D19600][0000018303B6B140 49] Android_Adreno6xx, [0000018302D95F00][00000183034F72C0 49] Android_Adreno6xx_Vulkan, [0000018302D1AD00][000001830351F440 49] Android_Mali_T6xx, [0000018302D94600][00000183039575C0 49] Android_Mali_T7xx, [0000018302D1A100][0000018303821740 49] Android_Mali_T8xx, [0000018302D96600][00000183038258C0 49] Android_Mali_G71, [0000018302D1B500][0000018303B57A40 49] Android_Mali_G72, [0000018302D94100][00000183035ADBC0 49] Android_Mali_G72_Vulkan, [0000018302D1A600][000001830395A1C0 49] Android_Mali_G76, [0000018302D95A00][0000018303594340 49] Android_Mali_G76_Vulkan, [0000018302D07500][00000183035904C0 49] Android_Mali_G77, [0000018302CCAE00][000001837BD24640 49] Android_Mali_G77_Vulkan, [0000018302D04800][000001837BD207C0 49] Android_Mali_G78, [0000018302CC9B00][000001837BD1C940 49] Android_Mali_G78_Vulkan, [0000018302D05700][0000018303B5AA80 49] Android_Mali_G710, [0000018302CC9C00][000001837BD18BC0 49] Android_Mali_G710_Vulkan, [0000018302D95C00][00000183010C8D00 49] Android_Vulkan_SM5, [0000018302CCA700][0000018303962E80 49] Android_PowerVR_G6xxx, [0000018302D96400][000001837BCE1000 49] Android_PowerVR_GT7xxx, [0000018302CCB000][000001837BCE5180 49] Android_PowerVR_GE8xxx, [0000018302D95200][000001837BCE9300 49] Android_PowerVR_GM9xxx, [0000018302CC9600][000001837BCED480 49] Android_PowerVR_GM9xxx_Vulkan, [0000018302D94700][000001837BCF1600 49] Android_TegraK1, [0000018302CCB100][000001837BCF5780 49] Android_Unknown_Vulkan, [0000018302D95000][000001837BCF9900 49] Lumin, [0000018302CC8600][000001837BCFDA80 49] Lumin_Desktop, [0000018302D95900][000001837BD01C00 49] HoloLens, 
[2023.03.04-23.04.33:882][  0]LogMeshReduction: Using QuadricMeshReduction for automatic static mesh reduction
[2023.03.04-23.04.33:882][  0]LogMeshReduction: Using SimplygonMeshReduction for automatic skeletal mesh reduction
[2023.03.04-23.04.33:882][  0]LogMeshReduction: Using ProxyLODMeshReduction for automatic mesh merging
[2023.03.04-23.04.33:882][  0]LogMeshReduction: No distributed automatic mesh merging module available
[2023.03.04-23.04.33:882][  0]LogMeshMerging: No distributed automatic mesh merging module available
[2023.03.04-23.04.33:931][  0]LogNetVersion: ProjectYJ 1.0.0, NetCL: 0, EngineNetVer: 17, GameNetVer: 0 (Checksum: 2909777257)
[2023.03.04-23.04.34:528][  0]LogTexture: Default maximum texture size for cubemaps generated from long-lat sources has been changed from 512 to unlimited. In order to preserve old behaiour for '/Engine/MapTemplates/Sky/DaylightAmbientCubemap.DaylightAmbientCubemap', its maximum texture size has been explicitly set to 512.
[2023.03.04-23.04.34:612][  0]LogHMD: PokeAHoleMaterial loaded successfully
[2023.03.04-23.04.34:621][  0]LogUObjectArray: 17169 objects as part of root set at end of initial load.
[2023.03.04-23.04.34:622][  0]LogUObjectAllocator: 4300016 out of 0 bytes used by permanent object pool.
[2023.03.04-23.04.34:622][  0]LogUObjectArray: CloseDisregardForGC: 0/0 objects in disregard for GC pool
[2023.03.04-23.04.36:289][  0]LogNiagaraDebuggerClient: Niagara Debugger Client Initialized | Session: E87E060247A915469C654684421216BC | Instance: 0EF02DBA4E2D6DCE2107CEB332D21401 (DESKTOP-YJ-16744).
[2023.03.04-23.04.36:465][  0]LogPython: Using Python 3.7.7
[2023.03.04-23.04.37:791][  0]LogTcpMessaging: Initializing TcpMessaging bridge
[2023.03.04-23.04.37:839][  0]LogUdpMessaging: Initializing bridge on interface 0.0.0.0:0 to multicast group 230.0.0.1:6666.
[2023.03.04-23.04.39:569][  0]SourceControl: 소스 컨트롤이 꺼졌습니다.
[2023.03.04-23.04.39:570][  0]SourceControl: 소스 컨트롤이 꺼졌습니다.
[2023.03.04-23.04.39:602][  0]SourceControl: 소스 컨트롤이 꺼졌습니다.
[2023.03.04-23.04.39:672][  0]SourceControl: 소스 컨트롤이 꺼졌습니다.
[2023.03.04-23.04.39:732][  0]LogUProjectInfo: Found projects:
[2023.03.04-23.04.40:646][  0]SourceControl: 소스 컨트롤이 꺼졌습니다.
[2023.03.04-23.04.40:870][  0]LogOpenImageDenoise: OIDN starting up
[2023.03.04-23.04.41:235][  0]LogAndroidPermission: UAndroidPermissionCallbackProxy::GetInstance
[2023.03.04-23.04.41:425][  0]LogAudioCaptureCore: Display: No Audio Capture implementations found. Audio input will be silent.
[2023.03.04-23.04.41:426][  0]LogAudioCaptureCore: Display: No Audio Capture implementations found. Audio input will be silent.
[2023.03.04-23.04.42:048][  0]LogCollectionManager: Loaded 0 collections in 0.000932 seconds
[2023.03.04-23.04.42:169][  0]LogFileCache: Scanning file cache for directory 'E:/Github/ProjectYJ/ProjectYJ/Saved/Collections/' took 0.00s
[2023.03.04-23.04.42:169][  0]LogFileCache: Scanning file cache for directory 'E:/Github/ProjectYJ/ProjectYJ/Content/Developers/YJ/Collections/' took 0.00s
[2023.03.04-23.04.42:169][  0]LogFileCache: Scanning file cache for directory 'E:/Github/ProjectYJ/ProjectYJ/Content/Collections/' took 0.00s
[2023.03.04-23.04.42:169][  0]LogOcInput: OculusInput pre-init called
[2023.03.04-23.04.42:879][  0]LogEngine: Initializing Engine...
[2023.03.04-23.04.42:886][  0]LogHMD: Failed to enumerate extensions. Please check that you have a valid OpenXR runtime installed.
[2023.03.04-23.04.42:887][  0]LogHMD: Failed to initialize OpenVR with code 110
[2023.03.04-23.04.42:887][  0]LogMagicLeap: Warning: VR disabled because ZI is not enabled.  To enable, in the editor, Edit -> Project Settings -> Plugins -> Magic Leap Plugin -> Enable Zero Iteration
[2023.03.04-23.04.42:888][  0]LogStats: UGameplayTagsManager::InitializeManager -  0.000 s
[2023.03.04-23.04.43:113][  0]LogInit: Initializing FReadOnlyCVARCache
[2023.03.04-23.04.43:160][  0]LogAIModule: Creating AISystem for world Untitled
[2023.03.04-23.04.43:160][  0]LogAudio: Display: Initializing Audio Device Manager...
[2023.03.04-23.04.43:199][  0]LogAudio: Display: Loading Default Audio Settings Objects...
[2023.03.04-23.04.43:200][  0]LogAudio: Display: No default SoundConcurrencyObject specified (or failed to load).
[2023.03.04-23.04.43:201][  0]LogAudio: Display: Audio Device Manager Initialized
[2023.03.04-23.04.43:201][  0]LogAudio: Display: Creating Audio Device:                 Id: 1, Scope: Shared, Realtime: True
[2023.03.04-23.04.43:201][  0]LogAudioMixer: Display: Audio Mixer Platform Settings:
[2023.03.04-23.04.43:201][  0]LogAudioMixer: Display: 	Sample Rate:						  48000
[2023.03.04-23.04.43:202][  0]LogAudioMixer: Display: 	Callback Buffer Frame Size Requested: 1024
[2023.03.04-23.04.43:202][  0]LogAudioMixer: Display: 	Callback Buffer Frame Size To Use:	  1024
[2023.03.04-23.04.43:202][  0]LogAudioMixer: Display: 	Number of buffers to queue:			  2
[2023.03.04-23.04.43:202][  0]LogAudioMixer: Display: 	Max Channels (voices):				  32
[2023.03.04-23.04.43:202][  0]LogAudioMixer: Display: 	Number of Async Source Workers:		  0
[2023.03.04-23.04.43:202][  0]LogAudio: Display: AudioDevice MaxSources: 32
[2023.03.04-23.04.43:203][  0]LogAudio: Display: Audio Spatialization Plugin: None (built-in).
[2023.03.04-23.04.43:203][  0]LogAudio: Display: Audio Reverb Plugin: None (built-in).
[2023.03.04-23.04.43:203][  0]LogAudio: Display: Audio Occlusion Plugin: None (built-in).
[2023.03.04-23.04.43:203][  0]LogAudioMixer: Display: Initializing audio mixer.
[2023.03.04-23.04.43:265][  0]LogAudioMixer: Display: 0: FrontLeft
[2023.03.04-23.04.43:265][  0]LogAudioMixer: Display: 1: FrontRight
[2023.03.04-23.04.43:457][  0]LogAudioMixer: Display: Using Audio Device 스피커(Realtek High Definition Audio)
[2023.03.04-23.04.43:458][  0]LogAudioMixer: Display: Initializing Sound Submixes...
[2023.03.04-23.04.43:463][  0]LogAudioMixer: Display: Creating Master Submix 'MasterSubmixDefault'
[2023.03.04-23.04.43:463][  0]LogAudioMixer: Display: Creating Master Submix 'MasterReverbSubmixDefault'
[2023.03.04-23.04.43:464][  0]LogAudioMixer: Display: Creating Master Submix 'MasterEQSubmixDefault'
[2023.03.04-23.04.43:464][  0]LogAudioMixer: FMixerPlatformXAudio2::StartAudioStream() called
[2023.03.04-23.04.43:464][  0]LogAudioMixer: Display: Output buffers initialized: Frames=1024, Channels=2, Samples=2048
[2023.03.04-23.04.43:467][  0]LogAudioMixer: Display: Starting AudioMixerPlatformInterface::RunInternal()
[2023.03.04-23.04.43:467][  0]LogAudioMixer: Display: FMixerPlatformXAudio2::SubmitBuffer() called for the first time
[2023.03.04-23.04.43:467][  0]LogInit: FAudioDevice initialized.
[2023.03.04-23.04.43:467][  0]LogAudio: Display: Audio Device (ID: 1) registered with world 'Untitled'.
[2023.03.04-23.04.43:468][  0]LogNetVersion: Set ProjectVersion to 1.0.0.0. Version Checksum will be recalculated on next use.
[2023.03.04-23.04.43:566][  0]LogDerivedDataCache: Saved boot cache 0.10s 100MB ../../../../Github/ProjectYJ/ProjectYJ/DerivedDataCache/Boot.ddc.
[2023.03.04-23.04.43:567][  0]LogInit: Texture streaming: Enabled
[2023.03.04-23.04.43:654][  0]LogAnalytics: Display: [UEEditor.UnrealEngine.Release] APIServer = https://datarouter.ol.epicgames.com/. AppVersion = 4.27.2-0+++UE4+Release-4.27
[2023.03.04-23.04.43:691][  0]LogEngineSessionManager: EngineSessionManager initialized
[2023.03.04-23.04.43:691][  0]LogEditorSessionSummary: Verbose: Initializing EditorSessionSummaryWriter for editor session tracking
[2023.03.04-23.04.43:703][  0]LogEditorSessionSummary: EditorSessionSummaryWriter initialized
[2023.03.04-23.04.43:789][  0]LogInit: Transaction tracking system initialized
[2023.03.04-23.04.43:971][  0]BlueprintLog: New page: 에디터 로드
[2023.03.04-23.04.44:435][  0]LocalizationService: 현지화 서비스가 비활성화되었습니다.
[2023.03.04-23.04.44:644][  0]TimingProfiler: Initialize
[2023.03.04-23.04.44:645][  0]TimingProfiler: OnSessionChanged
[2023.03.04-23.04.44:645][  0]LoadingProfiler: Initialize
[2023.03.04-23.04.44:645][  0]LoadingProfiler: OnSessionChanged
[2023.03.04-23.04.44:645][  0]NetworkingProfiler: Initialize
[2023.03.04-23.04.44:645][  0]NetworkingProfiler: OnSessionChanged
[2023.03.04-23.04.44:645][  0]MemoryProfiler: Initialize
[2023.03.04-23.04.44:646][  0]MemoryProfiler: OnSessionChanged
[2023.03.04-23.04.45:251][  0]LogCook: Display: CookSettings for Memory: MemoryMaxUsedVirtual 0MiB, MemoryMaxUsedPhysical 16384MiB, MemoryMinFreeVirtual 0MiB, MemoryMinFreePhysical 1024MiB
[2023.03.04-23.04.45:252][  0]LogCook: Display: Mobile HDR setting 1
[2023.03.04-23.04.46:056][  0]LogFileCache: Scanning file cache for directory 'E:/Github/ProjectYJ/ProjectYJ/Content/' took 0.01s
[2023.03.04-23.04.46:920][  0]LogModuleManager: Warning: ModuleManager: Unable to load module 'SequenceRecorderSections'  - 0 instances of that module name found.
[2023.03.04-23.04.46:920][  0]LogInit: Display: Engine is initialized. Leaving FEngineLoop::Init()
[2023.03.04-23.04.46:931][  0]SourceControl: 소스 컨트롤이 꺼졌습니다.
[2023.03.04-23.04.46:932][  0]LogUnrealEdMisc: Loading editor; pre map load, took 22.144
[2023.03.04-23.04.46:932][  0]Cmd: MAP LOAD FILE="../../../../Github/ProjectYJ/ProjectYJ/Content/Levels/TestWorld.umap" TEMPLATE=0 SHOWPROGRESS=1 FEATURELEVEL=3
[2023.03.04-23.04.46:933][  0]LightingResults: New page: 라이팅 빌드
[2023.03.04-23.04.46:936][  0]LogWorld: UWorld::CleanupWorld for Untitled, bSessionEnded=true, bCleanupResources=true
[2023.03.04-23.04.46:936][  0]LogSlate: InvalidateAllWidgets triggered.  All widgets were invalidated
[2023.03.04-23.04.46:936][  0]MapCheck: New page: 맵 체크
[2023.03.04-23.04.46:936][  0]LightingResults: New page: 라이팅 빌드
[2023.03.04-23.04.46:945][  0]LogAudio: Display: Audio Device unregistered from world 'None'.
[2023.03.04-23.04.46:950][  0]LogUObjectHash: Compacting FUObjectHashTables data took   1.15ms
[2023.03.04-23.04.47:571][  0]LogAudio: Display: Audio Device (ID: 1) registered with world 'TestWorld'.
[2023.03.04-23.04.47:572][  0]LogAIModule: Creating AISystem for world TestWorld
[2023.03.04-23.04.47:578][  0]LogEditorServer: Finished looking for orphan Actors (0.000 secs)
[2023.03.04-23.04.47:592][  0]LogUObjectHash: Compacting FUObjectHashTables data took   1.09ms
[2023.03.04-23.04.47:596][  0]Cmd: MAP CHECKDEP NOCLEARLOG
[2023.03.04-23.04.47:596][  0]MapCheck: 맵 체크 완료: 오류 0 회, 경고 0 회, 소요 시간 0.172ms.
[2023.03.04-23.04.47:596][  0]LogFileHelpers: Loading map 'TestWorld' took 0.664
[2023.03.04-23.04.47:600][  0]LogUnrealEdMisc: Total Editor Startup Time, took 22.812
[2023.03.04-23.04.47:759][  0]LogBlueprint: Error: [AssetLog] E:\Github\ProjectYJ\ProjectYJ\Content\VertexAnim\VertexAnimTool.uasset: [Compiler] 사용 중인  <이름없음> 확장 시 생성됨 Set Material Parameters  핀은 더 이상  Set Material Parameters 확장 시 생성됨 Set Material Parameters  노드에 존재하지 않습니다. 노드를 새로 고치거나 링크를 끊어 핀을 제거하세요.
[2023.03.04-23.04.47:759][  0]LogBlueprint: Error: [AssetLog] E:\Github\ProjectYJ\ProjectYJ\Content\VertexAnim\VertexAnimTool.uasset: [Compiler] 사용 중인  In Vertex Anim Profile 확장 시 생성됨 Set Material Parameters  핀은 더 이상  Set Material Parameters 확장 시 생성됨 Set Material Parameters  노드에 존재하지 않습니다. 노드를 새로 고치거나 링크를 끊어 핀을 제거하세요.
[2023.03.04-23.04.47:760][  0]LogBlueprint: Error: [AssetLog] E:\Github\ProjectYJ\ProjectYJ\Content\VertexAnim\VertexAnimTool.uasset: [Compiler] 사용 중인  In Material Instance 확장 시 생성됨 Set Material Parameters  핀은 더 이상  Set Material Parameters 확장 시 생성됨 Set Material Parameters  노드에 존재하지 않습니다. 노드를 새로 고치거나 링크를 끊어 핀을 제거하세요.
[2023.03.04-23.04.47:760][  0]LogBlueprint: Error: [AssetLog] E:\Github\ProjectYJ\ProjectYJ\Content\VertexAnim\VertexAnimTool.uasset: [Compiler] VertexAnimFunctionLibrary' 에서 "SetMaterialParameters" 라는 이름의 함수를 찾을 수 없습니다.
 Set Material Parameters 확장 시 생성됨 Create Materials  에 대해 'VertexAnimFunctionLibrary' 컴파일이 되었는지 확인하세요.
[2023.03.04-23.04.47:820][  0]LogSlate: Updating window title bar state: overlay mode, drag disabled, window buttons hidden, title bar hidden
[2023.03.04-23.04.47:827][  0]LogSlate: Updating window title bar state: overlay mode, drag disabled, window buttons hidden, title bar hidden
[2023.03.04-23.04.47:835][  0]LogSlate: Updating window title bar state: overlay mode, drag disabled, window buttons hidden, title bar hidden
[2023.03.04-23.04.47:842][  0]LogSlate: Updating window title bar state: overlay mode, drag disabled, window buttons hidden, title bar hidden
[2023.03.04-23.04.47:865][  0]LogNativeClassHierarchy: Verbose: Native class hierarchy populated in 0.0135 seconds. Added 3831 classes and 938 folders.
[2023.03.04-23.04.47:869][  0]LogNativeClassHierarchy: Verbose: Native class hierarchy updated for 'WidgetCarousel' in 0.0003 seconds. Added 0 classes and 0 folders.
[2023.03.04-23.04.47:871][  0]LogShaderLibrary: Display: ShaderCodeLibraryPakFileMountedCallback: PakFile 'E:/UnrealEngine-4.27.2-release/FeaturePacks/FP_FirstPerson.upack' (chunk index -1, root 'root:/') mounted
[2023.03.04-23.04.47:871][  0]LogShaderLibrary: Display: ShaderCodeLibraryPakFileMountedCallback: pending pak file info (ChunkID:-1 Root:root:/ File:E:/UnrealEngine-4.27.2-release/FeaturePacks/FP_FirstPerson.upack)
[2023.03.04-23.04.47:871][  0]LogPakFile: OnPakFileMounted2Time == 0.000266
[2023.03.04-23.04.47:872][  0]LogShaderLibrary: Display: ShaderCodeLibraryPakFileMountedCallback: PakFile 'E:/UnrealEngine-4.27.2-release/FeaturePacks/FP_FirstPersonBP.upack' (chunk index -1, root 'root:/') mounted
[2023.03.04-23.04.47:873][  0]LogShaderLibrary: Display: ShaderCodeLibraryPakFileMountedCallback: pending pak file info (ChunkID:-1 Root:root:/ File:E:/UnrealEngine-4.27.2-release/FeaturePacks/FP_FirstPersonBP.upack)
[2023.03.04-23.04.47:873][  0]LogPakFile: OnPakFileMounted2Time == 0.000200
[2023.03.04-23.04.47:874][  0]LogShaderLibrary: Display: ShaderCodeLibraryPakFileMountedCallback: PakFile 'E:/UnrealEngine-4.27.2-release/FeaturePacks/MobileStarterContent.upack' (chunk index -1, root 'root:/') mounted
[2023.03.04-23.04.47:874][  0]LogShaderLibrary: Display: ShaderCodeLibraryPakFileMountedCallback: pending pak file info (ChunkID:-1 Root:root:/ File:E:/UnrealEngine-4.27.2-release/FeaturePacks/MobileStarterContent.upack)
[2023.03.04-23.04.47:874][  0]LogPakFile: OnPakFileMounted2Time == 0.000242
[2023.03.04-23.04.47:875][  0]LogShaderLibrary: Display: ShaderCodeLibraryPakFileMountedCallback: PakFile 'E:/UnrealEngine-4.27.2-release/FeaturePacks/StarterContent.upack' (chunk index -1, root 'root:/') mounted
[2023.03.04-23.04.47:876][  0]LogShaderLibrary: Display: ShaderCodeLibraryPakFileMountedCallback: pending pak file info (ChunkID:-1 Root:root:/ File:E:/UnrealEngine-4.27.2-release/FeaturePacks/StarterContent.upack)
[2023.03.04-23.04.47:876][  0]LogPakFile: OnPakFileMounted2Time == 0.000284
[2023.03.04-23.04.47:877][  0]LogShaderLibrary: Display: ShaderCodeLibraryPakFileMountedCallback: PakFile 'E:/UnrealEngine-4.27.2-release/FeaturePacks/TP_2DSideScroller.upack' (chunk index -1, root 'root:/') mounted
[2023.03.04-23.04.47:877][  0]LogShaderLibrary: Display: ShaderCodeLibraryPakFileMountedCallback: pending pak file info (ChunkID:-1 Root:root:/ File:E:/UnrealEngine-4.27.2-release/FeaturePacks/TP_2DSideScroller.upack)
[2023.03.04-23.04.47:877][  0]LogPakFile: OnPakFileMounted2Time == 0.000279
[2023.03.04-23.04.47:879][  0]LogShaderLibrary: Display: ShaderCodeLibraryPakFileMountedCallback: PakFile 'E:/UnrealEngine-4.27.2-release/FeaturePacks/TP_2DSideScrollerBP.upack' (chunk index -1, root 'root:/') mounted
[2023.03.04-23.04.47:879][  0]LogShaderLibrary: Display: ShaderCodeLibraryPakFileMountedCallback: pending pak file info (ChunkID:-1 Root:root:/ File:E:/UnrealEngine-4.27.2-release/FeaturePacks/TP_2DSideScrollerBP.upack)
[2023.03.04-23.04.47:879][  0]LogPakFile: OnPakFileMounted2Time == 0.000267
[2023.03.04-23.04.47:880][  0]LogShaderLibrary: Display: ShaderCodeLibraryPakFileMountedCallback: PakFile 'E:/UnrealEngine-4.27.2-release/FeaturePacks/TP_Flying.upack' (chunk index -1, root 'root:/') mounted
[2023.03.04-23.04.47:881][  0]LogShaderLibrary: Display: ShaderCodeLibraryPakFileMountedCallback: pending pak file info (ChunkID:-1 Root:root:/ File:E:/UnrealEngine-4.27.2-release/FeaturePacks/TP_Flying.upack)
[2023.03.04-23.04.47:881][  0]LogPakFile: OnPakFileMounted2Time == 0.000256
[2023.03.04-23.04.47:882][  0]LogShaderLibrary: Display: ShaderCodeLibraryPakFileMountedCallback: PakFile 'E:/UnrealEngine-4.27.2-release/FeaturePacks/TP_FlyingBP.upack' (chunk index -1, root 'root:/') mounted
[2023.03.04-23.04.47:882][  0]LogShaderLibrary: Display: ShaderCodeLibraryPakFileMountedCallback: pending pak file info (ChunkID:-1 Root:root:/ File:E:/UnrealEngine-4.27.2-release/FeaturePacks/TP_FlyingBP.upack)
[2023.03.04-23.04.47:882][  0]LogPakFile: OnPakFileMounted2Time == 0.000225
[2023.03.04-23.04.47:883][  0]LogShaderLibrary: Display: ShaderCodeLibraryPakFileMountedCallback: PakFile 'E:/UnrealEngine-4.27.2-release/FeaturePacks/TP_Puzzle.upack' (chunk index -1, root 'root:/') mounted
[2023.03.04-23.04.47:883][  0]LogShaderLibrary: Display: ShaderCodeLibraryPakFileMountedCallback: pending pak file info (ChunkID:-1 Root:root:/ File:E:/UnrealEngine-4.27.2-release/FeaturePacks/TP_Puzzle.upack)
[2023.03.04-23.04.47:884][  0]LogPakFile: OnPakFileMounted2Time == 0.000213
[2023.03.04-23.04.47:885][  0]LogShaderLibrary: Display: ShaderCodeLibraryPakFileMountedCallback: PakFile 'E:/UnrealEngine-4.27.2-release/FeaturePacks/TP_PuzzleBP.upack' (chunk index -1, root 'root:/') mounted
[2023.03.04-23.04.47:885][  0]LogShaderLibrary: Display: ShaderCodeLibraryPakFileMountedCallback: pending pak file info (ChunkID:-1 Root:root:/ File:E:/UnrealEngine-4.27.2-release/FeaturePacks/TP_PuzzleBP.upack)
[2023.03.04-23.04.47:885][  0]LogPakFile: OnPakFileMounted2Time == 0.000258
[2023.03.04-23.04.47:886][  0]LogShaderLibrary: Display: ShaderCodeLibraryPakFileMountedCallback: PakFile 'E:/UnrealEngine-4.27.2-release/FeaturePacks/TP_Rolling.upack' (chunk index -1, root 'root:/') mounted
[2023.03.04-23.04.47:886][  0]LogShaderLibrary: Display: ShaderCodeLibraryPakFileMountedCallback: pending pak file info (ChunkID:-1 Root:root:/ File:E:/UnrealEngine-4.27.2-release/FeaturePacks/TP_Rolling.upack)
[2023.03.04-23.04.47:886][  0]LogPakFile: OnPakFileMounted2Time == 0.000202
[2023.03.04-23.04.47:887][  0]LogShaderLibrary: Display: ShaderCodeLibraryPakFileMountedCallback: PakFile 'E:/UnrealEngine-4.27.2-release/FeaturePacks/TP_RollingBP.upack' (chunk index -1, root 'root:/') mounted
[2023.03.04-23.04.47:887][  0]LogShaderLibrary: Display: ShaderCodeLibraryPakFileMountedCallback: pending pak file info (ChunkID:-1 Root:root:/ File:E:/UnrealEngine-4.27.2-release/FeaturePacks/TP_RollingBP.upack)
[2023.03.04-23.04.47:887][  0]LogPakFile: OnPakFileMounted2Time == 0.000216
[2023.03.04-23.04.47:888][  0]LogShaderLibrary: Display: ShaderCodeLibraryPakFileMountedCallback: PakFile 'E:/UnrealEngine-4.27.2-release/FeaturePacks/TP_SideScroller.upack' (chunk index -1, root 'root:/') mounted
[2023.03.04-23.04.47:888][  0]LogShaderLibrary: Display: ShaderCodeLibraryPakFileMountedCallback: pending pak file info (ChunkID:-1 Root:root:/ File:E:/UnrealEngine-4.27.2-release/FeaturePacks/TP_SideScroller.upack)
[2023.03.04-23.04.47:889][  0]LogPakFile: OnPakFileMounted2Time == 0.000225
[2023.03.04-23.04.47:890][  0]LogShaderLibrary: Display: ShaderCodeLibraryPakFileMountedCallback: PakFile 'E:/UnrealEngine-4.27.2-release/FeaturePacks/TP_SideScrollerBP.upack' (chunk index -1, root 'root:/') mounted
[2023.03.04-23.04.47:890][  0]LogShaderLibrary: Display: ShaderCodeLibraryPakFileMountedCallback: pending pak file info (ChunkID:-1 Root:root:/ File:E:/UnrealEngine-4.27.2-release/FeaturePacks/TP_SideScrollerBP.upack)
[2023.03.04-23.04.47:890][  0]LogPakFile: OnPakFileMounted2Time == 0.000239
[2023.03.04-23.04.47:891][  0]LogShaderLibrary: Display: ShaderCodeLibraryPakFileMountedCallback: PakFile 'E:/UnrealEngine-4.27.2-release/FeaturePacks/TP_ThirdPerson.upack' (chunk index -1, root 'root:/') mounted
[2023.03.04-23.04.47:891][  0]LogShaderLibrary: Display: ShaderCodeLibraryPakFileMountedCallback: pending pak file info (ChunkID:-1 Root:root:/ File:E:/UnrealEngine-4.27.2-release/FeaturePacks/TP_ThirdPerson.upack)
[2023.03.04-23.04.47:892][  0]LogPakFile: OnPakFileMounted2Time == 0.000214
[2023.03.04-23.04.47:893][  0]LogShaderLibrary: Display: ShaderCodeLibraryPakFileMountedCallback: PakFile 'E:/UnrealEngine-4.27.2-release/FeaturePacks/TP_ThirdPersonBP.upack' (chunk index -1, root 'root:/') mounted
[2023.03.04-23.04.47:893][  0]LogShaderLibrary: Display: ShaderCodeLibraryPakFileMountedCallback: pending pak file info (ChunkID:-1 Root:root:/ File:E:/UnrealEngine-4.27.2-release/FeaturePacks/TP_ThirdPersonBP.upack)
[2023.03.04-23.04.47:893][  0]LogPakFile: OnPakFileMounted2Time == 0.000199
[2023.03.04-23.04.47:894][  0]LogShaderLibrary: Display: ShaderCodeLibraryPakFileMountedCallback: PakFile 'E:/UnrealEngine-4.27.2-release/FeaturePacks/TP_TopDown.upack' (chunk index -1, root 'root:/') mounted
[2023.03.04-23.04.47:894][  0]LogShaderLibrary: Display: ShaderCodeLibraryPakFileMountedCallback: pending pak file info (ChunkID:-1 Root:root:/ File:E:/UnrealEngine-4.27.2-release/FeaturePacks/TP_TopDown.upack)
[2023.03.04-23.04.47:894][  0]LogPakFile: OnPakFileMounted2Time == 0.000216
[2023.03.04-23.04.47:895][  0]LogShaderLibrary: Display: ShaderCodeLibraryPakFileMountedCallback: PakFile 'E:/UnrealEngine-4.27.2-release/FeaturePacks/TP_TopDownBP.upack' (chunk index -1, root 'root:/') mounted
[2023.03.04-23.04.47:896][  0]LogShaderLibrary: Display: ShaderCodeLibraryPakFileMountedCallback: pending pak file info (ChunkID:-1 Root:root:/ File:E:/UnrealEngine-4.27.2-release/FeaturePacks/TP_TopDownBP.upack)
[2023.03.04-23.04.47:896][  0]LogPakFile: OnPakFileMounted2Time == 0.000219
[2023.03.04-23.04.47:897][  0]LogShaderLibrary: Display: ShaderCodeLibraryPakFileMountedCallback: PakFile 'E:/UnrealEngine-4.27.2-release/FeaturePacks/TP_TwinStick.upack' (chunk index -1, root 'root:/') mounted
[2023.03.04-23.04.47:897][  0]LogShaderLibrary: Display: ShaderCodeLibraryPakFileMountedCallback: pending pak file info (ChunkID:-1 Root:root:/ File:E:/UnrealEngine-4.27.2-release/FeaturePacks/TP_TwinStick.upack)
[2023.03.04-23.04.47:897][  0]LogPakFile: OnPakFileMounted2Time == 0.000211
[2023.03.04-23.04.47:898][  0]LogShaderLibrary: Display: ShaderCodeLibraryPakFileMountedCallback: PakFile 'E:/UnrealEngine-4.27.2-release/FeaturePacks/TP_TwinStickBP.upack' (chunk index -1, root 'root:/') mounted
[2023.03.04-23.04.47:898][  0]LogShaderLibrary: Display: ShaderCodeLibraryPakFileMountedCallback: pending pak file info (ChunkID:-1 Root:root:/ File:E:/UnrealEngine-4.27.2-release/FeaturePacks/TP_TwinStickBP.upack)
[2023.03.04-23.04.47:898][  0]LogPakFile: OnPakFileMounted2Time == 0.000196
[2023.03.04-23.04.47:899][  0]LogShaderLibrary: Display: ShaderCodeLibraryPakFileMountedCallback: PakFile 'E:/UnrealEngine-4.27.2-release/FeaturePacks/TP_Vehicle.upack' (chunk index -1, root 'root:/') mounted
[2023.03.04-23.04.47:899][  0]LogShaderLibrary: Display: ShaderCodeLibraryPakFileMountedCallback: pending pak file info (ChunkID:-1 Root:root:/ File:E:/UnrealEngine-4.27.2-release/FeaturePacks/TP_Vehicle.upack)
[2023.03.04-23.04.47:899][  0]LogPakFile: OnPakFileMounted2Time == 0.000223
[2023.03.04-23.04.47:901][  0]LogShaderLibrary: Display: ShaderCodeLibraryPakFileMountedCallback: PakFile 'E:/UnrealEngine-4.27.2-release/FeaturePacks/TP_VehicleAdv.upack' (chunk index -1, root 'root:/') mounted
[2023.03.04-23.04.47:901][  0]LogShaderLibrary: Display: ShaderCodeLibraryPakFileMountedCallback: pending pak file info (ChunkID:-1 Root:root:/ File:E:/UnrealEngine-4.27.2-release/FeaturePacks/TP_VehicleAdv.upack)
[2023.03.04-23.04.47:901][  0]LogPakFile: OnPakFileMounted2Time == 0.000207
[2023.03.04-23.04.47:902][  0]LogShaderLibrary: Display: ShaderCodeLibraryPakFileMountedCallback: PakFile 'E:/UnrealEngine-4.27.2-release/FeaturePacks/TP_VehicleAdvBP.upack' (chunk index -1, root 'root:/') mounted
[2023.03.04-23.04.47:902][  0]LogShaderLibrary: Display: ShaderCodeLibraryPakFileMountedCallback: pending pak file info (ChunkID:-1 Root:root:/ File:E:/UnrealEngine-4.27.2-release/FeaturePacks/TP_VehicleAdvBP.upack)
[2023.03.04-23.04.47:902][  0]LogPakFile: OnPakFileMounted2Time == 0.000208
[2023.03.04-23.04.47:903][  0]LogShaderLibrary: Display: ShaderCodeLibraryPakFileMountedCallback: PakFile 'E:/UnrealEngine-4.27.2-release/FeaturePacks/TP_VehicleBP.upack' (chunk index -1, root 'root:/') mounted
[2023.03.04-23.04.47:903][  0]LogShaderLibrary: Display: ShaderCodeLibraryPakFileMountedCallback: pending pak file info (ChunkID:-1 Root:root:/ File:E:/UnrealEngine-4.27.2-release/FeaturePacks/TP_VehicleBP.upack)
[2023.03.04-23.04.47:903][  0]LogPakFile: OnPakFileMounted2Time == 0.000209
[2023.03.04-23.04.47:905][  0]LogPakFile: PakFile PrimaryIndexSize=192
[2023.03.04-23.04.47:905][  0]LogPakFile: PakFile PathHashIndexSize=101
[2023.03.04-23.04.47:905][  0]LogPakFile: PakFile FullDirectoryIndexSize=158
[2023.03.04-23.04.47:905][  0]LogShaderLibrary: Display: ShaderCodeLibraryPakFileMountedCallback: PakFile 'E:/UnrealEngine-4.27.2-release/FeaturePacks/TP_VirtualRealityBP.upack' (chunk index -1, root 'root:/') mounted
[2023.03.04-23.04.47:905][  0]LogShaderLibrary: Display: ShaderCodeLibraryPakFileMountedCallback: pending pak file info (ChunkID:-1 Root:root:/ File:E:/UnrealEngine-4.27.2-release/FeaturePacks/TP_VirtualRealityBP.upack)
[2023.03.04-23.04.47:905][  0]LogPakFile: OnPakFileMounted2Time == 0.000202
[2023.03.04-23.04.47:997][  0]LogNativeClassHierarchy: Verbose: Native class hierarchy updated for 'AddContentDialog' in 0.0003 seconds. Added 0 classes and 0 folders.
[2023.03.04-23.04.48:003][  0]LogNativeClassHierarchy: Verbose: Native class hierarchy updated for 'SceneOutliner' in 0.0003 seconds. Added 2 classes and 0 folders.
[2023.03.04-23.04.48:099][  0]LogNativeClassHierarchy: Verbose: Native class hierarchy updated for 'HierarchicalLODOutliner' in 0.0003 seconds. Added 0 classes and 0 folders.
[2023.03.04-23.04.48:099][  0]LogInput: Warning: Action Jump uses invalid key OculusGo_Left_Trigger_Click.
[2023.03.04-23.04.48:099][  0]LogInput: Warning: Action ResetVR uses invalid key OculusGo_Left_Trackpad_Click.
[2023.03.04-23.04.48:099][  0]LogInput: Warning: Use -RemoveInvalidKeys to remove instances of these keys from the action mapping.
[2023.03.04-23.04.48:099][  0]LogLoad: (Engine Initialization) Total time: 23.31 seconds
[2023.03.04-23.04.48:099][  0]LogLoad: (Engine Initialization) Total Blueprint compile time: 0.00 seconds
[2023.03.04-23.04.48:173][  0]LogContentStreaming: Texture pool size now 1000 MB
[2023.03.04-23.04.48:175][  0]LogSlate: Took 0.000486 seconds to synchronously load lazily loaded font '../../../Engine/Content/Slate/Fonts/Roboto-Regular.ttf' (155K)
[2023.03.04-23.04.48:177][  0]LogSlate: Took 0.000421 seconds to synchronously load lazily loaded font '../../../Engine/Content/Editor/Slate/Fonts/FontAwesome.ttf' (139K)
[2023.03.04-23.04.48:179][  0]LogSlate: Took 0.001925 seconds to synchronously load lazily loaded font '../../../Engine/Content/Editor/Slate/Fonts/NanumGothic.ttf' (4243K)
[2023.03.04-23.04.48:183][  0]LogSlate: Took 0.002683 seconds to synchronously load lazily loaded font '../../../Engine/Content/Editor/Slate/Fonts/NanumGothicBold.ttf' (4188K)
[2023.03.04-23.04.48:183][  0]LogSlate: Took 0.000554 seconds to synchronously load lazily loaded font '../../../Engine/Content/Slate/Fonts/Roboto-Bold.ttf' (160K)
[2023.03.04-23.04.48:339][  1]LogRenderer: Reallocating scene render targets to support 1116x704 Format 10 NumSamples 1 (Frame:1).
[2023.03.04-23.04.48:368][  1]LogAssetRegistry: Asset discovery search completed in 15.2307 seconds
[2023.03.04-23.04.48:381][  1]LogCollectionManager: Fixed up redirectors for 0 collections in 0.000005 seconds (updated 0 objects)
[2023.03.04-23.05.02:477][528]LogSlate: Took 0.000427 seconds to synchronously load lazily loaded font '../../../Engine/Content/Slate/Fonts/Roboto-Light.ttf' (167K)
[2023.03.04-23.05.02:494][528]LogAssetEditorSubsystem: Opening Asset editor for EditorUtilityWidgetBlueprint /Game/VertexAnim/VertexAnimTool.VertexAnimTool
[2023.03.04-23.05.02:732][528]LogNativeClassHierarchy: Verbose: Native class hierarchy updated for 'BlueprintGraph' in 0.0010 seconds. Added 126 classes and 0 folders.
[2023.03.04-23.05.04:491][528]LogSlate: Took 0.000579 seconds to synchronously load lazily loaded font '../../../Engine/Content/Slate/Fonts/Roboto-BoldCondensed.ttf' (158K)
[2023.03.04-23.05.04:529][528]LogSlate: Took 0.000492 seconds to synchronously load lazily loaded font '../../../Engine/Content/Slate/Fonts/DroidSansMono.ttf' (77K)
[2023.03.04-23.05.04:532][528]LogSlate: Took 0.002031 seconds to synchronously load lazily loaded font '../../../Engine/Content/Editor/Slate/Fonts/NanumGothicExtraBold.ttf' (4074K)
[2023.03.04-23.05.07:741][767]LogSlate: Took 0.000404 seconds to synchronously load lazily loaded font '../../../Engine/Content/Slate/Fonts/Roboto-Italic.ttf' (157K)
[2023.03.04-23.05.16:817][574]BlueprintLog: New page: VertexAnimTool 컴파일
[2023.03.04-23.05.16:900][574]LogUObjectHash: Compacting FUObjectHashTables data took   4.75ms
[2023.03.04-23.05.17:634][645]Cmd: OBJ SAVEPACKAGE PACKAGE="/Game/VertexAnim/VertexAnimTool" FILE="../../../../Github/ProjectYJ/ProjectYJ/Content/VertexAnim/VertexAnimTool.uasset" SILENT=true
[2023.03.04-23.05.17:757][645]LogSavePackage: Moving '../../../../Github/ProjectYJ/ProjectYJ/Saved/VertexAnimTool5A9DE6EA42BB599576B5F39B28BEE192.tmp' to '../../../../Github/ProjectYJ/ProjectYJ/Content/VertexAnim/VertexAnimTool.uasset'
[2023.03.04-23.05.17:781][645]AssetCheck: New page: 에셋 저장:  VertexAnimTool
[2023.03.04-23.05.17:781][645]LogContentValidation: Display: EditorUtilityWidgetBlueprint /Game/VertexAnim/VertexAnimTool.VertexAnimTool 유효성 검사 중
[2023.03.04-23.08.32:870][754]BlueprintLog: New page: VertexAnimTool 컴파일
[2023.03.04-23.08.32:937][754]LogUObjectHash: Compacting FUObjectHashTables data took   3.95ms
[2023.03.04-23.08.33:255][785]Cmd: OBJ SAVEPACKAGE PACKAGE="/Game/VertexAnim/VertexAnimTool" FILE="../../../../Github/ProjectYJ/ProjectYJ/Content/VertexAnim/VertexAnimTool.uasset" SILENT=true
[2023.03.04-23.08.33:359][785]LogSavePackage: Moving '../../../../Github/ProjectYJ/ProjectYJ/Saved/VertexAnimTool87091C644B3CD038EB8C3DB765365627.tmp' to '../../../../Github/ProjectYJ/ProjectYJ/Content/VertexAnim/VertexAnimTool.uasset'
[2023.03.04-23.08.33:380][785]AssetCheck: New page: 에셋 저장:  VertexAnimTool
[2023.03.04-23.08.33:380][785]LogContentValidation: Display: EditorUtilityWidgetBlueprint /Game/VertexAnim/VertexAnimTool.VertexAnimTool 유효성 검사 중
[2023.03.04-23.08.46:002][129]LogContentBrowser: Deferred new asset file creation: NewUserDefinedStruct
[2023.03.04-23.08.46:014][129]LogContentBrowser: Creating deferred item: NewUserDefinedStruct
[2023.03.04-23.08.53:521][ 30]LogContentBrowser: Attempting asset rename: NewUserDefinedStruct -> VertexAnimProfileData
[2023.03.04-23.08.53:531][ 30]LogContentBrowser: End creating deferred item NewUserDefinedStruct
[2023.03.04-23.08.54:039][ 89]Cmd: OBJ SAVEPACKAGE PACKAGE="/Game/VertexAnim/VertexAnimProfileData" FILE="../../../../Github/ProjectYJ/ProjectYJ/Content/VertexAnim/VertexAnimProfileData.uasset" SILENT=true
[2023.03.04-23.08.54:041][ 89]LogSavePackage: Moving '../../../../Github/ProjectYJ/ProjectYJ/Saved/VertexAnimProfileData8348D8E84759AE0099279C8691E70015.tmp' to '../../../../Github/ProjectYJ/ProjectYJ/Content/VertexAnim/VertexAnimProfileData.uasset'
[2023.03.04-23.08.54:055][ 89]AssetCheck: New page: 에셋 저장:  VertexAnimProfileData
[2023.03.04-23.08.54:055][ 89]LogContentValidation: Display: UserDefinedStruct /Game/VertexAnim/VertexAnimProfileData.VertexAnimProfileData 유효성 검사 중
[2023.03.04-23.08.55:148][217]LogAssetEditorSubsystem: Opening Asset editor for UserDefinedStruct /Game/VertexAnim/VertexAnimProfileData.VertexAnimProfileData
[2023.03.04-23.09.50:785][635]LogSlate: Took 0.000377 seconds to synchronously load lazily loaded font '../../../Engine/Content/Slate/Fonts/Roboto-BoldCondensedItalic.ttf' (160K)
[2023.03.04-23.10.19:893][955]Cmd: OBJ SAVEPACKAGE PACKAGE="/Game/VertexAnim/VertexAnimProfileData" FILE="../../../../Github/ProjectYJ/ProjectYJ/Content/VertexAnim/VertexAnimProfileData.uasset" SILENT=true
[2023.03.04-23.10.19:898][955]LogSavePackage: Moving '../../../../Github/ProjectYJ/ProjectYJ/Saved/VertexAnimProfileData548C0AE2471752A546268D99E9005F8F.tmp' to '../../../../Github/ProjectYJ/ProjectYJ/Content/VertexAnim/VertexAnimProfileData.uasset'
[2023.03.04-23.10.19:915][955]AssetCheck: New page: 에셋 저장:  VertexAnimProfileData
[2023.03.04-23.10.19:916][955]LogContentValidation: Display: UserDefinedStruct /Game/VertexAnim/VertexAnimProfileData.VertexAnimProfileData 유효성 검사 중
[2023.03.04-23.10.43:096][ 91]BlueprintLog: New page: VertexAnimTool 컴파일
[2023.03.04-23.10.43:114][ 91]LogClass: Warning: Type mismatch in NewVar_0 of VertexAnimTool_C - Previous (BoolProperty) Current(StructProperty) for package:  FObjectReader
[2023.03.04-23.10.43:166][ 91]LogUObjectHash: Compacting FUObjectHashTables data took   4.12ms
[2023.03.04-23.10.43:598][132]Cmd: OBJ SAVEPACKAGE PACKAGE="/Game/VertexAnim/VertexAnimTool" FILE="../../../../Github/ProjectYJ/ProjectYJ/Content/VertexAnim/VertexAnimTool.uasset" SILENT=true
[2023.03.04-23.10.43:703][132]LogSavePackage: Moving '../../../../Github/ProjectYJ/ProjectYJ/Saved/VertexAnimTool50B1A214481B746D1BCAABAED71FF0C6.tmp' to '../../../../Github/ProjectYJ/ProjectYJ/Content/VertexAnim/VertexAnimTool.uasset'
[2023.03.04-23.10.43:723][132]AssetCheck: New page: 에셋 저장:  VertexAnimTool
[2023.03.04-23.10.43:723][132]LogContentValidation: Display: EditorUtilityWidgetBlueprint /Game/VertexAnim/VertexAnimTool.VertexAnimTool 유효성 검사 중
[2023.03.04-23.11.02:836][219]BlueprintLog: New page: VertexAnimTool 컴파일
[2023.03.04-23.11.02:917][219]LogUObjectHash: Compacting FUObjectHashTables data took   5.50ms
[2023.03.04-23.11.03:305][252]Cmd: OBJ SAVEPACKAGE PACKAGE="/Game/VertexAnim/VertexAnimTool" FILE="../../../../Github/ProjectYJ/ProjectYJ/Content/VertexAnim/VertexAnimTool.uasset" SILENT=true
[2023.03.04-23.11.03:438][252]LogSavePackage: Moving '../../../../Github/ProjectYJ/ProjectYJ/Saved/VertexAnimTool16A33609431D1178398EFE8A7D3668BD.tmp' to '../../../../Github/ProjectYJ/ProjectYJ/Content/VertexAnim/VertexAnimTool.uasset'
[2023.03.04-23.11.03:458][252]AssetCheck: New page: 에셋 저장:  VertexAnimTool
[2023.03.04-23.11.03:458][252]LogContentValidation: Display: EditorUtilityWidgetBlueprint /Game/VertexAnim/VertexAnimTool.VertexAnimTool 유효성 검사 중
[2023.03.04-23.11.08:873][825]LogUObjectHash: Compacting FUObjectHashTables data took   3.70ms
[2023.03.04-23.11.10:313][825]LogSlate: Window 'Delete Assets' being destroyed
[2023.03.04-23.11.10:357][825]LogUObjectGlobals: Force Deleting 1 Package(s):
	Asset Name: /Game/VertexAnim/VertexAnimProfileData.VertexAnimProfileData
[2023.03.04-23.11.12:793][825]LogUObjectHash: Compacting FUObjectHashTables data took   2.91ms
[2023.03.04-23.11.12:823][825]LogUObjectHash: Compacting FUObjectHashTables data took   2.12ms
[2023.03.04-23.11.12:847][825]LogUObjectHash: Compacting FUObjectHashTables data took   0.70ms
[2023.03.04-23.11.25:381][159]BlueprintLog: New page: VertexAnimTool 컴파일
[2023.03.04-23.11.25:437][159]LogUObjectHash: Compacting FUObjectHashTables data took   4.22ms
[2023.03.04-23.11.25:956][210]Cmd: OBJ SAVEPACKAGE PACKAGE="/Game/VertexAnim/VertexAnimTool" FILE="../../../../Github/ProjectYJ/ProjectYJ/Content/VertexAnim/VertexAnimTool.uasset" SILENT=true
[2023.03.04-23.11.26:052][210]LogSavePackage: Moving '../../../../Github/ProjectYJ/ProjectYJ/Saved/VertexAnimToolE4C8740242AF1B4C57C912AA5885D104.tmp' to '../../../../Github/ProjectYJ/ProjectYJ/Content/VertexAnim/VertexAnimTool.uasset'
[2023.03.04-23.11.26:069][210]AssetCheck: New page: 에셋 저장:  VertexAnimTool
[2023.03.04-23.11.26:069][210]LogContentValidation: Display: EditorUtilityWidgetBlueprint /Game/VertexAnim/VertexAnimTool.VertexAnimTool 유효성 검사 중
[2023.03.04-23.11.39:539][757]BlueprintLog: New page: VertexAnimTool 컴파일
[2023.03.04-23.11.39:607][757]LogUObjectHash: Compacting FUObjectHashTables data took   3.92ms
[2023.03.04-23.11.40:008][794]Cmd: OBJ SAVEPACKAGE PACKAGE="/Game/VertexAnim/VertexAnimTool" FILE="../../../../Github/ProjectYJ/ProjectYJ/Content/VertexAnim/VertexAnimTool.uasset" SILENT=true
[2023.03.04-23.11.40:116][794]LogSavePackage: Moving '../../../../Github/ProjectYJ/ProjectYJ/Saved/VertexAnimTool682FEF4740DFF45073035BA965E47126.tmp' to '../../../../Github/ProjectYJ/ProjectYJ/Content/VertexAnim/VertexAnimTool.uasset'
[2023.03.04-23.11.40:136][794]AssetCheck: New page: 에셋 저장:  VertexAnimTool
[2023.03.04-23.11.40:136][794]LogContentValidation: Display: EditorUtilityWidgetBlueprint /Game/VertexAnim/VertexAnimTool.VertexAnimTool 유효성 검사 중
[2023.03.04-23.12.10:644][ 70]BlueprintLog: New page: VertexAnimTool 컴파일
[2023.03.04-23.12.10:715][ 70]LogUObjectHash: Compacting FUObjectHashTables data took   4.06ms
[2023.03.04-23.12.11:171][115]Cmd: OBJ SAVEPACKAGE PACKAGE="/Game/VertexAnim/VertexAnimTool" FILE="../../../../Github/ProjectYJ/ProjectYJ/Content/VertexAnim/VertexAnimTool.uasset" SILENT=true
[2023.03.04-23.12.11:269][115]LogSavePackage: Moving '../../../../Github/ProjectYJ/ProjectYJ/Saved/VertexAnimTool462DC4BE445589B0BDD02E96568699C1.tmp' to '../../../../Github/ProjectYJ/ProjectYJ/Content/VertexAnim/VertexAnimTool.uasset'
[2023.03.04-23.12.11:287][115]AssetCheck: New page: 에셋 저장:  VertexAnimTool
[2023.03.04-23.12.11:287][115]LogContentValidation: Display: EditorUtilityWidgetBlueprint /Game/VertexAnim/VertexAnimTool.VertexAnimTool 유효성 검사 중
[2023.03.04-23.12.15:980][667]LogSlate: Window 'VertexAnimTool' being destroyed
[2023.03.04-23.12.15:985][667]LogSlate: Window 'VertexAnimTool' being destroyed
[2023.03.04-23.12.15:988][667]LogWorld: UWorld::CleanupWorld for World_3, bSessionEnded=true, bCleanupResources=true
[2023.03.04-23.12.15:988][667]LogSlate: InvalidateAllWidgets triggered.  All widgets were invalidated
[2023.03.04-23.12.15:998][667]LogWorld: UWorld::CleanupWorld for World_2, bSessionEnded=true, bCleanupResources=true
[2023.03.04-23.12.15:998][667]LogSlate: InvalidateAllWidgets triggered.  All widgets were invalidated
