Log file open, 03/05/23 04:23:33
LogWindows: Failed to load 'aqProf.dll' (GetLastError=126)
LogWindows: File 'aqProf.dll' does not exist
LogWindows: Failed to load 'VtuneApi.dll' (GetLastError=126)
LogWindows: File 'VtuneApi.dll' does not exist
LogWindows: Failed to load 'VtuneApi32e.dll' (GetLastError=126)
LogWindows: File 'VtuneApi32e.dll' does not exist
LogConsoleResponse: Display: Failed to find resolution value strings in scalability ini. Falling back to default.
LogConsoleResponse: Display: Failed to find resolution value strings in scalability ini. Falling back to default.
LogInit: Display: Running engine for game: ProjectYJ
LogPlatformFile: Not using cached read wrapper
LogTaskGraph: Started task graph with 5 named threads and 35 total threads with 3 sets of task threads.
LogStats: Stats thread started at 0.351785
LogICUInternationalization: ICU TimeZone Detection - Raw Offset: +9:00, Platform Override: ''
LogInit: Display: Loading text-based GConfig....
LogPluginManager: Mounting plugin MeshPainting
LogPluginManager: Mounting plugin XGEController
LogPluginManager: Mounting plugin Paper2D
LogPluginManager: Mounting plugin AISupport
LogPluginManager: Mounting plugin EnvironmentQueryEditor
LogPluginManager: Mounting plugin LiveLink
LogPluginManager: Mounting plugin CameraShakePreviewer
LogPluginManager: Mounting plugin GameplayCameras
LogPluginManager: Mounting plugin LightPropagationVolume
LogPluginManager: Mounting plugin OodleData
LogPluginManager: Mounting plugin OodleNetwork
LogPluginManager: Mounting plugin AssetManagerEditor
LogPluginManager: Mounting plugin CryptoKeys
LogPluginManager: Mounting plugin DataValidation
LogPluginManager: Mounting plugin FacialAnimation
LogPluginManager: Mounting plugin GeometryMode
LogPluginManager: Mounting plugin GameplayTagsEditor
LogPluginManager: Mounting plugin MacGraphicsSwitching
LogPluginManager: Mounting plugin PluginBrowser
LogPluginManager: Mounting plugin MaterialAnalyzer
LogPluginManager: Mounting plugin MobileLauncherProfileWizard
LogPluginManager: Mounting plugin AlembicImporter
LogPluginManager: Mounting plugin BackChannel
LogPluginManager: Mounting plugin AutomationUtils
LogPluginManager: Mounting plugin CurveEditorTools
LogPluginManager: Mounting plugin SpeedTreeImporter
LogPluginManager: Mounting plugin ChaosCloth
LogPluginManager: Mounting plugin ChaosClothEditor
LogPluginManager: Mounting plugin ChaosEditor
LogPluginManager: Mounting plugin ChaosNiagara
LogPluginManager: Mounting plugin CharacterAI
LogPluginManager: Mounting plugin ChaosSolverPlugin
LogPluginManager: Mounting plugin GeometryCache
LogPluginManager: Mounting plugin GeometryCollectionPlugin
LogPluginManager: Mounting plugin DatasmithContent
LogPluginManager: Mounting plugin Niagara
LogPluginManager: Mounting plugin LuminPlatformFeatures
LogPluginManager: Mounting plugin MagicLeap
LogPluginManager: Mounting plugin MagicLeapLightEstimation
LogPluginManager: Mounting plugin MagicLeapMedia
LogPluginManager: Mounting plugin MagicLeapPassableWorld
LogPluginManager: Mounting plugin CLionSourceCodeAccess
LogPluginManager: Mounting plugin MLSDK
LogPluginManager: Mounting plugin CodeLiteSourceCodeAccess
LogPluginManager: Mounting plugin KDevelopSourceCodeAccess
LogPluginManager: Mounting plugin NullSourceCodeAccess
LogPluginManager: Mounting plugin VariantManagerContent
LogPluginManager: Mounting plugin PixWinPlugin
LogPluginManager: Mounting plugin PlasticSourceControl
LogPluginManager: Mounting plugin PluginUtils
LogPluginManager: Mounting plugin PropertyAccessNode
LogPluginManager: Mounting plugin TextureFormatOodle
LogPluginManager: Mounting plugin RiderSourceCodeAccess
LogPluginManager: Mounting plugin GeometryProcessing
LogPluginManager: Mounting plugin GitSourceControl
LogPluginManager: Mounting plugin PerforceSourceControl
LogPluginManager: Mounting plugin UObjectPlugin
LogPluginManager: Mounting plugin AnimationSharing
LogPluginManager: Mounting plugin XCodeSourceCodeAccess
LogPluginManager: Mounting plugin MotoSynth
LogPluginManager: Mounting plugin VisualStudioSourceCodeAccess
LogPluginManager: Mounting plugin SubversionSourceControl
LogPluginManager: Mounting plugin PlanarCut
LogPluginManager: Mounting plugin ProxyLODPlugin
LogPluginManager: Mounting plugin OpenImageDenoise
LogPluginManager: Mounting plugin PythonScriptPlugin
LogPluginManager: Mounting plugin AndroidMedia
LogPluginManager: Mounting plugin AvfMedia
LogPluginManager: Mounting plugin VisualStudioCodeSourceCodeAccess
LogPluginManager: Mounting plugin ImgMedia
LogPluginManager: Mounting plugin MediaCompositing
LogPluginManager: Mounting plugin MediaPlayerEditor
LogPluginManager: Mounting plugin PlatformCrypto
LogPluginManager: Mounting plugin WebMMedia
LogPluginManager: Mounting plugin WmfMedia
LogPluginManager: Mounting plugin LevelSequenceEditor
LogPluginManager: Mounting plugin MatineeToLevelSequence
LogPluginManager: Mounting plugin SkeletalReduction
LogPluginManager: Mounting plugin OnlineSubsystem
LogPluginManager: Mounting plugin ActorSequence
LogPluginManager: Mounting plugin OnlineSubsystemNull
LogPluginManager: Mounting plugin OnlineSubsystemUtils
LogPluginManager: Mounting plugin LauncherChunkInstaller
LogPluginManager: Mounting plugin AndroidMoviePlayer
LogPluginManager: Mounting plugin AndroidPermission
LogPluginManager: Mounting plugin TemplateSequence
LogPluginManager: Mounting plugin AppleMoviePlayer
LogPluginManager: Mounting plugin AppleImageUtils
LogPluginManager: Mounting plugin ArchVisCharacter
LogPluginManager: Mounting plugin AssetTags
LogPluginManager: Mounting plugin AudioCapture
LogPluginManager: Mounting plugin AudioSynesthesia
LogPluginManager: Mounting plugin ChunkDownloader
LogPluginManager: Mounting plugin CableComponent
LogPluginManager: Mounting plugin CustomMeshComponent
LogPluginManager: Mounting plugin ActorLayerUtilities
LogPluginManager: Mounting plugin AndroidDeviceProfileSelector
LogPluginManager: Mounting plugin ExampleDeviceProfileSelector
LogPluginManager: Mounting plugin GoogleCloudMessaging
LogPluginManager: Mounting plugin GooglePAD
LogPluginManager: Mounting plugin TcpMessaging
LogPluginManager: Mounting plugin UdpMessaging
LogPluginManager: Mounting plugin IOSDeviceProfileSelector
LogPluginManager: Mounting plugin LinuxDeviceProfileSelector
LogPluginManager: Mounting plugin LocationServicesBPLibrary
LogPluginManager: Mounting plugin EditableMesh
LogPluginManager: Mounting plugin MobilePatchingUtils
LogPluginManager: Mounting plugin OpenXRHandTracking
LogPluginManager: Mounting plugin OpenXREyeTracker
LogPluginManager: Mounting plugin PhysXVehicles
LogPluginManager: Mounting plugin ScreenshotTools
LogPluginManager: Mounting plugin PostSplashScreen
LogPluginManager: Mounting plugin PropertyAccessEditor
LogPluginManager: Mounting plugin Takes
LogPluginManager: Mounting plugin RuntimePhysXCooking
LogPluginManager: Mounting plugin SignificanceManager
LogPluginManager: Mounting plugin SoundFields
LogPluginManager: Mounting plugin Synthesis
LogPluginManager: Mounting plugin ProceduralMeshComponent
LogPluginManager: Mounting plugin WebMMoviePlayer
LogPluginManager: Mounting plugin WindowsMoviePlayer
LogPluginManager: Mounting plugin OpenXR
LogPluginManager: Mounting plugin ContentBrowserAssetDataSource
LogPluginManager: Mounting plugin ContentBrowserFileDataSource
LogPluginManager: Mounting plugin ContentBrowserClassDataSource
LogPluginManager: Mounting plugin OnlineSubsystemGooglePlay
LogPluginManager: Mounting plugin OnlineSubsystemIOS
LogPluginManager: Mounting plugin OculusVR
LogPluginManager: Mounting plugin SteamVR
LogPluginManager: Mounting plugin VertexAnimToolset
PixWinPlugin: PIX capture plugin failed to initialize! Check that the process is launched from PIX.
LogInit: Using libcurl 7.55.1-DEV
LogInit:  - built for x86_64-pc-win32
LogInit:  - supports SSL with OpenSSL/1.1.1
LogInit:  - supports HTTP deflate (compression) using libz 1.2.8
LogInit:  - other features:
LogInit:      CURL_VERSION_SSL
LogInit:      CURL_VERSION_LIBZ
LogInit:      CURL_VERSION_IPV6
LogInit:      CURL_VERSION_ASYNCHDNS
LogInit:      CURL_VERSION_LARGEFILE
LogInit:      CURL_VERSION_IDN
LogInit:  CurlRequestOptions (configurable via config and command line):
LogInit:  - bVerifyPeer = true  - Libcurl will verify peer certificate
LogInit:  - bUseHttpProxy = false  - Libcurl will NOT use HTTP proxy
LogInit:  - bDontReuseConnections = false  - Libcurl will reuse connections
LogInit:  - MaxHostConnections = 16  - Libcurl will limit the number of connections to a host
LogInit:  - LocalHostAddr = Default
LogInit:  - BufferSize = 65536
LogOnline: OSS: Creating online subsystem instance for: NULL
LogInit: WinSock: version 1.1 (2.2), MaxSocks=32767, MaxUdp=65467
LogOnline: OSS: TryLoadSubsystemAndSetDefault: Loaded subsystem for module [NULL]
LogOculusPluginWrapper: OculusPlugin initialized successfully
LogHMD: Failed initializing OVRPlugin 1.59.0
LogInit: Build: ++UE4+Release-4.27-CL-0
LogInit: Engine Version: 4.27.2-0+++UE4+Release-4.27
LogInit: Compatible Engine Version: 4.27.0-0+++UE4+Release-4.27
LogInit: Net CL: 0
LogInit: OS: Windows 10 (Release 2009) (), CPU: Intel(R) Core(TM) i5-10400F CPU @ 2.90GHz, GPU: NVIDIA GeForce RTX 3060 Ti
LogInit: Compiled (64-bit): Mar  5 2023 02:51:13
LogInit: Compiled with Visual C++: 19.28.29915.00
LogInit: Build Configuration: DebugGame
LogInit: Branch Name: ++UE4+Release-4.27
LogInit: Command Line:  -skipcompile
LogInit: Base Directory: E:/UnrealEngine-4.27.2-release/Engine/Binaries/Win64/
LogInit: Allocator: TBB
LogInit: Installed Engine Build: 0
LogDevObjectVersion: Number of dev versions registered: 29
LogDevObjectVersion:   Dev-Blueprints (B0D832E4-1F89-4F0D-ACCF-7EB736FD4AA2): 10
LogDevObjectVersion:   Dev-Build (E1C64328-A22C-4D53-A36C-8E866417BD8C): 0
LogDevObjectVersion:   Dev-Core (375EC13C-06E4-48FB-B500-84F0262A717E): 4
LogDevObjectVersion:   Dev-Editor (E4B068ED-F494-42E9-A231-DA0B2E46BB41): 40
LogDevObjectVersion:   Dev-Framework (CFFC743F-43B0-4480-9391-14DF171D2073): 37
LogDevObjectVersion:   Dev-Mobile (B02B49B5-BB20-44E9-A304-32B752E40360): 3
LogDevObjectVersion:   Dev-Networking (A4E4105C-59A1-49B5-A7C5-40C4547EDFEE): 0
LogDevObjectVersion:   Dev-Online (39C831C9-5AE6-47DC-9A44-9C173E1C8E7C): 0
LogDevObjectVersion:   Dev-Physics (78F01B33-EBEA-4F98-B9B4-84EACCB95AA2): 14
LogDevObjectVersion:   Dev-Platform (6631380F-2D4D-43E0-8009-CF276956A95A): 0
LogDevObjectVersion:   Dev-Rendering (12F88B9F-8875-4AFC-A67C-D90C383ABD29): 45
LogDevObjectVersion:   Dev-Sequencer (7B5AE74C-D270-4C10-A958-57980B212A5A): 13
LogDevObjectVersion:   Dev-VR (D7296918-1DD6-4BDD-9DE2-64A83CC13884): 3
LogDevObjectVersion:   Dev-LoadTimes (C2A15278-BFE7-4AFE-6C17-90FF531DF755): 1
LogDevObjectVersion:   Private-Geometry (6EACA3D4-40EC-4CC1-B786-8BED09428FC5): 3
LogDevObjectVersion:   Dev-AnimPhys (29E575DD-E0A3-4627-9D10-D276232CDCEA): 17
LogDevObjectVersion:   Dev-Anim (AF43A65D-7FD3-4947-9873-3E8ED9C1BB05): 15
LogDevObjectVersion:   Dev-ReflectionCapture (6B266CEC-1EC7-4B8F-A30B-E4D90942FC07): 1
LogDevObjectVersion:   Dev-Automation (0DF73D61-A23F-47EA-B727-89E90C41499A): 1
LogDevObjectVersion:   FortniteMain (601D1886-AC64-4F84-AA16-D3DE0DEAC7D6): 47
LogDevObjectVersion:   FortniteRelease (E7086368-6B23-4C58-8439-1B7016265E91): 1
LogDevObjectVersion:   Dev-Enterprise (9DFFBCD6-494F-0158-E221-12823C92A888): 10
LogDevObjectVersion:   Dev-Niagara (F2AED0AC-9AFE-416F-8664-AA7FFA26D6FC): 1
LogDevObjectVersion:   Dev-Destruction (174F1F0B-B4C6-45A5-B13F-2EE8D0FB917D): 10
LogDevObjectVersion:   Dev-Physics-Ext (35F94A83-E258-406C-A318-09F59610247C): 41
LogDevObjectVersion:   Dev-PhysicsMaterial-Chaos (B68FC16E-8B1B-42E2-B453-215C058844FE): 1
LogDevObjectVersion:   Dev-CineCamera (B2E18506-4273-CFC2-A54E-F4BB758BBA07): 1
LogDevObjectVersion:   Dev-VirtualProduction (64F58936-FD1B-42BA-BA96-7289D5D0FA4E): 1
LogDevObjectVersion:   Dev-MediaFramework (6F0ED827-A609-4895-9C91-998D90180EA4): 2
LogInit: Presizing for max 25165824 objects, including 0 objects not considered by GC, pre-allocating 0 bytes for permanent pool.
LogConfig: Applying CVar settings from Section [/Script/Engine.StreamingSettings] File [E:/Github/ProjectYJ/ProjectYJ/Saved/Config/Windows/Engine.ini]
LogConfig: Setting CVar [[s.MinBulkDataSizeForAsyncLoading:131072]]
LogConfig: Setting CVar [[s.AsyncLoadingThreadEnabled:0]]
LogConfig: Setting CVar [[s.EventDrivenLoaderEnabled:1]]
LogConfig: Setting CVar [[s.WarnIfTimeLimitExceeded:0]]
LogConfig: Setting CVar [[s.TimeLimitExceededMultiplier:1.5]]
LogConfig: Setting CVar [[s.TimeLimitExceededMinTime:0.005]]
LogConfig: Setting CVar [[s.UseBackgroundLevelStreaming:1]]
LogConfig: Setting CVar [[s.PriorityAsyncLoadingExtraTime:15.0]]
LogConfig: Setting CVar [[s.LevelStreamingActorsUpdateTimeLimit:5.0]]
LogConfig: Setting CVar [[s.PriorityLevelStreamingActorsUpdateExtraTime:5.0]]
LogConfig: Setting CVar [[s.LevelStreamingComponentsRegistrationGranularity:10]]
LogConfig: Setting CVar [[s.UnregisterComponentsTimeLimit:1.0]]
LogConfig: Setting CVar [[s.LevelStreamingComponentsUnregistrationGranularity:5]]
LogConfig: Setting CVar [[s.FlushStreamingOnExit:1]]
LogInit: Object subsystem initialized
LogConfig: Setting CVar [[con.DebugEarlyDefault:1]]
LogConfig: Setting CVar [[r.setres:1280x720]]
[2023.03.04-19.23.34:688][  0]LogConfig: Setting CVar [[r.VSync:0]]
[2023.03.04-19.23.34:688][  0]LogConfig: Setting CVar [[r.RHICmdBypass:0]]
[2023.03.04-19.23.34:688][  0]LogConfig: Applying CVar settings from Section [/Script/Engine.RendererSettings] File [E:/Github/ProjectYJ/ProjectYJ/Saved/Config/Windows/Engine.ini]
[2023.03.04-19.23.34:688][  0]LogConfig: Setting CVar [[r.GPUCrashDebugging:0]]
[2023.03.04-19.23.34:689][  0]LogConfig: Applying CVar settings from Section [/Script/Engine.RendererOverrideSettings] File [E:/Github/ProjectYJ/ProjectYJ/Saved/Config/Windows/Engine.ini]
[2023.03.04-19.23.34:689][  0]LogConfig: Applying CVar settings from Section [/Script/Engine.StreamingSettings] File [E:/Github/ProjectYJ/ProjectYJ/Saved/Config/Windows/Engine.ini]
[2023.03.04-19.23.34:689][  0]LogConfig: Setting CVar [[s.MinBulkDataSizeForAsyncLoading:131072]]
[2023.03.04-19.23.34:689][  0]LogConfig: Setting CVar [[s.AsyncLoadingThreadEnabled:0]]
[2023.03.04-19.23.34:689][  0]LogConfig: Setting CVar [[s.EventDrivenLoaderEnabled:1]]
[2023.03.04-19.23.34:689][  0]LogConfig: Setting CVar [[s.WarnIfTimeLimitExceeded:0]]
[2023.03.04-19.23.34:689][  0]LogConfig: Setting CVar [[s.TimeLimitExceededMultiplier:1.5]]
[2023.03.04-19.23.34:689][  0]LogConfig: Setting CVar [[s.TimeLimitExceededMinTime:0.005]]
[2023.03.04-19.23.34:689][  0]LogConfig: Setting CVar [[s.UseBackgroundLevelStreaming:1]]
[2023.03.04-19.23.34:689][  0]LogConfig: Setting CVar [[s.PriorityAsyncLoadingExtraTime:15.0]]
[2023.03.04-19.23.34:689][  0]LogConfig: Setting CVar [[s.LevelStreamingActorsUpdateTimeLimit:5.0]]
[2023.03.04-19.23.34:689][  0]LogConfig: Setting CVar [[s.PriorityLevelStreamingActorsUpdateExtraTime:5.0]]
[2023.03.04-19.23.34:689][  0]LogConfig: Setting CVar [[s.LevelStreamingComponentsRegistrationGranularity:10]]
[2023.03.04-19.23.34:689][  0]LogConfig: Setting CVar [[s.UnregisterComponentsTimeLimit:1.0]]
[2023.03.04-19.23.34:689][  0]LogConfig: Setting CVar [[s.LevelStreamingComponentsUnregistrationGranularity:5]]
[2023.03.04-19.23.34:690][  0]LogConfig: Setting CVar [[s.FlushStreamingOnExit:1]]
[2023.03.04-19.23.34:690][  0]LogConfig: Applying CVar settings from Section [/Script/Engine.GarbageCollectionSettings] File [E:/Github/ProjectYJ/ProjectYJ/Saved/Config/Windows/Engine.ini]
[2023.03.04-19.23.34:690][  0]LogConfig: Setting CVar [[gc.MaxObjectsNotConsideredByGC:1]]
[2023.03.04-19.23.34:690][  0]LogConfig: Setting CVar [[gc.SizeOfPermanentObjectPool:0]]
[2023.03.04-19.23.34:690][  0]LogConfig: Setting CVar [[gc.FlushStreamingOnGC:0]]
[2023.03.04-19.23.34:690][  0]LogConfig: Setting CVar [[gc.NumRetriesBeforeForcingGC:10]]
[2023.03.04-19.23.34:690][  0]LogConfig: Setting CVar [[gc.AllowParallelGC:1]]
[2023.03.04-19.23.34:690][  0]LogConfig: Setting CVar [[gc.TimeBetweenPurgingPendingKillObjects:61.1]]
[2023.03.04-19.23.34:690][  0]LogConfig: Setting CVar [[gc.MaxObjectsInEditor:25165824]]
[2023.03.04-19.23.34:690][  0]LogConfig: Setting CVar [[gc.IncrementalBeginDestroyEnabled:1]]
[2023.03.04-19.23.34:690][  0]LogConfig: Setting CVar [[gc.CreateGCClusters:1]]
[2023.03.04-19.23.34:690][  0]LogConfig: Setting CVar [[gc.MinGCClusterSize:5]]
[2023.03.04-19.23.34:690][  0]LogConfig: Setting CVar [[gc.ActorClusteringEnabled:0]]
[2023.03.04-19.23.34:690][  0]LogConfig: Setting CVar [[gc.BlueprintClusteringEnabled:0]]
[2023.03.04-19.23.34:690][  0]LogConfig: Setting CVar [[gc.UseDisregardForGCOnDedicatedServers:0]]
[2023.03.04-19.23.34:691][  0]LogConfig: Setting CVar [[gc.MultithreadedDestructionEnabled:1]]
[2023.03.04-19.23.34:691][  0]LogConfig: Applying CVar settings from Section [/Script/Engine.NetworkSettings] File [E:/Github/ProjectYJ/ProjectYJ/Saved/Config/Windows/Engine.ini]
[2023.03.04-19.23.34:691][  0]LogConfig: Applying CVar settings from Section [/Script/UnrealEd.CookerSettings] File [E:/Github/ProjectYJ/ProjectYJ/Saved/Config/Windows/Engine.ini]
[2023.03.04-19.23.34:748][  0]LogConfig: Applying CVar settings from Section [ViewDistanceQuality@3] File [E:/Github/ProjectYJ/ProjectYJ/Saved/Config/Windows/Scalability.ini]
[2023.03.04-19.23.34:749][  0]LogConfig: Setting CVar [[r.SkeletalMeshLODBias:0]]
[2023.03.04-19.23.34:749][  0]LogConfig: Setting CVar [[r.ViewDistanceScale:1.0]]
[2023.03.04-19.23.34:749][  0]LogConfig: Applying CVar settings from Section [AntiAliasingQuality@3] File [E:/Github/ProjectYJ/ProjectYJ/Saved/Config/Windows/Scalability.ini]
[2023.03.04-19.23.34:749][  0]LogConfig: Setting CVar [[r.PostProcessAAQuality:4]]
[2023.03.04-19.23.34:749][  0]LogConfig: Applying CVar settings from Section [ShadowQuality@3] File [E:/Github/ProjectYJ/ProjectYJ/Saved/Config/Windows/Scalability.ini]
[2023.03.04-19.23.34:749][  0]LogConfig: Setting CVar [[r.LightFunctionQuality:1]]
[2023.03.04-19.23.34:749][  0]LogConfig: Setting CVar [[r.ShadowQuality:5]]
[2023.03.04-19.23.34:749][  0]LogConfig: Setting CVar [[r.Shadow.CSM.MaxCascades:10]]
[2023.03.04-19.23.34:749][  0]LogConfig: Setting CVar [[r.Shadow.MaxResolution:2048]]
[2023.03.04-19.23.34:749][  0]LogConfig: Setting CVar [[r.Shadow.MaxCSMResolution:2048]]
[2023.03.04-19.23.34:749][  0]LogConfig: Setting CVar [[r.Shadow.RadiusThreshold:0.01]]
[2023.03.04-19.23.34:749][  0]LogConfig: Setting CVar [[r.Shadow.DistanceScale:1.0]]
[2023.03.04-19.23.34:749][  0]LogConfig: Setting CVar [[r.Shadow.CSM.TransitionScale:1.0]]
[2023.03.04-19.23.34:749][  0]LogConfig: Setting CVar [[r.Shadow.PreShadowResolutionFactor:1.0]]
[2023.03.04-19.23.34:750][  0]LogConfig: Setting CVar [[r.DistanceFieldShadowing:1]]
[2023.03.04-19.23.34:750][  0]LogConfig: Setting CVar [[r.DistanceFieldAO:1]]
[2023.03.04-19.23.34:750][  0]LogConfig: Setting CVar [[r.AOQuality:2]]
[2023.03.04-19.23.34:750][  0]LogConfig: Setting CVar [[r.VolumetricFog:1]]
[2023.03.04-19.23.34:750][  0]LogConfig: Setting CVar [[r.VolumetricFog.GridPixelSize:8]]
[2023.03.04-19.23.34:750][  0]LogConfig: Setting CVar [[r.VolumetricFog.GridSizeZ:128]]
[2023.03.04-19.23.34:750][  0]LogConfig: Setting CVar [[r.VolumetricFog.HistoryMissSupersampleCount:4]]
[2023.03.04-19.23.34:750][  0]LogConfig: Setting CVar [[r.LightMaxDrawDistanceScale:1]]
[2023.03.04-19.23.34:750][  0]LogConfig: Setting CVar [[r.CapsuleShadows:1]]
[2023.03.04-19.23.34:750][  0]LogConfig: Applying CVar settings from Section [PostProcessQuality@3] File [E:/Github/ProjectYJ/ProjectYJ/Saved/Config/Windows/Scalability.ini]
[2023.03.04-19.23.34:750][  0]LogConfig: Setting CVar [[r.MotionBlurQuality:4]]
[2023.03.04-19.23.34:750][  0]LogConfig: Setting CVar [[r.AmbientOcclusionMipLevelFactor:0.4]]
[2023.03.04-19.23.34:750][  0]LogConfig: Setting CVar [[r.AmbientOcclusionMaxQuality:100]]
[2023.03.04-19.23.34:750][  0]LogConfig: Setting CVar [[r.AmbientOcclusionLevels:-1]]
[2023.03.04-19.23.34:751][  0]LogConfig: Setting CVar [[r.AmbientOcclusionRadiusScale:1.0]]
[2023.03.04-19.23.34:751][  0]LogConfig: Setting CVar [[r.DepthOfFieldQuality:2]]
[2023.03.04-19.23.34:751][  0]LogConfig: Setting CVar [[r.RenderTargetPoolMin:400]]
[2023.03.04-19.23.34:751][  0]LogConfig: Setting CVar [[r.LensFlareQuality:2]]
[2023.03.04-19.23.34:751][  0]LogConfig: Setting CVar [[r.SceneColorFringeQuality:1]]
[2023.03.04-19.23.34:751][  0]LogConfig: Setting CVar [[r.EyeAdaptationQuality:2]]
[2023.03.04-19.23.34:751][  0]LogConfig: Setting CVar [[r.BloomQuality:5]]
[2023.03.04-19.23.34:751][  0]LogConfig: Setting CVar [[r.FastBlurThreshold:100]]
[2023.03.04-19.23.34:751][  0]LogConfig: Setting CVar [[r.Upscale.Quality:3]]
[2023.03.04-19.23.34:751][  0]LogConfig: Setting CVar [[r.Tonemapper.GrainQuantization:1]]
[2023.03.04-19.23.34:751][  0]LogConfig: Setting CVar [[r.LightShaftQuality:1]]
[2023.03.04-19.23.34:751][  0]LogConfig: Setting CVar [[r.Filter.SizeScale:1]]
[2023.03.04-19.23.34:751][  0]LogConfig: Setting CVar [[r.Tonemapper.Quality:5]]
[2023.03.04-19.23.34:751][  0]LogConfig: Setting CVar [[r.DOF.Gather.AccumulatorQuality:1        ; higher gathering accumulator quality]]
[2023.03.04-19.23.34:752][  0]LogConfig: Setting CVar [[r.DOF.Gather.PostfilterMethod:1          ; Median3x3 postfilering method]]
[2023.03.04-19.23.34:752][  0]LogConfig: Setting CVar [[r.DOF.Gather.EnableBokehSettings:0       ; no bokeh simulation when gathering]]
[2023.03.04-19.23.34:752][  0]LogConfig: Setting CVar [[r.DOF.Gather.RingCount:4                 ; medium number of samples when gathering]]
[2023.03.04-19.23.34:752][  0]LogConfig: Setting CVar [[r.DOF.Scatter.ForegroundCompositing:1    ; additive foreground scattering]]
[2023.03.04-19.23.34:752][  0]LogConfig: Setting CVar [[r.DOF.Scatter.BackgroundCompositing:2    ; additive background scattering]]
[2023.03.04-19.23.34:752][  0]LogConfig: Setting CVar [[r.DOF.Scatter.EnableBokehSettings:1      ; bokeh simulation when scattering]]
[2023.03.04-19.23.34:752][  0]LogConfig: Setting CVar [[r.DOF.Scatter.MaxSpriteRatio:0.1         ; only a maximum of 10% of scattered bokeh]]
[2023.03.04-19.23.34:752][  0]LogConfig: Setting CVar [[r.DOF.Recombine.Quality:1                ; cheap slight out of focus]]
[2023.03.04-19.23.34:752][  0]LogConfig: Setting CVar [[r.DOF.Recombine.EnableBokehSettings:0    ; no bokeh simulation on slight out of focus]]
[2023.03.04-19.23.34:752][  0]LogConfig: Setting CVar [[r.DOF.TemporalAAQuality:1                ; more stable temporal accumulation]]
[2023.03.04-19.23.34:752][  0]LogConfig: Setting CVar [[r.DOF.Kernel.MaxForegroundRadius:0.025]]
[2023.03.04-19.23.34:752][  0]LogConfig: Setting CVar [[r.DOF.Kernel.MaxBackgroundRadius:0.025]]
[2023.03.04-19.23.34:752][  0]LogConfig: Applying CVar settings from Section [TextureQuality@3] File [E:/Github/ProjectYJ/ProjectYJ/Saved/Config/Windows/Scalability.ini]
[2023.03.04-19.23.34:753][  0]LogConfig: Setting CVar [[r.Streaming.MipBias:0]]
[2023.03.04-19.23.34:753][  0]LogConfig: Setting CVar [[r.Streaming.AmortizeCPUToGPUCopy:0]]
[2023.03.04-19.23.34:753][  0]LogConfig: Setting CVar [[r.Streaming.MaxNumTexturesToStreamPerFrame:0]]
[2023.03.04-19.23.34:753][  0]LogConfig: Setting CVar [[r.Streaming.Boost:1]]
[2023.03.04-19.23.34:753][  0]LogConfig: Setting CVar [[r.MaxAnisotropy:8]]
[2023.03.04-19.23.34:753][  0]LogConfig: Setting CVar [[r.VT.MaxAnisotropy:8]]
[2023.03.04-19.23.34:753][  0]LogConfig: Setting CVar [[r.Streaming.LimitPoolSizeToVRAM:0]]
[2023.03.04-19.23.34:753][  0]LogConfig: Setting CVar [[r.Streaming.PoolSize:1000]]
[2023.03.04-19.23.34:753][  0]LogConfig: Setting CVar [[r.Streaming.MaxEffectiveScreenSize:0]]
[2023.03.04-19.23.34:753][  0]LogConfig: Applying CVar settings from Section [EffectsQuality@3] File [E:/Github/ProjectYJ/ProjectYJ/Saved/Config/Windows/Scalability.ini]
[2023.03.04-19.23.34:753][  0]LogConfig: Setting CVar [[r.TranslucencyLightingVolumeDim:64]]
[2023.03.04-19.23.34:753][  0]LogConfig: Setting CVar [[r.RefractionQuality:2]]
[2023.03.04-19.23.34:753][  0]LogConfig: Setting CVar [[r.SSR.Quality:3]]
[2023.03.04-19.23.34:753][  0]LogConfig: Setting CVar [[r.SSR.HalfResSceneColor:0]]
[2023.03.04-19.23.34:753][  0]LogConfig: Setting CVar [[r.SceneColorFormat:4]]
[2023.03.04-19.23.34:754][  0]LogConfig: Setting CVar [[r.DetailMode:2]]
[2023.03.04-19.23.34:754][  0]LogConfig: Setting CVar [[r.TranslucencyVolumeBlur:1]]
[2023.03.04-19.23.34:754][  0]LogConfig: Setting CVar [[r.MaterialQualityLevel:1 ; High quality]]
[2023.03.04-19.23.34:754][  0]LogConfig: Setting CVar [[r.AnisotropicMaterials:1]]
[2023.03.04-19.23.34:754][  0]LogConfig: Setting CVar [[r.SSS.Scale:1]]
[2023.03.04-19.23.34:754][  0]LogConfig: Setting CVar [[r.SSS.SampleSet:2]]
[2023.03.04-19.23.34:754][  0]LogConfig: Setting CVar [[r.SSS.Quality:1]]
[2023.03.04-19.23.34:754][  0]LogConfig: Setting CVar [[r.SSS.HalfRes:0]]
[2023.03.04-19.23.34:754][  0]LogConfig: Setting CVar [[r.SSGI.Quality:3]]
[2023.03.04-19.23.34:754][  0]LogConfig: Setting CVar [[r.EmitterSpawnRateScale:1.0]]
[2023.03.04-19.23.34:754][  0]LogConfig: Setting CVar [[r.ParticleLightQuality:2]]
[2023.03.04-19.23.34:754][  0]LogConfig: Setting CVar [[r.SkyAtmosphere.AerialPerspectiveLUT.FastApplyOnOpaque:1 ; Always have FastSkyLUT 1 in this case to avoid wrong sky]]
[2023.03.04-19.23.34:754][  0]LogConfig: Setting CVar [[r.SkyAtmosphere.AerialPerspectiveLUT.SampleCountMaxPerSlice:4]]
[2023.03.04-19.23.34:754][  0]LogConfig: Setting CVar [[r.SkyAtmosphere.AerialPerspectiveLUT.DepthResolution:16.0]]
[2023.03.04-19.23.34:754][  0]LogConfig: Setting CVar [[r.SkyAtmosphere.FastSkyLUT:1]]
[2023.03.04-19.23.34:754][  0]LogConfig: Setting CVar [[r.SkyAtmosphere.FastSkyLUT.SampleCountMin:4.0]]
[2023.03.04-19.23.34:755][  0]LogConfig: Setting CVar [[r.SkyAtmosphere.FastSkyLUT.SampleCountMax:128.0]]
[2023.03.04-19.23.34:755][  0]LogConfig: Setting CVar [[r.SkyAtmosphere.SampleCountMin:4.0]]
[2023.03.04-19.23.34:755][  0]LogConfig: Setting CVar [[r.SkyAtmosphere.SampleCountMax:128.0]]
[2023.03.04-19.23.34:755][  0]LogConfig: Setting CVar [[r.SkyAtmosphere.TransmittanceLUT.UseSmallFormat:0]]
[2023.03.04-19.23.34:755][  0]LogConfig: Setting CVar [[r.SkyAtmosphere.TransmittanceLUT.SampleCount:10.0]]
[2023.03.04-19.23.34:755][  0]LogConfig: Setting CVar [[r.SkyAtmosphere.MultiScatteringLUT.SampleCount:15.0]]
[2023.03.04-19.23.34:755][  0]LogConfig: Setting CVar [[r.SkyLight.RealTimeReflectionCapture:1]]
[2023.03.04-19.23.34:755][  0]LogConfig: Applying CVar settings from Section [FoliageQuality@3] File [E:/Github/ProjectYJ/ProjectYJ/Saved/Config/Windows/Scalability.ini]
[2023.03.04-19.23.34:755][  0]LogConfig: Setting CVar [[foliage.DensityScale:1.0]]
[2023.03.04-19.23.34:755][  0]LogConfig: Setting CVar [[grass.DensityScale:1.0]]
[2023.03.04-19.23.34:755][  0]LogConfig: Applying CVar settings from Section [ShadingQuality@3] File [E:/Github/ProjectYJ/ProjectYJ/Saved/Config/Windows/Scalability.ini]
[2023.03.04-19.23.34:755][  0]LogConfig: Setting CVar [[r.HairStrands.SkyLighting.IntegrationType:2]]
[2023.03.04-19.23.34:755][  0]LogConfig: Setting CVar [[r.HairStrands.SkyAO.SampleCount:4]]
[2023.03.04-19.23.34:755][  0]LogConfig: Setting CVar [[r.HairStrands.Visibility.MSAA.SamplePerPixel:4]]
[2023.03.04-19.23.34:756][  0]LogInit: Selected Device Profile: [Windows]
[2023.03.04-19.23.34:756][  0]LogInit: Applying CVar settings loaded from the selected device profile: [Windows]
[2023.03.04-19.23.34:756][  0]LogHAL: Display: Platform has ~ 32 GB [34282430464 / 34359738368 / 32], which maps to Largest [LargestMinGB=32, LargerMinGB=12, DefaultMinGB=8, SmallerMinGB=6, SmallestMinGB=0)
[2023.03.04-19.23.34:756][  0]LogInit: Going up to parent DeviceProfile []
[2023.03.04-19.23.34:756][  0]LogConfig: Applying CVar settings from Section [ViewDistanceQuality@3] File [E:/Github/ProjectYJ/ProjectYJ/Saved/Config/Windows/Scalability.ini]
[2023.03.04-19.23.34:756][  0]LogConfig: Setting CVar [[r.SkeletalMeshLODBias:0]]
[2023.03.04-19.23.34:756][  0]LogConfig: Setting CVar [[r.ViewDistanceScale:1.0]]
[2023.03.04-19.23.34:756][  0]LogConfig: Applying CVar settings from Section [AntiAliasingQuality@3] File [E:/Github/ProjectYJ/ProjectYJ/Saved/Config/Windows/Scalability.ini]
[2023.03.04-19.23.34:756][  0]LogConfig: Setting CVar [[r.PostProcessAAQuality:4]]
[2023.03.04-19.23.34:756][  0]LogConfig: Applying CVar settings from Section [ShadowQuality@3] File [E:/Github/ProjectYJ/ProjectYJ/Saved/Config/Windows/Scalability.ini]
[2023.03.04-19.23.34:756][  0]LogConfig: Setting CVar [[r.LightFunctionQuality:1]]
[2023.03.04-19.23.34:756][  0]LogConfig: Setting CVar [[r.ShadowQuality:5]]
[2023.03.04-19.23.34:756][  0]LogConfig: Setting CVar [[r.Shadow.CSM.MaxCascades:10]]
[2023.03.04-19.23.34:757][  0]LogConfig: Setting CVar [[r.Shadow.MaxResolution:2048]]
[2023.03.04-19.23.34:757][  0]LogConfig: Setting CVar [[r.Shadow.MaxCSMResolution:2048]]
[2023.03.04-19.23.34:757][  0]LogConfig: Setting CVar [[r.Shadow.RadiusThreshold:0.01]]
[2023.03.04-19.23.34:757][  0]LogConfig: Setting CVar [[r.Shadow.DistanceScale:1.0]]
[2023.03.04-19.23.34:757][  0]LogConfig: Setting CVar [[r.Shadow.CSM.TransitionScale:1.0]]
[2023.03.04-19.23.34:757][  0]LogConfig: Setting CVar [[r.Shadow.PreShadowResolutionFactor:1.0]]
[2023.03.04-19.23.34:757][  0]LogConfig: Setting CVar [[r.DistanceFieldShadowing:1]]
[2023.03.04-19.23.34:757][  0]LogConfig: Setting CVar [[r.DistanceFieldAO:1]]
[2023.03.04-19.23.34:757][  0]LogConfig: Setting CVar [[r.AOQuality:2]]
[2023.03.04-19.23.34:757][  0]LogConfig: Setting CVar [[r.VolumetricFog:1]]
[2023.03.04-19.23.34:757][  0]LogConfig: Setting CVar [[r.VolumetricFog.GridPixelSize:8]]
[2023.03.04-19.23.34:757][  0]LogConfig: Setting CVar [[r.VolumetricFog.GridSizeZ:128]]
[2023.03.04-19.23.34:757][  0]LogConfig: Setting CVar [[r.VolumetricFog.HistoryMissSupersampleCount:4]]
[2023.03.04-19.23.34:757][  0]LogConfig: Setting CVar [[r.LightMaxDrawDistanceScale:1]]
[2023.03.04-19.23.34:757][  0]LogConfig: Setting CVar [[r.CapsuleShadows:1]]
[2023.03.04-19.23.34:758][  0]LogConfig: Applying CVar settings from Section [PostProcessQuality@3] File [E:/Github/ProjectYJ/ProjectYJ/Saved/Config/Windows/Scalability.ini]
[2023.03.04-19.23.34:758][  0]LogConfig: Setting CVar [[r.MotionBlurQuality:4]]
[2023.03.04-19.23.34:758][  0]LogConfig: Setting CVar [[r.AmbientOcclusionMipLevelFactor:0.4]]
[2023.03.04-19.23.34:758][  0]LogConfig: Setting CVar [[r.AmbientOcclusionMaxQuality:100]]
[2023.03.04-19.23.34:758][  0]LogConfig: Setting CVar [[r.AmbientOcclusionLevels:-1]]
[2023.03.04-19.23.34:758][  0]LogConfig: Setting CVar [[r.AmbientOcclusionRadiusScale:1.0]]
[2023.03.04-19.23.34:758][  0]LogConfig: Setting CVar [[r.DepthOfFieldQuality:2]]
[2023.03.04-19.23.34:758][  0]LogConfig: Setting CVar [[r.RenderTargetPoolMin:400]]
[2023.03.04-19.23.34:758][  0]LogConfig: Setting CVar [[r.LensFlareQuality:2]]
[2023.03.04-19.23.34:758][  0]LogConfig: Setting CVar [[r.SceneColorFringeQuality:1]]
[2023.03.04-19.23.34:758][  0]LogConfig: Setting CVar [[r.EyeAdaptationQuality:2]]
[2023.03.04-19.23.34:758][  0]LogConfig: Setting CVar [[r.BloomQuality:5]]
[2023.03.04-19.23.34:758][  0]LogConfig: Setting CVar [[r.FastBlurThreshold:100]]
[2023.03.04-19.23.34:758][  0]LogConfig: Setting CVar [[r.Upscale.Quality:3]]
[2023.03.04-19.23.34:758][  0]LogConfig: Setting CVar [[r.Tonemapper.GrainQuantization:1]]
[2023.03.04-19.23.34:758][  0]LogConfig: Setting CVar [[r.LightShaftQuality:1]]
[2023.03.04-19.23.34:759][  0]LogConfig: Setting CVar [[r.Filter.SizeScale:1]]
[2023.03.04-19.23.34:759][  0]LogConfig: Setting CVar [[r.Tonemapper.Quality:5]]
[2023.03.04-19.23.34:759][  0]LogConfig: Setting CVar [[r.DOF.Gather.AccumulatorQuality:1        ; higher gathering accumulator quality]]
[2023.03.04-19.23.34:759][  0]LogConfig: Setting CVar [[r.DOF.Gather.PostfilterMethod:1          ; Median3x3 postfilering method]]
[2023.03.04-19.23.34:759][  0]LogConfig: Setting CVar [[r.DOF.Gather.EnableBokehSettings:0       ; no bokeh simulation when gathering]]
[2023.03.04-19.23.34:759][  0]LogConfig: Setting CVar [[r.DOF.Gather.RingCount:4                 ; medium number of samples when gathering]]
[2023.03.04-19.23.34:759][  0]LogConfig: Setting CVar [[r.DOF.Scatter.ForegroundCompositing:1    ; additive foreground scattering]]
[2023.03.04-19.23.34:759][  0]LogConfig: Setting CVar [[r.DOF.Scatter.BackgroundCompositing:2    ; additive background scattering]]
[2023.03.04-19.23.34:759][  0]LogConfig: Setting CVar [[r.DOF.Scatter.EnableBokehSettings:1      ; bokeh simulation when scattering]]
[2023.03.04-19.23.34:759][  0]LogConfig: Setting CVar [[r.DOF.Scatter.MaxSpriteRatio:0.1         ; only a maximum of 10% of scattered bokeh]]
[2023.03.04-19.23.34:759][  0]LogConfig: Setting CVar [[r.DOF.Recombine.Quality:1                ; cheap slight out of focus]]
[2023.03.04-19.23.34:759][  0]LogConfig: Setting CVar [[r.DOF.Recombine.EnableBokehSettings:0    ; no bokeh simulation on slight out of focus]]
[2023.03.04-19.23.34:759][  0]LogConfig: Setting CVar [[r.DOF.TemporalAAQuality:1                ; more stable temporal accumulation]]
[2023.03.04-19.23.34:759][  0]LogConfig: Setting CVar [[r.DOF.Kernel.MaxForegroundRadius:0.025]]
[2023.03.04-19.23.34:759][  0]LogConfig: Setting CVar [[r.DOF.Kernel.MaxBackgroundRadius:0.025]]
[2023.03.04-19.23.34:760][  0]LogConfig: Applying CVar settings from Section [TextureQuality@3] File [E:/Github/ProjectYJ/ProjectYJ/Saved/Config/Windows/Scalability.ini]
[2023.03.04-19.23.34:760][  0]LogConfig: Setting CVar [[r.Streaming.MipBias:0]]
[2023.03.04-19.23.34:760][  0]LogConfig: Setting CVar [[r.Streaming.AmortizeCPUToGPUCopy:0]]
[2023.03.04-19.23.34:760][  0]LogConfig: Setting CVar [[r.Streaming.MaxNumTexturesToStreamPerFrame:0]]
[2023.03.04-19.23.34:760][  0]LogConfig: Setting CVar [[r.Streaming.Boost:1]]
[2023.03.04-19.23.34:760][  0]LogConfig: Setting CVar [[r.MaxAnisotropy:8]]
[2023.03.04-19.23.34:760][  0]LogConfig: Setting CVar [[r.VT.MaxAnisotropy:8]]
[2023.03.04-19.23.34:760][  0]LogConfig: Setting CVar [[r.Streaming.LimitPoolSizeToVRAM:0]]
[2023.03.04-19.23.34:760][  0]LogConfig: Setting CVar [[r.Streaming.PoolSize:1000]]
[2023.03.04-19.23.34:760][  0]LogConfig: Setting CVar [[r.Streaming.MaxEffectiveScreenSize:0]]
[2023.03.04-19.23.34:760][  0]LogConfig: Applying CVar settings from Section [EffectsQuality@3] File [E:/Github/ProjectYJ/ProjectYJ/Saved/Config/Windows/Scalability.ini]
[2023.03.04-19.23.34:760][  0]LogConfig: Setting CVar [[r.TranslucencyLightingVolumeDim:64]]
[2023.03.04-19.23.34:760][  0]LogConfig: Setting CVar [[r.RefractionQuality:2]]
[2023.03.04-19.23.34:760][  0]LogConfig: Setting CVar [[r.SSR.Quality:3]]
[2023.03.04-19.23.34:761][  0]LogConfig: Setting CVar [[r.SSR.HalfResSceneColor:0]]
[2023.03.04-19.23.34:761][  0]LogConfig: Setting CVar [[r.SceneColorFormat:4]]
[2023.03.04-19.23.34:761][  0]LogConfig: Setting CVar [[r.DetailMode:2]]
[2023.03.04-19.23.34:761][  0]LogConfig: Setting CVar [[r.TranslucencyVolumeBlur:1]]
[2023.03.04-19.23.34:761][  0]LogConfig: Setting CVar [[r.MaterialQualityLevel:1 ; High quality]]
[2023.03.04-19.23.34:761][  0]LogConfig: Setting CVar [[r.AnisotropicMaterials:1]]
[2023.03.04-19.23.34:761][  0]LogConfig: Setting CVar [[r.SSS.Scale:1]]
[2023.03.04-19.23.34:761][  0]LogConfig: Setting CVar [[r.SSS.SampleSet:2]]
[2023.03.04-19.23.34:761][  0]LogConfig: Setting CVar [[r.SSS.Quality:1]]
[2023.03.04-19.23.34:761][  0]LogConfig: Setting CVar [[r.SSS.HalfRes:0]]
[2023.03.04-19.23.34:761][  0]LogConfig: Setting CVar [[r.SSGI.Quality:3]]
[2023.03.04-19.23.34:761][  0]LogConfig: Setting CVar [[r.EmitterSpawnRateScale:1.0]]
[2023.03.04-19.23.34:761][  0]LogConfig: Setting CVar [[r.ParticleLightQuality:2]]
[2023.03.04-19.23.34:761][  0]LogConfig: Setting CVar [[r.SkyAtmosphere.AerialPerspectiveLUT.FastApplyOnOpaque:1 ; Always have FastSkyLUT 1 in this case to avoid wrong sky]]
[2023.03.04-19.23.34:761][  0]LogConfig: Setting CVar [[r.SkyAtmosphere.AerialPerspectiveLUT.SampleCountMaxPerSlice:4]]
[2023.03.04-19.23.34:761][  0]LogConfig: Setting CVar [[r.SkyAtmosphere.AerialPerspectiveLUT.DepthResolution:16.0]]
[2023.03.04-19.23.34:762][  0]LogConfig: Setting CVar [[r.SkyAtmosphere.FastSkyLUT:1]]
[2023.03.04-19.23.34:762][  0]LogConfig: Setting CVar [[r.SkyAtmosphere.FastSkyLUT.SampleCountMin:4.0]]
[2023.03.04-19.23.34:762][  0]LogConfig: Setting CVar [[r.SkyAtmosphere.FastSkyLUT.SampleCountMax:128.0]]
[2023.03.04-19.23.34:762][  0]LogConfig: Setting CVar [[r.SkyAtmosphere.SampleCountMin:4.0]]
[2023.03.04-19.23.34:762][  0]LogConfig: Setting CVar [[r.SkyAtmosphere.SampleCountMax:128.0]]
[2023.03.04-19.23.34:762][  0]LogConfig: Setting CVar [[r.SkyAtmosphere.TransmittanceLUT.UseSmallFormat:0]]
[2023.03.04-19.23.34:762][  0]LogConfig: Setting CVar [[r.SkyAtmosphere.TransmittanceLUT.SampleCount:10.0]]
[2023.03.04-19.23.34:762][  0]LogConfig: Setting CVar [[r.SkyAtmosphere.MultiScatteringLUT.SampleCount:15.0]]
[2023.03.04-19.23.34:762][  0]LogConfig: Setting CVar [[r.SkyLight.RealTimeReflectionCapture:1]]
[2023.03.04-19.23.34:762][  0]LogConfig: Applying CVar settings from Section [FoliageQuality@3] File [E:/Github/ProjectYJ/ProjectYJ/Saved/Config/Windows/Scalability.ini]
[2023.03.04-19.23.34:762][  0]LogConfig: Setting CVar [[foliage.DensityScale:1.0]]
[2023.03.04-19.23.34:762][  0]LogConfig: Setting CVar [[grass.DensityScale:1.0]]
[2023.03.04-19.23.34:762][  0]LogConfig: Applying CVar settings from Section [ShadingQuality@3] File [E:/Github/ProjectYJ/ProjectYJ/Saved/Config/Windows/Scalability.ini]
[2023.03.04-19.23.34:762][  0]LogConfig: Setting CVar [[r.HairStrands.SkyLighting.IntegrationType:2]]
[2023.03.04-19.23.34:762][  0]LogConfig: Setting CVar [[r.HairStrands.SkyAO.SampleCount:4]]
[2023.03.04-19.23.34:762][  0]LogConfig: Setting CVar [[r.HairStrands.Visibility.MSAA.SamplePerPixel:4]]
[2023.03.04-19.23.34:763][  0]LogConfig: Applying CVar settings from Section [Startup] File [../../../Engine/Config/ConsoleVariables.ini]
[2023.03.04-19.23.34:763][  0]LogConfig: Setting CVar [[net.UseAdaptiveNetUpdateFrequency:0]]
[2023.03.04-19.23.34:763][  0]LogConfig: Setting CVar [[p.chaos.AllowCreatePhysxBodies:1]]
[2023.03.04-19.23.34:763][  0]LogConfig: Setting CVar [[fx.SkipVectorVMBackendOptimizations:1]]
[2023.03.04-19.23.34:763][  0]LogConfig: Applying CVar settings from Section [ConsoleVariables] File [E:/Github/ProjectYJ/ProjectYJ/Saved/Config/Windows/Engine.ini]
[2023.03.04-19.23.34:763][  0]LogConfig: Applying CVar settings from Section [ConsoleVariables] File [E:/Github/ProjectYJ/ProjectYJ/Saved/Config/Windows/Editor.ini]
[2023.03.04-19.23.34:763][  0]LogInit: Computer: DESKTOP-YJ
[2023.03.04-19.23.34:763][  0]LogInit: User: YJ
[2023.03.04-19.23.34:764][  0]LogInit: CPU Page size=4096, Cores=6
[2023.03.04-19.23.34:764][  0]LogInit: High frequency timer resolution =10.000000 MHz
[2023.03.04-19.23.34:764][  0]LogMemory: Memory total: Physical=31.9GB (32GB approx)
[2023.03.04-19.23.34:764][  0]LogMemory: Platform Memory Stats for Windows
[2023.03.04-19.23.34:764][  0]LogMemory: Process Physical Memory: 134.31 MB used, 134.31 MB peak
[2023.03.04-19.23.34:764][  0]LogMemory: Process Virtual Memory: 104.82 MB used, 104.82 MB peak
[2023.03.04-19.23.34:764][  0]LogMemory: Physical Memory: 13867.89 MB used,  18826.38 MB free, 32694.27 MB total
[2023.03.04-19.23.34:764][  0]LogMemory: Virtual Memory: 134183480.00 MB used,  34249.50 MB free, 134217728.00 MB total
[2023.03.04-19.23.34:791][  0]LogWindows: WindowsPlatformFeatures enabled
[2023.03.04-19.23.35:021][  0]LogInit: Physics initialised using underlying interface: PhysX
[2023.03.04-19.23.35:023][  0]LogInit: Using OS detected language (ko-KR).
[2023.03.04-19.23.35:023][  0]LogInit: Using OS detected locale (ko-KR).
[2023.03.04-19.23.35:026][  0]LogTextLocalizationManager: No specific localization for 'ko-KR' exists, so the 'ko' localization will be used.
[2023.03.04-19.23.35:156][  0]LogInit: Setting process to per monitor DPI aware
[2023.03.04-19.23.35:241][  0]LogWindowsTextInputMethodSystem: Display: IME system deactivated.
[2023.03.04-19.23.35:276][  0]LogSlate: New Slate User Created.  User Index 0, Is Virtual User: 0
[2023.03.04-19.23.35:276][  0]LogSlate: Slate User Registered.  User Index 0, Is Virtual User: 0
[2023.03.04-19.23.35:592][  0]LogD3D11RHI: Loaded GFSDK_Aftermath_Lib.x64.dll
[2023.03.04-19.23.35:601][  0]LogHMD: Failed to initialize OpenVR with code 110
[2023.03.04-19.23.35:601][  0]LogD3D11RHI: D3D11 min allowed feature level: 11_0
[2023.03.04-19.23.35:601][  0]LogD3D11RHI: D3D11 max allowed feature level: 11_0
[2023.03.04-19.23.35:601][  0]LogD3D11RHI: D3D11 adapters:
[2023.03.04-19.23.35:824][  0]LogD3D11RHI:    0. 'NVIDIA GeForce RTX 3060 Ti' (Feature Level 11_0)
[2023.03.04-19.23.35:824][  0]LogD3D11RHI:       8050/0/16347 MB DedicatedVideo/DedicatedSystem/SharedSystem, Outputs:1, VendorId:0x10de
[2023.03.04-19.23.35:831][  0]LogD3D11RHI:    1. 'Microsoft Basic Render Driver' (Feature Level 11_0)
[2023.03.04-19.23.35:831][  0]LogD3D11RHI:       0/0/16347 MB DedicatedVideo/DedicatedSystem/SharedSystem, Outputs:0, VendorId:0x1414
[2023.03.04-19.23.35:831][  0]LogD3D11RHI: Chosen D3D11 Adapter:
[2023.03.04-19.23.35:831][  0]LogD3D11RHI:     Description : NVIDIA GeForce RTX 3060 Ti
[2023.03.04-19.23.35:831][  0]LogD3D11RHI:     VendorId    : 10de
[2023.03.04-19.23.35:831][  0]LogD3D11RHI:     DeviceId    : 2486
[2023.03.04-19.23.35:831][  0]LogD3D11RHI:     SubSysId    : 248610de
[2023.03.04-19.23.35:831][  0]LogD3D11RHI:     Revision    : 00a1
[2023.03.04-19.23.35:831][  0]LogD3D11RHI:     DedicatedVideoMemory : 8441036800 bytes
[2023.03.04-19.23.35:831][  0]LogD3D11RHI:     DedicatedSystemMemory : 0 bytes
[2023.03.04-19.23.35:831][  0]LogD3D11RHI:     SharedSystemMemory : 17141215232 bytes
[2023.03.04-19.23.35:831][  0]LogD3D11RHI:     AdapterLuid : 0 49665
[2023.03.04-19.23.35:838][  0]LogD3D11RHI: Creating new Direct3DDevice
[2023.03.04-19.23.35:838][  0]LogD3D11RHI:     GPU DeviceId: 0x2486 (for the marketing name, search the web for "GPU Device Id")
[2023.03.04-19.23.35:838][  0]LogWindows: EnumDisplayDevices:
[2023.03.04-19.23.35:839][  0]LogWindows:    0. 'NVIDIA GeForce RTX 3060 Ti' (P:1 D:1)
[2023.03.04-19.23.35:840][  0]LogWindows:    1. 'NVIDIA GeForce RTX 3060 Ti' (P:0 D:0)
[2023.03.04-19.23.35:841][  0]LogWindows:    2. 'NVIDIA GeForce RTX 3060 Ti' (P:0 D:0)
[2023.03.04-19.23.35:842][  0]LogWindows:    3. 'NVIDIA GeForce RTX 3060 Ti' (P:0 D:0)
[2023.03.04-19.23.35:843][  0]LogWindows: DebugString: FoundDriverCount:4 
[2023.03.04-19.23.35:843][  0]LogD3D11RHI:     Adapter Name: NVIDIA GeForce RTX 3060 Ti
[2023.03.04-19.23.35:843][  0]LogD3D11RHI:   Driver Version: 516.94 (internal:31.0.15.1694, unified:516.94)
[2023.03.04-19.23.35:843][  0]LogD3D11RHI:      Driver Date: 7-21-2022
[2023.03.04-19.23.35:843][  0]LogRHI: Texture pool is 5635 MB (70% of 8050 MB)
[2023.03.04-19.23.35:843][  0]LogD3D11RHI: Creating D3DDevice using adapter:
[2023.03.04-19.23.35:843][  0]LogD3D11RHI:     Description : NVIDIA GeForce RTX 3060 Ti
[2023.03.04-19.23.35:843][  0]LogD3D11RHI:     VendorId    : 10de
[2023.03.04-19.23.35:843][  0]LogD3D11RHI:     DeviceId    : 2486
[2023.03.04-19.23.35:843][  0]LogD3D11RHI:     SubSysId    : 248610de
[2023.03.04-19.23.35:843][  0]LogD3D11RHI:     Revision    : 00a1
[2023.03.04-19.23.35:844][  0]LogD3D11RHI:     DedicatedVideoMemory : 8441036800 bytes
[2023.03.04-19.23.35:844][  0]LogD3D11RHI:     DedicatedSystemMemory : 0 bytes
[2023.03.04-19.23.35:844][  0]LogD3D11RHI:     SharedSystemMemory : 17141215232 bytes
[2023.03.04-19.23.35:844][  0]LogD3D11RHI:     AdapterLuid : 0 49665
[2023.03.04-19.23.35:930][  0]LogD3D11RHI: RHI has support for 64 bit atomics
[2023.03.04-19.23.35:930][  0]LogD3D11RHI: Async texture creation enabled
[2023.03.04-19.23.35:930][  0]LogD3D11RHI: Array index from any shader is supported
[2023.03.04-19.23.35:934][  0]LogD3D11RHI: HDR output is supported on display 0 (NvId: 0x80061082).
[2023.03.04-19.23.35:948][  0]LogD3D11RHI: GPU Timing Frequency: 1000.000000 (Debug: 2 1)
[2023.03.04-19.23.36:084][  0]LogRHI: GeForceNow SDK initialized: 1
[2023.03.04-19.23.36:500][  0]LogTargetPlatformManager: Display: Loaded TargetPlatform 'AllDesktop'
[2023.03.04-19.23.36:536][  0]LogTargetPlatformManager: Display: Loaded TargetPlatform 'Android'
[2023.03.04-19.23.36:536][  0]LogTargetPlatformManager: Display: Loaded TargetPlatform 'Android_ASTC'
[2023.03.04-19.23.36:536][  0]LogTargetPlatformManager: Display: Loaded TargetPlatform 'Android_DXT'
[2023.03.04-19.23.36:536][  0]LogTargetPlatformManager: Display: Loaded TargetPlatform 'Android_ETC2'
[2023.03.04-19.23.36:536][  0]LogTargetPlatformManager: Display: Loaded TargetPlatform 'AndroidClient'
[2023.03.04-19.23.36:536][  0]LogTargetPlatformManager: Display: Loaded TargetPlatform 'Android_ASTCClient'
[2023.03.04-19.23.36:536][  0]LogTargetPlatformManager: Display: Loaded TargetPlatform 'Android_DXTClient'
[2023.03.04-19.23.36:537][  0]LogTargetPlatformManager: Display: Loaded TargetPlatform 'Android_ETC2Client'
[2023.03.04-19.23.36:537][  0]LogTargetPlatformManager: Display: Loaded TargetPlatform 'Android_Multi'
[2023.03.04-19.23.36:537][  0]LogTargetPlatformManager: Display: Loaded TargetPlatform 'Android_MultiClient'
[2023.03.04-19.23.36:587][  0]LogTargetPlatformManager: Display: Loaded TargetPlatform 'IOSClient'
[2023.03.04-19.23.36:588][  0]LogTargetPlatformManager: Display: Loaded TargetPlatform 'IOS'
[2023.03.04-19.23.36:625][  0]LogTargetPlatformManager: Display: Loaded TargetPlatform 'Lumin'
[2023.03.04-19.23.36:625][  0]LogTargetPlatformManager: Display: Loaded TargetPlatform 'LuminClient'
[2023.03.04-19.23.36:647][  0]LogTargetPlatformManager: Display: Loaded TargetPlatform 'MacNoEditor'
[2023.03.04-19.23.36:667][  0]LogTargetPlatformManager: Display: Loaded TargetPlatform 'Mac'
[2023.03.04-19.23.36:685][  0]LogTargetPlatformManager: Display: Loaded TargetPlatform 'MacClient'
[2023.03.04-19.23.36:703][  0]LogTargetPlatformManager: Display: Loaded TargetPlatform 'MacServer'
[2023.03.04-19.23.36:730][  0]LogTargetPlatformManager: Display: Loaded TargetPlatform 'TVOSClient'
[2023.03.04-19.23.36:730][  0]LogTargetPlatformManager: Display: Loaded TargetPlatform 'TVOS'
[2023.03.04-19.23.36:753][  0]LogTargetPlatformManager: Display: Loaded TargetPlatform 'WindowsNoEditor'
[2023.03.04-19.23.36:771][  0]LogTargetPlatformManager: Display: Loaded TargetPlatform 'Windows'
[2023.03.04-19.23.36:788][  0]LogTargetPlatformManager: Display: Loaded TargetPlatform 'WindowsClient'
[2023.03.04-19.23.36:806][  0]LogTargetPlatformManager: Display: Loaded TargetPlatform 'WindowsServer'
[2023.03.04-19.23.36:806][  0]LogTargetPlatformManager: Display: Building Assets For Windows
[2023.03.04-19.23.36:849][  0]LogAudioDebug: Display: Lib vorbis DLL was dynamically loaded.
[2023.03.04-19.23.37:008][  0]LogTextureFormatOodle: Display: Oodle Texture 2.9.0 init RDO Off
[2023.03.04-19.23.37:152][  0]LogRendererCore: Ray tracing is disabled. Reason: r.RayTracing=0.
[2023.03.04-19.23.37:152][  0]LogShaderCompilers: Guid format shader working directory is 4 characters bigger than the processId version (../../../../Github/ProjectYJ/ProjectYJ/Intermediate/Shaders/WorkingDirectory/19824/).
[2023.03.04-19.23.37:153][  0]LogShaderCompilers: Cleaned the shader compiler working directory 'C:/Users/YJ/AppData/Local/Temp/UnrealShaderWorkingDir/EF0C046045AAC270A53E70B62D70CEDC/'.
[2023.03.04-19.23.37:153][  0]LogXGEController: Cannot use XGE Controller as Incredibuild is not installed on this machine.
[2023.03.04-19.23.37:154][  0]LogShaderCompilers: Cannot use XGE Shader Compiler as Incredibuild is not installed on this machine.
[2023.03.04-19.23.37:154][  0]LogShaderCompilers: Display: Using Local Shader Compiler.
[2023.03.04-19.23.38:076][  0]LogDerivedDataCache: Display: Max Cache Size: 512 MB
[2023.03.04-19.23.38:134][  0]LogDerivedDataCache: Loaded boot cache 0.06s 100MB ../../../../Github/ProjectYJ/ProjectYJ/DerivedDataCache/Boot.ddc.
[2023.03.04-19.23.38:134][  0]LogDerivedDataCache: Display: Loaded Boot cache: ../../../../Github/ProjectYJ/ProjectYJ/DerivedDataCache/Boot.ddc
[2023.03.04-19.23.38:134][  0]LogDerivedDataCache: FDerivedDataBackendGraph:  Pak pak cache file ../../../../Github/ProjectYJ/ProjectYJ/DerivedDataCache/DDC.ddp not found, will not use a pak cache.
[2023.03.04-19.23.38:134][  0]LogDerivedDataCache: Unable to find inner node Pak for hierarchical cache Hierarchy.
[2023.03.04-19.23.38:134][  0]LogDerivedDataCache: FDerivedDataBackendGraph:  EnginePak pak cache file ../../../Engine/DerivedDataCache/DDC.ddp not found, will not use a pak cache.
[2023.03.04-19.23.38:134][  0]LogDerivedDataCache: Unable to find inner node EnginePak for hierarchical cache Hierarchy.
[2023.03.04-19.23.38:154][  0]LogDerivedDataCache: Speed tests for ../../../Engine/DerivedDataCache took 0.02 seconds
[2023.03.04-19.23.38:155][  0]LogDerivedDataCache: Display: Performance to ../../../Engine/DerivedDataCache: Latency=0.01ms. RandomReadSpeed=437.11MBs, RandomWriteSpeed=52.92MBs. Assigned SpeedClass 'Local'
[2023.03.04-19.23.38:157][  0]LogDerivedDataCache: Using Local data cache path ../../../Engine/DerivedDataCache: Writable
[2023.03.04-19.23.38:157][  0]LogDerivedDataCache: Shared data cache path not found in *engine.ini, will not use an Shared cache.
[2023.03.04-19.23.38:157][  0]LogDerivedDataCache: Unable to find inner node Shared for hierarchical cache Hierarchy.
[2023.03.04-19.23.38:217][  0]LogSlate: Using FreeType 2.10.0
[2023.03.04-19.23.38:218][  0]LogSlate: SlateFontServices - WITH_FREETYPE: 1, WITH_HARFBUZZ: 1
[2023.03.04-19.23.38:247][  0]LogAssetRegistry: FAssetRegistry took 0.0057 seconds to start up
[2023.03.04-19.23.38:542][  0]LogInit: Selected Device Profile: [Windows]
[2023.03.04-19.23.38:542][  0]LogInit: Active device profile: [0000028401A77600][000002847725CC00 49] Windows
[2023.03.04-19.23.38:542][  0]LogInit: Profiles: [0000028401A77600][000002847725CC00 49] Windows, [0000028401A30C00][0000028402554D80 49] WindowsNoEditor, [0000028401A74C00][00000284777C2F00 49] WindowsServer, [0000028401A32E00][0000028402559080 49] WindowsClient, [0000028401A76D00][0000028402561200 49] IOS, [0000028401A31500][0000028402C05380 49] iPadAir, [0000028401A75400][0000028402C09500 49] iPadAir2, [00000284019E3D00][0000028402C117C0 49] IPadPro, [00000284019E3E00][0000028402C0D800 49] iPadAir3, [0000028401A76700][0000028402C15980 49] iPadAir4, [00000284019E1100][0000028402C19B00 49] iPadMini2, [0000028401A75900][0000028402C1C100 49] iPadMini3, [00000284019E2800][0000028402C00240 49] iPadMini4, [0000028401A77A00][000002840255C380 49] iPadMini5, [0000028401A1F600][00000284028B45C0 49] iPhone6, [0000028401A1F700][000002847778A600 49] iPodTouch6, [00000284019E0100][000002847777E8C0 49] iPhone7, [00000284019E1200][0000028477782900 49] iPodTouch7, [0000028401A1D000][000002847777AA80 49] iPhone5S, [00000284019E2B00][00000284000AAC00 49] iPhone6Plus, [0000028401A1E900][00000284003BED80 49] iPhone6S, [00000284019E0F00][00000284777BEF00 49] iPhone6SPlus, [0000028401A1D800][00000284028B9080 49] iPhone7Plus, [00000284019E2200][00000284028BD200 49] iPhoneSE, [0000028401A1E100][00000284028C1380 49] iPhone8, [00000284019E3900][00000284028C5500 49] iPhone8Plus, [0000028401A1CD00][00000284028C9680 49] iPhoneX, [00000284019E0300][00000284028CD800 49] iPhoneXS, [0000028401A1D200][00000284028D1980 49] iPhoneXSMax, [00000284019E0B00][00000284028D5B00 49] iPhoneXR, [0000028401A1E000][00000284028D8100 49] iPhone11, [00000284019E1A00][00000284028DC280 49] iPhone11Pro, [0000028401A1F000][00000284777863C0 49] iPhone11ProMax, [00000284019E3F00][00000284028E0500 49] iPhoneSE2, [0000028401A1D600][00000284028E4640 49] iPhone12Mini, [00000284019E3400][00000284028E8780 49] iPhone12, [0000028401A1D100][00000284028F0900 49] iPhone12Pro, [00000284019E0A00][00000284028F4A80 49] iPhone12ProMax, [0000028401A1FB00][00000284028F8C00 49] iPadPro105, [00000284019E0C00][00000284028FCD80 49] iPadPro129, [0000028401A1F400][0000028402900F00 49] iPadPro97, [00000284019E0500][0000028402905080 49] iPadPro2_129, [0000028401A1C900][0000028402909200 49] iPad5, [00000284019E3300][000002840290D380 49] iPad6, [0000028401A1C100][0000028402911500 49] iPad7, [00000284019E3600][0000028402915680 49] iPad8, [0000028401A1D300][0000028402919800 49] iPadPro11, [00000284019E2100][000002840291D980 49] iPadPro2_11, [0000028401A1F800][0000028402921B00 49] iPadPro3_129, [00000284019E0E00][0000028402410100 49] iPadPro4_129, [0000028401A1CA00][0000028402414280 49] AppleTV, [00000284019E0200][0000028402418400 49] AppleTV4K, [0000028401A1CC00][00000284028EC540 49] TVOS, [00000284019E1800][000002840241C680 49] Mac, [0000028401A1DD00][00000284024207C0 49] MacClient, [00000284019E1F00][0000028402424900 49] MacNoEditor, [0000028401A1E800][000002840242CA80 49] MacServer, [00000284019E0900][0000028402430C00 49] Linux, [0000028401A1C700][0000028402434D80 49] LinuxAArch64, [00000284019E0800][0000028402438F00 49] LinuxNoEditor, [0000028401A1DF00][000002840243D080 49] LinuxAArch64NoEditor, [00000284019E2400][0000028402441200 49] LinuxClient, [0000028401A1FE00][0000028402445380 49] LinuxAArch64Client, [0000028401A33400][0000028402449500 49] LinuxServer, [0000028401AC1B00][000002840244D680 49] LinuxAArch64Server, [0000028401A33900][0000028402451800 49] Android, [0000028401AC0500][0000028402455980 49] Android_Low, [0000028401A31200][0000028402459B00 49] Android_Mid, [0000028401AC2500][000002840245C100 49] Android_High, [0000028401A31C00][0000028402460280 49] Android_Default, [0000028401AC0300][0000028402464400 49] Android_Adreno4xx, [0000028401A33100][0000028402468580 49] Android_Adreno5xx_Low, [0000028401AC0A00][000002840246C700 49] Android_Adreno5xx, [0000028401A31600][0000028402428840 49] Android_Adreno6xx, [0000028401AC1F00][0000028402470980 49] Android_Adreno6xx_Vulkan, [0000028401A32D00][0000028402474AC0 49] Android_Mali_T6xx, [0000028401AC0600][000002840247CC40 49] Android_Mali_T7xx, [0000028401A32100][0000028402480DC0 49] Android_Mali_T8xx, [0000028401AC2600][0000028402484F40 49] Android_Mali_G71, [0000028401A33500][00000284024890C0 49] Android_Mali_G72, [0000028401AC0100][000002840248D240 49] Android_Mali_G72_Vulkan, [0000028401A32600][00000284024913C0 49] Android_Mali_G76, [0000028401AC1A00][0000028402495540 49] Android_Mali_G76_Vulkan, [0000028401A1F500][00000284024996C0 49] Android_Mali_G77, [00000284019E2E00][000002840249D840 49] Android_Mali_G77_Vulkan, [0000028401A1C800][00000284024A19C0 49] Android_Mali_G78, [00000284019E1B00][00000284024A5B40 49] Android_Mali_G78_Vulkan, [0000028401A1D700][0000028477114140 49] Android_Mali_G710, [00000284019E1C00][00000284771182C0 49] Android_Mali_G710_Vulkan, [0000028401AC1C00][000002847711C440 49] Android_Vulkan_SM5, [00000284019E2700][00000284771205C0 49] Android_PowerVR_G6xxx, [0000028401AC2400][0000028477124740 49] Android_PowerVR_GT7xxx, [00000284019E3000][00000284771288C0 49] Android_PowerVR_GE8xxx, [0000028401AC1200][0000028402478A00 49] Android_PowerVR_GM9xxx, [00000284019E1600][000002847712CB40 49] Android_PowerVR_GM9xxx_Vulkan, [0000028401AC0700][0000028477130C80 49] Android_TegraK1, [00000284019E3100][0000028477134DC0 49] Android_Unknown_Vulkan, [0000028401AC1000][000002847713CF40 49] Lumin, [00000284019E0600][00000284771410C0 49] Lumin_Desktop, [0000028401AC1900][0000028477145240 49] HoloLens, 
[2023.03.04-19.23.38:814][  0]LogMeshReduction: Using QuadricMeshReduction for automatic static mesh reduction
[2023.03.04-19.23.38:815][  0]LogMeshReduction: Using SimplygonMeshReduction for automatic skeletal mesh reduction
[2023.03.04-19.23.38:815][  0]LogMeshReduction: Using ProxyLODMeshReduction for automatic mesh merging
[2023.03.04-19.23.38:815][  0]LogMeshReduction: No distributed automatic mesh merging module available
[2023.03.04-19.23.38:815][  0]LogMeshMerging: No distributed automatic mesh merging module available
[2023.03.04-19.23.38:847][  0]LogNetVersion: ProjectYJ 1.0.0, NetCL: 0, EngineNetVer: 17, GameNetVer: 0 (Checksum: 2909777257)
[2023.03.04-19.23.39:359][  0]LogTexture: Default maximum texture size for cubemaps generated from long-lat sources has been changed from 512 to unlimited. In order to preserve old behaiour for '/Engine/MapTemplates/Sky/DaylightAmbientCubemap.DaylightAmbientCubemap', its maximum texture size has been explicitly set to 512.
[2023.03.04-19.23.39:429][  0]LogHMD: PokeAHoleMaterial loaded successfully
[2023.03.04-19.23.39:435][  0]LogUObjectArray: 17169 objects as part of root set at end of initial load.
[2023.03.04-19.23.39:435][  0]LogUObjectAllocator: 4300016 out of 0 bytes used by permanent object pool.
[2023.03.04-19.23.39:436][  0]LogUObjectArray: CloseDisregardForGC: 0/0 objects in disregard for GC pool
[2023.03.04-19.23.40:341][  0]LogNiagaraDebuggerClient: Niagara Debugger Client Initialized | Session: 4FDC9BF54AF8EC074AB4CB957184AD79 | Instance: AA4F977E4DB99A38C52954AD612FC2CA (DESKTOP-YJ-19824).
[2023.03.04-19.23.40:763][  0]LogPython: Using Python 3.7.7
[2023.03.04-19.23.41:457][  0]LogTcpMessaging: Initializing TcpMessaging bridge
[2023.03.04-19.23.41:477][  0]LogUdpMessaging: Initializing bridge on interface 0.0.0.0:0 to multicast group 230.0.0.1:6666.
[2023.03.04-19.23.43:038][  0]SourceControl: 소스 컨트롤이 꺼졌습니다.
[2023.03.04-19.23.43:038][  0]SourceControl: 소스 컨트롤이 꺼졌습니다.
[2023.03.04-19.23.43:090][  0]SourceControl: 소스 컨트롤이 꺼졌습니다.
[2023.03.04-19.23.43:109][  0]SourceControl: 소스 컨트롤이 꺼졌습니다.
[2023.03.04-19.23.43:195][  0]LogUProjectInfo: Found projects:
[2023.03.04-19.23.43:221][  0]SourceControl: 소스 컨트롤이 꺼졌습니다.
[2023.03.04-19.23.43:239][  0]LogOpenImageDenoise: OIDN starting up
[2023.03.04-19.23.43:335][  0]LogAndroidPermission: UAndroidPermissionCallbackProxy::GetInstance
[2023.03.04-19.23.43:439][  0]LogAudioCaptureCore: Display: No Audio Capture implementations found. Audio input will be silent.
[2023.03.04-19.23.43:439][  0]LogAudioCaptureCore: Display: No Audio Capture implementations found. Audio input will be silent.
[2023.03.04-19.23.43:828][  0]LogCollectionManager: Loaded 0 collections in 0.000716 seconds
[2023.03.04-19.23.43:911][  0]LogFileCache: Scanning file cache for directory 'E:/Github/ProjectYJ/ProjectYJ/Saved/Collections/' took 0.00s
[2023.03.04-19.23.43:911][  0]LogFileCache: Scanning file cache for directory 'E:/Github/ProjectYJ/ProjectYJ/Content/Developers/YJ/Collections/' took 0.00s
[2023.03.04-19.23.43:911][  0]LogFileCache: Scanning file cache for directory 'E:/Github/ProjectYJ/ProjectYJ/Content/Collections/' took 0.00s
[2023.03.04-19.23.43:911][  0]LogOcInput: OculusInput pre-init called
[2023.03.04-19.23.44:338][  0]LogEngine: Initializing Engine...
[2023.03.04-19.23.44:344][  0]LogHMD: Failed to enumerate extensions. Please check that you have a valid OpenXR runtime installed.
[2023.03.04-19.23.44:344][  0]LogHMD: Failed to initialize OpenVR with code 110
[2023.03.04-19.23.44:345][  0]LogMagicLeap: Warning: VR disabled because ZI is not enabled.  To enable, in the editor, Edit -> Project Settings -> Plugins -> Magic Leap Plugin -> Enable Zero Iteration
[2023.03.04-19.23.44:345][  0]LogStats: UGameplayTagsManager::InitializeManager -  0.000 s
[2023.03.04-19.23.44:496][  0]LogInit: Initializing FReadOnlyCVARCache
[2023.03.04-19.23.44:518][  0]LogAIModule: Creating AISystem for world Untitled
[2023.03.04-19.23.44:518][  0]LogAudio: Display: Initializing Audio Device Manager...
[2023.03.04-19.23.44:535][  0]LogAudio: Display: Loading Default Audio Settings Objects...
[2023.03.04-19.23.44:536][  0]LogAudio: Display: No default SoundConcurrencyObject specified (or failed to load).
[2023.03.04-19.23.44:536][  0]LogAudio: Display: Audio Device Manager Initialized
[2023.03.04-19.23.44:536][  0]LogAudio: Display: Creating Audio Device:                 Id: 1, Scope: Shared, Realtime: True
[2023.03.04-19.23.44:536][  0]LogAudioMixer: Display: Audio Mixer Platform Settings:
[2023.03.04-19.23.44:536][  0]LogAudioMixer: Display: 	Sample Rate:						  48000
[2023.03.04-19.23.44:537][  0]LogAudioMixer: Display: 	Callback Buffer Frame Size Requested: 1024
[2023.03.04-19.23.44:537][  0]LogAudioMixer: Display: 	Callback Buffer Frame Size To Use:	  1024
[2023.03.04-19.23.44:537][  0]LogAudioMixer: Display: 	Number of buffers to queue:			  2
[2023.03.04-19.23.44:537][  0]LogAudioMixer: Display: 	Max Channels (voices):				  32
[2023.03.04-19.23.44:537][  0]LogAudioMixer: Display: 	Number of Async Source Workers:		  0
[2023.03.04-19.23.44:537][  0]LogAudio: Display: AudioDevice MaxSources: 32
[2023.03.04-19.23.44:537][  0]LogAudio: Display: Audio Spatialization Plugin: None (built-in).
[2023.03.04-19.23.44:537][  0]LogAudio: Display: Audio Reverb Plugin: None (built-in).
[2023.03.04-19.23.44:537][  0]LogAudio: Display: Audio Occlusion Plugin: None (built-in).
[2023.03.04-19.23.44:537][  0]LogAudioMixer: Display: Initializing audio mixer.
[2023.03.04-19.23.44:575][  0]LogAudioMixer: Display: 0: FrontLeft
[2023.03.04-19.23.44:575][  0]LogAudioMixer: Display: 1: FrontRight
[2023.03.04-19.23.44:650][  0]LogAudioMixer: Display: Using Audio Device 스피커(Realtek High Definition Audio)
[2023.03.04-19.23.44:653][  0]LogAudioMixer: Display: Initializing Sound Submixes...
[2023.03.04-19.23.44:657][  0]LogAudioMixer: Display: Creating Master Submix 'MasterSubmixDefault'
[2023.03.04-19.23.44:657][  0]LogAudioMixer: Display: Creating Master Submix 'MasterReverbSubmixDefault'
[2023.03.04-19.23.44:658][  0]LogAudioMixer: Display: Creating Master Submix 'MasterEQSubmixDefault'
[2023.03.04-19.23.44:658][  0]LogAudioMixer: FMixerPlatformXAudio2::StartAudioStream() called
[2023.03.04-19.23.44:658][  0]LogAudioMixer: Display: Output buffers initialized: Frames=1024, Channels=2, Samples=2048
[2023.03.04-19.23.44:661][  0]LogAudioMixer: Display: Starting AudioMixerPlatformInterface::RunInternal()
[2023.03.04-19.23.44:661][  0]LogAudioMixer: Display: FMixerPlatformXAudio2::SubmitBuffer() called for the first time
[2023.03.04-19.23.44:661][  0]LogInit: FAudioDevice initialized.
[2023.03.04-19.23.44:661][  0]LogAudio: Display: Audio Device (ID: 1) registered with world 'Untitled'.
[2023.03.04-19.23.44:661][  0]LogNetVersion: Set ProjectVersion to 1.0.0.0. Version Checksum will be recalculated on next use.
[2023.03.04-19.23.44:754][  0]LogDerivedDataCache: Saved boot cache 0.09s 100MB ../../../../Github/ProjectYJ/ProjectYJ/DerivedDataCache/Boot.ddc.
[2023.03.04-19.23.44:755][  0]LogInit: Texture streaming: Enabled
[2023.03.04-19.23.44:800][  0]LogAnalytics: Display: [UEEditor.UnrealEngine.Release] APIServer = https://datarouter.ol.epicgames.com/. AppVersion = 4.27.2-0+++UE4+Release-4.27
[2023.03.04-19.23.44:820][  0]LogEngineSessionManager: EngineSessionManager initialized
[2023.03.04-19.23.44:820][  0]LogEngineSessionManager: EngineSessionManager sent abnormal shutdown report. Type=Debugger, SessionId={1238DA00-47CA-C8C7-3D36-7BBDCCEDA751}
[2023.03.04-19.23.44:820][  0]LogEngineSessionManager: EngineSessionManager sent abnormal shutdown report. Type=Debugger, SessionId={787C1754-4E6C-6EEC-05B3-C9B2C5A76BA4}
[2023.03.04-19.23.44:820][  0]LogEditorSessionSummary: Verbose: Initializing EditorSessionSummaryWriter for editor session tracking
[2023.03.04-19.23.44:828][  0]LogEditorSessionSummary: EditorSessionSummaryWriter initialized
[2023.03.04-19.23.44:879][  0]LogInit: Transaction tracking system initialized
[2023.03.04-19.23.44:992][  0]BlueprintLog: New page: 에디터 로드
[2023.03.04-19.23.45:271][  0]LocalizationService: 현지화 서비스가 비활성화되었습니다.
[2023.03.04-19.23.45:385][  0]TimingProfiler: Initialize
[2023.03.04-19.23.45:386][  0]TimingProfiler: OnSessionChanged
[2023.03.04-19.23.45:386][  0]LoadingProfiler: Initialize
[2023.03.04-19.23.45:386][  0]LoadingProfiler: OnSessionChanged
[2023.03.04-19.23.45:386][  0]NetworkingProfiler: Initialize
[2023.03.04-19.23.45:386][  0]NetworkingProfiler: OnSessionChanged
[2023.03.04-19.23.45:386][  0]MemoryProfiler: Initialize
[2023.03.04-19.23.45:387][  0]MemoryProfiler: OnSessionChanged
[2023.03.04-19.23.45:761][  0]LogCook: Display: CookSettings for Memory: MemoryMaxUsedVirtual 0MiB, MemoryMaxUsedPhysical 16384MiB, MemoryMinFreeVirtual 0MiB, MemoryMinFreePhysical 1024MiB
[2023.03.04-19.23.45:761][  0]LogCook: Display: Mobile HDR setting 1
[2023.03.04-19.23.45:998][  0]LogFileCache: Scanning file cache for directory 'E:/Github/ProjectYJ/ProjectYJ/Content/' took 0.02s
[2023.03.04-19.23.46:715][  0]LogModuleManager: Warning: ModuleManager: Unable to load module 'SequenceRecorderSections'  - 0 instances of that module name found.
[2023.03.04-19.23.46:715][  0]LogInit: Display: Engine is initialized. Leaving FEngineLoop::Init()
[2023.03.04-19.23.46:721][  0]SourceControl: 소스 컨트롤이 꺼졌습니다.
[2023.03.04-19.23.46:721][  0]LogUnrealEdMisc: Loading editor; pre map load, took 14.055
[2023.03.04-19.23.46:721][  0]Cmd: MAP LOAD FILE="../../../../Github/ProjectYJ/ProjectYJ/Content/Levels/TestWorld.umap" TEMPLATE=0 SHOWPROGRESS=1 FEATURELEVEL=3
[2023.03.04-19.23.46:722][  0]LightingResults: New page: 라이팅 빌드
[2023.03.04-19.23.46:723][  0]LogWorld: UWorld::CleanupWorld for Untitled, bSessionEnded=true, bCleanupResources=true
[2023.03.04-19.23.46:724][  0]LogSlate: InvalidateAllWidgets triggered.  All widgets were invalidated
[2023.03.04-19.23.46:724][  0]MapCheck: New page: 맵 체크
[2023.03.04-19.23.46:724][  0]LightingResults: New page: 라이팅 빌드
[2023.03.04-19.23.46:729][  0]LogAudio: Display: Audio Device unregistered from world 'None'.
[2023.03.04-19.23.46:733][  0]LogUObjectHash: Compacting FUObjectHashTables data took   0.97ms
[2023.03.04-19.23.47:262][  0]LogAudio: Display: Audio Device (ID: 1) registered with world 'TestWorld'.
[2023.03.04-19.23.47:263][  0]LogAIModule: Creating AISystem for world TestWorld
[2023.03.04-19.23.47:268][  0]LogEditorServer: Finished looking for orphan Actors (0.000 secs)
[2023.03.04-19.23.47:281][  0]LogUObjectHash: Compacting FUObjectHashTables data took   1.01ms
[2023.03.04-19.23.47:286][  0]Cmd: MAP CHECKDEP NOCLEARLOG
[2023.03.04-19.23.47:286][  0]MapCheck: 맵 체크 완료: 오류 0 회, 경고 0 회, 소요 시간 0.15ms.
[2023.03.04-19.23.47:286][  0]LogFileHelpers: Loading map 'TestWorld' took 0.565
[2023.03.04-19.23.47:290][  0]LogUnrealEdMisc: Total Editor Startup Time, took 14.623
[2023.03.04-19.23.47:478][  0]LogSlate: Updating window title bar state: overlay mode, drag disabled, window buttons hidden, title bar hidden
[2023.03.04-19.23.47:484][  0]LogSlate: Updating window title bar state: overlay mode, drag disabled, window buttons hidden, title bar hidden
[2023.03.04-19.23.47:493][  0]LogSlate: Updating window title bar state: overlay mode, drag disabled, window buttons hidden, title bar hidden
[2023.03.04-19.23.47:504][  0]LogSlate: Updating window title bar state: overlay mode, drag disabled, window buttons hidden, title bar hidden
[2023.03.04-19.23.47:525][  0]LogNativeClassHierarchy: Verbose: Native class hierarchy populated in 0.0122 seconds. Added 3831 classes and 938 folders.
[2023.03.04-19.23.47:528][  0]LogNativeClassHierarchy: Verbose: Native class hierarchy updated for 'WidgetCarousel' in 0.0003 seconds. Added 0 classes and 0 folders.
[2023.03.04-19.23.47:530][  0]LogShaderLibrary: Display: ShaderCodeLibraryPakFileMountedCallback: PakFile 'E:/UnrealEngine-4.27.2-release/FeaturePacks/FP_FirstPerson.upack' (chunk index -1, root 'root:/') mounted
[2023.03.04-19.23.47:530][  0]LogShaderLibrary: Display: ShaderCodeLibraryPakFileMountedCallback: pending pak file info (ChunkID:-1 Root:root:/ File:E:/UnrealEngine-4.27.2-release/FeaturePacks/FP_FirstPerson.upack)
[2023.03.04-19.23.47:531][  0]LogPakFile: OnPakFileMounted2Time == 0.000266
[2023.03.04-19.23.47:532][  0]LogShaderLibrary: Display: ShaderCodeLibraryPakFileMountedCallback: PakFile 'E:/UnrealEngine-4.27.2-release/FeaturePacks/FP_FirstPersonBP.upack' (chunk index -1, root 'root:/') mounted
[2023.03.04-19.23.47:532][  0]LogShaderLibrary: Display: ShaderCodeLibraryPakFileMountedCallback: pending pak file info (ChunkID:-1 Root:root:/ File:E:/UnrealEngine-4.27.2-release/FeaturePacks/FP_FirstPersonBP.upack)
[2023.03.04-19.23.47:532][  0]LogPakFile: OnPakFileMounted2Time == 0.000209
[2023.03.04-19.23.47:533][  0]LogShaderLibrary: Display: ShaderCodeLibraryPakFileMountedCallback: PakFile 'E:/UnrealEngine-4.27.2-release/FeaturePacks/MobileStarterContent.upack' (chunk index -1, root 'root:/') mounted
[2023.03.04-19.23.47:533][  0]LogShaderLibrary: Display: ShaderCodeLibraryPakFileMountedCallback: pending pak file info (ChunkID:-1 Root:root:/ File:E:/UnrealEngine-4.27.2-release/FeaturePacks/MobileStarterContent.upack)
[2023.03.04-19.23.47:533][  0]LogPakFile: OnPakFileMounted2Time == 0.000240
[2023.03.04-19.23.47:535][  0]LogShaderLibrary: Display: ShaderCodeLibraryPakFileMountedCallback: PakFile 'E:/UnrealEngine-4.27.2-release/FeaturePacks/StarterContent.upack' (chunk index -1, root 'root:/') mounted
[2023.03.04-19.23.47:535][  0]LogShaderLibrary: Display: ShaderCodeLibraryPakFileMountedCallback: pending pak file info (ChunkID:-1 Root:root:/ File:E:/UnrealEngine-4.27.2-release/FeaturePacks/StarterContent.upack)
[2023.03.04-19.23.47:535][  0]LogPakFile: OnPakFileMounted2Time == 0.000268
[2023.03.04-19.23.47:536][  0]LogShaderLibrary: Display: ShaderCodeLibraryPakFileMountedCallback: PakFile 'E:/UnrealEngine-4.27.2-release/FeaturePacks/TP_2DSideScroller.upack' (chunk index -1, root 'root:/') mounted
[2023.03.04-19.23.47:536][  0]LogShaderLibrary: Display: ShaderCodeLibraryPakFileMountedCallback: pending pak file info (ChunkID:-1 Root:root:/ File:E:/UnrealEngine-4.27.2-release/FeaturePacks/TP_2DSideScroller.upack)
[2023.03.04-19.23.47:536][  0]LogPakFile: OnPakFileMounted2Time == 0.000205
[2023.03.04-19.23.47:537][  0]LogShaderLibrary: Display: ShaderCodeLibraryPakFileMountedCallback: PakFile 'E:/UnrealEngine-4.27.2-release/FeaturePacks/TP_2DSideScrollerBP.upack' (chunk index -1, root 'root:/') mounted
[2023.03.04-19.23.47:537][  0]LogShaderLibrary: Display: ShaderCodeLibraryPakFileMountedCallback: pending pak file info (ChunkID:-1 Root:root:/ File:E:/UnrealEngine-4.27.2-release/FeaturePacks/TP_2DSideScrollerBP.upack)
[2023.03.04-19.23.47:538][  0]LogPakFile: OnPakFileMounted2Time == 0.000265
[2023.03.04-19.23.47:539][  0]LogShaderLibrary: Display: ShaderCodeLibraryPakFileMountedCallback: PakFile 'E:/UnrealEngine-4.27.2-release/FeaturePacks/TP_Flying.upack' (chunk index -1, root 'root:/') mounted
[2023.03.04-19.23.47:539][  0]LogShaderLibrary: Display: ShaderCodeLibraryPakFileMountedCallback: pending pak file info (ChunkID:-1 Root:root:/ File:E:/UnrealEngine-4.27.2-release/FeaturePacks/TP_Flying.upack)
[2023.03.04-19.23.47:539][  0]LogPakFile: OnPakFileMounted2Time == 0.000194
[2023.03.04-19.23.47:540][  0]LogShaderLibrary: Display: ShaderCodeLibraryPakFileMountedCallback: PakFile 'E:/UnrealEngine-4.27.2-release/FeaturePacks/TP_FlyingBP.upack' (chunk index -1, root 'root:/') mounted
[2023.03.04-19.23.47:540][  0]LogShaderLibrary: Display: ShaderCodeLibraryPakFileMountedCallback: pending pak file info (ChunkID:-1 Root:root:/ File:E:/UnrealEngine-4.27.2-release/FeaturePacks/TP_FlyingBP.upack)
[2023.03.04-19.23.47:540][  0]LogPakFile: OnPakFileMounted2Time == 0.000209
[2023.03.04-19.23.47:541][  0]LogShaderLibrary: Display: ShaderCodeLibraryPakFileMountedCallback: PakFile 'E:/UnrealEngine-4.27.2-release/FeaturePacks/TP_Puzzle.upack' (chunk index -1, root 'root:/') mounted
[2023.03.04-19.23.47:541][  0]LogShaderLibrary: Display: ShaderCodeLibraryPakFileMountedCallback: pending pak file info (ChunkID:-1 Root:root:/ File:E:/UnrealEngine-4.27.2-release/FeaturePacks/TP_Puzzle.upack)
[2023.03.04-19.23.47:541][  0]LogPakFile: OnPakFileMounted2Time == 0.000212
[2023.03.04-19.23.47:542][  0]LogShaderLibrary: Display: ShaderCodeLibraryPakFileMountedCallback: PakFile 'E:/UnrealEngine-4.27.2-release/FeaturePacks/TP_PuzzleBP.upack' (chunk index -1, root 'root:/') mounted
[2023.03.04-19.23.47:543][  0]LogShaderLibrary: Display: ShaderCodeLibraryPakFileMountedCallback: pending pak file info (ChunkID:-1 Root:root:/ File:E:/UnrealEngine-4.27.2-release/FeaturePacks/TP_PuzzleBP.upack)
[2023.03.04-19.23.47:543][  0]LogPakFile: OnPakFileMounted2Time == 0.000202
[2023.03.04-19.23.47:544][  0]LogShaderLibrary: Display: ShaderCodeLibraryPakFileMountedCallback: PakFile 'E:/UnrealEngine-4.27.2-release/FeaturePacks/TP_Rolling.upack' (chunk index -1, root 'root:/') mounted
[2023.03.04-19.23.47:544][  0]LogShaderLibrary: Display: ShaderCodeLibraryPakFileMountedCallback: pending pak file info (ChunkID:-1 Root:root:/ File:E:/UnrealEngine-4.27.2-release/FeaturePacks/TP_Rolling.upack)
[2023.03.04-19.23.47:544][  0]LogPakFile: OnPakFileMounted2Time == 0.000209
[2023.03.04-19.23.47:545][  0]LogShaderLibrary: Display: ShaderCodeLibraryPakFileMountedCallback: PakFile 'E:/UnrealEngine-4.27.2-release/FeaturePacks/TP_RollingBP.upack' (chunk index -1, root 'root:/') mounted
[2023.03.04-19.23.47:545][  0]LogShaderLibrary: Display: ShaderCodeLibraryPakFileMountedCallback: pending pak file info (ChunkID:-1 Root:root:/ File:E:/UnrealEngine-4.27.2-release/FeaturePacks/TP_RollingBP.upack)
[2023.03.04-19.23.47:545][  0]LogPakFile: OnPakFileMounted2Time == 0.000206
[2023.03.04-19.23.47:546][  0]LogShaderLibrary: Display: ShaderCodeLibraryPakFileMountedCallback: PakFile 'E:/UnrealEngine-4.27.2-release/FeaturePacks/TP_SideScroller.upack' (chunk index -1, root 'root:/') mounted
[2023.03.04-19.23.47:546][  0]LogShaderLibrary: Display: ShaderCodeLibraryPakFileMountedCallback: pending pak file info (ChunkID:-1 Root:root:/ File:E:/UnrealEngine-4.27.2-release/FeaturePacks/TP_SideScroller.upack)
[2023.03.04-19.23.47:546][  0]LogPakFile: OnPakFileMounted2Time == 0.000239
[2023.03.04-19.23.47:547][  0]LogShaderLibrary: Display: ShaderCodeLibraryPakFileMountedCallback: PakFile 'E:/UnrealEngine-4.27.2-release/FeaturePacks/TP_SideScrollerBP.upack' (chunk index -1, root 'root:/') mounted
[2023.03.04-19.23.47:547][  0]LogShaderLibrary: Display: ShaderCodeLibraryPakFileMountedCallback: pending pak file info (ChunkID:-1 Root:root:/ File:E:/UnrealEngine-4.27.2-release/FeaturePacks/TP_SideScrollerBP.upack)
[2023.03.04-19.23.47:547][  0]LogPakFile: OnPakFileMounted2Time == 0.000193
[2023.03.04-19.23.47:548][  0]LogShaderLibrary: Display: ShaderCodeLibraryPakFileMountedCallback: PakFile 'E:/UnrealEngine-4.27.2-release/FeaturePacks/TP_ThirdPerson.upack' (chunk index -1, root 'root:/') mounted
[2023.03.04-19.23.47:549][  0]LogShaderLibrary: Display: ShaderCodeLibraryPakFileMountedCallback: pending pak file info (ChunkID:-1 Root:root:/ File:E:/UnrealEngine-4.27.2-release/FeaturePacks/TP_ThirdPerson.upack)
[2023.03.04-19.23.47:549][  0]LogPakFile: OnPakFileMounted2Time == 0.000334
[2023.03.04-19.23.47:550][  0]LogShaderLibrary: Display: ShaderCodeLibraryPakFileMountedCallback: PakFile 'E:/UnrealEngine-4.27.2-release/FeaturePacks/TP_ThirdPersonBP.upack' (chunk index -1, root 'root:/') mounted
[2023.03.04-19.23.47:550][  0]LogShaderLibrary: Display: ShaderCodeLibraryPakFileMountedCallback: pending pak file info (ChunkID:-1 Root:root:/ File:E:/UnrealEngine-4.27.2-release/FeaturePacks/TP_ThirdPersonBP.upack)
[2023.03.04-19.23.47:550][  0]LogPakFile: OnPakFileMounted2Time == 0.000212
[2023.03.04-19.23.47:551][  0]LogShaderLibrary: Display: ShaderCodeLibraryPakFileMountedCallback: PakFile 'E:/UnrealEngine-4.27.2-release/FeaturePacks/TP_TopDown.upack' (chunk index -1, root 'root:/') mounted
[2023.03.04-19.23.47:551][  0]LogShaderLibrary: Display: ShaderCodeLibraryPakFileMountedCallback: pending pak file info (ChunkID:-1 Root:root:/ File:E:/UnrealEngine-4.27.2-release/FeaturePacks/TP_TopDown.upack)
[2023.03.04-19.23.47:551][  0]LogPakFile: OnPakFileMounted2Time == 0.000221
[2023.03.04-19.23.47:552][  0]LogShaderLibrary: Display: ShaderCodeLibraryPakFileMountedCallback: PakFile 'E:/UnrealEngine-4.27.2-release/FeaturePacks/TP_TopDownBP.upack' (chunk index -1, root 'root:/') mounted
[2023.03.04-19.23.47:552][  0]LogShaderLibrary: Display: ShaderCodeLibraryPakFileMountedCallback: pending pak file info (ChunkID:-1 Root:root:/ File:E:/UnrealEngine-4.27.2-release/FeaturePacks/TP_TopDownBP.upack)
[2023.03.04-19.23.47:553][  0]LogPakFile: OnPakFileMounted2Time == 0.000214
[2023.03.04-19.23.47:554][  0]LogShaderLibrary: Display: ShaderCodeLibraryPakFileMountedCallback: PakFile 'E:/UnrealEngine-4.27.2-release/FeaturePacks/TP_TwinStick.upack' (chunk index -1, root 'root:/') mounted
[2023.03.04-19.23.47:554][  0]LogShaderLibrary: Display: ShaderCodeLibraryPakFileMountedCallback: pending pak file info (ChunkID:-1 Root:root:/ File:E:/UnrealEngine-4.27.2-release/FeaturePacks/TP_TwinStick.upack)
[2023.03.04-19.23.47:554][  0]LogPakFile: OnPakFileMounted2Time == 0.000207
[2023.03.04-19.23.47:555][  0]LogShaderLibrary: Display: ShaderCodeLibraryPakFileMountedCallback: PakFile 'E:/UnrealEngine-4.27.2-release/FeaturePacks/TP_TwinStickBP.upack' (chunk index -1, root 'root:/') mounted
[2023.03.04-19.23.47:555][  0]LogShaderLibrary: Display: ShaderCodeLibraryPakFileMountedCallback: pending pak file info (ChunkID:-1 Root:root:/ File:E:/UnrealEngine-4.27.2-release/FeaturePacks/TP_TwinStickBP.upack)
[2023.03.04-19.23.47:555][  0]LogPakFile: OnPakFileMounted2Time == 0.000203
[2023.03.04-19.23.47:556][  0]LogShaderLibrary: Display: ShaderCodeLibraryPakFileMountedCallback: PakFile 'E:/UnrealEngine-4.27.2-release/FeaturePacks/TP_Vehicle.upack' (chunk index -1, root 'root:/') mounted
[2023.03.04-19.23.47:556][  0]LogShaderLibrary: Display: ShaderCodeLibraryPakFileMountedCallback: pending pak file info (ChunkID:-1 Root:root:/ File:E:/UnrealEngine-4.27.2-release/FeaturePacks/TP_Vehicle.upack)
[2023.03.04-19.23.47:557][  0]LogPakFile: OnPakFileMounted2Time == 0.000210
[2023.03.04-19.23.47:558][  0]LogShaderLibrary: Display: ShaderCodeLibraryPakFileMountedCallback: PakFile 'E:/UnrealEngine-4.27.2-release/FeaturePacks/TP_VehicleAdv.upack' (chunk index -1, root 'root:/') mounted
[2023.03.04-19.23.47:558][  0]LogShaderLibrary: Display: ShaderCodeLibraryPakFileMountedCallback: pending pak file info (ChunkID:-1 Root:root:/ File:E:/UnrealEngine-4.27.2-release/FeaturePacks/TP_VehicleAdv.upack)
[2023.03.04-19.23.47:558][  0]LogPakFile: OnPakFileMounted2Time == 0.000199
[2023.03.04-19.23.47:559][  0]LogShaderLibrary: Display: ShaderCodeLibraryPakFileMountedCallback: PakFile 'E:/UnrealEngine-4.27.2-release/FeaturePacks/TP_VehicleAdvBP.upack' (chunk index -1, root 'root:/') mounted
[2023.03.04-19.23.47:559][  0]LogShaderLibrary: Display: ShaderCodeLibraryPakFileMountedCallback: pending pak file info (ChunkID:-1 Root:root:/ File:E:/UnrealEngine-4.27.2-release/FeaturePacks/TP_VehicleAdvBP.upack)
[2023.03.04-19.23.47:559][  0]LogPakFile: OnPakFileMounted2Time == 0.000200
[2023.03.04-19.23.47:560][  0]LogShaderLibrary: Display: ShaderCodeLibraryPakFileMountedCallback: PakFile 'E:/UnrealEngine-4.27.2-release/FeaturePacks/TP_VehicleBP.upack' (chunk index -1, root 'root:/') mounted
[2023.03.04-19.23.47:560][  0]LogShaderLibrary: Display: ShaderCodeLibraryPakFileMountedCallback: pending pak file info (ChunkID:-1 Root:root:/ File:E:/UnrealEngine-4.27.2-release/FeaturePacks/TP_VehicleBP.upack)
[2023.03.04-19.23.47:560][  0]LogPakFile: OnPakFileMounted2Time == 0.000210
[2023.03.04-19.23.47:561][  0]LogPakFile: PakFile PrimaryIndexSize=192
[2023.03.04-19.23.47:562][  0]LogPakFile: PakFile PathHashIndexSize=101
[2023.03.04-19.23.47:562][  0]LogPakFile: PakFile FullDirectoryIndexSize=158
[2023.03.04-19.23.47:562][  0]LogShaderLibrary: Display: ShaderCodeLibraryPakFileMountedCallback: PakFile 'E:/UnrealEngine-4.27.2-release/FeaturePacks/TP_VirtualRealityBP.upack' (chunk index -1, root 'root:/') mounted
[2023.03.04-19.23.47:562][  0]LogShaderLibrary: Display: ShaderCodeLibraryPakFileMountedCallback: pending pak file info (ChunkID:-1 Root:root:/ File:E:/UnrealEngine-4.27.2-release/FeaturePacks/TP_VirtualRealityBP.upack)
[2023.03.04-19.23.47:562][  0]LogPakFile: OnPakFileMounted2Time == 0.000189
[2023.03.04-19.23.47:639][  0]LogNativeClassHierarchy: Verbose: Native class hierarchy updated for 'AddContentDialog' in 0.0003 seconds. Added 0 classes and 0 folders.
[2023.03.04-19.23.47:640][  0]LogNativeClassHierarchy: Verbose: Native class hierarchy updated for 'SceneOutliner' in 0.0002 seconds. Added 2 classes and 0 folders.
[2023.03.04-19.23.47:692][  0]LogNativeClassHierarchy: Verbose: Native class hierarchy updated for 'HierarchicalLODOutliner' in 0.0003 seconds. Added 0 classes and 0 folders.
[2023.03.04-19.23.47:692][  0]LogInput: Warning: Action Jump uses invalid key OculusGo_Left_Trigger_Click.
[2023.03.04-19.23.47:692][  0]LogInput: Warning: Action ResetVR uses invalid key OculusGo_Left_Trackpad_Click.
[2023.03.04-19.23.47:692][  0]LogInput: Warning: Use -RemoveInvalidKeys to remove instances of these keys from the action mapping.
[2023.03.04-19.23.47:692][  0]LogLoad: (Engine Initialization) Total time: 15.03 seconds
[2023.03.04-19.23.47:692][  0]LogLoad: (Engine Initialization) Total Blueprint compile time: 0.00 seconds
[2023.03.04-19.23.47:758][  0]LogContentStreaming: Texture pool size now 1000 MB
[2023.03.04-19.23.47:759][  0]LogSlate: Took 0.000387 seconds to synchronously load lazily loaded font '../../../Engine/Content/Slate/Fonts/Roboto-Regular.ttf' (155K)
[2023.03.04-19.23.47:761][  0]LogSlate: Took 0.000238 seconds to synchronously load lazily loaded font '../../../Engine/Content/Editor/Slate/Fonts/FontAwesome.ttf' (139K)
[2023.03.04-19.23.47:763][  0]LogSlate: Took 0.001855 seconds to synchronously load lazily loaded font '../../../Engine/Content/Editor/Slate/Fonts/NanumGothic.ttf' (4243K)
[2023.03.04-19.23.47:765][  0]LogSlate: Took 0.001639 seconds to synchronously load lazily loaded font '../../../Engine/Content/Editor/Slate/Fonts/NanumGothicBold.ttf' (4188K)
[2023.03.04-19.23.47:766][  0]LogSlate: Took 0.000252 seconds to synchronously load lazily loaded font '../../../Engine/Content/Slate/Fonts/Roboto-Bold.ttf' (160K)
[2023.03.04-19.23.47:899][  1]LogRenderer: Reallocating scene render targets to support 1116x704 Format 10 NumSamples 1 (Frame:1).
[2023.03.04-19.23.47:916][  1]LogAssetRegistry: Asset discovery search completed in 9.6736 seconds
[2023.03.04-19.23.47:927][  1]LogCollectionManager: Fixed up redirectors for 0 collections in 0.000004 seconds (updated 0 objects)
[2023.03.04-19.24.15:888][718]LogSlate: Took 0.000272 seconds to synchronously load lazily loaded font '../../../Engine/Content/Slate/Fonts/Roboto-Light.ttf' (167K)
[2023.03.04-19.24.15:906][718]LogAssetEditorSubsystem: Opening Asset editor for VertexAnimProfile /Game/Character/Scanned3DPeoplePack/RP_Character/00_rp_master/Mannequin/VAP_UE4_Mannequin.VAP_UE4_Mannequin
[2023.03.04-19.24.19:276][719]LogAudioMixer: Resetting audio stream to device id 
[2023.03.04-19.24.19:292][719]LogAudioMixer: Display: 0: FrontLeft
[2023.03.04-19.24.19:292][719]LogAudioMixer: Display: 1: FrontRight
[2023.03.04-19.24.22:718][947]LogSlate: Window 'VAP_UE4_Mannequin' being destroyed
[2023.03.04-19.24.25:896][285]LogLinker: Warning: [AssetLog] E:\Github\ProjectYJ\ProjectYJ\Content\Character\ThirdPersonCPP\Maps\ThirdPersonExampleMap.umap: '{FileName}': 파일을 찾을 수 없습니다. 로드에 실패했습니다.
[2023.03.04-19.24.25:897][285]LogLinker: Warning: [AssetLog] E:\Github\ProjectYJ\ProjectYJ\Content\Character\ThirdPersonCPP\Maps\ThirdPersonExampleMap.umap: '{FileName}': 에셋에 대한 파일을 찾을 수 없습니다. 로드에 실패했습니다.
[2023.03.04-19.24.25:898][285]LogLinker: Warning: [AssetLog] E:\Github\ProjectYJ\ProjectYJ\Content\Character\ThirdPersonCPP\Maps\ThirdPersonExampleMap.umap: '{FileName}': 에셋에 대한 파일을 찾을 수 없습니다. 로드에 실패했습니다.
[2023.03.04-19.24.25:900][285]LogLinker: Warning: '{FileName}': 에셋에 대한 파일을 찾을 수 없습니다. 로드에 실패했습니다.
[2023.03.04-19.24.25:901][285]LogLinker: Warning: '{FileName}': 에셋에 대한 파일을 찾을 수 없습니다. 로드에 실패했습니다.
[2023.03.04-19.24.25:903][285]LogLinker: Warning: [AssetLog] E:\Github\ProjectYJ\ProjectYJ\Content\Character\ThirdPersonCPP\Maps\ThirdPersonExampleMap.umap: '{FileName}': 에셋에 대한 파일을 찾을 수 없습니다. 로드에 실패했습니다.
[2023.03.04-19.24.25:903][285]LoadErrors: 로드에 실패했습니다. /Game/Character/ThirdPersonCPP/Maps/ThirdPersonExampleMap_BuiltData.ThirdPersonExampleMap_BuiltData 참조한 것: PersistentLevel
[2023.03.04-19.24.28:314][448]LogSlate: Window '메시지' being destroyed
[2023.03.04-19.24.28:327][448]Message dialog closed, result: Yes, title: 메시지, text: [/Game/Character/Scanned3DPeoplePack/RP_Character/00_rp_master/Mannequin/VAP_UE4_Mannequin] 파일에 이미 [VertexAnimProfile] 클래스의 [VAP_UE4_Mannequin] 오브젝트가 존재합니다. 기존 오브젝트를 대체할까요? '예'를 선택하면 기존 오브젝트는 삭제됩니다. 삭제하지 않으려면, '아니오'를 선택한 다음 고유한 이름을 지어주세요.
[2023.03.04-19.24.28:340][448]LogUObjectHash: Compacting FUObjectHashTables data took   1.07ms
[2023.03.04-19.24.28:589][448]LogStaticMesh: UE4_Mannequin_VAT 스태틱 메시 빌드중...
[2023.03.04-19.24.29:032][448]LogStaticMesh: Built static mesh [0.44s] /Game/Character/Scanned3DPeoplePack/RP_Character/00_rp_master/Mannequin/UE4_Mannequin_VAT.UE4_Mannequin_VAT
