Log file open, 03/05/23 08:16:30
LogWindows: Failed to load 'aqProf.dll' (GetLastError=126)
LogWindows: File 'aqProf.dll' does not exist
LogWindows: Failed to load 'VtuneApi.dll' (GetLastError=126)
LogWindows: File 'VtuneApi.dll' does not exist
LogWindows: Failed to load 'VtuneApi32e.dll' (GetLastError=126)
LogWindows: File 'VtuneApi32e.dll' does not exist
LogConsoleResponse: Display: Failed to find resolution value strings in scalability ini. Falling back to default.
LogConsoleResponse: Display: Failed to find resolution value strings in scalability ini. Falling back to default.
LogInit: Display: Running engine for game: ProjectYJ
LogPlatformFile: Not using cached read wrapper
LogTaskGraph: Started task graph with 5 named threads and 35 total threads with 3 sets of task threads.
LogStats: Stats thread started at 0.324944
LogICUInternationalization: ICU TimeZone Detection - Raw Offset: +9:00, Platform Override: ''
LogInit: Display: Loading text-based GConfig....
LogPluginManager: Mounting plugin MeshPainting
LogPluginManager: Mounting plugin XGEController
LogPluginManager: Mounting plugin Paper2D
LogPluginManager: Mounting plugin AISupport
LogPluginManager: Mounting plugin LightPropagationVolume
LogPluginManager: Mounting plugin EnvironmentQueryEditor
LogPluginManager: Mounting plugin LiveLink
LogPluginManager: Mounting plugin CameraShakePreviewer
LogPluginManager: Mounting plugin OodleData
LogPluginManager: Mounting plugin GameplayCameras
LogPluginManager: Mounting plugin OodleNetwork
LogPluginManager: Mounting plugin DatasmithContent
LogPluginManager: Mounting plugin VariantManagerContent
LogPluginManager: Mounting plugin Niagara
LogPluginManager: Mounting plugin CryptoKeys
LogPluginManager: Mounting plugin CurveEditorTools
LogPluginManager: Mounting plugin DataValidation
LogPluginManager: Mounting plugin FacialAnimation
LogPluginManager: Mounting plugin GameplayTagsEditor
LogPluginManager: Mounting plugin MacGraphicsSwitching
LogPluginManager: Mounting plugin GeometryMode
LogPluginManager: Mounting plugin AssetManagerEditor
LogPluginManager: Mounting plugin MobileLauncherProfileWizard
LogPluginManager: Mounting plugin MaterialAnalyzer
LogPluginManager: Mounting plugin PluginBrowser
LogPluginManager: Mounting plugin SpeedTreeImporter
LogPluginManager: Mounting plugin MagicLeap
LogPluginManager: Mounting plugin LuminPlatformFeatures
LogPluginManager: Mounting plugin MagicLeapMedia
LogPluginManager: Mounting plugin MagicLeapPassableWorld
LogPluginManager: Mounting plugin MLSDK
LogPluginManager: Mounting plugin AndroidMedia
LogPluginManager: Mounting plugin AvfMedia
LogPluginManager: Mounting plugin ImgMedia
LogPluginManager: Mounting plugin MediaCompositing
LogPluginManager: Mounting plugin MediaPlayerEditor
LogPluginManager: Mounting plugin WmfMedia
LogPluginManager: Mounting plugin WebMMedia
LogPluginManager: Mounting plugin UdpMessaging
LogPluginManager: Mounting plugin TcpMessaging
LogPluginManager: Mounting plugin AnimationSharing
LogPluginManager: Mounting plugin CLionSourceCodeAccess
LogPluginManager: Mounting plugin CodeLiteSourceCodeAccess
LogPluginManager: Mounting plugin KDevelopSourceCodeAccess
LogPluginManager: Mounting plugin MagicLeapLightEstimation
LogPluginManager: Mounting plugin GitSourceControl
LogPluginManager: Mounting plugin NullSourceCodeAccess
LogPluginManager: Mounting plugin PlasticSourceControl
LogPluginManager: Mounting plugin PerforceSourceControl
LogPluginManager: Mounting plugin PixWinPlugin
LogPluginManager: Mounting plugin PropertyAccessNode
LogPluginManager: Mounting plugin SubversionSourceControl
LogPluginManager: Mounting plugin RiderSourceCodeAccess
LogPluginManager: Mounting plugin PluginUtils
LogPluginManager: Mounting plugin ActorSequence
LogPluginManager: Mounting plugin VisualStudioCodeSourceCodeAccess
LogPluginManager: Mounting plugin UObjectPlugin
LogPluginManager: Mounting plugin LevelSequenceEditor
LogPluginManager: Mounting plugin MatineeToLevelSequence
LogPluginManager: Mounting plugin TextureFormatOodle
LogPluginManager: Mounting plugin VisualStudioSourceCodeAccess
LogPluginManager: Mounting plugin TemplateSequence
LogPluginManager: Mounting plugin OnlineSubsystem
LogPluginManager: Mounting plugin XCodeSourceCodeAccess
LogPluginManager: Mounting plugin OnlineSubsystemNull
LogPluginManager: Mounting plugin OnlineSubsystemUtils
LogPluginManager: Mounting plugin ActorLayerUtilities
LogPluginManager: Mounting plugin AndroidDeviceProfileSelector
LogPluginManager: Mounting plugin AndroidMoviePlayer
LogPluginManager: Mounting plugin AndroidPermission
LogPluginManager: Mounting plugin AppleImageUtils
LogPluginManager: Mounting plugin AppleMoviePlayer
LogPluginManager: Mounting plugin ArchVisCharacter
LogPluginManager: Mounting plugin AssetTags
LogPluginManager: Mounting plugin AudioSynesthesia
LogPluginManager: Mounting plugin CableComponent
LogPluginManager: Mounting plugin ChunkDownloader
LogPluginManager: Mounting plugin CustomMeshComponent
LogPluginManager: Mounting plugin AudioCapture
LogPluginManager: Mounting plugin EditableMesh
LogPluginManager: Mounting plugin ExampleDeviceProfileSelector
LogPluginManager: Mounting plugin GoogleCloudMessaging
LogPluginManager: Mounting plugin GooglePAD
LogPluginManager: Mounting plugin LinuxDeviceProfileSelector
LogPluginManager: Mounting plugin IOSDeviceProfileSelector
LogPluginManager: Mounting plugin LocationServicesBPLibrary
LogPluginManager: Mounting plugin ScreenshotTools
LogPluginManager: Mounting plugin MobilePatchingUtils
LogPluginManager: Mounting plugin OpenXR
LogPluginManager: Mounting plugin OpenXREyeTracker
LogPluginManager: Mounting plugin OpenXRHandTracking
LogPluginManager: Mounting plugin PhysXVehicles
LogPluginManager: Mounting plugin LauncherChunkInstaller
LogPluginManager: Mounting plugin PostSplashScreen
LogPluginManager: Mounting plugin ProceduralMeshComponent
LogPluginManager: Mounting plugin SignificanceManager
LogPluginManager: Mounting plugin RuntimePhysXCooking
LogPluginManager: Mounting plugin SoundFields
LogPluginManager: Mounting plugin PropertyAccessEditor
LogPluginManager: Mounting plugin WebMMoviePlayer
LogPluginManager: Mounting plugin WindowsMoviePlayer
LogPluginManager: Mounting plugin AlembicImporter
LogPluginManager: Mounting plugin AutomationUtils
LogPluginManager: Mounting plugin BackChannel
LogPluginManager: Mounting plugin Synthesis
LogPluginManager: Mounting plugin ChaosCloth
LogPluginManager: Mounting plugin ChaosClothEditor
LogPluginManager: Mounting plugin ChaosEditor
LogPluginManager: Mounting plugin ChaosNiagara
LogPluginManager: Mounting plugin ChaosSolverPlugin
LogPluginManager: Mounting plugin CharacterAI
LogPluginManager: Mounting plugin GeometryCache
LogPluginManager: Mounting plugin GeometryProcessing
LogPluginManager: Mounting plugin GeometryCollectionPlugin
LogPluginManager: Mounting plugin OpenImageDenoise
LogPluginManager: Mounting plugin MotoSynth
LogPluginManager: Mounting plugin PlanarCut
LogPluginManager: Mounting plugin PlatformCrypto
LogPluginManager: Mounting plugin ProxyLODPlugin
LogPluginManager: Mounting plugin PythonScriptPlugin
LogPluginManager: Mounting plugin SkeletalReduction
LogPluginManager: Mounting plugin Takes
LogPluginManager: Mounting plugin ContentBrowserClassDataSource
LogPluginManager: Mounting plugin ContentBrowserFileDataSource
LogPluginManager: Mounting plugin ContentBrowserAssetDataSource
LogPluginManager: Mounting plugin OnlineSubsystemGooglePlay
LogPluginManager: Mounting plugin OnlineSubsystemIOS
LogPluginManager: Mounting plugin OculusVR
LogPluginManager: Mounting plugin SteamVR
LogPluginManager: Mounting plugin VertexAnimToolset
PixWinPlugin: PIX capture plugin failed to initialize! Check that the process is launched from PIX.
LogInit: Using libcurl 7.55.1-DEV
LogInit:  - built for x86_64-pc-win32
LogInit:  - supports SSL with OpenSSL/1.1.1
LogInit:  - supports HTTP deflate (compression) using libz 1.2.8
LogInit:  - other features:
LogInit:      CURL_VERSION_SSL
LogInit:      CURL_VERSION_LIBZ
LogInit:      CURL_VERSION_IPV6
LogInit:      CURL_VERSION_ASYNCHDNS
LogInit:      CURL_VERSION_LARGEFILE
LogInit:      CURL_VERSION_IDN
LogInit:  CurlRequestOptions (configurable via config and command line):
LogInit:  - bVerifyPeer = true  - Libcurl will verify peer certificate
LogInit:  - bUseHttpProxy = false  - Libcurl will NOT use HTTP proxy
LogInit:  - bDontReuseConnections = false  - Libcurl will reuse connections
LogInit:  - MaxHostConnections = 16  - Libcurl will limit the number of connections to a host
LogInit:  - LocalHostAddr = Default
LogInit:  - BufferSize = 65536
LogOnline: OSS: Creating online subsystem instance for: NULL
LogInit: WinSock: version 1.1 (2.2), MaxSocks=32767, MaxUdp=65467
LogOnline: OSS: TryLoadSubsystemAndSetDefault: Loaded subsystem for module [NULL]
LogOculusPluginWrapper: OculusPlugin initialized successfully
LogHMD: Failed initializing OVRPlugin 1.59.0
LogInit: Build: ++UE4+Release-4.27-CL-0
LogInit: Engine Version: 4.27.2-0+++UE4+Release-4.27
LogInit: Compatible Engine Version: 4.27.0-0+++UE4+Release-4.27
LogInit: Net CL: 0
LogInit: OS: Windows 10 (Release 2009) (), CPU: Intel(R) Core(TM) i5-10400F CPU @ 2.90GHz, GPU: NVIDIA GeForce RTX 3060 Ti
LogInit: Compiled (64-bit): Mar  5 2023 02:51:13
LogInit: Compiled with Visual C++: 19.28.29915.00
LogInit: Build Configuration: Development
LogInit: Branch Name: ++UE4+Release-4.27
LogInit: Command Line:  -skipcompile
LogInit: Base Directory: E:/UnrealEngine-4.27.2-release/Engine/Binaries/Win64/
LogInit: Allocator: TBB
LogInit: Installed Engine Build: 0
LogDevObjectVersion: Number of dev versions registered: 29
LogDevObjectVersion:   Dev-Blueprints (B0D832E4-1F89-4F0D-ACCF-7EB736FD4AA2): 10
LogDevObjectVersion:   Dev-Build (E1C64328-A22C-4D53-A36C-8E866417BD8C): 0
LogDevObjectVersion:   Dev-Core (375EC13C-06E4-48FB-B500-84F0262A717E): 4
LogDevObjectVersion:   Dev-Editor (E4B068ED-F494-42E9-A231-DA0B2E46BB41): 40
LogDevObjectVersion:   Dev-Framework (CFFC743F-43B0-4480-9391-14DF171D2073): 37
LogDevObjectVersion:   Dev-Mobile (B02B49B5-BB20-44E9-A304-32B752E40360): 3
LogDevObjectVersion:   Dev-Networking (A4E4105C-59A1-49B5-A7C5-40C4547EDFEE): 0
LogDevObjectVersion:   Dev-Online (39C831C9-5AE6-47DC-9A44-9C173E1C8E7C): 0
LogDevObjectVersion:   Dev-Physics (78F01B33-EBEA-4F98-B9B4-84EACCB95AA2): 14
LogDevObjectVersion:   Dev-Platform (6631380F-2D4D-43E0-8009-CF276956A95A): 0
LogDevObjectVersion:   Dev-Rendering (12F88B9F-8875-4AFC-A67C-D90C383ABD29): 45
LogDevObjectVersion:   Dev-Sequencer (7B5AE74C-D270-4C10-A958-57980B212A5A): 13
LogDevObjectVersion:   Dev-VR (D7296918-1DD6-4BDD-9DE2-64A83CC13884): 3
LogDevObjectVersion:   Dev-LoadTimes (C2A15278-BFE7-4AFE-6C17-90FF531DF755): 1
LogDevObjectVersion:   Private-Geometry (6EACA3D4-40EC-4CC1-B786-8BED09428FC5): 3
LogDevObjectVersion:   Dev-AnimPhys (29E575DD-E0A3-4627-9D10-D276232CDCEA): 17
LogDevObjectVersion:   Dev-Anim (AF43A65D-7FD3-4947-9873-3E8ED9C1BB05): 15
LogDevObjectVersion:   Dev-ReflectionCapture (6B266CEC-1EC7-4B8F-A30B-E4D90942FC07): 1
LogDevObjectVersion:   Dev-Automation (0DF73D61-A23F-47EA-B727-89E90C41499A): 1
LogDevObjectVersion:   FortniteMain (601D1886-AC64-4F84-AA16-D3DE0DEAC7D6): 47
LogDevObjectVersion:   FortniteRelease (E7086368-6B23-4C58-8439-1B7016265E91): 1
LogDevObjectVersion:   Dev-Enterprise (9DFFBCD6-494F-0158-E221-12823C92A888): 10
LogDevObjectVersion:   Dev-Niagara (F2AED0AC-9AFE-416F-8664-AA7FFA26D6FC): 1
LogDevObjectVersion:   Dev-Destruction (174F1F0B-B4C6-45A5-B13F-2EE8D0FB917D): 10
LogDevObjectVersion:   Dev-Physics-Ext (35F94A83-E258-406C-A318-09F59610247C): 41
LogDevObjectVersion:   Dev-PhysicsMaterial-Chaos (B68FC16E-8B1B-42E2-B453-215C058844FE): 1
LogDevObjectVersion:   Dev-CineCamera (B2E18506-4273-CFC2-A54E-F4BB758BBA07): 1
LogDevObjectVersion:   Dev-VirtualProduction (64F58936-FD1B-42BA-BA96-7289D5D0FA4E): 1
LogDevObjectVersion:   Dev-MediaFramework (6F0ED827-A609-4895-9C91-998D90180EA4): 2
LogInit: Presizing for max 25165824 objects, including 0 objects not considered by GC, pre-allocating 0 bytes for permanent pool.
LogConfig: Applying CVar settings from Section [/Script/Engine.StreamingSettings] File [E:/Github/ProjectYJ/ProjectYJ/Saved/Config/Windows/Engine.ini]
LogConfig: Setting CVar [[s.MinBulkDataSizeForAsyncLoading:131072]]
LogConfig: Setting CVar [[s.AsyncLoadingThreadEnabled:0]]
LogConfig: Setting CVar [[s.EventDrivenLoaderEnabled:1]]
LogConfig: Setting CVar [[s.WarnIfTimeLimitExceeded:0]]
LogConfig: Setting CVar [[s.TimeLimitExceededMultiplier:1.5]]
LogConfig: Setting CVar [[s.TimeLimitExceededMinTime:0.005]]
LogConfig: Setting CVar [[s.UseBackgroundLevelStreaming:1]]
LogConfig: Setting CVar [[s.PriorityAsyncLoadingExtraTime:15.0]]
LogConfig: Setting CVar [[s.LevelStreamingActorsUpdateTimeLimit:5.0]]
LogConfig: Setting CVar [[s.PriorityLevelStreamingActorsUpdateExtraTime:5.0]]
LogConfig: Setting CVar [[s.LevelStreamingComponentsRegistrationGranularity:10]]
LogConfig: Setting CVar [[s.UnregisterComponentsTimeLimit:1.0]]
LogConfig: Setting CVar [[s.LevelStreamingComponentsUnregistrationGranularity:5]]
LogConfig: Setting CVar [[s.FlushStreamingOnExit:1]]
LogInit: Object subsystem initialized
LogConfig: Setting CVar [[con.DebugEarlyDefault:1]]
LogConfig: Setting CVar [[r.setres:1280x720]]
[2023.03.04-23.16.32:133][  0]LogConfig: Setting CVar [[r.VSync:0]]
[2023.03.04-23.16.32:133][  0]LogConfig: Setting CVar [[r.RHICmdBypass:0]]
[2023.03.04-23.16.32:133][  0]LogConfig: Applying CVar settings from Section [/Script/Engine.RendererSettings] File [E:/Github/ProjectYJ/ProjectYJ/Saved/Config/Windows/Engine.ini]
[2023.03.04-23.16.32:133][  0]LogConfig: Setting CVar [[r.GPUCrashDebugging:0]]
[2023.03.04-23.16.32:133][  0]LogConfig: Applying CVar settings from Section [/Script/Engine.RendererOverrideSettings] File [E:/Github/ProjectYJ/ProjectYJ/Saved/Config/Windows/Engine.ini]
[2023.03.04-23.16.32:133][  0]LogConfig: Applying CVar settings from Section [/Script/Engine.StreamingSettings] File [E:/Github/ProjectYJ/ProjectYJ/Saved/Config/Windows/Engine.ini]
[2023.03.04-23.16.32:133][  0]LogConfig: Setting CVar [[s.MinBulkDataSizeForAsyncLoading:131072]]
[2023.03.04-23.16.32:133][  0]LogConfig: Setting CVar [[s.AsyncLoadingThreadEnabled:0]]
[2023.03.04-23.16.32:133][  0]LogConfig: Setting CVar [[s.EventDrivenLoaderEnabled:1]]
[2023.03.04-23.16.32:133][  0]LogConfig: Setting CVar [[s.WarnIfTimeLimitExceeded:0]]
[2023.03.04-23.16.32:133][  0]LogConfig: Setting CVar [[s.TimeLimitExceededMultiplier:1.5]]
[2023.03.04-23.16.32:134][  0]LogConfig: Setting CVar [[s.TimeLimitExceededMinTime:0.005]]
[2023.03.04-23.16.32:134][  0]LogConfig: Setting CVar [[s.UseBackgroundLevelStreaming:1]]
[2023.03.04-23.16.32:134][  0]LogConfig: Setting CVar [[s.PriorityAsyncLoadingExtraTime:15.0]]
[2023.03.04-23.16.32:134][  0]LogConfig: Setting CVar [[s.LevelStreamingActorsUpdateTimeLimit:5.0]]
[2023.03.04-23.16.32:134][  0]LogConfig: Setting CVar [[s.PriorityLevelStreamingActorsUpdateExtraTime:5.0]]
[2023.03.04-23.16.32:134][  0]LogConfig: Setting CVar [[s.LevelStreamingComponentsRegistrationGranularity:10]]
[2023.03.04-23.16.32:134][  0]LogConfig: Setting CVar [[s.UnregisterComponentsTimeLimit:1.0]]
[2023.03.04-23.16.32:134][  0]LogConfig: Setting CVar [[s.LevelStreamingComponentsUnregistrationGranularity:5]]
[2023.03.04-23.16.32:134][  0]LogConfig: Setting CVar [[s.FlushStreamingOnExit:1]]
[2023.03.04-23.16.32:134][  0]LogConfig: Applying CVar settings from Section [/Script/Engine.GarbageCollectionSettings] File [E:/Github/ProjectYJ/ProjectYJ/Saved/Config/Windows/Engine.ini]
[2023.03.04-23.16.32:134][  0]LogConfig: Setting CVar [[gc.MaxObjectsNotConsideredByGC:1]]
[2023.03.04-23.16.32:134][  0]LogConfig: Setting CVar [[gc.SizeOfPermanentObjectPool:0]]
[2023.03.04-23.16.32:134][  0]LogConfig: Setting CVar [[gc.FlushStreamingOnGC:0]]
[2023.03.04-23.16.32:134][  0]LogConfig: Setting CVar [[gc.NumRetriesBeforeForcingGC:10]]
[2023.03.04-23.16.32:134][  0]LogConfig: Setting CVar [[gc.AllowParallelGC:1]]
[2023.03.04-23.16.32:134][  0]LogConfig: Setting CVar [[gc.TimeBetweenPurgingPendingKillObjects:61.1]]
[2023.03.04-23.16.32:134][  0]LogConfig: Setting CVar [[gc.MaxObjectsInEditor:25165824]]
[2023.03.04-23.16.32:134][  0]LogConfig: Setting CVar [[gc.IncrementalBeginDestroyEnabled:1]]
[2023.03.04-23.16.32:134][  0]LogConfig: Setting CVar [[gc.CreateGCClusters:1]]
[2023.03.04-23.16.32:135][  0]LogConfig: Setting CVar [[gc.MinGCClusterSize:5]]
[2023.03.04-23.16.32:135][  0]LogConfig: Setting CVar [[gc.ActorClusteringEnabled:0]]
[2023.03.04-23.16.32:135][  0]LogConfig: Setting CVar [[gc.BlueprintClusteringEnabled:0]]
[2023.03.04-23.16.32:135][  0]LogConfig: Setting CVar [[gc.UseDisregardForGCOnDedicatedServers:0]]
[2023.03.04-23.16.32:135][  0]LogConfig: Setting CVar [[gc.MultithreadedDestructionEnabled:1]]
[2023.03.04-23.16.32:135][  0]LogConfig: Applying CVar settings from Section [/Script/Engine.NetworkSettings] File [E:/Github/ProjectYJ/ProjectYJ/Saved/Config/Windows/Engine.ini]
[2023.03.04-23.16.32:135][  0]LogConfig: Applying CVar settings from Section [/Script/UnrealEd.CookerSettings] File [E:/Github/ProjectYJ/ProjectYJ/Saved/Config/Windows/Engine.ini]
[2023.03.04-23.16.32:185][  0]LogConfig: Applying CVar settings from Section [ViewDistanceQuality@3] File [E:/Github/ProjectYJ/ProjectYJ/Saved/Config/Windows/Scalability.ini]
[2023.03.04-23.16.32:185][  0]LogConfig: Setting CVar [[r.SkeletalMeshLODBias:0]]
[2023.03.04-23.16.32:185][  0]LogConfig: Setting CVar [[r.ViewDistanceScale:1.0]]
[2023.03.04-23.16.32:185][  0]LogConfig: Applying CVar settings from Section [AntiAliasingQuality@3] File [E:/Github/ProjectYJ/ProjectYJ/Saved/Config/Windows/Scalability.ini]
[2023.03.04-23.16.32:185][  0]LogConfig: Setting CVar [[r.PostProcessAAQuality:4]]
[2023.03.04-23.16.32:185][  0]LogConfig: Applying CVar settings from Section [ShadowQuality@3] File [E:/Github/ProjectYJ/ProjectYJ/Saved/Config/Windows/Scalability.ini]
[2023.03.04-23.16.32:185][  0]LogConfig: Setting CVar [[r.LightFunctionQuality:1]]
[2023.03.04-23.16.32:185][  0]LogConfig: Setting CVar [[r.ShadowQuality:5]]
[2023.03.04-23.16.32:185][  0]LogConfig: Setting CVar [[r.Shadow.CSM.MaxCascades:10]]
[2023.03.04-23.16.32:185][  0]LogConfig: Setting CVar [[r.Shadow.MaxResolution:2048]]
[2023.03.04-23.16.32:185][  0]LogConfig: Setting CVar [[r.Shadow.MaxCSMResolution:2048]]
[2023.03.04-23.16.32:185][  0]LogConfig: Setting CVar [[r.Shadow.RadiusThreshold:0.01]]
[2023.03.04-23.16.32:185][  0]LogConfig: Setting CVar [[r.Shadow.DistanceScale:1.0]]
[2023.03.04-23.16.32:185][  0]LogConfig: Setting CVar [[r.Shadow.CSM.TransitionScale:1.0]]
[2023.03.04-23.16.32:185][  0]LogConfig: Setting CVar [[r.Shadow.PreShadowResolutionFactor:1.0]]
[2023.03.04-23.16.32:186][  0]LogConfig: Setting CVar [[r.DistanceFieldShadowing:1]]
[2023.03.04-23.16.32:186][  0]LogConfig: Setting CVar [[r.DistanceFieldAO:1]]
[2023.03.04-23.16.32:186][  0]LogConfig: Setting CVar [[r.AOQuality:2]]
[2023.03.04-23.16.32:186][  0]LogConfig: Setting CVar [[r.VolumetricFog:1]]
[2023.03.04-23.16.32:186][  0]LogConfig: Setting CVar [[r.VolumetricFog.GridPixelSize:8]]
[2023.03.04-23.16.32:186][  0]LogConfig: Setting CVar [[r.VolumetricFog.GridSizeZ:128]]
[2023.03.04-23.16.32:186][  0]LogConfig: Setting CVar [[r.VolumetricFog.HistoryMissSupersampleCount:4]]
[2023.03.04-23.16.32:186][  0]LogConfig: Setting CVar [[r.LightMaxDrawDistanceScale:1]]
[2023.03.04-23.16.32:186][  0]LogConfig: Setting CVar [[r.CapsuleShadows:1]]
[2023.03.04-23.16.32:186][  0]LogConfig: Applying CVar settings from Section [PostProcessQuality@3] File [E:/Github/ProjectYJ/ProjectYJ/Saved/Config/Windows/Scalability.ini]
[2023.03.04-23.16.32:186][  0]LogConfig: Setting CVar [[r.MotionBlurQuality:4]]
[2023.03.04-23.16.32:186][  0]LogConfig: Setting CVar [[r.AmbientOcclusionMipLevelFactor:0.4]]
[2023.03.04-23.16.32:186][  0]LogConfig: Setting CVar [[r.AmbientOcclusionMaxQuality:100]]
[2023.03.04-23.16.32:186][  0]LogConfig: Setting CVar [[r.AmbientOcclusionLevels:-1]]
[2023.03.04-23.16.32:186][  0]LogConfig: Setting CVar [[r.AmbientOcclusionRadiusScale:1.0]]
[2023.03.04-23.16.32:186][  0]LogConfig: Setting CVar [[r.DepthOfFieldQuality:2]]
[2023.03.04-23.16.32:186][  0]LogConfig: Setting CVar [[r.RenderTargetPoolMin:400]]
[2023.03.04-23.16.32:186][  0]LogConfig: Setting CVar [[r.LensFlareQuality:2]]
[2023.03.04-23.16.32:186][  0]LogConfig: Setting CVar [[r.SceneColorFringeQuality:1]]
[2023.03.04-23.16.32:187][  0]LogConfig: Setting CVar [[r.EyeAdaptationQuality:2]]
[2023.03.04-23.16.32:187][  0]LogConfig: Setting CVar [[r.BloomQuality:5]]
[2023.03.04-23.16.32:187][  0]LogConfig: Setting CVar [[r.FastBlurThreshold:100]]
[2023.03.04-23.16.32:187][  0]LogConfig: Setting CVar [[r.Upscale.Quality:3]]
[2023.03.04-23.16.32:187][  0]LogConfig: Setting CVar [[r.Tonemapper.GrainQuantization:1]]
[2023.03.04-23.16.32:187][  0]LogConfig: Setting CVar [[r.LightShaftQuality:1]]
[2023.03.04-23.16.32:187][  0]LogConfig: Setting CVar [[r.Filter.SizeScale:1]]
[2023.03.04-23.16.32:187][  0]LogConfig: Setting CVar [[r.Tonemapper.Quality:5]]
[2023.03.04-23.16.32:187][  0]LogConfig: Setting CVar [[r.DOF.Gather.AccumulatorQuality:1        ; higher gathering accumulator quality]]
[2023.03.04-23.16.32:187][  0]LogConfig: Setting CVar [[r.DOF.Gather.PostfilterMethod:1          ; Median3x3 postfilering method]]
[2023.03.04-23.16.32:187][  0]LogConfig: Setting CVar [[r.DOF.Gather.EnableBokehSettings:0       ; no bokeh simulation when gathering]]
[2023.03.04-23.16.32:187][  0]LogConfig: Setting CVar [[r.DOF.Gather.RingCount:4                 ; medium number of samples when gathering]]
[2023.03.04-23.16.32:187][  0]LogConfig: Setting CVar [[r.DOF.Scatter.ForegroundCompositing:1    ; additive foreground scattering]]
[2023.03.04-23.16.32:187][  0]LogConfig: Setting CVar [[r.DOF.Scatter.BackgroundCompositing:2    ; additive background scattering]]
[2023.03.04-23.16.32:187][  0]LogConfig: Setting CVar [[r.DOF.Scatter.EnableBokehSettings:1      ; bokeh simulation when scattering]]
[2023.03.04-23.16.32:187][  0]LogConfig: Setting CVar [[r.DOF.Scatter.MaxSpriteRatio:0.1         ; only a maximum of 10% of scattered bokeh]]
[2023.03.04-23.16.32:187][  0]LogConfig: Setting CVar [[r.DOF.Recombine.Quality:1                ; cheap slight out of focus]]
[2023.03.04-23.16.32:187][  0]LogConfig: Setting CVar [[r.DOF.Recombine.EnableBokehSettings:0    ; no bokeh simulation on slight out of focus]]
[2023.03.04-23.16.32:187][  0]LogConfig: Setting CVar [[r.DOF.TemporalAAQuality:1                ; more stable temporal accumulation]]
[2023.03.04-23.16.32:188][  0]LogConfig: Setting CVar [[r.DOF.Kernel.MaxForegroundRadius:0.025]]
[2023.03.04-23.16.32:188][  0]LogConfig: Setting CVar [[r.DOF.Kernel.MaxBackgroundRadius:0.025]]
[2023.03.04-23.16.32:188][  0]LogConfig: Applying CVar settings from Section [TextureQuality@3] File [E:/Github/ProjectYJ/ProjectYJ/Saved/Config/Windows/Scalability.ini]
[2023.03.04-23.16.32:188][  0]LogConfig: Setting CVar [[r.Streaming.MipBias:0]]
[2023.03.04-23.16.32:188][  0]LogConfig: Setting CVar [[r.Streaming.AmortizeCPUToGPUCopy:0]]
[2023.03.04-23.16.32:188][  0]LogConfig: Setting CVar [[r.Streaming.MaxNumTexturesToStreamPerFrame:0]]
[2023.03.04-23.16.32:188][  0]LogConfig: Setting CVar [[r.Streaming.Boost:1]]
[2023.03.04-23.16.32:188][  0]LogConfig: Setting CVar [[r.MaxAnisotropy:8]]
[2023.03.04-23.16.32:188][  0]LogConfig: Setting CVar [[r.VT.MaxAnisotropy:8]]
[2023.03.04-23.16.32:188][  0]LogConfig: Setting CVar [[r.Streaming.LimitPoolSizeToVRAM:0]]
[2023.03.04-23.16.32:188][  0]LogConfig: Setting CVar [[r.Streaming.PoolSize:1000]]
[2023.03.04-23.16.32:188][  0]LogConfig: Setting CVar [[r.Streaming.MaxEffectiveScreenSize:0]]
[2023.03.04-23.16.32:188][  0]LogConfig: Applying CVar settings from Section [EffectsQuality@3] File [E:/Github/ProjectYJ/ProjectYJ/Saved/Config/Windows/Scalability.ini]
[2023.03.04-23.16.32:188][  0]LogConfig: Setting CVar [[r.TranslucencyLightingVolumeDim:64]]
[2023.03.04-23.16.32:188][  0]LogConfig: Setting CVar [[r.RefractionQuality:2]]
[2023.03.04-23.16.32:188][  0]LogConfig: Setting CVar [[r.SSR.Quality:3]]
[2023.03.04-23.16.32:188][  0]LogConfig: Setting CVar [[r.SSR.HalfResSceneColor:0]]
[2023.03.04-23.16.32:188][  0]LogConfig: Setting CVar [[r.SceneColorFormat:4]]
[2023.03.04-23.16.32:188][  0]LogConfig: Setting CVar [[r.DetailMode:2]]
[2023.03.04-23.16.32:188][  0]LogConfig: Setting CVar [[r.TranslucencyVolumeBlur:1]]
[2023.03.04-23.16.32:189][  0]LogConfig: Setting CVar [[r.MaterialQualityLevel:1 ; High quality]]
[2023.03.04-23.16.32:189][  0]LogConfig: Setting CVar [[r.AnisotropicMaterials:1]]
[2023.03.04-23.16.32:189][  0]LogConfig: Setting CVar [[r.SSS.Scale:1]]
[2023.03.04-23.16.32:189][  0]LogConfig: Setting CVar [[r.SSS.SampleSet:2]]
[2023.03.04-23.16.32:189][  0]LogConfig: Setting CVar [[r.SSS.Quality:1]]
[2023.03.04-23.16.32:189][  0]LogConfig: Setting CVar [[r.SSS.HalfRes:0]]
[2023.03.04-23.16.32:189][  0]LogConfig: Setting CVar [[r.SSGI.Quality:3]]
[2023.03.04-23.16.32:189][  0]LogConfig: Setting CVar [[r.EmitterSpawnRateScale:1.0]]
[2023.03.04-23.16.32:189][  0]LogConfig: Setting CVar [[r.ParticleLightQuality:2]]
[2023.03.04-23.16.32:189][  0]LogConfig: Setting CVar [[r.SkyAtmosphere.AerialPerspectiveLUT.FastApplyOnOpaque:1 ; Always have FastSkyLUT 1 in this case to avoid wrong sky]]
[2023.03.04-23.16.32:189][  0]LogConfig: Setting CVar [[r.SkyAtmosphere.AerialPerspectiveLUT.SampleCountMaxPerSlice:4]]
[2023.03.04-23.16.32:189][  0]LogConfig: Setting CVar [[r.SkyAtmosphere.AerialPerspectiveLUT.DepthResolution:16.0]]
[2023.03.04-23.16.32:189][  0]LogConfig: Setting CVar [[r.SkyAtmosphere.FastSkyLUT:1]]
[2023.03.04-23.16.32:189][  0]LogConfig: Setting CVar [[r.SkyAtmosphere.FastSkyLUT.SampleCountMin:4.0]]
[2023.03.04-23.16.32:189][  0]LogConfig: Setting CVar [[r.SkyAtmosphere.FastSkyLUT.SampleCountMax:128.0]]
[2023.03.04-23.16.32:189][  0]LogConfig: Setting CVar [[r.SkyAtmosphere.SampleCountMin:4.0]]
[2023.03.04-23.16.32:189][  0]LogConfig: Setting CVar [[r.SkyAtmosphere.SampleCountMax:128.0]]
[2023.03.04-23.16.32:189][  0]LogConfig: Setting CVar [[r.SkyAtmosphere.TransmittanceLUT.UseSmallFormat:0]]
[2023.03.04-23.16.32:189][  0]LogConfig: Setting CVar [[r.SkyAtmosphere.TransmittanceLUT.SampleCount:10.0]]
[2023.03.04-23.16.32:190][  0]LogConfig: Setting CVar [[r.SkyAtmosphere.MultiScatteringLUT.SampleCount:15.0]]
[2023.03.04-23.16.32:190][  0]LogConfig: Setting CVar [[r.SkyLight.RealTimeReflectionCapture:1]]
[2023.03.04-23.16.32:190][  0]LogConfig: Applying CVar settings from Section [FoliageQuality@3] File [E:/Github/ProjectYJ/ProjectYJ/Saved/Config/Windows/Scalability.ini]
[2023.03.04-23.16.32:190][  0]LogConfig: Setting CVar [[foliage.DensityScale:1.0]]
[2023.03.04-23.16.32:190][  0]LogConfig: Setting CVar [[grass.DensityScale:1.0]]
[2023.03.04-23.16.32:190][  0]LogConfig: Applying CVar settings from Section [ShadingQuality@3] File [E:/Github/ProjectYJ/ProjectYJ/Saved/Config/Windows/Scalability.ini]
[2023.03.04-23.16.32:190][  0]LogConfig: Setting CVar [[r.HairStrands.SkyLighting.IntegrationType:2]]
[2023.03.04-23.16.32:190][  0]LogConfig: Setting CVar [[r.HairStrands.SkyAO.SampleCount:4]]
[2023.03.04-23.16.32:190][  0]LogConfig: Setting CVar [[r.HairStrands.Visibility.MSAA.SamplePerPixel:4]]
[2023.03.04-23.16.32:190][  0]LogInit: Selected Device Profile: [Windows]
[2023.03.04-23.16.32:190][  0]LogInit: Applying CVar settings loaded from the selected device profile: [Windows]
[2023.03.04-23.16.32:190][  0]LogHAL: Display: Platform has ~ 32 GB [34282430464 / 34359738368 / 32], which maps to Largest [LargestMinGB=32, LargerMinGB=12, DefaultMinGB=8, SmallerMinGB=6, SmallestMinGB=0)
[2023.03.04-23.16.32:190][  0]LogInit: Going up to parent DeviceProfile []
[2023.03.04-23.16.32:190][  0]LogConfig: Applying CVar settings from Section [ViewDistanceQuality@3] File [E:/Github/ProjectYJ/ProjectYJ/Saved/Config/Windows/Scalability.ini]
[2023.03.04-23.16.32:190][  0]LogConfig: Setting CVar [[r.SkeletalMeshLODBias:0]]
[2023.03.04-23.16.32:190][  0]LogConfig: Setting CVar [[r.ViewDistanceScale:1.0]]
[2023.03.04-23.16.32:190][  0]LogConfig: Applying CVar settings from Section [AntiAliasingQuality@3] File [E:/Github/ProjectYJ/ProjectYJ/Saved/Config/Windows/Scalability.ini]
[2023.03.04-23.16.32:190][  0]LogConfig: Setting CVar [[r.PostProcessAAQuality:4]]
[2023.03.04-23.16.32:191][  0]LogConfig: Applying CVar settings from Section [ShadowQuality@3] File [E:/Github/ProjectYJ/ProjectYJ/Saved/Config/Windows/Scalability.ini]
[2023.03.04-23.16.32:191][  0]LogConfig: Setting CVar [[r.LightFunctionQuality:1]]
[2023.03.04-23.16.32:191][  0]LogConfig: Setting CVar [[r.ShadowQuality:5]]
[2023.03.04-23.16.32:191][  0]LogConfig: Setting CVar [[r.Shadow.CSM.MaxCascades:10]]
[2023.03.04-23.16.32:191][  0]LogConfig: Setting CVar [[r.Shadow.MaxResolution:2048]]
[2023.03.04-23.16.32:191][  0]LogConfig: Setting CVar [[r.Shadow.MaxCSMResolution:2048]]
[2023.03.04-23.16.32:191][  0]LogConfig: Setting CVar [[r.Shadow.RadiusThreshold:0.01]]
[2023.03.04-23.16.32:191][  0]LogConfig: Setting CVar [[r.Shadow.DistanceScale:1.0]]
[2023.03.04-23.16.32:191][  0]LogConfig: Setting CVar [[r.Shadow.CSM.TransitionScale:1.0]]
[2023.03.04-23.16.32:191][  0]LogConfig: Setting CVar [[r.Shadow.PreShadowResolutionFactor:1.0]]
[2023.03.04-23.16.32:191][  0]LogConfig: Setting CVar [[r.DistanceFieldShadowing:1]]
[2023.03.04-23.16.32:191][  0]LogConfig: Setting CVar [[r.DistanceFieldAO:1]]
[2023.03.04-23.16.32:191][  0]LogConfig: Setting CVar [[r.AOQuality:2]]
[2023.03.04-23.16.32:191][  0]LogConfig: Setting CVar [[r.VolumetricFog:1]]
[2023.03.04-23.16.32:191][  0]LogConfig: Setting CVar [[r.VolumetricFog.GridPixelSize:8]]
[2023.03.04-23.16.32:191][  0]LogConfig: Setting CVar [[r.VolumetricFog.GridSizeZ:128]]
[2023.03.04-23.16.32:191][  0]LogConfig: Setting CVar [[r.VolumetricFog.HistoryMissSupersampleCount:4]]
[2023.03.04-23.16.32:191][  0]LogConfig: Setting CVar [[r.LightMaxDrawDistanceScale:1]]
[2023.03.04-23.16.32:191][  0]LogConfig: Setting CVar [[r.CapsuleShadows:1]]
[2023.03.04-23.16.32:191][  0]LogConfig: Applying CVar settings from Section [PostProcessQuality@3] File [E:/Github/ProjectYJ/ProjectYJ/Saved/Config/Windows/Scalability.ini]
[2023.03.04-23.16.32:191][  0]LogConfig: Setting CVar [[r.MotionBlurQuality:4]]
[2023.03.04-23.16.32:192][  0]LogConfig: Setting CVar [[r.AmbientOcclusionMipLevelFactor:0.4]]
[2023.03.04-23.16.32:192][  0]LogConfig: Setting CVar [[r.AmbientOcclusionMaxQuality:100]]
[2023.03.04-23.16.32:192][  0]LogConfig: Setting CVar [[r.AmbientOcclusionLevels:-1]]
[2023.03.04-23.16.32:192][  0]LogConfig: Setting CVar [[r.AmbientOcclusionRadiusScale:1.0]]
[2023.03.04-23.16.32:192][  0]LogConfig: Setting CVar [[r.DepthOfFieldQuality:2]]
[2023.03.04-23.16.32:192][  0]LogConfig: Setting CVar [[r.RenderTargetPoolMin:400]]
[2023.03.04-23.16.32:192][  0]LogConfig: Setting CVar [[r.LensFlareQuality:2]]
[2023.03.04-23.16.32:192][  0]LogConfig: Setting CVar [[r.SceneColorFringeQuality:1]]
[2023.03.04-23.16.32:192][  0]LogConfig: Setting CVar [[r.EyeAdaptationQuality:2]]
[2023.03.04-23.16.32:192][  0]LogConfig: Setting CVar [[r.BloomQuality:5]]
[2023.03.04-23.16.32:192][  0]LogConfig: Setting CVar [[r.FastBlurThreshold:100]]
[2023.03.04-23.16.32:192][  0]LogConfig: Setting CVar [[r.Upscale.Quality:3]]
[2023.03.04-23.16.32:192][  0]LogConfig: Setting CVar [[r.Tonemapper.GrainQuantization:1]]
[2023.03.04-23.16.32:192][  0]LogConfig: Setting CVar [[r.LightShaftQuality:1]]
[2023.03.04-23.16.32:192][  0]LogConfig: Setting CVar [[r.Filter.SizeScale:1]]
[2023.03.04-23.16.32:192][  0]LogConfig: Setting CVar [[r.Tonemapper.Quality:5]]
[2023.03.04-23.16.32:192][  0]LogConfig: Setting CVar [[r.DOF.Gather.AccumulatorQuality:1        ; higher gathering accumulator quality]]
[2023.03.04-23.16.32:192][  0]LogConfig: Setting CVar [[r.DOF.Gather.PostfilterMethod:1          ; Median3x3 postfilering method]]
[2023.03.04-23.16.32:192][  0]LogConfig: Setting CVar [[r.DOF.Gather.EnableBokehSettings:0       ; no bokeh simulation when gathering]]
[2023.03.04-23.16.32:192][  0]LogConfig: Setting CVar [[r.DOF.Gather.RingCount:4                 ; medium number of samples when gathering]]
[2023.03.04-23.16.32:193][  0]LogConfig: Setting CVar [[r.DOF.Scatter.ForegroundCompositing:1    ; additive foreground scattering]]
[2023.03.04-23.16.32:193][  0]LogConfig: Setting CVar [[r.DOF.Scatter.BackgroundCompositing:2    ; additive background scattering]]
[2023.03.04-23.16.32:193][  0]LogConfig: Setting CVar [[r.DOF.Scatter.EnableBokehSettings:1      ; bokeh simulation when scattering]]
[2023.03.04-23.16.32:193][  0]LogConfig: Setting CVar [[r.DOF.Scatter.MaxSpriteRatio:0.1         ; only a maximum of 10% of scattered bokeh]]
[2023.03.04-23.16.32:193][  0]LogConfig: Setting CVar [[r.DOF.Recombine.Quality:1                ; cheap slight out of focus]]
[2023.03.04-23.16.32:193][  0]LogConfig: Setting CVar [[r.DOF.Recombine.EnableBokehSettings:0    ; no bokeh simulation on slight out of focus]]
[2023.03.04-23.16.32:193][  0]LogConfig: Setting CVar [[r.DOF.TemporalAAQuality:1                ; more stable temporal accumulation]]
[2023.03.04-23.16.32:193][  0]LogConfig: Setting CVar [[r.DOF.Kernel.MaxForegroundRadius:0.025]]
[2023.03.04-23.16.32:193][  0]LogConfig: Setting CVar [[r.DOF.Kernel.MaxBackgroundRadius:0.025]]
[2023.03.04-23.16.32:193][  0]LogConfig: Applying CVar settings from Section [TextureQuality@3] File [E:/Github/ProjectYJ/ProjectYJ/Saved/Config/Windows/Scalability.ini]
[2023.03.04-23.16.32:193][  0]LogConfig: Setting CVar [[r.Streaming.MipBias:0]]
[2023.03.04-23.16.32:193][  0]LogConfig: Setting CVar [[r.Streaming.AmortizeCPUToGPUCopy:0]]
[2023.03.04-23.16.32:193][  0]LogConfig: Setting CVar [[r.Streaming.MaxNumTexturesToStreamPerFrame:0]]
[2023.03.04-23.16.32:193][  0]LogConfig: Setting CVar [[r.Streaming.Boost:1]]
[2023.03.04-23.16.32:193][  0]LogConfig: Setting CVar [[r.MaxAnisotropy:8]]
[2023.03.04-23.16.32:193][  0]LogConfig: Setting CVar [[r.VT.MaxAnisotropy:8]]
[2023.03.04-23.16.32:193][  0]LogConfig: Setting CVar [[r.Streaming.LimitPoolSizeToVRAM:0]]
[2023.03.04-23.16.32:193][  0]LogConfig: Setting CVar [[r.Streaming.PoolSize:1000]]
[2023.03.04-23.16.32:193][  0]LogConfig: Setting CVar [[r.Streaming.MaxEffectiveScreenSize:0]]
[2023.03.04-23.16.32:194][  0]LogConfig: Applying CVar settings from Section [EffectsQuality@3] File [E:/Github/ProjectYJ/ProjectYJ/Saved/Config/Windows/Scalability.ini]
[2023.03.04-23.16.32:194][  0]LogConfig: Setting CVar [[r.TranslucencyLightingVolumeDim:64]]
[2023.03.04-23.16.32:194][  0]LogConfig: Setting CVar [[r.RefractionQuality:2]]
[2023.03.04-23.16.32:194][  0]LogConfig: Setting CVar [[r.SSR.Quality:3]]
[2023.03.04-23.16.32:194][  0]LogConfig: Setting CVar [[r.SSR.HalfResSceneColor:0]]
[2023.03.04-23.16.32:194][  0]LogConfig: Setting CVar [[r.SceneColorFormat:4]]
[2023.03.04-23.16.32:194][  0]LogConfig: Setting CVar [[r.DetailMode:2]]
[2023.03.04-23.16.32:194][  0]LogConfig: Setting CVar [[r.TranslucencyVolumeBlur:1]]
[2023.03.04-23.16.32:194][  0]LogConfig: Setting CVar [[r.MaterialQualityLevel:1 ; High quality]]
[2023.03.04-23.16.32:194][  0]LogConfig: Setting CVar [[r.AnisotropicMaterials:1]]
[2023.03.04-23.16.32:194][  0]LogConfig: Setting CVar [[r.SSS.Scale:1]]
[2023.03.04-23.16.32:194][  0]LogConfig: Setting CVar [[r.SSS.SampleSet:2]]
[2023.03.04-23.16.32:194][  0]LogConfig: Setting CVar [[r.SSS.Quality:1]]
[2023.03.04-23.16.32:194][  0]LogConfig: Setting CVar [[r.SSS.HalfRes:0]]
[2023.03.04-23.16.32:194][  0]LogConfig: Setting CVar [[r.SSGI.Quality:3]]
[2023.03.04-23.16.32:194][  0]LogConfig: Setting CVar [[r.EmitterSpawnRateScale:1.0]]
[2023.03.04-23.16.32:194][  0]LogConfig: Setting CVar [[r.ParticleLightQuality:2]]
[2023.03.04-23.16.32:194][  0]LogConfig: Setting CVar [[r.SkyAtmosphere.AerialPerspectiveLUT.FastApplyOnOpaque:1 ; Always have FastSkyLUT 1 in this case to avoid wrong sky]]
[2023.03.04-23.16.32:194][  0]LogConfig: Setting CVar [[r.SkyAtmosphere.AerialPerspectiveLUT.SampleCountMaxPerSlice:4]]
[2023.03.04-23.16.32:194][  0]LogConfig: Setting CVar [[r.SkyAtmosphere.AerialPerspectiveLUT.DepthResolution:16.0]]
[2023.03.04-23.16.32:195][  0]LogConfig: Setting CVar [[r.SkyAtmosphere.FastSkyLUT:1]]
[2023.03.04-23.16.32:195][  0]LogConfig: Setting CVar [[r.SkyAtmosphere.FastSkyLUT.SampleCountMin:4.0]]
[2023.03.04-23.16.32:195][  0]LogConfig: Setting CVar [[r.SkyAtmosphere.FastSkyLUT.SampleCountMax:128.0]]
[2023.03.04-23.16.32:195][  0]LogConfig: Setting CVar [[r.SkyAtmosphere.SampleCountMin:4.0]]
[2023.03.04-23.16.32:195][  0]LogConfig: Setting CVar [[r.SkyAtmosphere.SampleCountMax:128.0]]
[2023.03.04-23.16.32:195][  0]LogConfig: Setting CVar [[r.SkyAtmosphere.TransmittanceLUT.UseSmallFormat:0]]
[2023.03.04-23.16.32:195][  0]LogConfig: Setting CVar [[r.SkyAtmosphere.TransmittanceLUT.SampleCount:10.0]]
[2023.03.04-23.16.32:195][  0]LogConfig: Setting CVar [[r.SkyAtmosphere.MultiScatteringLUT.SampleCount:15.0]]
[2023.03.04-23.16.32:195][  0]LogConfig: Setting CVar [[r.SkyLight.RealTimeReflectionCapture:1]]
[2023.03.04-23.16.32:195][  0]LogConfig: Applying CVar settings from Section [FoliageQuality@3] File [E:/Github/ProjectYJ/ProjectYJ/Saved/Config/Windows/Scalability.ini]
[2023.03.04-23.16.32:195][  0]LogConfig: Setting CVar [[foliage.DensityScale:1.0]]
[2023.03.04-23.16.32:195][  0]LogConfig: Setting CVar [[grass.DensityScale:1.0]]
[2023.03.04-23.16.32:195][  0]LogConfig: Applying CVar settings from Section [ShadingQuality@3] File [E:/Github/ProjectYJ/ProjectYJ/Saved/Config/Windows/Scalability.ini]
[2023.03.04-23.16.32:195][  0]LogConfig: Setting CVar [[r.HairStrands.SkyLighting.IntegrationType:2]]
[2023.03.04-23.16.32:195][  0]LogConfig: Setting CVar [[r.HairStrands.SkyAO.SampleCount:4]]
[2023.03.04-23.16.32:195][  0]LogConfig: Setting CVar [[r.HairStrands.Visibility.MSAA.SamplePerPixel:4]]
[2023.03.04-23.16.32:195][  0]LogConfig: Applying CVar settings from Section [Startup] File [../../../Engine/Config/ConsoleVariables.ini]
[2023.03.04-23.16.32:196][  0]LogConfig: Setting CVar [[net.UseAdaptiveNetUpdateFrequency:0]]
[2023.03.04-23.16.32:196][  0]LogConfig: Setting CVar [[p.chaos.AllowCreatePhysxBodies:1]]
[2023.03.04-23.16.32:196][  0]LogConfig: Setting CVar [[fx.SkipVectorVMBackendOptimizations:1]]
[2023.03.04-23.16.32:196][  0]LogConfig: Applying CVar settings from Section [ConsoleVariables] File [E:/Github/ProjectYJ/ProjectYJ/Saved/Config/Windows/Engine.ini]
[2023.03.04-23.16.32:196][  0]LogConfig: Applying CVar settings from Section [ConsoleVariables] File [E:/Github/ProjectYJ/ProjectYJ/Saved/Config/Windows/Editor.ini]
[2023.03.04-23.16.32:196][  0]LogInit: Computer: DESKTOP-YJ
[2023.03.04-23.16.32:196][  0]LogInit: User: YJ
[2023.03.04-23.16.32:196][  0]LogInit: CPU Page size=4096, Cores=6
[2023.03.04-23.16.32:196][  0]LogInit: High frequency timer resolution =10.000000 MHz
[2023.03.04-23.16.32:196][  0]LogMemory: Memory total: Physical=31.9GB (32GB approx)
[2023.03.04-23.16.32:196][  0]LogMemory: Platform Memory Stats for Windows
[2023.03.04-23.16.32:197][  0]LogMemory: Process Physical Memory: 132.55 MB used, 132.55 MB peak
[2023.03.04-23.16.32:197][  0]LogMemory: Process Virtual Memory: 103.29 MB used, 103.29 MB peak
[2023.03.04-23.16.32:197][  0]LogMemory: Physical Memory: 11792.83 MB used,  20901.45 MB free, 32694.27 MB total
[2023.03.04-23.16.32:197][  0]LogMemory: Virtual Memory: 134185168.00 MB used,  32557.09 MB free, 134217728.00 MB total
[2023.03.04-23.16.32:221][  0]LogWindows: WindowsPlatformFeatures enabled
[2023.03.04-23.16.32:469][  0]LogInit: Physics initialised using underlying interface: PhysX
[2023.03.04-23.16.32:470][  0]LogInit: Using OS detected language (ko-KR).
[2023.03.04-23.16.32:470][  0]LogInit: Using OS detected locale (ko-KR).
[2023.03.04-23.16.32:473][  0]LogTextLocalizationManager: No specific localization for 'ko-KR' exists, so the 'ko' localization will be used.
[2023.03.04-23.16.32:582][  0]LogInit: Setting process to per monitor DPI aware
[2023.03.04-23.16.32:667][  0]LogWindowsTextInputMethodSystem: Display: IME system deactivated.
[2023.03.04-23.16.32:712][  0]LogSlate: New Slate User Created.  User Index 0, Is Virtual User: 0
[2023.03.04-23.16.32:712][  0]LogSlate: Slate User Registered.  User Index 0, Is Virtual User: 0
[2023.03.04-23.16.32:953][  0]LogD3D11RHI: Loaded GFSDK_Aftermath_Lib.x64.dll
[2023.03.04-23.16.32:961][  0]LogHMD: Failed to initialize OpenVR with code 110
[2023.03.04-23.16.32:961][  0]LogD3D11RHI: D3D11 min allowed feature level: 11_0
[2023.03.04-23.16.32:962][  0]LogD3D11RHI: D3D11 max allowed feature level: 11_0
[2023.03.04-23.16.32:962][  0]LogD3D11RHI: D3D11 adapters:
[2023.03.04-23.16.33:154][  0]LogD3D11RHI:    0. 'NVIDIA GeForce RTX 3060 Ti' (Feature Level 11_0)
[2023.03.04-23.16.33:154][  0]LogD3D11RHI:       8050/0/16347 MB DedicatedVideo/DedicatedSystem/SharedSystem, Outputs:1, VendorId:0x10de
[2023.03.04-23.16.33:161][  0]LogD3D11RHI:    1. 'Microsoft Basic Render Driver' (Feature Level 11_0)
[2023.03.04-23.16.33:161][  0]LogD3D11RHI:       0/0/16347 MB DedicatedVideo/DedicatedSystem/SharedSystem, Outputs:0, VendorId:0x1414
[2023.03.04-23.16.33:161][  0]LogD3D11RHI: Chosen D3D11 Adapter:
[2023.03.04-23.16.33:161][  0]LogD3D11RHI:     Description : NVIDIA GeForce RTX 3060 Ti
[2023.03.04-23.16.33:161][  0]LogD3D11RHI:     VendorId    : 10de
[2023.03.04-23.16.33:161][  0]LogD3D11RHI:     DeviceId    : 2486
[2023.03.04-23.16.33:161][  0]LogD3D11RHI:     SubSysId    : 248610de
[2023.03.04-23.16.33:161][  0]LogD3D11RHI:     Revision    : 00a1
[2023.03.04-23.16.33:161][  0]LogD3D11RHI:     DedicatedVideoMemory : 8441036800 bytes
[2023.03.04-23.16.33:161][  0]LogD3D11RHI:     DedicatedSystemMemory : 0 bytes
[2023.03.04-23.16.33:161][  0]LogD3D11RHI:     SharedSystemMemory : 17141215232 bytes
[2023.03.04-23.16.33:161][  0]LogD3D11RHI:     AdapterLuid : 0 49665
[2023.03.04-23.16.33:168][  0]LogD3D11RHI: Creating new Direct3DDevice
[2023.03.04-23.16.33:168][  0]LogD3D11RHI:     GPU DeviceId: 0x2486 (for the marketing name, search the web for "GPU Device Id")
[2023.03.04-23.16.33:168][  0]LogWindows: EnumDisplayDevices:
[2023.03.04-23.16.33:168][  0]LogWindows:    0. 'NVIDIA GeForce RTX 3060 Ti' (P:1 D:1)
[2023.03.04-23.16.33:169][  0]LogWindows:    1. 'NVIDIA GeForce RTX 3060 Ti' (P:0 D:0)
[2023.03.04-23.16.33:170][  0]LogWindows:    2. 'NVIDIA GeForce RTX 3060 Ti' (P:0 D:0)
[2023.03.04-23.16.33:171][  0]LogWindows:    3. 'NVIDIA GeForce RTX 3060 Ti' (P:0 D:0)
[2023.03.04-23.16.33:172][  0]LogWindows: DebugString: FoundDriverCount:4 
[2023.03.04-23.16.33:172][  0]LogD3D11RHI:     Adapter Name: NVIDIA GeForce RTX 3060 Ti
[2023.03.04-23.16.33:172][  0]LogD3D11RHI:   Driver Version: 516.94 (internal:31.0.15.1694, unified:516.94)
[2023.03.04-23.16.33:172][  0]LogD3D11RHI:      Driver Date: 7-21-2022
[2023.03.04-23.16.33:172][  0]LogRHI: Texture pool is 5635 MB (70% of 8050 MB)
[2023.03.04-23.16.33:172][  0]LogD3D11RHI: Creating D3DDevice using adapter:
[2023.03.04-23.16.33:172][  0]LogD3D11RHI:     Description : NVIDIA GeForce RTX 3060 Ti
[2023.03.04-23.16.33:172][  0]LogD3D11RHI:     VendorId    : 10de
[2023.03.04-23.16.33:172][  0]LogD3D11RHI:     DeviceId    : 2486
[2023.03.04-23.16.33:172][  0]LogD3D11RHI:     SubSysId    : 248610de
[2023.03.04-23.16.33:172][  0]LogD3D11RHI:     Revision    : 00a1
[2023.03.04-23.16.33:172][  0]LogD3D11RHI:     DedicatedVideoMemory : 8441036800 bytes
[2023.03.04-23.16.33:172][  0]LogD3D11RHI:     DedicatedSystemMemory : 0 bytes
[2023.03.04-23.16.33:172][  0]LogD3D11RHI:     SharedSystemMemory : 17141215232 bytes
[2023.03.04-23.16.33:172][  0]LogD3D11RHI:     AdapterLuid : 0 49665
[2023.03.04-23.16.33:243][  0]LogD3D11RHI: RHI has support for 64 bit atomics
[2023.03.04-23.16.33:244][  0]LogD3D11RHI: Async texture creation enabled
[2023.03.04-23.16.33:244][  0]LogD3D11RHI: Array index from any shader is supported
[2023.03.04-23.16.33:248][  0]LogD3D11RHI: HDR output is supported on display 0 (NvId: 0x80061082).
[2023.03.04-23.16.33:267][  0]LogD3D11RHI: GPU Timing Frequency: 1000.000000 (Debug: 2 2)
[2023.03.04-23.16.33:373][  0]LogRHI: GeForceNow SDK initialized: 1
[2023.03.04-23.16.33:758][  0]LogTargetPlatformManager: Display: Loaded TargetPlatform 'AllDesktop'
[2023.03.04-23.16.33:800][  0]LogTargetPlatformManager: Display: Loaded TargetPlatform 'Android'
[2023.03.04-23.16.33:800][  0]LogTargetPlatformManager: Display: Loaded TargetPlatform 'Android_ASTC'
[2023.03.04-23.16.33:800][  0]LogTargetPlatformManager: Display: Loaded TargetPlatform 'Android_DXT'
[2023.03.04-23.16.33:800][  0]LogTargetPlatformManager: Display: Loaded TargetPlatform 'Android_ETC2'
[2023.03.04-23.16.33:800][  0]LogTargetPlatformManager: Display: Loaded TargetPlatform 'AndroidClient'
[2023.03.04-23.16.33:800][  0]LogTargetPlatformManager: Display: Loaded TargetPlatform 'Android_ASTCClient'
[2023.03.04-23.16.33:800][  0]LogTargetPlatformManager: Display: Loaded TargetPlatform 'Android_DXTClient'
[2023.03.04-23.16.33:800][  0]LogTargetPlatformManager: Display: Loaded TargetPlatform 'Android_ETC2Client'
[2023.03.04-23.16.33:800][  0]LogTargetPlatformManager: Display: Loaded TargetPlatform 'Android_Multi'
[2023.03.04-23.16.33:800][  0]LogTargetPlatformManager: Display: Loaded TargetPlatform 'Android_MultiClient'
[2023.03.04-23.16.33:881][  0]LogTargetPlatformManager: Display: Loaded TargetPlatform 'IOSClient'
[2023.03.04-23.16.33:881][  0]LogTargetPlatformManager: Display: Loaded TargetPlatform 'IOS'
[2023.03.04-23.16.33:921][  0]LogTargetPlatformManager: Display: Loaded TargetPlatform 'Lumin'
[2023.03.04-23.16.33:921][  0]LogTargetPlatformManager: Display: Loaded TargetPlatform 'LuminClient'
[2023.03.04-23.16.33:954][  0]LogTargetPlatformManager: Display: Loaded TargetPlatform 'MacNoEditor'
[2023.03.04-23.16.33:980][  0]LogTargetPlatformManager: Display: Loaded TargetPlatform 'Mac'
[2023.03.04-23.16.33:998][  0]LogTargetPlatformManager: Display: Loaded TargetPlatform 'MacClient'
[2023.03.04-23.16.34:018][  0]LogTargetPlatformManager: Display: Loaded TargetPlatform 'MacServer'
[2023.03.04-23.16.34:048][  0]LogTargetPlatformManager: Display: Loaded TargetPlatform 'TVOSClient'
[2023.03.04-23.16.34:048][  0]LogTargetPlatformManager: Display: Loaded TargetPlatform 'TVOS'
[2023.03.04-23.16.34:076][  0]LogTargetPlatformManager: Display: Loaded TargetPlatform 'WindowsNoEditor'
[2023.03.04-23.16.34:104][  0]LogTargetPlatformManager: Display: Loaded TargetPlatform 'Windows'
[2023.03.04-23.16.34:130][  0]LogTargetPlatformManager: Display: Loaded TargetPlatform 'WindowsClient'
[2023.03.04-23.16.34:159][  0]LogTargetPlatformManager: Display: Loaded TargetPlatform 'WindowsServer'
[2023.03.04-23.16.34:159][  0]LogTargetPlatformManager: Display: Building Assets For Windows
[2023.03.04-23.16.34:214][  0]LogAudioDebug: Display: Lib vorbis DLL was dynamically loaded.
[2023.03.04-23.16.34:417][  0]LogTextureFormatOodle: Display: Oodle Texture 2.9.0 init RDO Off
[2023.03.04-23.16.34:625][  0]LogRendererCore: Ray tracing is disabled. Reason: r.RayTracing=0.
[2023.03.04-23.16.34:625][  0]LogShaderCompilers: Guid format shader working directory is 4 characters bigger than the processId version (../../../../Github/ProjectYJ/ProjectYJ/Intermediate/Shaders/WorkingDirectory/21712/).
[2023.03.04-23.16.34:625][  0]LogShaderCompilers: Cleaned the shader compiler working directory 'C:/Users/YJ/AppData/Local/Temp/UnrealShaderWorkingDir/5397E3E64390AE447CB64E9D314CF0C2/'.
[2023.03.04-23.16.34:626][  0]LogXGEController: Cannot use XGE Controller as Incredibuild is not installed on this machine.
[2023.03.04-23.16.34:626][  0]LogShaderCompilers: Cannot use XGE Shader Compiler as Incredibuild is not installed on this machine.
[2023.03.04-23.16.34:626][  0]LogShaderCompilers: Display: Using Local Shader Compiler.
[2023.03.04-23.16.35:353][  0]LogDerivedDataCache: Display: Max Cache Size: 512 MB
[2023.03.04-23.16.35:404][  0]LogDerivedDataCache: Loaded boot cache 0.05s 100MB ../../../../Github/ProjectYJ/ProjectYJ/DerivedDataCache/Boot.ddc.
[2023.03.04-23.16.35:404][  0]LogDerivedDataCache: Display: Loaded Boot cache: ../../../../Github/ProjectYJ/ProjectYJ/DerivedDataCache/Boot.ddc
[2023.03.04-23.16.35:404][  0]LogDerivedDataCache: FDerivedDataBackendGraph:  Pak pak cache file ../../../../Github/ProjectYJ/ProjectYJ/DerivedDataCache/DDC.ddp not found, will not use a pak cache.
[2023.03.04-23.16.35:404][  0]LogDerivedDataCache: Unable to find inner node Pak for hierarchical cache Hierarchy.
[2023.03.04-23.16.35:404][  0]LogDerivedDataCache: FDerivedDataBackendGraph:  EnginePak pak cache file ../../../Engine/DerivedDataCache/DDC.ddp not found, will not use a pak cache.
[2023.03.04-23.16.35:404][  0]LogDerivedDataCache: Unable to find inner node EnginePak for hierarchical cache Hierarchy.
[2023.03.04-23.16.35:419][  0]LogDerivedDataCache: Speed tests for ../../../Engine/DerivedDataCache took 0.01 seconds
[2023.03.04-23.16.35:419][  0]LogDerivedDataCache: Display: Performance to ../../../Engine/DerivedDataCache: Latency=0.01ms. RandomReadSpeed=494.12MBs, RandomWriteSpeed=74.45MBs. Assigned SpeedClass 'Local'
[2023.03.04-23.16.35:421][  0]LogDerivedDataCache: Using Local data cache path ../../../Engine/DerivedDataCache: Writable
[2023.03.04-23.16.35:422][  0]LogDerivedDataCache: Shared data cache path not found in *engine.ini, will not use an Shared cache.
[2023.03.04-23.16.35:422][  0]LogDerivedDataCache: Unable to find inner node Shared for hierarchical cache Hierarchy.
[2023.03.04-23.16.35:469][  0]LogSlate: Using FreeType 2.10.0
[2023.03.04-23.16.35:469][  0]LogSlate: SlateFontServices - WITH_FREETYPE: 1, WITH_HARFBUZZ: 1
[2023.03.04-23.16.35:491][  0]LogAssetRegistry: FAssetRegistry took 0.0041 seconds to start up
[2023.03.04-23.16.35:702][  0]LogInit: Selected Device Profile: [Windows]
[2023.03.04-23.16.35:702][  0]LogInit: Active device profile: [00000262559C7600][0000026252FCD180 49] Windows
[2023.03.04-23.16.35:702][  0]LogInit: Profiles: [00000262559C7600][0000026252FCD180 49] Windows, [0000026255958C00][0000026252FD9300 49] WindowsNoEditor, [00000262559C4C00][0000026252FDD480 49] WindowsServer, [000002625595AE00][0000026252FE9600 49] WindowsClient, [00000262559C6D00][0000026255247780 49] IOS, [0000026255959500][0000026252FE1900 49] iPadAir, [00000262559C5400][000002625525BA80 49] iPadAir2, [00000262558D3D00][0000026252FD0180 49] IPadPro, [00000262558D3E00][00000262545DC1C0 49] iPadAir3, [00000262559C6700][0000026250924300 49] iPadAir4, [00000262558D1100][0000026250928440 49] iPadMini2, [00000262559C5900][00000262545E0580 49] iPadMini3, [00000262558D2800][00000262545E8700 49] iPadMini4, [00000262559C7A00][0000026250A62880 49] iPadMini5, [0000026255923600][0000026250A6AB40 49] iPhone6, [0000026255923700][0000026250A66B80 49] iPodTouch6, [00000262558D0100][0000026254B3EE40 49] iPhone7, [00000262558D1200][0000026254B3AE80 49] iPodTouch7, [0000026255921000][000002624A3DF000 49] iPhone5S, [00000262558D2B00][000002624A3E7180 49] iPhone6Plus, [0000026255922900][000002624A3EB300 49] iPhone6S, [00000262558D0F00][000002624A3EF480 49] iPhone6SPlus, [0000026255921800][000002624A3F3600 49] iPhone7Plus, [00000262558D2200][000002624A3F7780 49] iPhoneSE, [0000026255922100][000002624A3FB900 49] iPhone8, [00000262558D3900][000002624A3FFA80 49] iPhone8Plus, [0000026255920D00][000002624A403C00 49] iPhoneX, [00000262558D0300][000002624A406200 49] iPhoneXS, [0000026255921200][00000262545E4340 49] iPhoneXSMax, [00000262558D0B00][000002624A420480 49] iPhoneXR, [0000026255922000][0000026254A3A5C0 49] iPhone11, [00000262558D1A00][00000262508B4700 49] iPhone11Pro, [0000026255923000][00000262508BC880 49] iPhone11ProMax, [00000262558D3F00][00000262508C0A00 49] iPhoneSE2, [0000026255921600][00000262508C4B80 49] iPhone12Mini, [00000262558D3400][0000026254EFAD00 49] iPhone12, [0000026255921100][00000262508C8E80 49] iPhone12Pro, [00000262558D0A00][00000262508CD000 49] iPhone12ProMax, [0000026255923B00][00000262508D1180 49] iPadPro105, [00000262558D0C00][00000262508D5300 49] iPadPro129, [0000026255923400][00000262508D9480 49] iPadPro97, [00000262558D0500][00000262508F1600 49] iPadPro2_129, [0000026255920900][00000262508F5780 49] iPad5, [00000262558D3300][0000026250901900 49] iPad6, [0000026255920100][0000026250A29A80 49] iPad7, [00000262558D3600][0000026250A2DC00 49] iPad8, [0000026255921300][0000026250A30200 49] iPadPro11, [00000262558D2100][0000026252FE4380 49] iPadPro2_11, [0000026255923800][0000026250A3A500 49] iPadPro3_129, [00000262558D0E00][00000262508B8640 49] iPadPro4_129, [0000026255920A00][000002624AE4C780 49] AppleTV, [00000262558D0200][000002624AE508C0 49] AppleTV4K, [0000026255920C00][0000026250A42A40 49] TVOS, [00000262558D1800][0000026250A46BC0 49] Mac, [0000026255921D00][0000026250A4AD40 49] MacClient, [00000262558D1F00][0000026250A56EC0 49] MacNoEditor, [0000026255922800][0000026250A5B040 49] MacServer, [00000262558D0900][0000026250A5F1C0 49] Linux, [0000026255920700][0000026254AAF340 49] LinuxAArch64, [00000262558D0800][000002624AE494C0 49] LinuxNoEditor, [0000026255921F00][000002624A3E3640 49] LinuxAArch64NoEditor, [00000262558D2400][0000026254AB37C0 49] LinuxClient, [0000026255923E00][0000026254B37940 49] LinuxAArch64Client, [000002625595B400][0000026254B33AC0 49] LinuxServer, [0000026255BD9B00][0000026254B2E0C0 49] LinuxAArch64Server, [000002625595B900][0000026254B2A240 49] Android, [0000026255BD8500][0000026254B263C0 49] Android_Low, [0000026255959200][0000026250A6E540 49] Android_Mid, [0000026255BDA500][00000262552566C0 49] Android_High, [0000026255959C00][0000026250A3E800 49] Android_Default, [0000026255BD8300][0000026254AB6940 49] Android_Adreno4xx, [000002625595B100][0000026254ABAA80 49] Android_Adreno5xx_Low, [0000026255BD8A00][0000026254ABEBC0 49] Android_Adreno5xx, [0000026255959600][0000026254AC6D40 49] Android_Adreno6xx, [0000026255BD9F00][0000026254ACAEC0 49] Android_Adreno6xx_Vulkan, [000002625595AD00][0000026254ACF040 49] Android_Mali_T6xx, [0000026255BD8600][0000026254AD31C0 49] Android_Mali_T7xx, [000002625595A100][0000026254AD7340 49] Android_Mali_T8xx, [0000026255BDA600][0000026254ADB4C0 49] Android_Mali_G71, [000002625595B500][0000026254ADF640 49] Android_Mali_G72, [0000026255BD8100][0000026254AE37C0 49] Android_Mali_G72_Vulkan, [000002625595A600][0000026254939940 49] Android_Mali_G76, [0000026255BD9A00][000002625493DAC0 49] Android_Mali_G76_Vulkan, [0000026255923500][00000262549400C0 49] Android_Mali_G77, [00000262558D2E00][0000026254944240 49] Android_Mali_G77_Vulkan, [0000026255920800][00000262549483C0 49] Android_Mali_G78, [00000262558D1B00][000002625494C540 49] Android_Mali_G78_Vulkan, [0000026255921700][00000262549506C0 49] Android_Mali_G710, [00000262558D1C00][0000026254954840 49] Android_Mali_G710_Vulkan, [0000026255BD9C00][0000026254AC2980 49] Android_Vulkan_SM5, [00000262558D2700][0000026254958AC0 49] Android_PowerVR_G6xxx, [0000026255BDA400][000002625495CC00 49] Android_PowerVR_GT7xxx, [00000262558D3000][0000026254960D40 49] Android_PowerVR_GE8xxx, [0000026255BD9200][0000026254968EC0 49] Android_PowerVR_GM9xxx, [00000262558D1600][000002625496D040 49] Android_PowerVR_GM9xxx_Vulkan, [0000026255BD8700][00000262549711C0 49] Android_TegraK1, [00000262558D3100][0000026254975340 49] Android_Unknown_Vulkan, [0000026255BD9000][00000262549794C0 49] Lumin, [00000262558D0600][000002625497D640 49] Lumin_Desktop, [0000026255BD9900][00000262549817C0 49] HoloLens, 
[2023.03.04-23.16.36:015][  0]LogMeshReduction: Using QuadricMeshReduction for automatic static mesh reduction
[2023.03.04-23.16.36:015][  0]LogMeshReduction: Using SimplygonMeshReduction for automatic skeletal mesh reduction
[2023.03.04-23.16.36:015][  0]LogMeshReduction: Using ProxyLODMeshReduction for automatic mesh merging
[2023.03.04-23.16.36:015][  0]LogMeshReduction: No distributed automatic mesh merging module available
[2023.03.04-23.16.36:015][  0]LogMeshMerging: No distributed automatic mesh merging module available
[2023.03.04-23.16.36:051][  0]LogNetVersion: ProjectYJ 1.0.0, NetCL: 0, EngineNetVer: 17, GameNetVer: 0 (Checksum: 2909777257)
[2023.03.04-23.16.36:445][  0]LogTexture: Default maximum texture size for cubemaps generated from long-lat sources has been changed from 512 to unlimited. In order to preserve old behaiour for '/Engine/MapTemplates/Sky/DaylightAmbientCubemap.DaylightAmbientCubemap', its maximum texture size has been explicitly set to 512.
[2023.03.04-23.16.36:500][  0]LogHMD: PokeAHoleMaterial loaded successfully
[2023.03.04-23.16.36:506][  0]LogUObjectArray: 17169 objects as part of root set at end of initial load.
[2023.03.04-23.16.36:506][  0]LogUObjectAllocator: 4300016 out of 0 bytes used by permanent object pool.
[2023.03.04-23.16.36:506][  0]LogUObjectArray: CloseDisregardForGC: 0/0 objects in disregard for GC pool
[2023.03.04-23.16.37:337][  0]LogNiagaraDebuggerClient: Niagara Debugger Client Initialized | Session: 3DA0B5D84320399041921691D07B2F38 | Instance: 1DEC69AE407CBC4D255A6EB9D8619068 (DESKTOP-YJ-21712).
[2023.03.04-23.16.38:252][  0]LogUdpMessaging: Initializing bridge on interface 0.0.0.0:0 to multicast group 230.0.0.1:6666.
[2023.03.04-23.16.38:284][  0]LogTcpMessaging: Initializing TcpMessaging bridge
[2023.03.04-23.16.38:643][  0]LogPython: Using Python 3.7.7
[2023.03.04-23.16.40:476][  0]SourceControl: 소스 컨트롤이 꺼졌습니다.
[2023.03.04-23.16.40:476][  0]SourceControl: 소스 컨트롤이 꺼졌습니다.
[2023.03.04-23.16.40:505][  0]SourceControl: 소스 컨트롤이 꺼졌습니다.
[2023.03.04-23.16.40:527][  0]SourceControl: 소스 컨트롤이 꺼졌습니다.
[2023.03.04-23.16.40:549][  0]SourceControl: 소스 컨트롤이 꺼졌습니다.
[2023.03.04-23.16.40:598][  0]LogUProjectInfo: Found projects:
[2023.03.04-23.16.40:768][  0]LogAndroidPermission: UAndroidPermissionCallbackProxy::GetInstance
[2023.03.04-23.16.40:981][  0]LogAudioCaptureCore: Display: No Audio Capture implementations found. Audio input will be silent.
[2023.03.04-23.16.40:981][  0]LogAudioCaptureCore: Display: No Audio Capture implementations found. Audio input will be silent.
[2023.03.04-23.16.42:030][  0]LogOpenImageDenoise: OIDN starting up
[2023.03.04-23.16.42:145][  0]LogCollectionManager: Loaded 0 collections in 0.000663 seconds
[2023.03.04-23.16.42:234][  0]LogFileCache: Scanning file cache for directory 'E:/Github/ProjectYJ/ProjectYJ/Saved/Collections/' took 0.00s
[2023.03.04-23.16.42:234][  0]LogFileCache: Scanning file cache for directory 'E:/Github/ProjectYJ/ProjectYJ/Content/Developers/YJ/Collections/' took 0.00s
[2023.03.04-23.16.42:234][  0]LogFileCache: Scanning file cache for directory 'E:/Github/ProjectYJ/ProjectYJ/Content/Collections/' took 0.00s
[2023.03.04-23.16.42:234][  0]LogOcInput: OculusInput pre-init called
[2023.03.04-23.16.42:671][  0]LogEngine: Initializing Engine...
[2023.03.04-23.16.42:676][  0]LogHMD: Failed to enumerate extensions. Please check that you have a valid OpenXR runtime installed.
[2023.03.04-23.16.42:676][  0]LogHMD: Failed to initialize OpenVR with code 110
[2023.03.04-23.16.42:676][  0]LogMagicLeap: Warning: VR disabled because ZI is not enabled.  To enable, in the editor, Edit -> Project Settings -> Plugins -> Magic Leap Plugin -> Enable Zero Iteration
[2023.03.04-23.16.42:677][  0]LogStats: UGameplayTagsManager::InitializeManager -  0.000 s
[2023.03.04-23.16.42:790][  0]LogInit: Initializing FReadOnlyCVARCache
[2023.03.04-23.16.42:824][  0]LogAIModule: Creating AISystem for world Untitled
[2023.03.04-23.16.42:824][  0]LogAudio: Display: Initializing Audio Device Manager...
[2023.03.04-23.16.42:847][  0]LogAudio: Display: Loading Default Audio Settings Objects...
[2023.03.04-23.16.42:848][  0]LogAudio: Display: No default SoundConcurrencyObject specified (or failed to load).
[2023.03.04-23.16.42:848][  0]LogAudio: Display: Audio Device Manager Initialized
[2023.03.04-23.16.42:848][  0]LogAudio: Display: Creating Audio Device:                 Id: 1, Scope: Shared, Realtime: True
[2023.03.04-23.16.42:848][  0]LogAudioMixer: Display: Audio Mixer Platform Settings:
[2023.03.04-23.16.42:848][  0]LogAudioMixer: Display: 	Sample Rate:						  48000
[2023.03.04-23.16.42:848][  0]LogAudioMixer: Display: 	Callback Buffer Frame Size Requested: 1024
[2023.03.04-23.16.42:848][  0]LogAudioMixer: Display: 	Callback Buffer Frame Size To Use:	  1024
[2023.03.04-23.16.42:849][  0]LogAudioMixer: Display: 	Number of buffers to queue:			  2
[2023.03.04-23.16.42:849][  0]LogAudioMixer: Display: 	Max Channels (voices):				  32
[2023.03.04-23.16.42:849][  0]LogAudioMixer: Display: 	Number of Async Source Workers:		  0
[2023.03.04-23.16.42:849][  0]LogAudio: Display: AudioDevice MaxSources: 32
[2023.03.04-23.16.42:849][  0]LogAudio: Display: Audio Spatialization Plugin: None (built-in).
[2023.03.04-23.16.42:849][  0]LogAudio: Display: Audio Reverb Plugin: None (built-in).
[2023.03.04-23.16.42:849][  0]LogAudio: Display: Audio Occlusion Plugin: None (built-in).
[2023.03.04-23.16.42:849][  0]LogAudioMixer: Display: Initializing audio mixer.
[2023.03.04-23.16.42:883][  0]LogAudioMixer: Display: 0: FrontLeft
[2023.03.04-23.16.42:883][  0]LogAudioMixer: Display: 1: FrontRight
[2023.03.04-23.16.42:957][  0]LogAudioMixer: Display: Using Audio Device 스피커(Realtek High Definition Audio)
[2023.03.04-23.16.42:960][  0]LogAudioMixer: Display: Initializing Sound Submixes...
[2023.03.04-23.16.42:963][  0]LogAudioMixer: Display: Creating Master Submix 'MasterSubmixDefault'
[2023.03.04-23.16.42:963][  0]LogAudioMixer: Display: Creating Master Submix 'MasterReverbSubmixDefault'
[2023.03.04-23.16.42:963][  0]LogAudioMixer: Display: Creating Master Submix 'MasterEQSubmixDefault'
[2023.03.04-23.16.42:963][  0]LogAudioMixer: FMixerPlatformXAudio2::StartAudioStream() called
[2023.03.04-23.16.42:964][  0]LogAudioMixer: Display: Output buffers initialized: Frames=1024, Channels=2, Samples=2048
[2023.03.04-23.16.42:966][  0]LogAudioMixer: Display: Starting AudioMixerPlatformInterface::RunInternal()
[2023.03.04-23.16.42:966][  0]LogAudioMixer: Display: FMixerPlatformXAudio2::SubmitBuffer() called for the first time
[2023.03.04-23.16.42:966][  0]LogInit: FAudioDevice initialized.
[2023.03.04-23.16.42:966][  0]LogAudio: Display: Audio Device (ID: 1) registered with world 'Untitled'.
[2023.03.04-23.16.42:967][  0]LogNetVersion: Set ProjectVersion to 1.0.0.0. Version Checksum will be recalculated on next use.
[2023.03.04-23.16.43:051][  0]LogDerivedDataCache: Saved boot cache 0.08s 100MB ../../../../Github/ProjectYJ/ProjectYJ/DerivedDataCache/Boot.ddc.
[2023.03.04-23.16.43:052][  0]LogInit: Texture streaming: Enabled
[2023.03.04-23.16.43:132][  0]LogAnalytics: Display: [UEEditor.UnrealEngine.Release] APIServer = https://datarouter.ol.epicgames.com/. AppVersion = 4.27.2-0+++UE4+Release-4.27
[2023.03.04-23.16.43:155][  0]LogEngineSessionManager: EngineSessionManager initialized
[2023.03.04-23.16.43:155][  0]LogEngineSessionManager: EngineSessionManager sent abnormal shutdown report. Type=Debugger, SessionId={A59E79C8-437D-6EF9-8C6B-71966F949B8B}
[2023.03.04-23.16.43:155][  0]LogEditorSessionSummary: Verbose: Initializing EditorSessionSummaryWriter for editor session tracking
[2023.03.04-23.16.43:162][  0]LogEditorSessionSummary: EditorSessionSummaryWriter initialized
[2023.03.04-23.16.43:232][  0]LogInit: Transaction tracking system initialized
[2023.03.04-23.16.43:384][  0]BlueprintLog: New page: 에디터 로드
[2023.03.04-23.16.43:748][  0]LocalizationService: 현지화 서비스가 비활성화되었습니다.
[2023.03.04-23.16.43:904][  0]TimingProfiler: Initialize
[2023.03.04-23.16.43:904][  0]TimingProfiler: OnSessionChanged
[2023.03.04-23.16.43:904][  0]LoadingProfiler: Initialize
[2023.03.04-23.16.43:904][  0]LoadingProfiler: OnSessionChanged
[2023.03.04-23.16.43:905][  0]NetworkingProfiler: Initialize
[2023.03.04-23.16.43:905][  0]NetworkingProfiler: OnSessionChanged
[2023.03.04-23.16.43:905][  0]MemoryProfiler: Initialize
[2023.03.04-23.16.43:905][  0]MemoryProfiler: OnSessionChanged
[2023.03.04-23.16.44:316][  0]LogCook: Display: CookSettings for Memory: MemoryMaxUsedVirtual 0MiB, MemoryMaxUsedPhysical 16384MiB, MemoryMinFreeVirtual 0MiB, MemoryMinFreePhysical 1024MiB
[2023.03.04-23.16.44:316][  0]LogCook: Display: Mobile HDR setting 1
[2023.03.04-23.16.45:211][  0]LogFileCache: Scanning file cache for directory 'E:/Github/ProjectYJ/ProjectYJ/Content/' took 0.01s
[2023.03.04-23.16.45:457][  0]LogModuleManager: Warning: ModuleManager: Unable to load module 'SequenceRecorderSections'  - 0 instances of that module name found.
[2023.03.04-23.16.45:457][  0]LogInit: Display: Engine is initialized. Leaving FEngineLoop::Init()
[2023.03.04-23.16.45:462][  0]SourceControl: 소스 컨트롤이 꺼졌습니다.
[2023.03.04-23.16.45:463][  0]LogUnrealEdMisc: Loading editor; pre map load, took 15.671
[2023.03.04-23.16.45:463][  0]Cmd: MAP LOAD FILE="../../../../Github/ProjectYJ/ProjectYJ/Content/Levels/TestWorld.umap" TEMPLATE=0 SHOWPROGRESS=1 FEATURELEVEL=3
[2023.03.04-23.16.45:463][  0]LightingResults: New page: 라이팅 빌드
[2023.03.04-23.16.45:464][  0]LogWorld: UWorld::CleanupWorld for Untitled, bSessionEnded=true, bCleanupResources=true
[2023.03.04-23.16.45:465][  0]LogSlate: InvalidateAllWidgets triggered.  All widgets were invalidated
[2023.03.04-23.16.45:465][  0]MapCheck: New page: 맵 체크
[2023.03.04-23.16.45:465][  0]LightingResults: New page: 라이팅 빌드
[2023.03.04-23.16.45:470][  0]LogAudio: Display: Audio Device unregistered from world 'None'.
[2023.03.04-23.16.45:475][  0]LogUObjectHash: Compacting FUObjectHashTables data took   0.84ms
[2023.03.04-23.16.45:894][  0]LogAudio: Display: Audio Device (ID: 1) registered with world 'TestWorld'.
[2023.03.04-23.16.45:895][  0]LogAIModule: Creating AISystem for world TestWorld
[2023.03.04-23.16.45:899][  0]LogEditorServer: Finished looking for orphan Actors (0.000 secs)
[2023.03.04-23.16.45:909][  0]LogUObjectHash: Compacting FUObjectHashTables data took   0.82ms
[2023.03.04-23.16.45:912][  0]Cmd: MAP CHECKDEP NOCLEARLOG
[2023.03.04-23.16.45:912][  0]MapCheck: 맵 체크 완료: 오류 0 회, 경고 0 회, 소요 시간 0.102ms.
[2023.03.04-23.16.45:912][  0]LogFileHelpers: Loading map 'TestWorld' took 0.449
[2023.03.04-23.16.45:914][  0]LogUnrealEdMisc: Total Editor Startup Time, took 16.123
[2023.03.04-23.16.46:085][  0]LogSlate: Updating window title bar state: overlay mode, drag disabled, window buttons hidden, title bar hidden
[2023.03.04-23.16.46:090][  0]LogSlate: Updating window title bar state: overlay mode, drag disabled, window buttons hidden, title bar hidden
[2023.03.04-23.16.46:096][  0]LogSlate: Updating window title bar state: overlay mode, drag disabled, window buttons hidden, title bar hidden
[2023.03.04-23.16.46:101][  0]LogSlate: Updating window title bar state: overlay mode, drag disabled, window buttons hidden, title bar hidden
[2023.03.04-23.16.46:116][  0]LogNativeClassHierarchy: Verbose: Native class hierarchy populated in 0.0081 seconds. Added 3831 classes and 938 folders.
[2023.03.04-23.16.46:118][  0]LogNativeClassHierarchy: Verbose: Native class hierarchy updated for 'WidgetCarousel' in 0.0002 seconds. Added 0 classes and 0 folders.
[2023.03.04-23.16.46:120][  0]LogShaderLibrary: Display: ShaderCodeLibraryPakFileMountedCallback: PakFile 'E:/UnrealEngine-4.27.2-release/FeaturePacks/FP_FirstPerson.upack' (chunk index -1, root 'root:/') mounted
[2023.03.04-23.16.46:120][  0]LogShaderLibrary: Display: ShaderCodeLibraryPakFileMountedCallback: pending pak file info (ChunkID:-1 Root:root:/ File:E:/UnrealEngine-4.27.2-release/FeaturePacks/FP_FirstPerson.upack)
[2023.03.04-23.16.46:120][  0]LogPakFile: OnPakFileMounted2Time == 0.000224
[2023.03.04-23.16.46:121][  0]LogShaderLibrary: Display: ShaderCodeLibraryPakFileMountedCallback: PakFile 'E:/UnrealEngine-4.27.2-release/FeaturePacks/FP_FirstPersonBP.upack' (chunk index -1, root 'root:/') mounted
[2023.03.04-23.16.46:121][  0]LogShaderLibrary: Display: ShaderCodeLibraryPakFileMountedCallback: pending pak file info (ChunkID:-1 Root:root:/ File:E:/UnrealEngine-4.27.2-release/FeaturePacks/FP_FirstPersonBP.upack)
[2023.03.04-23.16.46:121][  0]LogPakFile: OnPakFileMounted2Time == 0.000200
[2023.03.04-23.16.46:122][  0]LogShaderLibrary: Display: ShaderCodeLibraryPakFileMountedCallback: PakFile 'E:/UnrealEngine-4.27.2-release/FeaturePacks/MobileStarterContent.upack' (chunk index -1, root 'root:/') mounted
[2023.03.04-23.16.46:122][  0]LogShaderLibrary: Display: ShaderCodeLibraryPakFileMountedCallback: pending pak file info (ChunkID:-1 Root:root:/ File:E:/UnrealEngine-4.27.2-release/FeaturePacks/MobileStarterContent.upack)
[2023.03.04-23.16.46:122][  0]LogPakFile: OnPakFileMounted2Time == 0.000207
[2023.03.04-23.16.46:123][  0]LogShaderLibrary: Display: ShaderCodeLibraryPakFileMountedCallback: PakFile 'E:/UnrealEngine-4.27.2-release/FeaturePacks/StarterContent.upack' (chunk index -1, root 'root:/') mounted
[2023.03.04-23.16.46:123][  0]LogShaderLibrary: Display: ShaderCodeLibraryPakFileMountedCallback: pending pak file info (ChunkID:-1 Root:root:/ File:E:/UnrealEngine-4.27.2-release/FeaturePacks/StarterContent.upack)
[2023.03.04-23.16.46:123][  0]LogPakFile: OnPakFileMounted2Time == 0.000203
[2023.03.04-23.16.46:124][  0]LogShaderLibrary: Display: ShaderCodeLibraryPakFileMountedCallback: PakFile 'E:/UnrealEngine-4.27.2-release/FeaturePacks/TP_2DSideScroller.upack' (chunk index -1, root 'root:/') mounted
[2023.03.04-23.16.46:124][  0]LogShaderLibrary: Display: ShaderCodeLibraryPakFileMountedCallback: pending pak file info (ChunkID:-1 Root:root:/ File:E:/UnrealEngine-4.27.2-release/FeaturePacks/TP_2DSideScroller.upack)
[2023.03.04-23.16.46:124][  0]LogPakFile: OnPakFileMounted2Time == 0.000202
[2023.03.04-23.16.46:125][  0]LogShaderLibrary: Display: ShaderCodeLibraryPakFileMountedCallback: PakFile 'E:/UnrealEngine-4.27.2-release/FeaturePacks/TP_2DSideScrollerBP.upack' (chunk index -1, root 'root:/') mounted
[2023.03.04-23.16.46:125][  0]LogShaderLibrary: Display: ShaderCodeLibraryPakFileMountedCallback: pending pak file info (ChunkID:-1 Root:root:/ File:E:/UnrealEngine-4.27.2-release/FeaturePacks/TP_2DSideScrollerBP.upack)
[2023.03.04-23.16.46:125][  0]LogPakFile: OnPakFileMounted2Time == 0.000145
[2023.03.04-23.16.46:126][  0]LogShaderLibrary: Display: ShaderCodeLibraryPakFileMountedCallback: PakFile 'E:/UnrealEngine-4.27.2-release/FeaturePacks/TP_Flying.upack' (chunk index -1, root 'root:/') mounted
[2023.03.04-23.16.46:126][  0]LogShaderLibrary: Display: ShaderCodeLibraryPakFileMountedCallback: pending pak file info (ChunkID:-1 Root:root:/ File:E:/UnrealEngine-4.27.2-release/FeaturePacks/TP_Flying.upack)
[2023.03.04-23.16.46:126][  0]LogPakFile: OnPakFileMounted2Time == 0.000149
[2023.03.04-23.16.46:127][  0]LogShaderLibrary: Display: ShaderCodeLibraryPakFileMountedCallback: PakFile 'E:/UnrealEngine-4.27.2-release/FeaturePacks/TP_FlyingBP.upack' (chunk index -1, root 'root:/') mounted
[2023.03.04-23.16.46:127][  0]LogShaderLibrary: Display: ShaderCodeLibraryPakFileMountedCallback: pending pak file info (ChunkID:-1 Root:root:/ File:E:/UnrealEngine-4.27.2-release/FeaturePacks/TP_FlyingBP.upack)
[2023.03.04-23.16.46:127][  0]LogPakFile: OnPakFileMounted2Time == 0.000137
[2023.03.04-23.16.46:127][  0]LogShaderLibrary: Display: ShaderCodeLibraryPakFileMountedCallback: PakFile 'E:/UnrealEngine-4.27.2-release/FeaturePacks/TP_Puzzle.upack' (chunk index -1, root 'root:/') mounted
[2023.03.04-23.16.46:128][  0]LogShaderLibrary: Display: ShaderCodeLibraryPakFileMountedCallback: pending pak file info (ChunkID:-1 Root:root:/ File:E:/UnrealEngine-4.27.2-release/FeaturePacks/TP_Puzzle.upack)
[2023.03.04-23.16.46:128][  0]LogPakFile: OnPakFileMounted2Time == 0.000138
[2023.03.04-23.16.46:128][  0]LogShaderLibrary: Display: ShaderCodeLibraryPakFileMountedCallback: PakFile 'E:/UnrealEngine-4.27.2-release/FeaturePacks/TP_PuzzleBP.upack' (chunk index -1, root 'root:/') mounted
[2023.03.04-23.16.46:128][  0]LogShaderLibrary: Display: ShaderCodeLibraryPakFileMountedCallback: pending pak file info (ChunkID:-1 Root:root:/ File:E:/UnrealEngine-4.27.2-release/FeaturePacks/TP_PuzzleBP.upack)
[2023.03.04-23.16.46:128][  0]LogPakFile: OnPakFileMounted2Time == 0.000144
[2023.03.04-23.16.46:129][  0]LogShaderLibrary: Display: ShaderCodeLibraryPakFileMountedCallback: PakFile 'E:/UnrealEngine-4.27.2-release/FeaturePacks/TP_Rolling.upack' (chunk index -1, root 'root:/') mounted
[2023.03.04-23.16.46:129][  0]LogShaderLibrary: Display: ShaderCodeLibraryPakFileMountedCallback: pending pak file info (ChunkID:-1 Root:root:/ File:E:/UnrealEngine-4.27.2-release/FeaturePacks/TP_Rolling.upack)
[2023.03.04-23.16.46:129][  0]LogPakFile: OnPakFileMounted2Time == 0.000143
[2023.03.04-23.16.46:130][  0]LogShaderLibrary: Display: ShaderCodeLibraryPakFileMountedCallback: PakFile 'E:/UnrealEngine-4.27.2-release/FeaturePacks/TP_RollingBP.upack' (chunk index -1, root 'root:/') mounted
[2023.03.04-23.16.46:130][  0]LogShaderLibrary: Display: ShaderCodeLibraryPakFileMountedCallback: pending pak file info (ChunkID:-1 Root:root:/ File:E:/UnrealEngine-4.27.2-release/FeaturePacks/TP_RollingBP.upack)
[2023.03.04-23.16.46:130][  0]LogPakFile: OnPakFileMounted2Time == 0.000155
[2023.03.04-23.16.46:131][  0]LogShaderLibrary: Display: ShaderCodeLibraryPakFileMountedCallback: PakFile 'E:/UnrealEngine-4.27.2-release/FeaturePacks/TP_SideScroller.upack' (chunk index -1, root 'root:/') mounted
[2023.03.04-23.16.46:131][  0]LogShaderLibrary: Display: ShaderCodeLibraryPakFileMountedCallback: pending pak file info (ChunkID:-1 Root:root:/ File:E:/UnrealEngine-4.27.2-release/FeaturePacks/TP_SideScroller.upack)
[2023.03.04-23.16.46:131][  0]LogPakFile: OnPakFileMounted2Time == 0.000160
[2023.03.04-23.16.46:132][  0]LogShaderLibrary: Display: ShaderCodeLibraryPakFileMountedCallback: PakFile 'E:/UnrealEngine-4.27.2-release/FeaturePacks/TP_SideScrollerBP.upack' (chunk index -1, root 'root:/') mounted
[2023.03.04-23.16.46:132][  0]LogShaderLibrary: Display: ShaderCodeLibraryPakFileMountedCallback: pending pak file info (ChunkID:-1 Root:root:/ File:E:/UnrealEngine-4.27.2-release/FeaturePacks/TP_SideScrollerBP.upack)
[2023.03.04-23.16.46:132][  0]LogPakFile: OnPakFileMounted2Time == 0.000159
[2023.03.04-23.16.46:133][  0]LogShaderLibrary: Display: ShaderCodeLibraryPakFileMountedCallback: PakFile 'E:/UnrealEngine-4.27.2-release/FeaturePacks/TP_ThirdPerson.upack' (chunk index -1, root 'root:/') mounted
[2023.03.04-23.16.46:133][  0]LogShaderLibrary: Display: ShaderCodeLibraryPakFileMountedCallback: pending pak file info (ChunkID:-1 Root:root:/ File:E:/UnrealEngine-4.27.2-release/FeaturePacks/TP_ThirdPerson.upack)
[2023.03.04-23.16.46:133][  0]LogPakFile: OnPakFileMounted2Time == 0.000145
[2023.03.04-23.16.46:134][  0]LogShaderLibrary: Display: ShaderCodeLibraryPakFileMountedCallback: PakFile 'E:/UnrealEngine-4.27.2-release/FeaturePacks/TP_ThirdPersonBP.upack' (chunk index -1, root 'root:/') mounted
[2023.03.04-23.16.46:134][  0]LogShaderLibrary: Display: ShaderCodeLibraryPakFileMountedCallback: pending pak file info (ChunkID:-1 Root:root:/ File:E:/UnrealEngine-4.27.2-release/FeaturePacks/TP_ThirdPersonBP.upack)
[2023.03.04-23.16.46:134][  0]LogPakFile: OnPakFileMounted2Time == 0.000143
[2023.03.04-23.16.46:135][  0]LogShaderLibrary: Display: ShaderCodeLibraryPakFileMountedCallback: PakFile 'E:/UnrealEngine-4.27.2-release/FeaturePacks/TP_TopDown.upack' (chunk index -1, root 'root:/') mounted
[2023.03.04-23.16.46:135][  0]LogShaderLibrary: Display: ShaderCodeLibraryPakFileMountedCallback: pending pak file info (ChunkID:-1 Root:root:/ File:E:/UnrealEngine-4.27.2-release/FeaturePacks/TP_TopDown.upack)
[2023.03.04-23.16.46:135][  0]LogPakFile: OnPakFileMounted2Time == 0.000146
[2023.03.04-23.16.46:136][  0]LogShaderLibrary: Display: ShaderCodeLibraryPakFileMountedCallback: PakFile 'E:/UnrealEngine-4.27.2-release/FeaturePacks/TP_TopDownBP.upack' (chunk index -1, root 'root:/') mounted
[2023.03.04-23.16.46:136][  0]LogShaderLibrary: Display: ShaderCodeLibraryPakFileMountedCallback: pending pak file info (ChunkID:-1 Root:root:/ File:E:/UnrealEngine-4.27.2-release/FeaturePacks/TP_TopDownBP.upack)
[2023.03.04-23.16.46:136][  0]LogPakFile: OnPakFileMounted2Time == 0.000152
[2023.03.04-23.16.46:137][  0]LogShaderLibrary: Display: ShaderCodeLibraryPakFileMountedCallback: PakFile 'E:/UnrealEngine-4.27.2-release/FeaturePacks/TP_TwinStick.upack' (chunk index -1, root 'root:/') mounted
[2023.03.04-23.16.46:137][  0]LogShaderLibrary: Display: ShaderCodeLibraryPakFileMountedCallback: pending pak file info (ChunkID:-1 Root:root:/ File:E:/UnrealEngine-4.27.2-release/FeaturePacks/TP_TwinStick.upack)
[2023.03.04-23.16.46:137][  0]LogPakFile: OnPakFileMounted2Time == 0.000142
[2023.03.04-23.16.46:137][  0]LogShaderLibrary: Display: ShaderCodeLibraryPakFileMountedCallback: PakFile 'E:/UnrealEngine-4.27.2-release/FeaturePacks/TP_TwinStickBP.upack' (chunk index -1, root 'root:/') mounted
[2023.03.04-23.16.46:137][  0]LogShaderLibrary: Display: ShaderCodeLibraryPakFileMountedCallback: pending pak file info (ChunkID:-1 Root:root:/ File:E:/UnrealEngine-4.27.2-release/FeaturePacks/TP_TwinStickBP.upack)
[2023.03.04-23.16.46:138][  0]LogPakFile: OnPakFileMounted2Time == 0.000143
[2023.03.04-23.16.46:138][  0]LogShaderLibrary: Display: ShaderCodeLibraryPakFileMountedCallback: PakFile 'E:/UnrealEngine-4.27.2-release/FeaturePacks/TP_Vehicle.upack' (chunk index -1, root 'root:/') mounted
[2023.03.04-23.16.46:138][  0]LogShaderLibrary: Display: ShaderCodeLibraryPakFileMountedCallback: pending pak file info (ChunkID:-1 Root:root:/ File:E:/UnrealEngine-4.27.2-release/FeaturePacks/TP_Vehicle.upack)
[2023.03.04-23.16.46:138][  0]LogPakFile: OnPakFileMounted2Time == 0.000143
[2023.03.04-23.16.46:139][  0]LogShaderLibrary: Display: ShaderCodeLibraryPakFileMountedCallback: PakFile 'E:/UnrealEngine-4.27.2-release/FeaturePacks/TP_VehicleAdv.upack' (chunk index -1, root 'root:/') mounted
[2023.03.04-23.16.46:139][  0]LogShaderLibrary: Display: ShaderCodeLibraryPakFileMountedCallback: pending pak file info (ChunkID:-1 Root:root:/ File:E:/UnrealEngine-4.27.2-release/FeaturePacks/TP_VehicleAdv.upack)
[2023.03.04-23.16.46:139][  0]LogPakFile: OnPakFileMounted2Time == 0.000137
[2023.03.04-23.16.46:140][  0]LogShaderLibrary: Display: ShaderCodeLibraryPakFileMountedCallback: PakFile 'E:/UnrealEngine-4.27.2-release/FeaturePacks/TP_VehicleAdvBP.upack' (chunk index -1, root 'root:/') mounted
[2023.03.04-23.16.46:140][  0]LogShaderLibrary: Display: ShaderCodeLibraryPakFileMountedCallback: pending pak file info (ChunkID:-1 Root:root:/ File:E:/UnrealEngine-4.27.2-release/FeaturePacks/TP_VehicleAdvBP.upack)
[2023.03.04-23.16.46:140][  0]LogPakFile: OnPakFileMounted2Time == 0.000148
[2023.03.04-23.16.46:141][  0]LogShaderLibrary: Display: ShaderCodeLibraryPakFileMountedCallback: PakFile 'E:/UnrealEngine-4.27.2-release/FeaturePacks/TP_VehicleBP.upack' (chunk index -1, root 'root:/') mounted
[2023.03.04-23.16.46:141][  0]LogShaderLibrary: Display: ShaderCodeLibraryPakFileMountedCallback: pending pak file info (ChunkID:-1 Root:root:/ File:E:/UnrealEngine-4.27.2-release/FeaturePacks/TP_VehicleBP.upack)
[2023.03.04-23.16.46:141][  0]LogPakFile: OnPakFileMounted2Time == 0.000148
[2023.03.04-23.16.46:142][  0]LogPakFile: PakFile PrimaryIndexSize=192
[2023.03.04-23.16.46:142][  0]LogPakFile: PakFile PathHashIndexSize=101
[2023.03.04-23.16.46:142][  0]LogPakFile: PakFile FullDirectoryIndexSize=158
[2023.03.04-23.16.46:142][  0]LogShaderLibrary: Display: ShaderCodeLibraryPakFileMountedCallback: PakFile 'E:/UnrealEngine-4.27.2-release/FeaturePacks/TP_VirtualRealityBP.upack' (chunk index -1, root 'root:/') mounted
[2023.03.04-23.16.46:142][  0]LogShaderLibrary: Display: ShaderCodeLibraryPakFileMountedCallback: pending pak file info (ChunkID:-1 Root:root:/ File:E:/UnrealEngine-4.27.2-release/FeaturePacks/TP_VirtualRealityBP.upack)
[2023.03.04-23.16.46:142][  0]LogPakFile: OnPakFileMounted2Time == 0.000140
[2023.03.04-23.16.46:201][  0]LogNativeClassHierarchy: Verbose: Native class hierarchy updated for 'AddContentDialog' in 0.0002 seconds. Added 0 classes and 0 folders.
[2023.03.04-23.16.46:205][  0]LogNativeClassHierarchy: Verbose: Native class hierarchy updated for 'SceneOutliner' in 0.0003 seconds. Added 2 classes and 0 folders.
[2023.03.04-23.16.46:257][  0]LogNativeClassHierarchy: Verbose: Native class hierarchy updated for 'HierarchicalLODOutliner' in 0.0003 seconds. Added 0 classes and 0 folders.
[2023.03.04-23.16.46:257][  0]LogInput: Warning: Action Jump uses invalid key OculusGo_Left_Trigger_Click.
[2023.03.04-23.16.46:257][  0]LogInput: Warning: Action ResetVR uses invalid key OculusGo_Left_Trackpad_Click.
[2023.03.04-23.16.46:257][  0]LogInput: Warning: Use -RemoveInvalidKeys to remove instances of these keys from the action mapping.
[2023.03.04-23.16.46:257][  0]LogLoad: (Engine Initialization) Total time: 16.47 seconds
[2023.03.04-23.16.46:257][  0]LogLoad: (Engine Initialization) Total Blueprint compile time: 0.00 seconds
[2023.03.04-23.16.46:319][  0]LogAssetRegistry: Asset discovery search completed in 10.8309 seconds
[2023.03.04-23.16.46:325][  0]LogCollectionManager: Fixed up redirectors for 0 collections in 0.000003 seconds (updated 0 objects)
[2023.03.04-23.16.46:326][  0]LogContentStreaming: Texture pool size now 1000 MB
[2023.03.04-23.16.46:333][  0]LogSlate: Took 0.000316 seconds to synchronously load lazily loaded font '../../../Engine/Content/Slate/Fonts/Roboto-Regular.ttf' (155K)
[2023.03.04-23.16.46:334][  0]LogSlate: Took 0.000305 seconds to synchronously load lazily loaded font '../../../Engine/Content/Editor/Slate/Fonts/FontAwesome.ttf' (139K)
[2023.03.04-23.16.46:336][  0]LogSlate: Took 0.001662 seconds to synchronously load lazily loaded font '../../../Engine/Content/Editor/Slate/Fonts/NanumGothic.ttf' (4243K)
[2023.03.04-23.16.46:339][  0]LogSlate: Took 0.001545 seconds to synchronously load lazily loaded font '../../../Engine/Content/Editor/Slate/Fonts/NanumGothicBold.ttf' (4188K)
[2023.03.04-23.16.46:339][  0]LogSlate: Took 0.000249 seconds to synchronously load lazily loaded font '../../../Engine/Content/Slate/Fonts/Roboto-Bold.ttf' (160K)
[2023.03.04-23.16.46:454][  1]LogRenderer: Reallocating scene render targets to support 1116x704 Format 10 NumSamples 1 (Frame:1).
[2023.03.04-23.16.50:569][462]LogSlate: Took 0.000235 seconds to synchronously load lazily loaded font '../../../Engine/Content/Slate/Fonts/Roboto-Light.ttf' (167K)
[2023.03.04-23.16.50:583][462]LogAssetEditorSubsystem: Opening Asset editor for EditorUtilityWidgetBlueprint /Game/VertexAnim/VertexAnimTool.VertexAnimTool
[2023.03.04-23.16.50:713][462]LogNativeClassHierarchy: Verbose: Native class hierarchy updated for 'BlueprintGraph' in 0.0005 seconds. Added 126 classes and 0 folders.
[2023.03.04-23.16.51:903][462]LogSlate: Took 0.000281 seconds to synchronously load lazily loaded font '../../../Engine/Content/Slate/Fonts/Roboto-BoldCondensed.ttf' (158K)
[2023.03.04-23.17.46:275][299]LogAnalytics: Display: [UEEditor.UnrealEngine.Release] APIServer = https://datarouter.ol.epicgames.com/. AppVersion = 4.27.2-0+++UE4+Release-4.27
[2023.03.04-23.17.46:529][299]LogEditorSessionSummary: EditorSessionSummary sent report. Type=Debugger, SessionId={A59E79C8-437D-6EF9-8C6B-71966F949B8B}
[2023.03.04-23.18.28:811][283]BlueprintLog: New page: VertexAnimTool 컴파일
[2023.03.04-23.18.28:881][283]LogUObjectHash: Compacting FUObjectHashTables data took   3.81ms
[2023.03.04-23.18.28:922][283]LogSlate: Took 0.000300 seconds to synchronously load lazily loaded font '../../../Engine/Content/Slate/Fonts/DroidSansMono.ttf' (77K)
[2023.03.04-23.18.28:924][283]LogSlate: Took 0.001669 seconds to synchronously load lazily loaded font '../../../Engine/Content/Editor/Slate/Fonts/NanumGothicExtraBold.ttf' (4074K)
[2023.03.04-23.18.29:241][319]Cmd: OBJ SAVEPACKAGE PACKAGE="/Game/VertexAnim/VertexAnimTool" FILE="../../../../Github/ProjectYJ/ProjectYJ/Content/VertexAnim/VertexAnimTool.uasset" SILENT=true
[2023.03.04-23.18.29:329][319]LogSavePackage: Moving '../../../../Github/ProjectYJ/ProjectYJ/Saved/VertexAnimToolF8E0D993436C1A6D1EF4E984272BE92F.tmp' to '../../../../Github/ProjectYJ/ProjectYJ/Content/VertexAnim/VertexAnimTool.uasset'
[2023.03.04-23.18.29:345][319]AssetCheck: New page: 에셋 저장:  VertexAnimTool
[2023.03.04-23.18.29:345][319]LogContentValidation: Display: EditorUtilityWidgetBlueprint /Game/VertexAnim/VertexAnimTool.VertexAnimTool 유효성 검사 중
